1589495060 185952
1589495061 227909066
1589495062 227925468
1589495063 227925468
1589495064 227925468
1589495066 227925468
1589495067 227925468
1589495068 227925468
1589495069 227925468
1589495070 227925468
1589495071 227925468
1589495072 227925468
1589495073 227925468
1589495074 227925468
1589495075 227925468
1589495076 227925468
1589495077 227925468
1589495078 227925468
1589495079 227925468
1589495080 227925468
1589495081 227925468
1589495082 227925468
1589495083 227925468
1589495084 227925468
1589495085 227925468
1589495086 227908480
1589495087 233107834
1589495088 233107834
1589495089 233107834
1589495090 233107834
1589495091 233107834
1589495092 233107834
1589495093 233107834
1589495094 233107834
1589495095 233107834
1589495096 233107834
1589495097 233107834
1589495098 233107834
1589495099 233107834
1589495100 233107834
1589495101 233107834
1589495102 233107834
1589495103 233107834
1589495104 233107834
1589495105 233107834
1589495106 233107834
1589495107 233107834
1589495108 233107834
1589495109 233107834
1589495111 233107834
1589495112 233107834
1589495113 233107834
1589495114 233107834
1589495115 233445850
1589495116 233445850
1589495117 233445850
1589495118 233445850
1589495119 233445850
1589495120 233445850
1589495121 233445850
1589495122 233445850
1589495123 233445850
1589495124 233445850
1589495125 233445850
1589495126 233445850
1589495127 233806394
1589495128 233806394
1589495129 233806394
1589495130 233806394
1589495131 233806394
1589495132 233806394
1589495133 233806394
1589495134 233806394
1589495135 233806394
1589495136 233806394
1589495137 233468370
1589495138 233533946
1589495139 233533946
1589495140 233533946
1589495141 233533946
1589495142 233516958
1589495143 233533946
1589495144 233533946
1589495145 233533946
1589495146 233533946
1589495147 233533946
1589495148 233173394
1589495149 233765281
1589495150 233763346
1589495151 233763346
1589495152 233763346
1589495153 233763346
1589495155 233763346
1589495156 233763346
1589495157 233763346
1589495158 233763346
1589495159 233763346
1589495160 233763346
1589495161 233763346
1589495162 233763346
1589495163 233763346
1589495164 233763346
1589495165 233763346
1589495166 233763346
1589495167 233763346
1589495168 233763346
1589495169 233763346
1589495170 233763346
1589495171 233763346
1589495172 233763346
1589495173 233763346
1589495174 233763346
1589495175 233763346
1589495176 233763346
1589495177 233763346
1589495178 233763346
1589495179 233763346
1589495180 233763346
1589495181 233763346
1589495182 233763346
1589495183 233763346
1589495184 233763346
1589495185 233763346
1589495186 233763346
1589495187 233763346
1589495188 233120106
1589495189 233079154
1589495190 233079154
1589495191 233079154
1589495192 233079154
1589495193 227900786
1589495194 227900786
1589495195 227888466
1589495197 227888466
1589495198 227888466
1589495199 227888466
1589495200 227888466
1589495201 227888466
1589495202 227888466
1589495203 227888466
1589495204 227888466
1589495205 227888466
1589495206 227888466
1589495207 227888466
1589495208 227888466
1589495209 227888466
1589495210 227921266
1589495211 227921266
1589495212 227921266
1589495213 228097466
1589495214 228097466
1589495215 228097466
1589495216 228097466
1589495217 228097466
1589495218 228097466
1589495219 228097466
1589495220 228097466
1589495221 228097466
1589495222 228097466
1589495223 228097466
1589495224 228097466
1589495225 228097466
1589495226 228097466
1589495227 228097466
1589495228 228097466
1589495229 228097466
1589495230 228097466
1589495231 228097466
1589495232 228097466
1589495233 228097466
1589495234 228097466
1589495235 228097466
1589495236 228097466
1589495237 228097466
1589495239 228097466
1589495240 228097466
1589495241 228097466
1589495242 228097466
1589495243 228097466
1589495244 228097466
1589495245 228097466
1589495246 228097466
1589495247 228097466
1589495248 228080478
1589495249 228097466
1589495250 228097466
1589495251 228097466
1589495252 228097466
1589495253 228097466
1589495254 228097466
1589495255 228097466
1589495256 228097466
1589495257 228097466
1589495258 228097466
1589495259 228097466
1589495260 228097466
1589495261 228097466
1589495262 228097466
1589495263 228080478
1589495264 228097466
1589495265 228097466
1589495266 228097466
1589495267 228097466
1589495268 228097466
1589495269 228097466
1589495270 228097466
1589495271 228097466
1589495272 228097466
1589495273 228097466
1589495274 228097466
1589495275 228097466
1589495276 228097466
1589495277 228097466
1589495278 228097466
1589495279 228097466
1589495280 228097466
1589495281 228097466
1589495283 228097466
1589495284 228097466
1589495285 228097466
1589495286 228097466
1589495287 228097466
1589495288 228097466
1589495289 228097466
1589495290 228097466
1589495291 228097466
1589495292 228097466
1589495293 228097466
1589495294 228097466
1589495295 228097466
1589495296 228097466
1589495297 228097466
1589495298 228097466
1589495299 228097466
1589495300 228097466
1589495301 228097466
1589495302 228097466
1589495303 228097466
1589495304 228097466
1589495305 228097466
1589495306 228097466
1589495307 228097466
1589495308 228097466
1589495309 228097466
1589495310 228097466
1589495311 228097466
1589495312 228097466
1589495313 228097466
1589495314 228097466
1589495315 228097466
1589495316 228097562
1589495317 228097562
1589495318 228097562
1589495319 228097562
1589495320 228097562
1589495321 228097562
1589495322 228097562
1589495323 228097562
1589495325 228097562
1589495326 228097562
1589495327 228097562
1589495328 228097562
1589495329 228080574
1589495330 228097562
1589495331 228097562
1589495332 228097562
1589495333 228097562
1589495334 228097562
1589495335 228097562
1589495336 228097562
1589495337 228097562
1589495338 228097562
1589495339 228097562
1589495340 228097562
1589495341 228097562
1589495342 228097562
1589495343 228097562
1589495344 228097562
1589495345 228080574
1589495346 228097562
1589495347 228097562
1589495348 228097562
1589495349 228097562
1589495350 228097562
1589495351 228097562
1589495352 228097562
1589495353 228097562
1589495354 228097562
1589495355 228097562
1589495356 228097562
1589495357 228097562
1589495358 228097562
1589495359 227921362
1589495360 227921362
1589495361 227921362
1589495362 227921362
1589495363 227921362
1589495364 227921362
1589495365 227921362
1589495366 227921362
1589495368 227921362
1589495369 166114786
1589495370 166114786
1589495371 166114786
1589495372 166114786
1589495373 166114786
1589495374 166114786
1589495375 166114786
1589495376 166114786
1589495377 166114786
1589495378 166114786
1589495379 166114786
1589495380 166114786
1589495381 166114786
1589495382 166114786
1589495383 166114786
1589495384 166114786
1589495385 166114786
1589495386 166114786
1589495387 166114786
1589495388 166114786
1589495389 166114786
1589495390 166114786
1589495391 166114786
1589495392 166114786
1589495393 166114786
1589495394 166114786
1589495395 166114786
1589495396 166081986
1589495397 166081986
1589495398 166081986
1589495399 166081986
1589495400 166081986
1589495401 166081986
1589495402 166081986
1589495403 166081986
1589495404 166081986
1589495405 166081986
1589495406 166064998
1589495407 166081986
1589495409 166081986
1589495410 166081986
1589495411 166081986
1589495412 166081986
1589495413 166081986
1589495414 166081986
1589495415 166081986
1589495416 166081986
1589495417 166081986
1589495418 166081986
1589495419 166081986
1589495420 166081986
1589495421 166081986
1589495422 166081986
1589495423 166081986
1589495424 166081986
1589495425 166081986
1589495426 166081986
1589495427 166081986
1589495428 166081986
1589495429 166081986
1589495430 166064998
1589495431 166081986
1589495432 166081986
1589495433 166081986
1589495434 166081986
1589495435 166081986
1589495436 166081986
1589495437 166081986
1589495438 166081986
1589495439 166081986
1589495440 166081986
1589495441 166081986
1589495442 166081986
1589495443 166081986
1589495444 166081986
1589495445 166081986
1589495446 166081986
1589495447 166081986
1589495448 166064998
1589495450 166081986
1589495451 166081986
1589495452 166081986
1589495453 166081986
1589495454 166081986
1589495455 166081986
1589495456 166081986
1589495457 166081986
1589495458 166081986
1589495459 166081986
1589495460 166081986
1589495461 166081986
1589495462 166081986
1589495463 166081986
1589495464 166081986
1589495465 166081986
1589495466 201668570
1589495467 201668570
1589495468 201668570
1589495469 201668570
1589495470 201668570
1589495471 201668570
1589495472 201668570
1589495473 203642258
1589495474 203642258
1589495475 203642258
1589495476 203642258
1589495477 203642258
1589495478 203642258
1589495479 203642258
1589495480 203642258
1589495481 203642258
1589495482 203642258
1589495483 203642258
1589495484 203642258
1589495485 203642258
1589495486 203642258
1589495487 203642258
1589495488 203642258
1589495489 203642258
1589495490 203642258
1589495492 203642258
1589495493 203642258
1589495494 203642258
1589495495 203642258
1589495496 203642258
1589495497 204854930
1589495498 204854930
1589495499 202881258
1589495500 201668586
1589495501 201668586
1589495502 203155762
1589495503 203196754
1589495504 203196754
1589495505 201709578
1589495506 271006234
1589495507 271006234
1589495508 271006234
1589495509 271006234
1589495510 271006234
1589495511 271006234
1589495512 271006234
1589495513 271006234
1589495514 271006234
1589495515 271006234
1589495516 271006234
1589495517 271006234
1589495518 271006234
1589495519 270989246
1589495520 271006234
1589495521 271006234
1589495522 271006234
1589495523 271006234
1589495524 271006234
1589495525 271006234
1589495526 271006234
1589495527 271006234
1589495528 271006234
1589495529 271006234
1589495530 271006234
1589495531 271006234
1589495533 271006234
1589495534 279626242
1589495535 332362842
1589495536 332362842
1589495537 332362842
1589495538 332362842
1589495539 332362842
1589495540 332362842
1589495541 332362842
1589495542 332362842
1589495543 332362842
1589495544 332362842
1589495545 332362842
1589495546 263037242
1589495547 263037242
1589495548 263037242
1589495549 263037242
1589495550 263037242
1589495551 263037242
1589495552 264102426
1589495553 264102426
1589495554 264102426
1589495555 264102426
1589495556 264102426
1589495557 264102426
1589495558 264102426
1589495559 264102426
1589495560 264102426
1589495561 264102426
1589495562 264102426
1589495563 264102426
1589495564 264102426
1589495565 264102426
1589495566 264102426
1589495567 264102426
1589495568 264102426
1589495569 264102426
1589495570 264102426
1589495571 264102426
1589495572 264102426
1589495573 264102426
1589495575 264102426
1589495576 264102426
1589495577 264102426
1589495578 264102426
1589495579 264102426
1589495580 264102426
1589495581 264102426
1589495582 263037242
1589495583 263037242
1589495584 263037242
1589495585 263037242
1589495586 263037242
1589495587 263037242
1589495588 326770240
1589495589 486357082
1589495590 486357082
1589495591 486381690
1589495592 486381690
1589495593 486381690
1589495594 486381690
1589495595 486381690
1589495596 486381690
1589495597 486381690
1589495598 486381690
1589495599 486381690
1589495600 486381690
1589495601 486381690
1589495602 486381690
1589495603 486381690
1589495604 486381690
1589495605 486381690
1589495606 486381690
1589495607 488430130
1589495608 488430130
1589495609 488430130
1589495610 488430130
1589495611 488430130
1589495612 488430130
1589495613 488430130
1589495614 488430130
1589495615 488430130
1589495616 488430130
1589495618 488430130
1589495619 488430130
1589495620 488430130
1589495621 488430130
1589495622 488430130
1589495623 488430130
1589495624 488430130
1589495625 488430130
1589495626 488430130
1589495627 488430130
1589495628 488430130
1589495629 488430130
1589495630 488430130
1589495631 488430130
1589495632 488430130
1589495633 488430130
1589495634 488430130
1589495635 488430130
1589495636 488430130
1589495637 488430130
1589495638 488430130
1589495639 488430130
1589495640 488430130
1589495641 488430130
1589495642 488430130
1589495643 488430130
1589495644 488430130
1589495645 488430130
1589495646 488430130
1589495647 488430130
1589495648 486364726
1589495649 486381714
1589495650 486381714
1589495651 486381714
1589495652 489233178
1589495653 489233178
1589495654 489233178
1589495655 489233178
1589495656 489233178
1589495657 489233178
1589495658 489233178
1589495660 489233178
1589495661 489233178
1589495662 489233178
1589495663 489233178
1589495664 489233178
1589495665 489233178
1589495666 489233178
1589495667 489233178
1589495668 489233178
1589495669 489233178
1589495670 489233178
1589495671 489233178
1589495672 489233178
1589495673 489233178
1589495674 489233178
1589495675 489233178
1589495676 489233178
1589495677 489233178
1589495678 489233178
1589495679 489233178
1589495680 489233178
1589495681 489233178
1589495682 489233178
1589495683 489233178
1589495684 489233178
1589495685 489233178
1589495686 489233178
1589495687 489233178
1589495688 489233178
1589495689 489233178
1589495690 489233178
1589495691 489233178
1589495692 489233178
1589495693 489233178
1589495694 489233178
1589495695 489233178
1589495696 489233178
1589495697 489233178
1589495698 489233178
1589495699 489233178
1589495700 489233178
1589495701 489233178
1589495702 489233178
1589495704 489233178
1589495705 489233178
1589495706 489233178
1589495707 489233178
1589495708 489233178
1589495709 489233178
1589495710 489233178
1589495711 489233178
1589495712 489233178
1589495713 489233178
1589495714 489233178
1589495715 489233178
1589495716 489233178
1589495717 489233178
1589495718 489233178
1589495719 489233178
1589495720 489233178
1589495721 489233178
1589495722 489233178
1589495723 489233178
1589495724 489233178
1589495725 489233178
1589495726 489233178
1589495727 489233178
1589495728 489233178
1589495729 489233178
1589495730 489233178
1589495731 489233178
1589495732 489233178
1589495733 489233178
1589495734 489233178
1589495735 489233178
1589495736 489233178
1589495737 489233178
1589495738 489233178
1589495739 489233178
1589495740 489233178
1589495741 489233178
1589495742 489233178
1589495743 489233178
1589495744 489233178
1589495746 489233178
1589495747 489233178
1589495748 489233178
1589495749 489233178
1589495750 489233178
1589495751 489233178
1589495752 489233178
1589495753 489233178
1589495754 489233178
1589495755 486422730
1589495756 486381778
1589495757 486583552
1589495758 486550802
1589495759 486550802
1589495760 486550802
1589495761 486550802
1589495762 489582522
1589495763 489582522
1589495764 489582522
1589495765 489582522
1589495766 489582522
1589495767 489582522
1589495768 489582522
1589495769 489582522
1589495770 489582522
1589495771 489582522
1589495772 489582522
1589495773 489582522
1589495774 489565534
1589495775 489582522
1589495776 489582522
1589495777 489582522
1589495778 489582522
1589495779 489582522
1589495780 486550874
1589495781 486550874
1589495782 486381850
1589495783 486381850
1589495784 486381850
1589495785 486627674
1589495787 486627674
1589495788 486627674
1589495789 486627674
1589495790 486627674
1589495791 486627674
1589495792 486627674
1589495793 486627674
1589495794 486627674
1589495795 486627674
1589495796 486627674
1589495797 486627674
1589495798 486586682
1589495799 487678540
1589495800 487668258
1589495801 487668258
1589495802 487668258
1589495803 487668258
1589495804 487668258
1589495805 487668258
1589495806 487668258
1589495807 487668258
1589495808 487668258
1589495809 487668258
1589495810 487668258
1589495811 487668258
1589495812 487668258
1589495813 487668258
1589495814 487668258
1589495815 487422426
1589495816 486340858
1589495817 486323870
1589495818 486340858
1589495819 486340858
1589495820 488094314
1589495821 486340866
1589495822 486340866
1589495823 486340866
1589495824 486324450
1589495825 486324450
1589495826 486307462
1589495828 486308034
1589495829 486308034
1589495830 486308034
1589495831 486308034
1589495832 486308034
1589495833 486308034
1589495834 486308034
1589495835 486283426
1589495836 486283426
1589495837 486283426
1589495838 486283426
1589495839 486283426
1589495840 486283426
1589495841 486283426
1589495842 486283426
1589495843 486283426
1589495844 486283426
1589495845 486283426
1589495846 486283426
1589495847 486283426
1589495848 486283426
1589495849 486283426
1589495850 486283426
1589495851 486283426
1589495852 424906826
1589495853 424906826
1589495854 424906826
1589495855 424906826
1589495856 530986152
1589495857 543539370
1589495858 543539370
1589495859 543539370
1589495860 543539370
1589495861 543539370
1589495862 543539370
1589495863 543539370
1589495864 543539370
1589495865 543539370
1589495866 543539370
1589495867 543539370
1589495868 424918650
1589495870 424918650
1589495871 424918650
1589495872 424918650
1589495873 424918650
1589495874 424918650
1589495875 424918650
1589495876 434997218
1589495877 434997218
1589495878 434997218
1589495879 434997218
1589495880 434997218
1589495881 434997218
1589495882 434997218
1589495883 434997218
1589495884 434997218
1589495885 434997218
1589495886 434997218
1589495887 434997218
1589495888 434997218
1589495889 434997218
1589495890 434997218
1589495891 434997218
1589495892 434997218
1589495893 434997218
1589495894 434997218
1589495895 434997218
1589495896 434997218
1589495897 434997218
1589495898 434997218
1589495899 434980230
1589495900 434997218
1589495901 434997218
1589495902 434997218
1589495903 434984890
1589495904 434984890
1589495905 434984890
1589495906 424939146
1589495907 424939146
1589495908 424939146
1589495909 424939146
1589495911 424939146
1589495912 424939146
1589495913 424939146
1589495914 424939146
1589495915 424939146
1589495916 424939146
1589495917 424939146
1589495918 424939146
1589495919 480707546
1589495920 480707546
1589495921 480728066
1589495922 480728066
1589495923 480728066
1589495924 480728066
1589495925 480728066
1589495926 480728066
1589495927 480728066
1589495928 480728066
1589495929 480728066
1589495930 480728066
1589495931 480728066
1589495932 480728066
1589495933 480728066
1589495934 480785442
1589495935 425017050
1589495936 425017050
1589495937 425017050
1589495938 425000062
1589495939 425017050
1589495940 425017050
1589495941 425017050
1589495942 425000062
1589495943 425000062
1589495944 425017050
1589495945 425017050
1589495946 425017050
1589495947 425000062
1589495948 425017050
1589495949 425017050
1589495950 425017050
1589495951 425017050
1589495953 425017050
1589495954 425017050
1589495955 425017050
1589495956 425017050
1589495957 425017050
1589495958 425017050
1589495959 425017050
1589495960 425017050
1589495961 425017050
1589495962 445141482
1589495963 445141482
1589495964 445141482
1589495965 445141482
1589495966 445141482
1589495967 445141482
1589495968 445141482
1589495969 445141482
1589495970 445141482
1589495971 445141482
1589495972 445141482
1589495973 445124494
1589495974 445141482
1589495975 445141482
1589495976 445141482
1589495977 445141482
1589495978 445141482
1589495979 445141482
1589495980 445141482
1589495981 445141482
1589495982 445141482
1589495983 425033490
1589495984 425033490
1589495985 425033490
1589495986 425033490
1589495987 425016502
1589495988 425033490
1589495989 425033490
1589495990 425033490
1589495991 201880866
1589495992 201798962
1589495993 201798962
1589495994 201798962
1589495996 201798962
1589495997 201798962
1589495998 201798962
1589495999 201798962
1589496000 201798962
1589496001 201798962
1589496002 201798962
1589496003 201798962
1589496004 201798962
1589496005 201798962
1589496006 201798962
1589496007 201798962
1589496008 201798962
1589496009 201798962
1589496010 201798962
1589496011 201798962
1589496012 201798962
1589496013 201798962
1589496014 201798962
1589496015 201798962
1589496016 201798962
1589496017 201798962
1589496018 201798962
1589496019 201798962
1589496020 201798962
1589496021 201798962
1589496022 201798962
1589496023 248537520
1589496024 287606554
1589496025 287606554
1589496026 287606554
1589496027 287606554
1589496028 287606554
1589496029 287606554
1589496030 287606554
1589496031 287606554
1589496032 287606554
1589496033 287606554
1589496034 287606554
1589496035 287606554
1589496037 287606554
1589496038 287606554
1589496039 287606554
1589496040 287606554
1589496041 287606554
1589496042 287606554
1589496043 287606554
1589496044 287606554
1589496045 287606554
1589496046 287606554
1589496047 287606554
1589496048 287606554
1589496049 287606554
1589496050 287606554
1589496051 287606554
1589496052 287606554
1589496053 287606554
1589496054 287606554
1589496055 287606554
1589496056 287606554
1589496057 287606554
1589496058 287606554
1589496059 287606554
1589496060 287606554
1589496061 287606554
1589496062 287606554
1589496063 287589566
1589496064 287606554
1589496065 287606554
1589496066 287606554
1589496067 287606554
1589496068 287606554
1589496069 287606554
1589496070 287606554
1589496071 287606554
1589496072 287606554
1589496073 287606554
1589496074 287606554
1589496075 287606554
1589496076 287606554
1589496077 287606554
1589496079 287606554
1589496080 287606554
1589496081 287606554
1589496082 287606554
1589496083 287606554
1589496084 287606554
1589496085 287606554
1589496086 287606554
1589496087 287606554
1589496088 287606554
1589496089 287606554
1589496090 287606554
1589496091 287606554
1589496092 287589566
1589496093 287606554
1589496094 287606554
1589496095 287606554
1589496096 287606554
1589496097 287606554
1589496098 287606554
1589496099 287606554
1589496100 287606554
1589496101 288229282
1589496102 285213946
1589496103 284591226
1589496104 284591226
1589496105 232190602
1589496106 208124802
1589496107 248136112
1589496108 301446354
1589496109 301446354
1589496110 352359112
1589496111 332205894
1589496112 332181930
1589496113 332181930
1589496114 413826928
1589496115 310742418
1589496116 310767034
1589496117 310324562
1589496118 310324562
1589496119 310299954
1589496121 310726042
1589496122 321112010
1589496123 321112010
1589496124 321652810
1589496125 321652810
1589496126 321652810
1589496127 321652810
1589496128 321226722
1589496129 212951194
1589496130 213393634
1589496131 213393634
1589496132 212835846
1589496133 212525090
1589496134 212525090
1589496135 212525090
1589496136 212525090
1589496137 212525090
1589496138 212525090
1589496139 212525090
1589496140 212525090
1589496141 212525090
1589496142 212525090
1589496143 212525090
1589496144 212525090
1589496145 213442786
1589496146 213442786
1589496147 213442786
1589496148 213442786
1589496149 213442786
1589496150 213442786
1589496151 213442786
1589496152 213442786
1589496153 213442786
1589496154 213000322
1589496155 213048298
1589496156 213082274
1589496157 213082274
1589496158 212951170
1589496159 212951170
1589496160 214163842
1589496162 214163842
1589496163 214163842
1589496164 214163842
1589496165 213287106
1589496166 212074434
1589496167 213418282
1589496168 212074434
1589496169 212074434
1589496170 213008514
1589496171 214270410
1589496172 213336322
1589496173 214434274
1589496174 214434274
1589496175 214434274
1589496176 214434274
1589496177 213172386
1589496178 212979810
1589496179 213700874
1589496180 213700874
1589496181 214888970
1589496182 214888970
1589496183 213235786
1589496184 212906474
1589496185 213766834
1589496186 213766834
1589496187 212906474
1589496188 213275210
1589496189 213275210
1589496190 213275210
1589496191 213275210
1589496192 213258222
1589496193 214029034
1589496194 212799978
1589496195 213824202
1589496196 213824202
1589496197 213824202
1589496198 213824202
1589496199 213824202
1589496200 213070378
1589496201 212046154
1589496202 213439162
1589496204 213439162
1589496205 212046154
1589496206 212046154
1589496207 212046154
1589496208 212980234
1589496209 212815882
1589496210 212815882
1589496211 212045674
1589496212 212045674
1589496213 212045674
1589496214 212028686
1589496215 212045674
1589496216 212045674
1589496217 212045674
1589496218 212045674
1589496219 212045674
1589496220 212045674
1589496221 212045674
1589496222 212045674
1589496223 212045674
1589496224 212045674
1589496225 212045674
1589496226 212045674
1589496227 212045674
1589496228 212045674
1589496229 212045674
1589496230 212045674
1589496231 212045674
1589496232 212963370
1589496233 202556970
1589496234 202539982
1589496235 201655658
1589496236 201655658
1589496237 136964010
1589496238 35645170
1589496239 35645170
1589496240 35645170
1589496241 35645170
1589496242 35645170
1589496243 35645170
1589496244 35645170
1589496246 35645170
1589496247 35645170
1589496248 35645170
1589496249 35645170
1589496250 35645170
1589496251 35645170
1589496252 35645170
1589496253 35645170
1589496254 35645170
1589496255 35645170
1589496256 35645170
1589496257 35645170
1589496258 35624658
1589496259 35624658
1589496260 35624658
1589496261 35624658
1589496262 35624658
1589496263 35624658
1589496264 35624658
1589496265 35624658
1589496266 35624658
1589496267 35624658
1589496268 35624658
1589496269 35624658
1589496270 35624658
1589496271 35624658
1589496272 35624658
1589496273 35624658
1589496274 35624658
1589496275 35624658
1589496276 35624658
1589496277 35624658
1589496278 35624658
1589496279 35624658
1589496280 35624658
1589496281 35624658
1589496282 35624658
1589496283 35624658
1589496284 35624658
1589496285 35624658
1589496286 35624658
1589496287 35624658
1589496289 35624658
1589496290 35624658
1589496291 35624658
1589496292 35624658
1589496293 35624658
1589496294 35624658
1589496295 35624658
1589496296 35624658
1589496297 35624658
1589496298 35624658
1589496299 35624658
1589496300 35624658
1589496301 35624658
1589496302 35624658
1589496303 35624658
1589496304 35624658
1589496305 35624658
1589496306 35624658
1589496307 35624658
1589496308 35624658
1589496309 35624658
1589496310 35624658
1589496311 35624658
1589496312 35624658
1589496313 35624658
1589496314 35624658
1589496315 35624658
1589496316 35624658
1589496317 35624658
1589496318 35624658
1589496319 35624658
1589496320 35624658
1589496321 35624658
1589496322 35624658
1589496323 35624658
1589496324 35624658
1589496325 35624658
1589496326 35624658
1589496327 35624658
1589496328 35624658
1589496329 35624658
1589496331 35624658
1589496332 35624658
1589496333 35624658
1589496334 35624658
1589496335 35624658
1589496336 35624658
1589496337 35624658
1589496338 35624658
1589496339 35624658
1589496340 35624658
1589496341 35624658
1589496342 35624658
1589496343 35624658
1589496344 35624658
1589496345 46625146
1589496346 46625146
1589496347 46625146
1589496348 46625146
1589496349 46625146
1589496350 46625146
1589496351 46625146
1589496352 46625146
1589496353 46625146
1589496354 46625146
1589496355 46625146
1589496356 46625146
1589496357 46625146
1589496358 46625146
1589496359 46625146
1589496360 46625146
1589496361 46625146
1589496362 46625146
1589496363 46625146
1589496364 46625146
1589496365 46625146
1589496366 46625146
1589496367 46625146
1589496368 46625146
1589496369 46625146
1589496371 46625146
1589496372 46625146
1589496373 46625146
1589496374 46625146
1589496375 46625146
1589496376 46625146
1589496377 46625146
1589496378 46625146
1589496379 46625146
1589496380 46625146
1589496381 46608158
1589496382 46625146
1589496383 46625146
1589496384 46625146
1589496385 46625146
1589496386 46625146
1589496387 46625146
1589496388 46625146
1589496389 46625146
1589496390 46625146
1589496391 46625146
1589496392 46625146
1589496393 46625146
1589496394 46625146
1589496395 46625146
1589496396 46625146
1589496397 46625146
1589496398 46625146
1589496399 46625146
1589496400 46625146
1589496401 302310696
1589496402 349278730
1589496403 349278730
1589496404 338290490
1589496405 35842002
1589496406 35842002
1589496407 311684800
1589496408 430923914
1589496409 430923914
1589496410 430923914
1589496412 430923914
1589496413 430923914
1589496414 430923914
1589496415 430923914
1589496416 430923914
1589496417 430923914
1589496418 430923914
1589496419 430923914
1589496420 430923914
1589496421 430923914
1589496422 430923914
1589496423 430923914
1589496424 430906926
1589496425 430923914
1589496426 233243642
1589496427 35727266
1589496428 35727266
1589496429 35727266
1589496430 35727266
1589496431 35727266
1589496432 35727266
1589496433 35727266
1589496434 35727266
1589496435 35727266
1589496436 35727266
1589496437 35727266
1589496438 35727266
1589496439 35727266
1589496440 35727266
1589496441 35727266
1589496442 35727266
1589496443 35727266
1589496444 35727266
1589496445 35727266
1589496446 35727266
1589496447 35727266
1589496448 35727266
1589496449 35727266
1589496450 35727266
1589496451 35727266
1589496452 35727266
1589496454 35727266
1589496455 35727266
1589496456 35727266
1589496457 35727266
1589496458 35710278
1589496459 35727266
1589496460 35727266
1589496461 35727266
1589496462 35710278
1589496463 35727266
1589496464 35727266
1589496465 35727266
1589496466 35727266
1589496467 35727266
1589496468 35727266
1589496469 35727266
1589496470 35727266
1589496471 35727266
1589496472 35727266
1589496473 35727266
1589496474 35727266
1589496475 35919850
1589496476 35919850
1589496477 35919850
1589496478 35919850
1589496479 35919850
1589496480 35919850
1589496481 35919850
1589496482 35919850
1589496483 35919850
1589496484 35919850
1589496485 35919850
1589496486 35919850
1589496487 35919850
1589496488 35919850
1589496489 35919850
1589496490 35919850
1589496491 35919850
1589496492 35919850
1589496493 35919850
1589496494 35919850
1589496496 35919850
1589496497 35919850
1589496498 35919850
1589496499 35919850
1589496500 35919850
1589496501 35919850
1589496502 35919850
1589496503 35919850
1589496504 35919850
1589496505 35919850
1589496506 35919850
1589496507 35919850
1589496508 35919850
1589496509 35919850
1589496510 35919850
1589496511 35919850
1589496512 35919850
1589496513 35919850
1589496514 35919850
1589496515 35919850
1589496516 35919850
1589496517 35919850
1589496518 35919850
1589496519 35919850
1589496520 35919850
1589496521 35919850
1589496522 35902862
1589496523 35919850
1589496524 35919850
1589496525 35919850
1589496526 35919850
1589496527 35902862
1589496528 35727266
1589496529 35727266
1589496530 35710278
1589496531 35727266
1589496532 35727266
1589496533 35727266
1589496534 35727266
1589496535 36431946
1589496536 36431946
1589496537 36431946
1589496539 36431946
1589496540 36431946
1589496541 36431946
1589496542 36431946
1589496543 35768218
1589496544 35727266
1589496545 36331081
1589496546 36317194
1589496547 36317194
1589496548 36317194
1589496549 36317194
1589496550 36317194
1589496551 36317194
1589496552 36317194
1589496553 36317194
1589496554 36317194
1589496555 36317194
1589496556 36317194
1589496557 36317194
1589496558 36317194
1589496559 35727242
1589496560 35727242
1589496561 35727242
1589496562 35727242
1589496563 35669866
1589496564 35669866
1589496565 35669866
1589496566 35669866
1589496567 35669866
1589496568 35669866
1589496569 35652878
1589496570 35669866
1589496571 35669866
1589496572 35669866
1589496573 35669866
1589496574 35669866
1589496575 35669866
1589496576 35669866
1589496577 35669866
1589496578 35669866
1589496580 35669866
1589496581 35669866
1589496582 35669866
1589496583 35669866
1589496584 35669866
1589496585 35669866
1589496586 35669866
1589496587 35669866
1589496588 35669866
1589496589 35669866
1589496590 35669866
1589496591 35669866
1589496592 35669866
1589496593 35669866
1589496594 35669866
1589496595 35669866
1589496596 35669866
1589496597 35669866
1589496598 35669866
1589496599 35669866
1589496600 35669866
1589496601 35694450
1589496602 35694450
1589496603 35694450
1589496604 35694450
1589496605 35694450
1589496606 35694450
1589496607 35694450
1589496608 35694450
1589496609 35694450
1589496610 35694450
1589496611 35694450
1589496612 35694450
1589496613 35694450
1589496614 35694450
1589496615 35694450
1589496616 35694450
1589496617 35694450
1589496618 35694450
1589496619 35694450
1589496621 35694450
1589496622 35694450
1589496623 35694450
1589496624 35694450
1589496625 35694450
1589496626 35694450
1589496627 35694450
1589496628 35694450
1589496629 35694450
1589496630 35694450
1589496631 35694450
1589496632 35694450
1589496633 35694450
1589496634 35694450
1589496635 35694450
1589496636 35694450
1589496637 35694450
1589496638 35694450
1589496639 35694450
1589496640 35694450
1589496641 35694450
1589496642 35694450
1589496643 35694450
1589496644 35694450
1589496645 35694450
1589496646 35694450
1589496647 35694450
1589496648 35694450
1589496649 35694450
1589496650 45133954
1589496651 45133954
1589496652 45133954
1589496653 45133954
1589496654 45133954
1589496655 45133954
1589496656 45133954
1589496657 45133954
1589496658 45133954
1589496659 45133954
1589496660 45133954
1589496661 45133954
1589496662 45133954
1589496664 45133954
1589496665 45133954
1589496666 45133954
1589496667 45133954
1589496668 45133954
1589496669 45133954
1589496670 45133954
1589496671 45133954
1589496672 45133954
1589496673 45133954
1589496674 45133954
1589496675 45133954
1589496676 45133954
1589496677 45133954
1589496678 45133954
1589496679 45133954
1589496680 45133954
1589496681 45133954
1589496682 45133954
1589496683 45133954
1589496684 45133954
1589496685 45133954
1589496686 45133954
1589496687 45133954
1589496688 45133954
1589496689 45133954
1589496690 45133954
1589496691 45133954
1589496692 45133954
1589496693 45116966
1589496694 45133954
1589496695 45133954
1589496696 45133954
1589496697 45133954
1589496698 45133954
1589496699 45116966
1589496700 45133954
1589496701 45133954
1589496702 45133954
1589496703 45133954
1589496705 45133954
1589496706 45133954
1589496707 45133954
1589496708 45133954
1589496709 45133954
1589496710 45133954
1589496711 45133954
1589496712 45133954
1589496713 45133954
1589496714 45133954
1589496715 45133954
1589496716 45133954
1589496717 45133954
1589496718 45133954
1589496719 45133954
1589496720 45133954
1589496721 45133954
1589496722 45133954
1589496723 45133954
1589496724 45133954
1589496725 45133954
1589496726 45133954
1589496727 45133954
1589496728 45133954
1589496729 45133954
1589496730 45133954
1589496731 45133954
1589496732 45133954
1589496733 45133954
1589496734 45133954
1589496735 45116966
1589496736 45133954
1589496737 45133954
1589496738 45133954
1589496739 45133954
1589496740 45133954
1589496741 45133954
1589496742 45133954
1589496743 45133954
1589496744 45133954
1589496745 45133954
1589496746 35694450
1589496747 35694450
1589496749 35694450
1589496750 35677462
1589496751 35694450
1589496752 35694450
1589496753 35694450
1589496754 35694450
1589496755 35694450
1589496756 35694450
1589496757 35694450
1589496758 35694450
1589496759 35694450
1589496760 35694450
1589496761 35694450
1589496762 36111500
1589496763 36104146
1589496764 36104146
1589496765 36104146
1589496766 36104146
1589496767 36104146
1589496768 36104146
1589496769 36104146
1589496770 36104146
1589496771 36104146
1589496772 36104146
1589496773 36104146
1589496774 36104146
1589496775 36104146
1589496776 36104146
1589496777 36104146
1589496778 36104146
1589496779 36104146
1589496780 36104146
1589496781 36104146
1589496782 36104146
1589496783 36104146
1589496784 36104146
1589496785 36104146
1589496786 36104146
1589496787 36104146
1589496788 36104146
1589496790 36104146
1589496791 36104146
1589496792 36104146
1589496793 36104146
1589496794 36104146
1589496795 36104146
1589496796 36104146
1589496797 36104146
1589496798 35694450
1589496799 35694450
1589496800 35694450
1589496801 35694450
1589496802 35669842
1589496803 35669842
1589496804 35669842
1589496805 35669842
1589496806 35669842
1589496807 35669842
1589496808 35669842
1589496809 35669842
1589496810 35669842
1589496811 35669842
1589496812 35669842
1589496813 35669842
1589496814 35684218
1589496815 35684218
1589496816 35684218
1589496817 35684218
1589496818 35684218
1589496819 35684218
1589496820 35684218
1589496821 35684218
1589496822 35684218
1589496823 35684218
1589496824 35684218
1589496825 35684218
1589496826 35684218
1589496827 35684218
1589496828 35684218
1589496829 35684218
1589496830 35684218
1589496832 35684218
1589496833 35684218
1589496834 35684218
1589496835 35930042
1589496836 35930042
1589496837 35930042
1589496838 35930042
1589496839 35684210
1589496840 35684210
1589496841 35684210
1589496842 35684210
1589496843 35684210
1589496844 37814610
1589496845 155487706
1589496846 156288080
1589496847 156274298
1589496848 156651803
1589496849 156651226
1589496850 156651226
1589496851 155864626
1589496852 163501450
1589496853 163501450
1589496854 163501450
1589496855 163501450
1589496856 163501450
1589496857 163501450
1589496858 163484462
1589496859 164333138
1589496860 164333138
1589496861 164333138
1589496862 164333138
1589496863 164333138
1589496864 164333138
1589496865 164333138
1589496866 164333138
1589496867 164333138
1589496868 164333138
1589496869 164333138
1589496870 164333138
1589496871 164333138
1589496873 164333138
1589496874 163956202
1589496875 156155498
1589496876 156155498
1589496877 156155498
1589496878 158613698
1589496879 158613698
1589496880 158613698
1589496881 157937698
1589496882 158970122
1589496883 156511914
1589496884 155479498
1589496885 155484658
1589496886 155484658
1589496887 155484658
1589496888 155942934
1589496889 155927122
1589496890 155927122
1589496891 155927122
1589496892 155927122
1589496893 155927122
1589496894 155927122
1589496895 155927122
1589496896 155927122
1589496897 155927122
1589496898 155927122
1589496899 155927122
1589496900 155927122
1589496901 155910134
1589496902 155927122
1589496903 155927122
1589496904 155927122
1589496905 155927122
1589496906 155927122
1589496907 155927122
1589496908 155927122
1589496909 155484650
1589496910 155484650
1589496911 155484650
1589496912 155484650
1589496914 155484650
1589496915 165358450
1589496916 165358450
1589496917 165358450
1589496918 165358450
1589496919 165358450
1589496920 165358450
1589496921 165358450
1589496922 165358450
1589496923 165341462
1589496924 165358450
1589496925 165358450
1589496926 165358450
1589496927 165358450
1589496928 165358450
1589496929 165358450
1589496930 165358450
1589496931 165358450
1589496932 165358450
1589496933 165358450
1589496934 165358450
1589496935 165358450
1589496936 165358450
1589496937 210499200
1589496938 367221826
1589496939 367221826
1589496940 367221826
1589496941 367221826
1589496942 367221826
1589496943 199406546
1589496944 165475218
1589496945 165475218
1589496946 165475218
1589496947 165475218
1589496948 165475218
1589496949 165475218
1589496950 165475218
1589496951 165475218
1589496952 165489562
1589496953 295180136
1589496954 300063786
1589496956 300063786
1589496957 300063786
1589496958 300063786
1589496959 300063786
1589496960 300063786
1589496961 300063786
1589496962 300063786
1589496963 300063786
1589496964 300063786
1589496965 300063786
1589496966 300063786
1589496967 300063786
1589496968 300063786
1589496969 300063786
1589496970 300063786
1589496971 300063786
1589496972 300063786
1589496973 300063786
1589496974 300063786
1589496975 300063786
1589496976 300063786
1589496977 300063786
1589496978 300063786
1589496979 300063786
1589496980 300063786
1589496981 300063786
1589496982 300063786
1589496983 300063786
1589496984 300063786
1589496985 300063786
1589496986 300063786
1589496987 300046798
1589496988 300063786
1589496989 300063786
1589496990 300063786
1589496991 300063786
1589496992 300063786
1589496993 300063786
1589496994 300063786
1589496995 300063786
1589496997 165460922
1589496998 165460922
1589496999 165460922
1589497000 165460922
1589497001 165460922
1589497002 165460922
1589497003 165460922
1589497004 165460922
1589497005 165460922
1589497006 165460922
1589497007 165460922
1589497008 165460922
1589497009 45687146
1589497010 45687146
1589497011 45687146
1589497012 45687146
1589497013 45687146
1589497014 45687146
1589497015 45687146
1589497016 45687146
1589497017 45687146
1589497018 45687146
1589497019 45687146
1589497020 45687146
1589497021 45687146
1589497022 45687146
1589497023 45687146
1589497024 45687146
1589497025 45687146
1589497026 45687146
1589497027 45687146
1589497028 45687146
1589497029 45687146
1589497030 45687146
1589497031 45687146
1589497032 45687146
1589497033 45687146
1589497034 45687146
1589497035 45658442
1589497036 45658442
1589497038 45658442
1589497039 45658442
1589497040 45658442
1589497041 45658442
1589497042 45658442
1589497043 45658442
1589497044 45658442
1589497045 45658442
1589497046 45658442
1589497047 45658442
1589497048 45658442
1589497049 45658442
1589497050 45658442
1589497051 45658442
1589497052 244125376
1589497053 244190930
1589497054 244190930
1589497055 244190930
1589497056 244190930
1589497057 244190930
1589497058 244190930
1589497059 244190930
1589497060 244190930
1589497061 244190930
1589497062 244190930
1589497063 244190930
1589497064 244190930
1589497065 244190930
1589497066 244190930
1589497067 244190930
1589497068 244190930
1589497069 244190930
1589497070 244190930
1589497071 244190930
1589497072 244190930
1589497073 244190930
1589497074 244190930
1589497075 244190930
1589497076 244190930
1589497077 244190930
1589497078 244190930
1589497080 244190930
1589497081 244379410
1589497082 244379410
1589497083 244379410
1589497084 244362422
1589497085 244379410
1589497086 244379410
1589497087 244379410
1589497088 244379410
1589497089 244379410
1589497090 244190922
1589497091 244190922
1589497092 244190922
1589497093 244190922
1589497094 244173934
1589497095 244190922
1589497096 244190922
1589497097 244190922
1589497098 244190922
1589497099 244190922
1589497100 244190922
1589497101 244190922
1589497102 244190922
1589497103 244190922
1589497104 244190922
1589497105 244190922
1589497106 244190922
1589497107 208751842
1589497108 208751842
1589497109 208751842
1589497110 208751842
1589497111 208751842
1589497112 84407898
1589497113 50386378
1589497114 115479464
1589497115 172655290
1589497116 172655290
1589497117 172655290
1589497118 172655290
1589497119 172655290
1589497120 172655290
1589497121 172655290
1589497123 172655290
1589497124 172655290
1589497125 172655290
1589497126 172655290
1589497127 172655290
1589497128 227292914
1589497129 227292914
1589497130 227292914
1589497131 227292914
1589497132 227178186
1589497133 227178186
1589497134 104915442
1589497135 114627450
1589497136 114627450
1589497137 114627450
1589497138 114627450
1589497139 114627450
1589497140 114627450
1589497141 114627450
1589497142 114627450
1589497143 114627450
1589497144 114627450
1589497145 114627450
1589497146 114627450
1589497147 114627450
1589497148 114627450
1589497149 114627450
1589497150 114627450
1589497151 114627450
1589497152 114627450
1589497153 114627450
1589497154 114627450
1589497155 114627450
1589497156 114627450
1589497157 114627450
1589497158 114627450
1589497159 114627450
1589497160 114627450
1589497161 114627450
1589497162 114627450
1589497163 114627450
1589497164 114627450
1589497165 114627450
1589497167 114627450
1589497168 114627450
1589497169 114627450
1589497170 192978514
1589497171 192978514
1589497172 192978514
1589497173 192978514
1589497174 192978514
1589497175 192978514
1589497176 192978514
1589497177 192978514
1589497178 192978514
1589497179 192978514
1589497180 192978514
1589497181 192978514
1589497182 192978514
1589497183 192978514
1589497184 192978514
1589497185 193152658
1589497186 193152658
1589497187 193152658
1589497188 193152658
1589497189 193152658
1589497190 193152658
1589497191 183270658
1589497192 183270658
1589497193 183270658
1589497194 183270658
1589497195 183270658
1589497196 183270658
1589497197 183270658
1589497198 183270658
1589497199 183270658
1589497200 183270658
1589497201 183270658
1589497202 183270658
1589497203 183270658
1589497204 173396858
1589497205 173396858
1589497207 173396858
1589497208 173396858
1589497209 173396858
1589497210 173396858
1589497211 173379870
1589497212 173396858
1589497213 173396858
1589497214 173396858
1589497215 173396858
1589497216 173396858
1589497217 173396858
1589497218 173396858
1589497219 173396858
1589497220 173396858
1589497221 173396858
1589497222 173396858
1589497223 173396858
1589497224 173379870
1589497225 173396858
1589497226 173396858
1589497227 173396858
1589497228 173396858
1589497229 173396858
1589497230 173396858
1589497231 173396858
1589497232 173396858
1589497233 173396858
1589497234 173396858
1589497235 173396858
1589497236 173396858
1589497237 173396858
1589497238 173396858
1589497239 173396858
1589497240 173396858
1589497241 173396858
1589497242 173379870
1589497243 173396858
1589497244 173396858
1589497245 173396858
1589497246 173396858
1589497248 173396858
1589497249 173396858
1589497250 173396858
1589497251 173396858
1589497252 173396858
1589497253 173396858
1589497254 258368634
1589497255 258368634
1589497256 258368634
1589497257 258368634
1589497258 258368634
1589497259 258368634
1589497260 258368634
1589497261 258368634
1589497262 258368634
1589497263 258368634
1589497264 258368634
1589497265 258368634
1589497266 258368634
1589497267 258368634
1589497268 258368634
1589497269 258368634
1589497270 258368634
1589497271 258368634
1589497272 258368634
1589497273 258368634
1589497274 258368634
1589497275 258368634
1589497276 258368634
1589497277 173396794
1589497278 173396794
1589497279 173396794
1589497280 199469452
1589497281 258384954
1589497282 258384954
1589497283 258384954
1589497284 258384954
1589497285 258384954
1589497286 258384954
1589497287 258384954
1589497288 258384954
1589497290 258384954
1589497291 258384954
1589497292 258384954
1589497293 258384954
1589497294 258384954
1589497295 258384954
1589497296 258367966
1589497297 258384954
1589497298 258384954
1589497299 258384954
1589497300 173396730
1589497301 173396730
1589497302 173396730
1589497303 173396730
1589497304 333419472
1589497305 422242490
1589497306 422242490
1589497307 422242490
1589497308 422242490
1589497309 422242490
1589497310 422242490
1589497311 422242490
1589497312 422242490
1589497313 422242490
1589497314 422242490
1589497315 422225502
1589497316 422242490
1589497317 422242490
1589497318 422242490
1589497319 422242490
1589497320 422242490
1589497321 422242490
1589497322 422242490
1589497323 422242490
1589497324 422242490
1589497325 422242490
1589497326 422242490
1589497327 422242490
1589497328 422242490
1589497329 422242490
1589497331 422242490
1589497332 422242490
1589497333 422242490
1589497334 422242490
1589497335 422242490
1589497336 422242490
1589497337 422242490
1589497338 422242490
1589497339 422242490
1589497340 422242490
1589497341 422242490
1589497342 422242490
1589497343 422242490
1589497344 173290274
1589497345 173290274
1589497346 173290274
1589497347 176027058
1589497348 176027058
1589497349 173290250
1589497350 173290250
1589497351 173290250
1589497352 173273262
1589497353 173273262
1589497354 173290250
1589497355 173290250
1589497356 173290250
1589497357 173290250
1589497358 173290250
1589497359 173290250
1589497360 173290250
1589497361 173290250
1589497362 173290250
1589497363 173290250
1589497364 173290250
1589497365 173290250
1589497366 173290250
1589497367 173290250
1589497368 173290250
1589497369 173290250
1589497370 173290250
1589497371 173290250
1589497373 173290250
1589497374 173290250
1589497375 173290250
1589497376 173290250
1589497377 173290250
1589497378 174060458
1589497379 174060458
1589497380 174060458
1589497381 174060458
1589497382 174060458
1589497383 174060458
1589497384 174060458
1589497385 174060458
1589497386 174060458
1589497387 174060458
1589497388 174060458
1589497389 174060458
1589497390 174060458
1589497391 174060458
1589497392 174060458
1589497393 174060458
1589497394 174060458
1589497395 174060458
1589497396 174060458
1589497397 174060458
1589497398 174060458
1589497399 174043470
1589497400 174060458
1589497401 174060458
1589497402 174060458
1589497403 174060458
1589497404 174060458
1589497405 174060458
1589497406 174060458
1589497407 174060458
1589497408 174060458
1589497409 174060458
1589497410 174060458
1589497411 174060458
1589497412 174060458
1589497414 174060458
1589497415 174060458
1589497416 174060458
1589497417 174060458
1589497418 174060458
1589497419 174060458
1589497420 174060458
1589497421 174060458
1589497422 174060458
1589497423 174060458
1589497424 174060458
1589497425 174060458
1589497426 174060458
1589497427 174060458
1589497428 174060458
1589497429 174060458
1589497430 174060458
1589497431 174060458
1589497432 174060458
1589497433 174060458
1589497434 174060458
1589497435 174060458
1589497436 174060458
1589497437 174060458
1589497438 174060458
1589497439 174060458
1589497440 174060458
1589497441 174060458
1589497442 174060458
1589497443 174060458
1589497444 174060458
1589497445 174060458
1589497446 174060458
1589497447 174060458
1589497448 174060458
1589497449 174060458
1589497450 174060458
1589497451 174060458
1589497452 174060458
1589497453 174060458
1589497454 174060458
1589497456 174060458
1589497457 174060458
1589497458 174060458
1589497459 174060458
1589497460 174060458
1589497461 174060458
1589497462 174060458
1589497463 174043470
1589497464 174060458
1589497465 174060458
1589497466 174060458
1589497467 174060458
1589497468 174060458
1589497469 174060458
1589497470 174043470
1589497471 174060458
1589497472 174060458
1589497473 174060458
1589497474 174060458
1589497475 174060458
1589497476 174060458
1589497477 174060458
1589497478 174060458
1589497479 174060458
1589497480 174060458
1589497481 174060458
1589497482 174060458
1589497483 174060458
1589497484 174060458
1589497485 174060458
1589497486 174060458
1589497487 174060458
1589497488 174060458
1589497489 174060458
1589497490 174060458
1589497491 174060458
1589497492 174060458
1589497493 174060458
1589497494 174060458
1589497496 174060458
1589497497 174060458
1589497498 174060458
1589497499 174060458
1589497500 174060458
1589497501 174060458
1589497502 174060458
1589497503 174060458
1589497504 174060458
1589497505 174060458
1589497506 174060458
1589497507 174060458
1589497508 175084682
1589497509 175084682
1589497510 175084682
1589497511 174314474
1589497512 175462258
1589497513 175462258
1589497514 175462258
1589497515 174438026
1589497516 175150890
1589497517 174003114
1589497518 174445554
1589497519 174445554
1589497520 174445554
1589497521 174445554
1589497522 175051898
1589497523 175051898
1589497524 173884274
1589497525 174867514
1589497526 174867514
1589497527 174867514
1589497528 174867514
1589497529 174867514
1589497530 174867514
1589497531 174867514
1589497532 174867514
1589497533 174867514
1589497534 174867514
1589497535 174867514
1589497536 174867514
1589497537 174867514
1589497538 174867514
1589497540 174867514
1589497541 174867514
1589497542 174261170
1589497543 175031378
1589497544 119410482
1589497545 119408914
1589497546 119420630
1589497547 119437618
1589497548 119437618
1589497549 119437618
1589497550 118605938
1589497551 118605938
1589497552 119807418
1589497553 119807418
1589497554 119807418
1589497555 119807418
1589497556 119807418
1589497557 119807418
1589497558 119807418
1589497559 119807418
1589497560 119807418
1589497561 119807418
1589497562 119807418
1589497563 119807418
1589497564 119807418
1589497565 119807418
1589497566 119790430
1589497567 119807418
1589497568 119807418
1589497569 119807418
1589497570 119807418
1589497571 119807418
1589497572 119807418
1589497573 119807418
1589497574 119807418
1589497575 119807418
1589497576 119807418
1589497577 119807418
1589497578 119807418
1589497579 119807418
1589497580 119807418
1589497582 119807418
1589497583 119807418
1589497584 119807418
1589497585 119807418
1589497586 119807418
1589497587 119807418
1589497588 119807418
1589497589 119807418
1589497590 119807418
1589497591 119807418
1589497592 119807418
1589497593 119807418
1589497594 119807418
1589497595 119807418
1589497596 119807418
1589497597 119807418
1589497598 119807418
1589497599 119807418
1589497600 119807418
1589497601 119807418
1589497602 119807418
1589497603 119807418
1589497604 119807418
1589497605 119807418
1589497606 119807418
1589497607 119807418
1589497608 119807418
1589497609 119807418
1589497610 119807418
1589497611 119807418
1589497612 119807418
1589497613 119807418
1589497614 119807418
1589497615 119807418
1589497616 119807418
1589497617 119807418
1589497618 119807418
1589497619 119807418
1589497620 119807418
1589497621 119807418
1589497622 119807418
1589497623 119807418
1589497624 119807418
1589497626 119807418
1589497627 119790430
1589497628 119807418
1589497629 119807418
1589497630 119807418
1589497631 119807418
1589497632 119807418
1589497633 119807418
1589497634 119807418
1589497635 119807418
1589497636 119807418
1589497637 119807418
1589497638 119807418
1589497639 119807418
1589497640 119807418
1589497641 119807418
1589497642 119807418
1589497643 119807418
1589497644 119807418
1589497645 119807418
1589497646 119807418
1589497647 119807418
1589497648 119807418
1589497649 119807418
1589497650 119807418
1589497651 119807418
1589497652 119807418
1589497653 119807418
1589497654 119807418
1589497655 119807418
1589497656 119807418
1589497657 119807418
1589497658 119807418
1589497659 119807418
1589497660 119807418
1589497661 119807418
1589497662 119807418
1589497663 119807418
1589497664 119807418
1589497665 119807418
1589497667 119807418
1589497668 119790430
1589497669 119807418
1589497670 119807418
1589497671 119807418
1589497672 119807418
1589497673 119807418
1589497674 119807418
1589497675 119807418
1589497676 119807418
1589497677 119807418
1589497678 119807418
1589497679 119807418
1589497680 119807418
1589497681 119807418
1589497682 119807418
1589497683 119807418
1589497684 119807418
1589497685 119807418
1589497686 119807418
1589497687 119807418
1589497688 119807418
1589497689 119807418
1589497690 119807418
1589497691 119807418
1589497692 119807418
1589497693 119807418
1589497694 119807418
1589497695 119807418
1589497696 119807418
1589497697 119807418
1589497698 119807418
1589497699 119807418
1589497700 119807418
1589497701 119807418
1589497702 119807418
1589497703 119807418
1589497704 119807418
1589497705 119807418
1589497706 119807418
1589497708 119807418
1589497709 119807418
1589497710 119807418
1589497711 119807418
1589497712 119807418
1589497713 119807418
1589497714 119807418
1589497715 119807418
1589497716 119807418
1589497717 119807418
1589497718 119807418
1589497719 119807418
1589497720 119807418
1589497721 119807418
1589497722 119807418
1589497723 119807418
1589497724 119807418
1589497725 119807418
1589497726 119807418
1589497727 119807418
1589497728 119807418
1589497729 119807418
1589497730 119807418
1589497731 119807418
1589497732 119807418
1589497733 119807418
1589497734 119807418
1589497735 119807418
1589497736 119807418
1589497737 119807418
1589497738 119807418
1589497739 119807418
1589497740 119807418
1589497741 119807418
1589497742 119807418
1589497743 119790430
1589497744 119807418
1589497745 119807418
1589497746 119807418
1589497747 119807418
1589497749 119807418
1589497750 119807418
1589497751 119807418
1589497752 119807418
1589497753 119807418
1589497754 119807418
1589497755 119807418
1589497756 119807418
1589497757 119807418
1589497758 119807418
1589497759 119807418
1589497760 119807418
1589497761 119807418
1589497762 119807418
1589497763 119807418
1589497764 119807418
1589497765 119807418
1589497766 119807418
1589497767 119807418
1589497768 119807418
1589497769 119807418
1589497770 119807418
1589497771 119807418
1589497772 119807418
1589497773 119807418
1589497774 119807418
1589497775 119807418
1589497776 119807418
1589497777 119807418
1589497778 119807418
1589497779 119807418
1589497780 119807418
1589497781 119807418
1589497782 119807418
1589497783 119807418
1589497784 119807418
1589497785 119807418
1589497786 119807418
1589497787 119807418
1589497788 119807418
1589497789 119807418
1589497790 119807418
1589497791 119807418
1589497793 119807418
1589497794 119807418
1589497795 119807418
1589497796 119807418
1589497797 119807418
1589497798 119807418
1589497799 119790430
1589497800 119807418
1589497801 119807418
1589497802 119807418
1589497803 119807418
1589497804 119807418
1589497805 119807418
1589497806 119807418
1589497807 119807418
1589497808 119807418
1589497809 119807418
1589497810 119807418
1589497811 119807418
1589497812 119807418
1589497813 119807418
1589497814 119807418
1589497815 119807418
1589497816 119807418
1589497817 119807418
1589497818 119807418
1589497819 119807418
1589497820 119807418
1589497821 119807418
1589497822 119807418
1589497823 119807418
1589497824 119807418
1589497825 119807418
1589497826 119807418
1589497827 119807418
1589497828 119807418
1589497829 119807418
1589497830 119807418
1589497831 119807418
1589497832 119807418
1589497834 119807418
1589497835 119807418
1589497836 119807418
1589497837 119807418
1589497838 119807418
1589497839 119807418
1589497840 119807418
1589497841 119807418
1589497842 119807418
1589497843 119807418
1589497844 119807418
1589497845 119807418
1589497846 119807418
1589497847 119807418
1589497848 119807418
1589497849 119807418
1589497850 119807418
1589497851 119807418
1589497852 119807418
1589497853 119807418
1589497854 120479322
1589497855 120479322
1589497856 127591062
1589497857 119192778
1589497858 119192778
1589497859 119192778
1589497860 119192778
1589497861 119192778
1589497862 119192778
1589497863 119192778
1589497864 119192778
1589497865 119192778
1589497866 119192778
1589497867 119192778
1589497868 119192778
1589497869 119192778
1589497870 119192778
1589497871 119192778
1589497872 119192778
1589497873 119192778
1589497874 119864690
1589497876 119643402
1589497877 119512338
1589497878 119741738
1589497879 119627058
1589497880 118602826
1589497881 153255264
1589497882 182786490
1589497883 182786490
1589497884 182786490
1589497885 182786490
1589497886 182786490
1589497887 182786490
1589497888 182786490
1589497889 182786490
1589497890 182786490
1589497891 182786490
1589497892 182786490
1589497893 182786490
1589497894 182786490
1589497895 182786490
1589497896 182786490
1589497897 182786490
1589497898 182786490
1589497899 182786490
1589497900 182786490
1589497901 182786490
1589497902 182786490
1589497903 182786490
1589497904 182786490
1589497905 183835290
1589497906 183835290
1589497907 183835290
1589497908 182638994
1589497909 182638994
1589497910 118447186
1589497911 118447186
1589497912 118447186
1589497913 118447186
1589497914 118447186
1589497915 118447186
1589497916 118447186
1589497918 118447186
1589497919 118447186
1589497920 118447186
1589497921 118447186
1589497922 118447186
1589497923 130213800
1589497924 130295738
1589497925 130295738
1589497926 130295738
1589497927 130295738
1589497928 130295738
1589497929 130295738
1589497930 130295738
1589497931 130295738
1589497932 130295738
1589497933 130295738
1589497934 130295738
1589497935 130295738
1589497936 130295738
1589497937 130295738
1589497938 130295738
1589497939 130295738
1589497940 130295738
1589497941 130295738
1589497942 130295738
1589497943 130295738
1589497944 130295738
1589497945 130295738
1589497946 130295738
1589497947 130295738
1589497948 130295738
1589497949 130295738
1589497950 130295738
1589497951 130295738
1589497952 130295738
1589497953 130295738
1589497954 130295738
1589497955 130295738
1589497956 130295738
1589497957 130295738
1589497958 130295738
1589497960 130295738
1589497961 130295738
1589497962 130295738
1589497963 130295738
1589497964 130295738
1589497965 130295738
1589497966 130295738
1589497967 130295738
1589497968 130295738
1589497969 130295738
1589497970 130295738
1589497971 130295738
1589497972 130295738
1589497973 130295738
1589497974 130295738
1589497975 130295738
1589497976 130295738
1589497977 130295738
1589497978 130295738
1589497979 130295738
1589497980 130295738
1589497981 118447186
1589497982 118447186
1589497983 118447186
1589497984 118447186
1589497985 118447186
1589497986 118447186
1589497987 118447186
1589497988 118447186
1589497989 118447186
1589497990 118447186
1589497991 118447186
1589497992 118447186
1589497993 141095434
1589497994 141095434
1589497995 141095434
1589497996 141095434
1589497997 141095434
1589497998 141095434
1589498000 141095434
1589498001 141095434
1589498002 141095434
1589498003 141095434
1589498004 141095434
1589498005 141095434
1589498006 149912168
1589498007 149912186
1589498008 149912186
1589498009 141095434
1589498010 141095434
1589498011 141095434
1589498012 141095434
1589498013 141095434
1589498014 175575206
1589498015 175592194
1589498016 175592194
1589498017 175592194
1589498018 175592194
1589498019 175592194
1589498020 175592194
1589498021 175592194
1589498022 175592194
1589498023 175592194
1589498024 175592194
1589498025 175592194
1589498026 175592194
1589498027 175592194
1589498028 175592194
1589498029 175575206
1589498030 153078666
1589498031 153078666
1589498032 153078666
1589498033 153078666
1589498034 153078666
1589498035 153078666
1589498036 153078666
1589498037 153078666
1589498038 153078666
1589498039 153078666
1589498040 153078666
1589498041 153078666
1589498042 153078666
1589498044 153411570
1589498045 153411570
1589498046 153411570
1589498047 153411570
1589498048 153411570
1589498049 153411570
1589498050 153411570
1589498051 153411570
1589498052 153411570
1589498053 153411570
1589498054 153078674
1589498055 153078674
1589498056 153078674
1589498057 153078674
1589498058 153078674
1589498059 153078674
1589498060 153078674
1589498061 153078674
1589498062 153422842
1589498063 153422842
1589498064 153422842
1589498065 153422842
1589498066 153422842
1589498067 153422842
1589498068 153422842
1589498069 153422842
1589498070 153422842
1589498071 153422842
1589498072 153422842
1589498073 153422842
1589498074 153422842
1589498075 153422842
1589498076 153422842
1589498077 153422842
1589498078 153422842
1589498079 153422842
1589498080 153422842
1589498081 153422842
1589498082 153422842
1589498084 364041440
1589498085 482903610
1589498086 482903610
1589498087 482903610
1589498088 482903610
1589498089 482559442
1589498090 482559442
1589498091 487093711
1589498092 487082546
1589498093 487082546
1589498094 487082546
1589498095 487082546
1589498096 487082546
1589498097 487082546
1589498098 487082546
1589498099 487602866
1589498100 487602866
1589498101 487602866
1589498102 487602866
1589498103 487602866
1589498104 487602866
1589498105 487602866
1589498106 487602866
1589498107 487602866
1589498108 487602866
1589498109 487602866
1589498110 487602866
1589498111 487602866
1589498112 487602866
1589498113 487602866
1589498114 487602866
1589498115 487602866
1589498116 487602866
1589498117 487602866
1589498118 487602866
1589498119 487602866
1589498120 487602866
1589498121 487602866
1589498122 487602866
1589498123 487602866
1589498124 487602866
1589498126 487602866
1589498127 487602866
1589498128 487602866
1589498129 487602866
1589498130 487602866
1589498131 487602866
1589498132 487602866
1589498133 487602866
1589498134 487602866
1589498135 487602866
1589498136 487602866
1589498137 487602866
1589498138 487602866
1589498139 487602866
1589498140 487602866
1589498141 487602866
1589498142 487602866
1589498143 487602866
1589498144 487602866
1589498145 487602866
1589498146 487602866
1589498147 487602866
1589498148 487602866
1589498149 487602866
1589498150 487602866
1589498151 487602866
1589498152 487602866
1589498153 487602866
1589498154 487602866
1589498155 487602866
1589498156 487602866
1589498157 487602866
1589498158 487602866
1589498159 487602866
1589498160 487602866
1589498161 487602866
1589498162 487602866
1589498163 487602866
1589498164 487602866
1589498166 487602866
1589498167 487602866
1589498168 487602866
1589498169 487602866
1589498170 487602866
1589498171 487602866
1589498172 487602866
1589498173 487602866
1589498174 487602866
1589498175 487602866
1589498176 487585878
1589498177 487602866
1589498178 487602866
1589498179 487602866
1589498180 487602866
1589498181 487602866
1589498182 487602866
1589498183 487602866
1589498184 487602866
1589498185 487602866
1589498186 487602866
1589498187 487602866
1589498188 487602866
1589498189 487602866
1589498190 487602866
1589498191 487602866
1589498192 487602866
1589498193 487602866
1589498194 487602866
1589498195 487602866
1589498196 487602866
1589498197 487602866
1589498198 487602866
1589498199 487602866
1589498200 487602866
1589498201 487602866
1589498202 487602866
1589498203 487602866
1589498204 487602866
1589498205 487602866
1589498206 487602866
1589498208 487585878
1589498209 487602866
1589498210 487602866
1589498211 487602866
1589498212 487602866
1589498213 487602866
1589498214 488627090
1589498215 488627090
1589498216 488119050
1589498217 488725386
1589498218 488725386
1589498219 487709354
1589498220 488225586
1589498221 488225586
1589498222 487619250
1589498223 487103026
1589498224 487103026
1589498225 487103026
1589498226 488143634
1589498227 487103026
1589498228 487103026
1589498229 487103026
1589498230 550393496
1589498231 796606826
1589498232 796606826
1589498233 796589838
1589498234 796606826
1589498235 796589838
1589498236 796606826
1589498237 796606826
1589498238 796606826
1589498239 796606826
1589498240 796606826
1589498241 796606826
1589498242 796606826
1589498243 928005888
1589498244 1015599706
1589498245 1015599706
1589498246 1015599706
1589498247 1015599706
1589498248 1015599706
1589498249 1015599706
1589498251 1015599706
1589498252 1015599706
1589498253 1015599706
1589498254 1015599706
1589498255 1015599706
1589498256 1015599706
1589498257 1015599706
1589498258 1015599706
1589498259 1015599706
1589498260 1015599706
1589498261 1015599706
1589498262 1015599706
1589498263 1015599706
1589498264 1015599706
1589498265 1015599706
1589498266 1015599706
1589498267 1015599706
1589498268 1015599706
1589498269 1015599706
1589498270 1015599706
1589498271 1071187776
1589498272 1127594718
1589498273 1127611706
1589498274 1127611706
1589498275 1127611706
1589498276 1127611706
1589498277 1127611706
1589498278 1127611706
1589498279 1127611706
1589498280 1127611706
1589498281 1127611706
1589498282 1123121370
1589498283 1123121370
1589498284 1088665578
1589498285 1088665578
1589498286 1088665578
1589498287 1088665578
1589498288 1088665578
1589498289 1088665578
1589498291 1088665578
1589498292 1088665578
1589498293 1088665578
1589498294 1088665578
1589498295 1088665578
1589498296 1088665578
1589498297 1088665578
1589498298 1088665578
1589498299 1088665578
1589498300 1088665578
1589498301 1088665578
1589498302 1088665578
1589498303 1088665578
1589498304 1088665578
1589498305 1088665578
1589498306 1088665578
1589498307 1088665578
1589498308 1088665578
1589498309 1088665578
1589498310 1088665578
1589498311 1088665578
1589498312 1088665578
1589498313 1088665578
1589498314 1088665578
1589498315 960268562
1589498316 449753714
1589498317 449753714
1589498318 449753714
1589498319 449753714
1589498320 449753714
1589498321 449753714
1589498322 449753714
1589498323 449753714
1589498324 449736726
1589498325 449753714
1589498326 449753714
1589498327 449753714
1589498328 449753714
1589498329 449753714
1589498330 449753714
1589498331 449753714
1589498333 449753714
1589498334 449753714
1589498335 449753714
1589498336 449753714
1589498337 449753714
1589498338 449753714
1589498339 449753714
1589498340 449753714
1589498341 449753714
1589498342 449753714
1589498343 449753714
1589498344 449753714
1589498345 449753714
1589498346 449753714
1589498347 449753714
1589498348 449753714
1589498349 449753714
1589498350 449753714
1589498351 449753714
1589498352 449753714
1589498353 449736726
1589498354 449753714
1589498355 449753714
1589498356 449753714
1589498357 449753714
1589498358 449753714
1589498359 449753714
1589498360 449753714
1589498361 449753714
1589498362 449753714
1589498363 449753714
1589498364 449753714
1589498365 449753714
1589498366 449753714
1589498367 449753714
1589498368 449753714
1589498369 449753714
1589498370 449753714
1589498371 449753714
1589498373 449753714
1589498374 449753714
1589498375 449753714
1589498376 449753714
1589498377 449753714
1589498378 449753714
1589498379 449753714
1589498380 630873840
1589498381 866094848
1589498382 919445018
1589498383 919445018
1589498384 919445018
1589498385 919445018
1589498386 919445018
1589498387 919002554
1589498388 919002554
1589498389 919002554
1589498390 919002554
1589498391 919002554
1589498392 919002554
1589498393 919002554
1589498394 919002554
1589498395 876762466
1589498396 700009674
1589498397 700009674
1589498398 700009674
1589498399 700009674
1589498400 700009674
1589498401 700009674
1589498402 700009674
1589498403 700009674
1589498404 700009674
1589498405 700009674
1589498406 700009674
1589498407 700009674
1589498408 700009674
1589498409 700009674
1589498410 700009674
1589498411 700009674
1589498412 700009674
1589498413 700009674
1589498414 700009674
1589498415 700009674
1589498417 700009674
1589498418 700009674
1589498419 700009674
1589498420 700009674
1589498421 700009674
1589498422 700009674
1589498423 700386602
1589498424 335106250
1589498425 231050650
1589498426 230673722
1589498427 230673722
1589498428 231222690
1589498429 231222690
1589498430 231222690
1589498431 231222690
1589498432 231222690
1589498433 231222690
1589498434 231222690
1589498435 231222690
1589498436 231222690
1589498437 231222690
1589498438 231222690
1589498439 230673698
1589498440 230673698
1589498441 231232921
1589498442 231230890
1589498443 231230890
1589498444 231230890
1589498445 231230890
1589498446 230673706
1589498447 230673706
1589498448 230673706
1589498449 230804818
1589498450 230804818
1589498451 230804818
1589498452 230804818
1589498453 230804818
1589498454 230804818
1589498455 230804818
1589498456 230804818
1589498458 230804818
1589498459 230804818
1589498460 230804818
1589498461 230787830
1589498462 230804818
1589498463 230804818
1589498464 230787830
1589498465 230804818
1589498466 230804818
1589498467 230804818
1589498468 230804818
1589498469 230804818
1589498470 230804818
1589498471 230804818
1589498472 230804818
1589498473 230804818
1589498474 230804818
1589498475 230804818
1589498476 230804818
1589498477 230804818
1589498478 230804818
1589498479 230804818
1589498480 230804818
1589498481 230804818
1589498482 230804818
1589498483 176273722
1589498484 118792810
1589498485 118661706
1589498486 118661706
1589498487 118661706
1589498488 118661706
1589498489 118661706
1589498490 118661706
1589498491 118661706
1589498492 118661706
1589498493 119182034
1589498494 119182034
1589498495 119182034
1589498496 119182034
1589498497 119182034
1589498499 119182034
1589498500 119182034
1589498501 119182034
1589498502 119182034
1589498503 119182034
1589498504 119182034
1589498505 119182034
1589498506 119182034
1589498507 119165046
1589498508 119182034
1589498509 119182034
1589498510 119182034
1589498511 119263986
1589498512 119263986
1589498513 119263986
1589498514 119263986
1589498515 119263986
1589498516 119263986
1589498517 120198066
1589498518 120624146
1589498519 247844202
1589498520 247844202
1589498521 247295194
1589498522 246733922
1589498523 246324226
1589498524 245898146
1589498525 245898146
1589498526 246358223
1589498527 246357002
1589498528 246357002
1589498529 246357002
1589498530 246357002
1589498531 246357002
1589498532 246357002
1589498533 246357002
1589498534 247241930
1589498535 247241930
1589498536 246750306
1589498537 247651618
1589498538 247651618
1589498540 246766690
1589498541 119617322
1589498542 119617322
1589498543 119805206
1589498544 119822194
1589498545 119822194
1589498546 119822194
1589498547 120592378
1589498548 119494426
1589498549 120067994
1589498550 118707762
1589498551 118707762
1589498552 118707762
1589498553 319493592
1589498554 469869834
1589498555 469869834
1589498556 469869834
1589498557 469869834
1589498558 469869834
1589498559 469869834
1589498560 469869834
1589498561 469869834
1589498562 469869834
1589498563 469869834
1589498564 469869834
1589498565 469852846
1589498566 469869834
1589498567 469869834
1589498568 469869834
1589498569 469869834
1589498570 469869834
1589498571 469869834
1589498572 469869834
1589498573 469869834
1589498574 469869834
1589498575 469869834
1589498576 469869834
1589498577 469869834
1589498578 469869834
1589498579 469869834
1589498580 469869834
1589498581 469869834
1589498583 469869834
1589498584 469869834
1589498585 469869834
1589498586 469869834
1589498587 469869834
1589498588 469869834
1589498589 469869834
1589498590 469869834
1589498591 469869834
1589498592 469869834
1589498593 469869834
1589498594 469869834
1589498595 469869834
1589498596 469869834
1589498597 469869834
1589498598 469869834
1589498599 54925198
1589498600 198114
1589498601 198114
1589498602 198114
1589498603 198114
1589498604 198114
1589498605 198114
1589498606 198114
1589498607 198114
1589498608 198114
1589498609 198114
1589498610 198114
1589498611 198114
1589498612 198114
1589498613 198114
1589498614 198114
1589498615 198114
1589498616 198114
1589498617 198114
1589498618 198114
1589498619 198114
1589498620 198114
1589498621 198114
1589498622 198114
1589498623 198114
1589498624 198114
1589498626 198114
1589498627 198114
1589498628 169060
1589498629 186048
1589498630 186048
1589498631 186048
1589498632 186048
1589498633 186048
1589498634 186048
1589498635 186048
1589498636 186048
1589498637 186048
1589498638 186048
1589498639 186048
1589498640 186048
1589498641 186048
1589498642 186048
1589498643 186048
1589498644 186048
1589498645 186048
1589498646 186048
1589498647 186048
1589498648 186048
1589498649 186048
1589498650 186048
1589498651 186048
1589498652 186048
1589498653 186048
1589498654 186048
1589498655 186048
1589498656 186048
1589498657 186048
1589498658 169060
1589498659 186048
1589498660 186048
1589498661 186048
1589498662 186048
1589498663 186048
1589498664 186048
1589498665 186048
1589498666 186048
1589498668 186048
1589498669 186048
1589498670 186048
1589498671 186048
1589498672 186048
1589498673 186048
1589498674 186048
1589498675 186048
1589498676 186048
1589498677 186048
1589498678 186048
1589498679 186048
1589498680 186048
1589498681 186048
1589498682 186048
1589498683 169060
1589498684 186048
1589498685 186048
1589498686 186048
1589498687 186048
1589498688 186048
1589498689 186048
1589498690 186048
1589498691 186048
1589498692 186048
1589498693 186048
1589498694 186048
1589498695 186048
