1589495060 123968
1589495061 238704412
1589495062 515606836
1589495063 515674451
1589495064 515660036
1589495065 515660036
1589495067 515660036
1589495068 551909554
1589495069 855163154
1589495070 543537172
1589495071 617839588
1589495072 617839588
1589495073 617757636
1589495074 618105892
1589495075 618105892
1589495076 618105892
1589495077 618105892
1589495078 618105892
1589495079 618105892
1589495080 618105892
1589495081 618105892
1589495082 618105892
1589495083 618105892
1589495084 618105892
1589495085 618105892
1589495086 618105892
1589495087 618105892
1589495088 618105892
1589495089 618105892
1589495090 618105892
1589495091 618105892
1589495092 618105892
1589495093 618105892
1589495094 618105892
1589495095 618105892
1589495096 618105892
1589495097 618105892
1589495098 618105892
1589495099 618105892
1589495100 618105892
1589495101 618105892
1589495102 618105892
1589495103 618105892
1589495104 618105892
1589495105 618105892
1589495106 618105892
1589495107 618105892
1589495108 618105892
1589495109 618105892
1589495110 618105892
1589495111 618105892
1589495112 618105892
1589495113 618105892
1589495114 618105892
1589495115 618105892
1589495116 618105892
1589495117 618105892
1589495118 618105892
1589495119 618105892
1589495120 618105892
1589495121 618105892
1589495123 618105892
1589495124 618105892
1589495125 618105892
1589495126 618105892
1589495127 618105892
1589495128 618105892
1589495129 618105892
1589495130 618105892
1589495131 618105892
1589495132 618105892
1589495133 618105892
1589495134 618105892
1589495135 618310756
1589495136 618310756
1589495137 618293768
1589495138 618310756
1589495139 617962500
1589495140 618306668
1589495141 618306668
1589495142 618306668
1589495143 618306668
1589495144 618306668
1589495145 618306668
1589495146 618306668
1589495147 618101796
1589495148 617757636
1589495149 617757636
1589495150 617757636
1589495151 617757636
1589495152 617757636
1589495153 543455220
1589495154 543455220
1589495155 543455220
1589495156 543455220
1589495157 543455220
1589495158 543455220
1589495159 543455220
1589495160 543455220
1589495161 543622716
1589495162 543622716
1589495163 543622716
1589495164 543622716
1589495165 543540756
1589495166 543540756
1589495167 675038074
1589495168 675070860
1589495169 675070860
1589495170 675070860
1589495171 675070860
1589495172 674988908
1589495173 543493132
1589495174 543493132
1589495175 543493132
1589495176 543493132
1589495178 543493132
1589495179 543493132
1589495180 543493132
1589495181 543493132
1589495182 543493132
1589495183 543493132
1589495184 543493132
1589495185 543493132
1589495186 543493132
1589495187 543493132
1589495188 543493132
1589495189 543493132
1589495190 543493132
1589495191 543493132
1589495192 543493132
1589495193 543493132
1589495194 543493132
1589495195 543476144
1589495196 543493132
1589495197 543493132
1589495198 543493132
1589495199 543493132
1589495200 543493132
1589495201 543493132
1589495202 543493132
1589495203 543493132
1589495204 543493132
1589495205 543493132
1589495206 543493132
1589495207 543493132
1589495208 543493132
1589495209 543493132
1589495210 543493132
1589495211 543493132
1589495212 543493132
1589495213 543493132
1589495214 543493132
1589495215 543493132
1589495216 543493132
1589495217 543493132
1589495218 543493132
1589495219 543493132
1589495220 543493132
1589495221 543493132
1589495222 543493132
1589495223 543493132
1589495224 543478764
1589495225 543478764
1589495226 543478764
1589495227 543527956
1589495228 543527956
1589495229 618314580
1589495230 618314580
1589495231 618265388
1589495233 618347348
1589495234 618347348
1589495235 618347348
1589495236 618347348
1589495237 618347348
1589495238 618347348
1589495239 618347348
1589495240 618347348
1589495241 618347348
1589495242 618347348
1589495243 618347348
1589495244 618265388
1589495245 618265388
1589495246 618265388
1589495247 618814388
1589495248 618814388
1589495249 618814388
1589495250 618814388
1589495251 618814388
1589495252 618998772
1589495253 618998772
1589495254 618998772
1589495255 618998772
1589495256 618998772
1589495257 618998772
1589495258 618998772
1589495259 618998772
1589495260 618998772
1589495261 618998772
1589495262 618998772
1589495263 618998772
1589495264 618998772
1589495265 618998772
1589495266 618998772
1589495267 618998772
1589495268 618998772
1589495269 618998772
1589495270 618998772
1589495271 618998772
1589495272 618998772
1589495273 618998772
1589495274 618998772
1589495275 618998772
1589495276 618998772
1589495277 618998772
1589495278 618998772
1589495279 618998772
1589495280 618998772
1589495281 618998772
1589495282 618998772
1589495283 618998772
1589495284 618998772
1589495286 618998772
1589495287 618998772
1589495288 618998772
1589495289 618998772
1589495290 618998772
1589495291 618998772
1589495292 618998772
1589495293 618998772
1589495294 618981784
1589495295 618998772
1589495296 618998772
1589495297 618998772
1589495298 618998772
1589495299 618998772
1589495300 618998772
1589495301 618998772
1589495302 618998772
1589495303 618998772
1589495304 618998772
1589495305 618998772
1589495306 618998772
1589495307 618998772
1589495308 618998772
1589495309 618998772
1589495310 618998772
1589495311 618998772
1589495312 618998772
1589495313 618998772
1589495314 618998772
1589495315 618998836
1589495316 618998836
1589495317 618998836
1589495318 618998836
1589495319 618998836
1589495320 618998836
1589495321 618998836
1589495322 618998836
1589495323 618998836
1589495324 618998836
1589495325 618998836
1589495326 618998836
1589495327 677340106
1589495328 677340124
1589495329 677340124
1589495330 677340124
1589495331 677340124
1589495332 677340124
1589495333 677340124
1589495334 677138744
1589495335 618815252
1589495336 618815252
1589495337 618815252
1589495338 618815252
1589495339 619061076
1589495340 619061076
1589495342 619061076
1589495343 619061076
1589495344 619061076
1589495345 619061076
1589495346 619061076
1589495347 619061076
1589495348 619061076
1589495349 619061076
1589495350 619061076
1589495351 619061076
1589495352 619061076
1589495353 619061076
1589495354 619061076
1589495355 619061076
1589495356 619061076
1589495357 619061076
1589495358 619061076
1589495359 619061076
1589495360 619061076
1589495361 619061076
1589495362 619061076
1589495363 619061076
1589495364 619061076
1589495365 696916404
1589495366 696916404
1589495367 696916404
1589495368 696916404
1589495369 694745068
1589495370 618816052
1589495371 618816052
1589495372 619664084
1589495373 619500252
1589495374 619500252
1589495375 619500252
1589495376 619500252
1589495377 619500252
1589495378 619500252
1589495379 619500252
1589495380 619500252
1589495381 619500252
1589495382 619500252
1589495383 619500252
1589495384 619500252
1589495385 619500252
1589495386 619483264
1589495387 618816052
1589495388 618816052
1589495389 619832084
1589495390 618258900
1589495391 618258900
1589495392 618258900
1589495393 618258900
1589495395 618258900
1589495396 618258900
1589495397 618258900
1589495398 618258900
1589495399 618224924
1589495400 618258900
1589495401 618258900
1589495402 618258900
1589495403 618258900
1589495404 618258900
1589495405 618258900
1589495406 618258900
1589495407 618258900
1589495408 618258900
1589495409 618258900
1589495410 618258900
1589495411 618258900
1589495412 618258900
1589495413 618258900
1589495414 618258900
1589495415 618258900
1589495416 618258900
1589495417 618258900
1589495418 618258900
1589495419 618258900
1589495420 618607164
1589495421 618607164
1589495422 618607164
1589495423 618607164
1589495424 618607164
1589495425 618607164
1589495426 618607164
1589495427 618607164
1589495428 618607164
1589495429 618607164
1589495430 618607164
1589495431 618607164
1589495432 618607164
1589495433 618607164
1589495434 618607164
1589495435 618607164
1589495436 618607164
1589495437 618607164
1589495438 618607164
1589495439 618607164
1589495440 618607164
1589495441 618607164
1589495442 618607164
1589495443 618607164
1589495444 618607164
1589495445 618607164
1589495446 618607164
1589495447 618607164
1589495449 618607164
1589495450 618607164
1589495451 618607164
1589495452 618607164
1589495453 618607164
1589495454 618607164
1589495455 618607164
1589495456 618607164
1589495457 618590176
1589495458 618607164
1589495459 618607164
1589495460 618607164
1589495461 618607164
1589495462 618607164
1589495463 618607164
1589495464 618607164
1589495465 618607164
1589495466 618607164
1589495467 618607164
1589495468 618607164
1589495469 618607164
1589495470 618607164
1589495471 618607164
1589495472 618607164
1589495473 618607164
1589495474 618607164
1589495475 618607164
1589495476 618607164
1589495477 618607164
1589495478 618607164
1589495479 618607164
1589495480 618607164
1589495481 618607164
1589495482 618607164
1589495483 618607164
1589495484 618607164
1589495485 618607164
1589495486 618607164
1589495487 618607164
1589495488 618607164
1589495489 618607164
1589495490 618607164
1589495491 618607164
1589495492 618607164
1589495493 618607164
1589495494 618607164
1589495495 618607164
1589495496 618607164
1589495497 618607164
1589495498 618607164
1589495499 618607164
1589495501 618607164
1589495502 618607164
1589495503 618607164
1589495504 618607164
1589495505 618607164
1589495506 618607164
1589495507 618590176
1589495508 618607164
1589495509 618607164
1589495510 618607164
1589495511 618607164
1589495512 618607164
1589495513 618607164
1589495514 618590176
1589495515 618607164
1589495516 618607164
1589495517 618607164
1589495518 618607164
1589495519 618607164
1589495520 618607164
1589495521 618607164
1589495522 618607164
1589495523 618607164
1589495524 618607164
1589495525 618607164
1589495526 618607164
1589495527 618607164
1589495528 618607164
1589495529 618607164
1589495530 618607164
1589495531 618607164
1589495532 618607164
1589495533 618607164
1589495534 618607164
1589495535 618607164
1589495536 618607164
1589495537 618607164
1589495538 618607164
1589495539 618607164
1589495540 618607164
1589495541 618607164
1589495542 618607164
1589495543 618607164
1589495544 618607164
1589495545 618607164
1589495546 618607164
1589495547 618607164
1589495548 618607164
1589495549 618607164
1589495550 618607164
1589495551 618607164
1589495552 618607164
1589495553 618607164
1589495555 618607164
1589495556 618607164
1589495557 618607164
1589495558 618607164
1589495559 618607164
1589495560 618607164
1589495561 618607164
1589495562 618607164
1589495563 618607164
1589495564 618607164
1589495565 618607164
1589495566 618607164
1589495567 618607164
1589495568 618607164
1589495569 618607164
1589495570 618607164
1589495571 618607164
1589495572 618607164
1589495573 618607164
1589495574 618607164
1589495575 618607164
1589495576 618607164
1589495577 618607164
1589495578 618607164
1589495579 618607164
1589495580 618607164
1589495581 618607164
1589495582 618607164
1589495583 618607164
1589495584 618607164
1589495585 618607164
1589495586 618607164
1589495587 618607164
1589495588 618607164
1589495589 618607164
1589495590 618607164
1589495591 618607164
1589495592 618607164
1589495593 618607164
1589495594 618607164
1589495595 618607164
1589495596 618607164
1589495597 618607164
1589495598 618607164
1589495599 618600980
1589495600 618600980
1589495601 618600980
1589495602 618600980
1589495603 618600980
1589495604 618600980
1589495605 618600980
1589495606 618600980
1589495607 618600980
1589495609 618600980
1589495610 618600980
1589495611 543823308
1589495612 543823308
1589495613 543823308
1589495614 543823308
1589495615 543823308
1589495616 543823308
1589495617 543823308
1589495618 543823308
1589495619 543823308
1589495620 543823308
1589495621 543823308
1589495622 543823308
1589495623 543823308
1589495624 543823308
1589495625 543823308
1589495626 543823308
1589495627 543823308
1589495628 543823308
1589495629 543823308
1589495630 543823308
1589495631 543823308
1589495632 543823308
1589495633 543823308
1589495634 543823308
1589495635 543823308
1589495636 543823308
1589495637 543823308
1589495638 630876396
1589495639 630876396
1589495640 630876396
1589495641 630876396
1589495642 630876396
1589495643 630876396
1589495644 630876396
1589495645 630876396
1589495646 630876396
1589495647 630876396
1589495648 630876396
1589495649 630876396
1589495650 630876396
1589495651 630876396
1589495652 630876396
1589495653 630876396
1589495654 630876396
1589495655 630876396
1589495656 630876396
1589495657 630876396
1589495658 630876396
1589495659 630876396
1589495660 630876396
1589495662 630876396
1589495663 630876396
1589495664 630876396
1589495665 630876396
1589495666 630876396
1589495667 630876396
1589495668 630876396
1589495669 630876396
1589495670 630876396
1589495671 630876396
1589495672 630876396
1589495673 630876396
1589495674 630876396
1589495675 630876396
1589495676 630876396
1589495677 630876396
1589495678 630876396
1589495679 630876396
1589495680 630876396
1589495681 630876396
1589495682 630876396
1589495683 630876396
1589495684 630876396
1589495685 630876396
1589495686 630876396
1589495687 630876396
1589495688 630876396
1589495689 630876396
1589495690 630876396
1589495691 630876396
1589495692 630876396
1589495693 630876396
1589495694 630876396
1589495695 630876396
1589495696 630876396
1589495697 630876396
1589495698 630876396
1589495699 630876396
1589495700 630876396
1589495701 630876396
1589495702 630876396
1589495703 630876396
1589495704 630876396
1589495705 630876396
1589495706 630876396
1589495707 630876396
1589495708 630876396
1589495709 630876396
1589495710 630876396
1589495711 630876396
1589495712 630876396
1589495713 630876396
1589495714 630876396
1589495716 630876396
1589495717 630876396
1589495718 630876396
1589495719 630876396
1589495720 630876396
1589495721 630876396
1589495722 630876396
1589495723 630876396
1589495724 630876396
1589495725 630876396
1589495726 630876396
1589495727 630876396
1589495728 630876396
1589495729 630876396
1589495730 630876396
1589495731 630876396
1589495732 630876396
1589495733 630876396
1589495734 630876396
1589495735 630876396
1589495736 630876396
1589495737 630876396
1589495738 630876396
1589495739 630876396
1589495740 630876396
1589495741 630876396
1589495742 630876396
1589495743 630876396
1589495744 630876396
1589495745 630876396
1589495746 630876396
1589495747 630876396
1589495748 630876396
1589495749 630876396
1589495750 630876396
1589495751 630876396
1589495752 630876396
1589495753 630876396
1589495754 630876396
1589495755 630876396
1589495756 630876396
1589495757 630876396
1589495758 630876396
1589495759 630859408
1589495760 630876396
1589495761 630876396
1589495762 630876396
1589495763 630876396
1589495764 630876396
1589495765 630876396
1589495766 630876396
1589495768 630876396
1589495769 630876396
1589495770 630876396
1589495771 630876396
1589495772 630876396
1589495773 630876396
1589495774 630876396
1589495775 630876396
1589495776 630876396
1589495777 630876396
1589495778 630876396
1589495779 630876396
1589495780 630876396
1589495781 630876396
1589495782 630876396
1589495783 630876396
1589495784 630876396
1589495785 630876396
1589495786 630876396
1589495787 630876396
1589495788 630876396
1589495789 630876396
1589495790 630876396
1589495791 630859408
1589495792 630876396
1589495793 630876396
1589495794 630876396
1589495795 630876396
1589495796 630876396
1589495797 630876396
1589495798 630876396
1589495799 630876396
1589495800 630876396
1589495801 630876396
1589495802 630876396
1589495803 630876396
1589495804 630876396
1589495805 630876396
1589495806 630876396
1589495807 630876396
1589495808 630876396
1589495809 630876396
1589495810 630876396
1589495811 630916028
1589495812 620493756
1589495813 620452804
1589495814 620452804
1589495815 620452804
1589495816 620452804
1589495817 620452804
1589495818 620452804
1589495819 620452804
1589495821 620452804
1589495822 620452804
1589495823 620452804
1589495824 620452804
1589495825 620452804
1589495826 620452804
1589495827 620452804
1589495828 620452804
1589495829 620452804
1589495830 620452804
1589495831 620452804
1589495832 620452804
1589495833 620452804
1589495834 620452804
1589495835 620452804
1589495836 620452804
1589495837 740396650
1589495838 950105684
1589495839 950105684
1589495840 949765612
1589495841 949765612
1589495842 949765612
1589495843 949765612
1589495844 949765612
1589495845 949765612
1589495846 949995052
1589495847 949995052
1589495848 949995052
1589495849 949765612
1589495850 949765612
1589495851 620131196
1589495852 620131196
1589495853 620131196
1589495854 620131196
1589495855 620131196
1589495856 620131196
1589495857 620131196
1589495858 620262308
1589495859 620262308
1589495860 620262308
1589495861 620262308
1589495862 620262308
1589495863 620262308
1589495864 620262308
1589495865 620262308
1589495866 620262308
1589495867 620262308
1589495868 620262308
1589495869 620262308
1589495870 620262308
1589495871 620262308
1589495873 620262308
1589495874 620262308
1589495875 620262308
1589495876 620262308
1589495877 620262308
1589495878 620262308
1589495879 620262308
1589495880 620262308
1589495881 620262308
1589495882 620262308
1589495883 620262308
1589495884 620262308
1589495885 620262308
1589495886 620262308
1589495887 620262308
1589495888 620262308
1589495889 620262308
1589495890 620262308
1589495891 620262308
1589495892 620262308
1589495893 620262308
1589495894 620262308
1589495895 620262308
1589495896 620262308
1589495897 620262308
1589495898 620262308
1589495899 620262308
1589495900 620262308
1589495901 620262308
1589495902 620262308
1589495903 620262308
1589495904 620262308
1589495905 620262308
1589495906 620262308
1589495907 620262308
1589495908 620262308
1589495909 620262308
1589495910 620262308
1589495911 620262308
1589495912 620262308
1589495913 620262308
1589495914 620262308
1589495915 620262308
1589495916 805561484
1589495917 805561484
1589495918 805561484
1589495919 805561484
1589495920 805561484
1589495921 534684132
1589495922 519484244
1589495923 415199188
1589495924 415199188
1589495926 415199188
1589495927 415199188
1589495928 415199188
1589495929 415199188
1589495930 415199188
1589495931 415199188
1589495932 415199188
1589495933 415199188
1589495934 415199188
1589495935 415199188
1589495936 415199188
1589495937 415199188
1589495938 415199188
1589495939 415199188
1589495940 415199188
1589495941 415199188
1589495942 415199188
1589495943 415199188
1589495944 415199188
1589495945 415199188
1589495946 415199188
1589495947 415199188
1589495948 415199188
1589495949 415199188
1589495950 415199188
1589495951 415199188
1589495952 415199188
1589495953 415199188
1589495954 415199188
1589495955 415199188
1589495956 415199188
1589495957 415199188
1589495958 415199188
1589495959 415199188
1589495960 415199188
1589495961 415199188
1589495962 415199188
1589495963 415199188
1589495964 415199188
1589495965 415199188
1589495966 415199188
1589495967 415199188
1589495968 415199188
1589495969 415199188
1589495970 415199188
1589495971 415199188
1589495972 415199188
1589495973 415182200
1589495974 415199188
1589495975 415199188
1589495976 415199188
1589495977 415199188
1589495978 415199188
1589495980 415199188
1589495981 415199188
1589495982 415199188
1589495983 415199188
1589495984 415199188
1589495985 415199188
1589495986 415199188
1589495987 415199188
1589495988 415199188
1589495989 415199188
1589495990 415199188
1589495991 415199188
1589495992 415199188
1589495993 415199188
1589495994 415199188
1589495995 415199188
1589495996 415199188
1589495997 415199188
1589495998 415395868
1589495999 415395868
1589496000 415395868
1589496001 415395868
1589496002 415395868
1589496003 415395868
1589496004 415395868
1589496005 415395868
1589496006 415395868
1589496007 415395868
1589496008 415395868
1589496009 415395868
1589496010 415395868
1589496011 415395868
1589496012 415395868
1589496013 415395868
1589496014 415395868
1589496015 415395868
1589496016 415395868
1589496017 415395868
1589496018 415395868
1589496019 415395868
1589496020 583329426
1589496021 583296676
1589496022 583296676
1589496023 583296676
1589496024 583296676
1589496025 496219004
1589496026 496219004
1589496027 686811444
1589496028 686811444
1589496029 518654116
1589496030 518654116
1589496031 518654116
1589496033 518654116
1589496034 518654116
1589496035 518654116
1589496036 518654116
1589496037 518654116
1589496038 518654116
1589496039 518654116
1589496040 518654116
1589496041 518654116
1589496042 518654116
1589496043 518654116
1589496044 518654116
1589496045 518654116
1589496046 518654116
1589496047 518654116
1589496048 518654116
1589496049 518654116
1589496050 518654116
1589496051 518654116
1589496052 518654116
1589496053 518654116
1589496054 518654116
1589496055 518654116
1589496056 518654116
1589496057 518654116
1589496058 518654116
1589496059 518654116
1589496060 518654116
1589496061 518654116
1589496062 518654116
1589496063 518654116
1589496064 518654116
1589496065 518654116
1589496066 518654116
1589496067 518654116
1589496068 518654116
1589496069 518654116
1589496070 518654116
1589496071 518654116
1589496072 518654116
1589496073 518654116
1589496074 518654116
1589496075 518654116
1589496076 518654116
1589496077 518654116
1589496078 518654116
1589496079 518666444
1589496080 518666444
1589496081 518666444
1589496082 518666444
1589496083 518666444
1589496084 518666444
1589496086 518666444
1589496087 518666444
1589496088 518666444
1589496089 518666444
1589496090 518666444
1589496091 518666444
1589496092 518666444
1589496093 518666444
1589496094 518666444
1589496095 518666444
1589496096 518666444
1589496097 518666444
1589496098 518666444
1589496099 518666444
1589496100 518666444
1589496101 518666444
1589496102 518666444
1589496103 518666444
1589496104 518666444
1589496105 518666444
1589496106 518666444
1589496107 518666444
1589496108 518666444
1589496109 518666444
1589496110 518666444
1589496111 518666444
1589496112 518666444
1589496113 518666444
1589496114 518666444
1589496115 518666444
1589496116 518666444
1589496117 518666444
1589496118 518649456
1589496119 518666444
1589496120 518666444
1589496121 518666444
1589496122 518666444
1589496123 518666444
1589496124 518666444
1589496125 518666444
1589496126 518666444
1589496127 518666444
1589496128 518666444
1589496129 518666444
1589496130 518666444
1589496131 518666444
1589496132 518649456
1589496133 518666444
1589496134 518666444
1589496135 518666444
1589496136 518666444
1589496137 518666444
1589496138 518666444
1589496140 518666444
1589496141 518666444
1589496142 518666444
1589496143 518666444
1589496144 518666444
1589496145 518666444
1589496146 518666444
1589496147 518666444
1589496148 518666444
1589496149 518666444
1589496150 518666444
1589496151 518666444
1589496152 518666444
1589496153 518666444
1589496154 518666444
1589496155 518666444
1589496156 518666444
1589496157 518666444
1589496158 518666444
1589496159 518666444
1589496160 518666444
1589496161 518666444
1589496162 518666444
1589496163 518666444
1589496164 518666444
1589496165 518666444
1589496166 518666444
1589496167 518666444
1589496168 518666444
1589496169 518666444
1589496170 518666444
1589496171 518666444
1589496172 518666444
1589496173 518666444
1589496174 518666444
1589496175 518666444
1589496176 518666444
1589496177 518666444
1589496178 518666444
1589496179 518666444
1589496180 518666444
1589496181 518666444
1589496182 518666444
1589496183 518666444
1589496184 518666444
1589496185 518666444
1589496186 518666444
1589496187 518666444
1589496188 518666444
1589496189 518666444
1589496191 518666444
1589496192 518666444
1589496193 518666444
1589496194 518666444
1589496195 518666444
1589496196 518666444
1589496197 518666444
1589496198 518666444
1589496199 518666444
1589496200 518666444
1589496201 518666444
1589496202 518666444
1589496203 518666444
1589496204 518666444
1589496205 518666444
1589496206 518666444
1589496207 518666444
1589496208 518666444
1589496209 518666444
1589496210 518666444
1589496211 518666444
1589496212 518666444
1589496213 518666444
1589496214 518666444
1589496215 518666444
1589496216 518666444
1589496217 518666444
1589496218 518666444
1589496219 518666444
1589496220 518666444
1589496221 518666444
1589496222 518666444
1589496223 518666444
1589496224 518666444
1589496225 518666444
1589496226 518666444
1589496227 518666444
1589496228 518666444
1589496229 518666444
1589496230 518666444
1589496231 518666444
1589496232 518666444
1589496233 518666444
1589496234 518666444
1589496235 518666444
1589496236 518666444
1589496237 518666444
1589496238 518666444
1589496239 518666444
1589496240 518666444
1589496241 518666444
1589496242 518666444
1589496243 518666444
1589496245 518666444
1589496246 518666444
1589496247 518666444
1589496248 518666444
1589496249 518666444
1589496250 518666444
1589496251 518666444
1589496252 518666444
1589496253 518666444
1589496254 518666444
1589496255 518666444
1589496256 518666444
1589496257 518666444
1589496258 518666444
1589496259 518666444
1589496260 518666444
1589496261 518666444
1589496262 518666444
1589496263 518666444
1589496264 518666444
1589496265 518666444
1589496266 518666444
1589496267 518666444
1589496268 518666444
1589496269 518666444
1589496270 518666444
1589496271 518666444
1589496272 518666444
1589496273 518666444
1589496274 518666444
1589496275 518666444
1589496276 518666444
1589496277 518666444
1589496278 518666444
1589496279 518666444
1589496280 518666444
1589496281 518666444
1589496282 518666444
1589496283 518666444
1589496284 518666444
1589496285 518666444
1589496286 518666444
1589496287 518666444
1589496288 518666444
1589496289 518666444
1589496290 518666444
1589496291 518666444
1589496292 518666444
1589496293 518666444
1589496294 518666444
1589496295 518666444
1589496296 518666444
1589496298 518666444
1589496299 518666444
1589496300 518666444
1589496301 518666444
1589496302 518666444
1589496303 518666444
1589496304 518666444
1589496305 518666444
1589496306 518666444
1589496307 518666444
1589496308 518666444
1589496309 518649456
1589496310 518666444
1589496311 518666444
1589496312 518666444
1589496313 518666444
1589496314 518666444
1589496315 518666444
1589496316 518666444
1589496317 518666444
1589496318 518666444
1589496319 518666444
1589496320 518666444
1589496321 518666444
1589496322 518666444
1589496323 518666444
1589496324 518666444
1589496325 518666444
1589496326 518666444
1589496327 518666444
1589496328 518666444
1589496329 518666444
1589496330 518666444
1589496331 518666444
1589496332 518666444
1589496333 518666444
1589496334 518649456
1589496335 518666444
1589496336 518666444
1589496337 518666444
1589496338 518666444
1589496339 518666444
1589496340 518666444
1589496341 518666444
1589496342 518666444
1589496343 518666444
1589496344 518666444
1589496345 518666444
1589496346 518666444
1589496347 518666444
1589496348 518666444
1589496350 518666444
1589496351 518666444
1589496352 518666444
1589496353 518666444
1589496354 518666444
1589496355 518666444
1589496356 518666444
1589496357 518666444
1589496358 517887996
1589496359 328622892
1589496360 328524596
1589496361 328524596
1589496362 328524596
1589496363 328524596
1589496364 328524596
1589496365 328524596
1589496366 328524596
1589496367 328524596
1589496368 328524596
1589496369 328524596
1589496370 328524596
1589496371 328524596
1589496372 328524596
1589496373 328524596
1589496374 328524596
1589496375 328524596
1589496376 328524596
1589496377 328524596
1589496378 328524596
1589496379 328524596
1589496380 328524596
1589496381 328524596
1589496382 328524596
1589496383 328524596
1589496384 328524596
1589496385 328524596
1589496386 328524596
1589496387 328524596
1589496388 328524596
1589496389 328524596
1589496390 328524596
1589496391 328524596
1589496392 328524596
1589496393 328524596
1589496394 328524596
1589496395 328524596
1589496396 328524596
1589496397 328524596
1589496398 328524596
1589496399 328524596
1589496400 328524596
1589496402 328524596
1589496403 328524596
1589496404 328524596
1589496405 328524596
1589496406 328524596
1589496407 328524596
1589496408 328524596
1589496409 328524596
1589496410 328524596
1589496411 328524596
1589496412 328524596
1589496413 328524596
1589496414 328524596
1589496415 328524596
1589496416 328507608
1589496417 328524596
1589496418 328524596
1589496419 328524596
1589496420 328524596
1589496421 328524596
1589496422 328524596
1589496423 328524596
1589496424 328524596
1589496425 328524596
1589496426 328524596
1589496427 328524596
1589496428 328524596
1589496429 328524596
1589496430 328524596
1589496431 328524596
1589496432 328524596
1589496433 328524596
1589496434 328524596
1589496435 328524596
1589496436 328524596
1589496437 328524596
1589496438 328524596
1589496439 328524596
1589496440 328524596
1589496441 328524596
1589496442 328524596
1589496443 328507608
1589496444 328524596
1589496445 328524596
1589496446 328524596
1589496447 328524596
1589496448 328524596
1589496449 328524596
1589496450 328524596
1589496451 328524596
1589496452 328524596
1589496453 328524596
1589496454 328524596
1589496456 328524596
1589496457 328524596
1589496458 328524596
1589496459 328524596
1589496460 328524596
1589496461 328524596
1589496462 328524596
1589496463 328524596
1589496464 328524596
1589496465 328524596
1589496466 328524596
1589496467 328524596
1589496468 328524596
1589496469 328524596
1589496470 328524596
1589496471 328524596
1589496472 328524596
1589496473 328524596
1589496474 328524596
1589496475 328524596
1589496476 328524596
1589496477 328524596
1589496478 328524596
1589496479 328524596
1589496480 328524596
1589496481 328524596
1589496482 328524596
1589496483 328524596
1589496484 328524596
1589496485 328524596
1589496486 328524596
1589496487 328524596
1589496488 328524596
1589496489 328524596
1589496490 328524596
1589496491 328524596
1589496492 328524596
1589496493 328524596
1589496494 328524596
1589496495 328524596
1589496496 328524596
1589496497 328524596
1589496498 328524596
1589496499 328098508
1589496500 328098508
1589496501 328098508
1589496502 328098508
1589496503 328098508
1589496504 328327956
1589496505 328327956
1589496506 328327956
1589496508 328327956
1589496509 328327956
1589496510 328327956
1589496511 328327956
1589496512 328327956
1589496513 328327956
1589496514 328327956
1589496515 328327956
1589496516 328327956
1589496517 328327956
1589496518 328327956
1589496519 328327956
1589496520 328327956
1589496521 328327956
1589496522 328327956
1589496523 328327956
1589496524 328310968
1589496525 328327956
1589496526 328327956
1589496527 328327956
1589496528 328327956
1589496529 328327956
1589496530 328327956
1589496531 328327956
1589496532 328327956
1589496533 328327956
1589496534 328327956
1589496535 328327956
1589496536 328327956
1589496537 328327956
1589496538 328327956
1589496539 328327956
1589496540 328327956
1589496541 328327956
1589496542 328327956
1589496543 328327956
1589496544 328327956
1589496545 328327956
1589496546 328327956
1589496547 328327956
1589496548 328327956
1589496549 328327956
1589496550 328327956
1589496551 328327956
1589496552 328327956
1589496553 328327956
1589496554 328327956
1589496555 328327956
1589496556 328327956
1589496557 328327956
1589496558 328327956
1589496559 328098508
1589496560 328098508
1589496561 328098508
1589496563 328098508
1589496564 328098508
1589496565 328098508
1589496566 328098508
1589496567 328098508
1589496568 328098508
1589496569 328098508
1589496570 328098508
1589496571 328098508
1589496572 328098508
1589496573 328098508
1589496574 328098508
1589496575 328098508
1589496576 328098508
1589496577 328098508
1589496578 328098508
1589496579 328098508
1589496580 328098508
1589496581 328098508
1589496582 328098508
1589496583 328098508
1589496584 328086188
1589496585 328086188
1589496586 328086188
1589496587 328086188
1589496588 371219466
1589496589 629025250
1589496590 628992500
1589496591 628992500
1589496592 628992500
1589496593 628992500
1589496594 639759436
1589496595 639759436
1589496596 639759436
1589496597 639759436
1589496598 639759436
1589496599 639759436
1589496600 639759436
1589496601 639759436
1589496602 639759436
1589496603 639759436
1589496604 639759436
1589496605 639759436
1589496606 639759436
1589496607 639742448
1589496608 639759436
1589496609 639759436
1589496610 639759436
1589496611 639759436
1589496612 639759436
1589496613 639759436
1589496615 639759436
1589496616 639759436
1589496617 639759436
1589496618 639759436
1589496619 639759436
1589496620 640644364
1589496621 640644364
1589496622 640644364
1589496623 640644364
1589496624 640644364
1589496625 640644364
1589496626 640644364
1589496627 640644364
1589496628 640644364
1589496629 639759428
1589496630 639759428
1589496631 639759428
1589496632 628992580
1589496633 628992580
1589496634 628992580
1589496635 629123692
1589496636 629123692
1589496637 629123692
1589496638 629123692
1589496639 629123692
1589496640 629123692
1589496641 629123692
1589496642 629123692
1589496643 629123692
1589496644 629123692
1589496645 629123692
1589496646 629123692
1589496647 629123692
1589496648 629123692
1589496649 629123692
1589496650 629123692
1589496651 629123692
1589496652 629123692
1589496653 629123692
1589496654 629123692
1589496655 629123692
1589496656 629123692
1589496657 629123692
1589496658 629123692
1589496659 629123692
1589496660 629123692
1589496661 629123692
1589496662 629123692
1589496663 629123692
1589496664 629123692
1589496665 629123692
1589496666 629123692
1589496667 629123692
1589496669 629123692
1589496670 629123692
1589496671 629123692
1589496672 629123692
1589496673 629123692
1589496674 629106704
1589496675 629123692
1589496676 629123692
1589496677 629123692
1589496678 629123692
1589496679 629123692
1589496680 629058116
1589496681 629058116
1589496682 629058116
1589496683 629189228
1589496684 629189228
1589496685 629189228
1589496686 629058116
1589496687 629058116
1589496688 629058116
1589496689 904814914
1589496690 921825684
1589496691 921825684
1589496692 921825684
1589496693 921825684
1589496694 921825684
1589496695 921825684
1589496696 921825684
1589496697 921825684
1589496698 921825684
1589496699 921808696
1589496700 921825684
1589496701 921825684
1589496702 921825684
1589496703 921825684
1589496704 921825684
1589496705 921825684
1589496706 921825684
1589496707 921825684
1589496708 921825684
1589496709 921825684
1589496710 921825684
1589496711 921825684
1589496712 921825684
1589496713 921825684
1589496714 921825684
1589496715 921825684
1589496716 921825684
1589496717 921825684
1589496718 921825684
1589496719 921825684
1589496720 921825684
1589496722 921825684
1589496723 921825684
1589496724 921825684
1589496725 921825684
1589496726 842655212
1589496727 842847788
1589496728 842847788
1589496729 842847788
1589496730 842847788
1589496731 842830800
1589496732 842847788
1589496733 842847788
1589496734 842847788
1589496735 842847788
1589496736 842847788
1589496737 842847788
1589496738 842847788
1589496739 843013236
1589496740 843013236
1589496741 843013236
1589496742 843013236
1589496743 843013236
1589496744 842820652
1589496745 842655212
1589496746 842638788
1589496747 842597836
1589496748 842597836
1589496749 842597836
1589496750 842597836
1589496751 842597836
1589496752 842597836
1589496753 842597836
1589496754 842597836
1589496755 842597836
1589496756 842597836
1589496757 842597836
1589496758 842597836
1589496759 842597836
1589496760 842597836
1589496761 920801354
1589496762 1144792604
1589496763 1144792604
1589496764 1144792604
1589496765 1144792604
1589496766 1144792604
1589496767 1144792604
1589496768 1144792604
1589496769 852097668
1589496770 852155060
1589496771 852155060
1589496772 852155060
1589496773 852155060
1589496775 852155060
1589496776 852155060
1589496777 852155060
1589496778 852155060
1589496779 852155060
1589496780 852155060
1589496781 852155060
1589496782 852155060
1589496783 852155060
1589496784 852155060
1589496785 852155060
1589496786 852155060
1589496787 852155060
1589496788 852155060
1589496789 852155060
1589496790 852155060
1589496791 852155060
1589496792 852155060
1589496793 852155060
1589496794 852155060
1589496795 852155060
1589496796 852155060
1589496797 852155060
1589496798 852155060
1589496799 852155060
1589496800 852155060
1589496801 852155060
1589496802 852155060
1589496803 852155060
1589496804 852155060
1589496805 852155060
1589496806 852155060
1589496807 852155060
1589496808 852155060
1589496809 852155060
1589496810 852155060
1589496811 852155060
1589496812 852155060
1589496813 852155060
1589496814 852155060
1589496815 852155060
1589496816 852155060
1589496817 852155060
1589496818 852155060
1589496819 852155060
1589496820 852155060
1589496821 852155060
1589496822 852155060
1589496823 852155060
1589496824 852155060
1589496825 852155060
1589496826 852138072
1589496827 852155060
1589496829 852155060
1589496830 852155060
1589496831 852155060
1589496832 852155060
1589496833 852155060
1589496834 852155060
1589496835 852155060
1589496836 852155060
1589496837 852155060
1589496838 910185012
1589496839 910185012
1589496840 910185012
1589496841 910185012
1589496842 910185012
1589496843 910185012
1589496844 910185012
1589496845 910086668
1589496846 852056724
1589496847 852056724
1589496848 852056724
1589496849 852056724
1589496850 852056724
1589496851 852056724
1589496852 852056724
1589496853 852056724
1589496854 853105524
1589496855 853105524
1589496856 853105524
1589496857 853105524
1589496858 853105524
1589496859 852056724
1589496860 852056724
1589496861 852056724
1589496862 852056724
1589496863 852056724
1589496864 852056724
1589496865 852056724
1589496866 852171452
1589496867 852171452
1589496868 852171452
1589496869 852171452
1589496870 852171452
1589496871 852171452
1589496872 852171452
1589496873 852171452
1589496874 852171452
1589496875 852171452
1589496876 852171452
1589496877 852171452
1589496878 852171452
1589496879 852171452
1589496881 852171452
1589496882 852171452
1589496883 991010562
1589496884 1293082402
1589496885 1324236044
1589496886 1324236044
1589496887 1324236044
1589496888 1324236044
1589496889 1324236044
1589496890 944615132
1589496891 852096668
1589496892 852096668
1589496893 852096668
1589496894 852096668
1589496895 852096668
1589496896 852096668
1589496897 852096668
1589496898 852096668
1589496899 852096668
1589496900 852096668
1589496901 852096668
1589496902 852096668
1589496903 852096668
1589496904 852096668
1589496905 852096668
1589496906 852096668
1589496907 852096668
1589496908 852453124
1589496909 852453124
1589496910 852453124
1589496911 854583524
1589496912 948765420
1589496913 948765420
1589496914 948449916
1589496915 971057162
1589496916 1136928204
1589496917 1136928204
1589496918 1136928204
1589496919 1136928204
1589496920 1136928204
1589496921 1136928204
1589496922 1136928204
1589496923 978466924
1589496924 1015512082
1589496925 1309277446
1589496926 1346297836
1589496927 1346297836
1589496928 1346297836
1589496929 1346297836
1589496930 1346297836
1589496931 1346297836
1589496932 1346297836
1589496934 1346297836
1589496935 1249985548
1589496936 956435468
1589496937 855239532
1589496938 855239532
1589496939 855239532
1589496940 855239532
1589496941 855239532
1589496942 855239532
1589496943 855239532
1589496944 855239532
1589496945 855239532
1589496946 855239532
1589496947 855239532
1589496948 855239532
1589496949 855239532
1589496950 855239532
1589496951 855239532
1589496952 855239532
1589496953 855239532
1589496954 1074059298
1589496955 1109543508
1589496956 1109543508
1589496957 1109543508
1589496958 1109543508
1589496959 1109543508
1589496960 807352820
1589496961 807692892
1589496962 807692892
1589496963 807692892
1589496964 807692892
1589496965 807692892
1589496966 807692892
1589496967 807692892
1589496968 807692892
1589496969 807692892
1589496970 807692892
1589496971 807692892
1589496972 807352828
1589496973 807352828
1589496974 807352828
1589496975 807352828
1589496976 807352828
1589496977 830689354
1589496978 830656604
1589496979 830656604
1589496980 830656604
1589496981 807352828
1589496982 807352828
1589496983 807352828
1589496984 807352828
1589496985 807352828
1589496986 807352828
1589496988 807352828
1589496989 807352828
1589496990 811412980
1589496991 811412980
1589496992 811412980
1589496993 811412980
1589496994 811544084
1589496995 811544084
1589496996 811544084
1589496997 811544084
1589496998 811544084
1589496999 811544084
1589497000 811544084
1589497001 811544084
1589497002 811544084
1589497003 811544084
1589497004 811544084
1589497005 811544084
1589497006 811544084
1589497007 811544084
1589497008 811544084
1589497009 811544084
1589497010 811544084
1589497011 811544084
1589497012 811544084
1589497013 811544084
1589497014 811544084
1589497015 811544084
1589497016 811544084
1589497017 811544084
1589497018 811544084
1589497019 811544084
1589497020 811544084
1589497021 811544084
1589497022 811544084
1589497023 811544084
1589497024 811544084
1589497025 811544084
1589497026 811544084
1589497027 811544084
1589497028 811544084
1589497029 811544084
1589497030 811544084
1589497031 811544084
1589497032 811544084
1589497033 811380204
1589497034 811380204
1589497035 811380204
1589497036 811545908
1589497037 811545908
1589497038 811545908
1589497039 811545908
1589497041 811545908
1589497042 811380204
1589497043 811380204
1589497044 811380204
1589497045 811400724
1589497046 811400724
1589497047 811400724
1589497048 811400724
1589497049 811400724
1589497050 811400724
1589497051 811400724
1589497052 811482676
1589497053 811482676
1589497054 811482676
1589497055 812967876
1589497056 973458627
1589497057 973455588
1589497058 973357244
1589497059 971872044
1589497060 971872044
1589497061 811400708
1589497062 811400708
1589497063 811400708
1589497064 811400708
1589497065 811400708
1589497066 811400708
1589497067 811400708
1589497068 811400708
1589497069 811400708
1589497070 811400708
1589497071 811400708
1589497072 811400708
1589497073 811400708
1589497074 811400708
1589497075 811400708
1589497076 811400708
1589497077 811400708
1589497078 811400708
1589497079 811400708
1589497080 811400708
1589497081 811400708
1589497082 811400708
1589497083 811400708
1589497084 811400708
1589497085 811400708
1589497086 811400708
1589497087 811400708
1589497088 811400708
1589497089 811400708
1589497090 811400708
1589497091 811400708
1589497093 811400708
1589497094 811400708
1589497095 811777644
1589497096 811777644
1589497097 811777644
1589497098 811777644
1589497099 811777644
1589497100 811400716
1589497101 811400716
1589497102 811400716
1589497103 811400716
1589497104 811400716
1589497105 811400716
1589497106 811531820
1589497107 811531820
1589497108 811531820
1589497109 811531820
1589497110 811400716
1589497111 811400716
1589497112 811400716
1589497113 811531820
1589497114 811531820
1589497115 811531820
1589497116 811531820
1589497117 811531820
1589497118 811531820
1589497119 811531820
1589497120 811531820
1589497121 811531820
1589497122 811531820
1589497123 811531820
1589497124 811531820
1589497125 811531820
1589497126 811531820
1589497127 811531820
1589497128 811531820
1589497129 811531820
1589497130 811531820
1589497131 811531820
1589497132 811531820
1589497133 811531820
1589497134 811531820
1589497135 811531820
1589497136 811531820
1589497137 811531820
1589497138 811531820
1589497139 811531820
1589497140 811531820
1589497141 811531820
1589497142 811531820
1589497143 863186770
1589497144 1028689244
1589497145 1028689244
1589497147 1028689244
1589497148 1028689244
1589497149 1028689244
1589497150 1028689244
1589497151 1028689244
1589497152 854558524
1589497153 839997788
1589497154 839997788
1589497155 839997788
1589497156 839997788
1589497157 839997788
1589497158 839997788
1589497159 839997788
1589497160 839997788
1589497161 839997788
1589497162 839997788
1589497163 840456644
1589497164 840456644
1589497165 840456644
1589497166 840456644
1589497167 840456644
1589497168 840456644
1589497169 840456644
1589497170 840456644
1589497171 839965020
1589497172 839965020
1589497173 839965020
1589497174 839965020
1589497175 839965020
1589497176 839965020
1589497177 839965020
1589497178 839965020
1589497179 839965020
1589497180 839965020
1589497181 839965020
1589497182 839965020
1589497183 839965020
1589497184 839965020
1589497185 839965020
1589497186 839965020
1589497187 840227236
1589497188 840227236
1589497189 840227236
1589497190 840227236
1589497191 840227236
1589497192 840227236
1589497193 840227236
1589497194 840227236
1589497195 840227236
1589497196 840227236
1589497197 840227236
1589497198 840227236
1589497199 840227236
1589497201 886769138
1589497202 886769156
1589497203 886769156
1589497204 886769156
1589497205 886769156
1589497206 839965004
1589497207 839965004
1589497208 839965004
1589497209 839965004
1589497210 839965004
1589497211 835917156
1589497212 835917156
1589497213 835917156
1589497214 835917156
1589497215 835917156
1589497216 835917156
1589497217 835917156
1589497218 835917156
1589497219 835917156
1589497220 835917156
1589497221 835917156
1589497222 835917156
1589497223 835917156
1589497224 835917156
1589497225 835917156
1589497226 835917156
1589497227 835917156
1589497228 835917156
1589497229 835917156
1589497230 835917156
1589497231 835917156
1589497232 835917156
1589497233 835917156
1589497234 835917156
1589497235 835917156
1589497236 835917156
1589497237 835917156
1589497238 835917156
1589497239 835917156
1589497240 835917156
1589497241 835917156
1589497242 835917156
1589497243 835917156
1589497244 835917156
1589497245 835917156
1589497246 835917156
1589497247 835917156
1589497248 835917156
1589497249 835917156
1589497250 835917156
1589497251 835917156
1589497252 835917156
1589497253 835917156
1589497255 835917156
1589497256 835917156
1589497257 835917156
1589497258 835917156
1589497259 835917156
1589497260 835917156
1589497261 835917156
1589497262 835917156
1589497263 835917156
1589497264 835917156
1589497265 835917156
1589497266 835917156
1589497267 835917156
1589497268 835917156
1589497269 835917156
1589497270 835917156
1589497271 835917156
1589497272 835917156
1589497273 835917156
1589497274 836093356
1589497275 836093356
1589497276 836093356
1589497277 836224460
1589497278 836224460
1589497279 838797388
1589497280 838797388
1589497281 838797388
1589497282 838797388
1589497283 837310132
1589497284 837310132
1589497285 837310132
1589497286 835917132
1589497287 835949932
1589497288 835949932
1589497289 835949932
1589497290 835949932
1589497291 835949932
1589497292 835949932
1589497293 835949932
1589497294 835949932
1589497295 835949932
1589497296 835935564
1589497297 835902764
1589497298 835902764
1589497299 835902764
1589497300 835902764
1589497301 835902764
1589497302 835902764
1589497303 835902764
1589497304 835902764
1589497305 835902764
1589497306 846227236
1589497307 928322932
1589497309 928322932
1589497310 928322932
1589497311 928322932
1589497312 928322932
1589497313 928322932
1589497314 928322932
1589497315 928322932
1589497316 928322932
1589497317 928322932
1589497318 928322932
1589497319 928322932
1589497320 928322932
1589497321 928322932
1589497322 928322932
1589497323 928322932
1589497324 928322932
1589497325 928322932
1589497326 928322932
1589497327 928322932
1589497328 928322932
1589497329 928322932
1589497330 928322932
1589497331 928322932
1589497332 928322932
1589497333 928322932
1589497334 928322932
1589497335 928322932
1589497336 928322932
1589497337 928322932
1589497338 928322932
1589497339 928322932
1589497340 928322932
1589497341 928322932
1589497342 1117964890
1589497343 1178215404
1589497344 1178215404
1589497345 1178198416
1589497346 1178215404
1589497347 1178215404
1589497348 1178215404
1589497349 961050756
1589497350 1003069620
1589497351 1003069620
1589497352 1003069620
1589497353 1003069620
1589497354 1003069620
1589497355 1003069620
1589497356 1003069620
1589497357 1003069620
1589497358 1003069620
1589497359 1003069620
1589497360 1003069620
1589497362 1003069620
1589497363 1003581716
1589497364 1003417884
1589497365 1003417884
1589497366 1003417884
1589497367 1003417884
1589497368 1003417884
1589497369 1003417884
1589497370 1003417884
1589497371 1003400896
1589497372 1003417884
1589497373 1003417884
1589497374 1003417884
1589497375 1003417884
1589497376 1003417884
1589497377 1003417884
1589497378 1003417884
1589497379 1003417884
1589497380 868954316
1589497381 868606060
1589497382 868606060
1589497383 868606060
1589497384 868606060
1589497385 872539180
1589497386 872539180
1589497387 868606060
1589497388 868606060
1589497389 868606060
1589497390 914685052
1589497391 914685052
1589497392 914685052
1589497393 868622412
1589497394 868622412
1589497395 868622412
1589497396 868622412
1589497397 868974772
1589497398 868974772
1589497399 868974772
1589497400 868974772
1589497401 1033465338
1589497402 1033547276
1589497403 1033547276
1589497404 1033547276
1589497405 1033547276
1589497406 1033547276
1589497407 1033547276
1589497408 1033547276
1589497409 1033547276
1589497410 1033547276
1589497411 1033547276
1589497412 1033547276
1589497413 1033547276
1589497414 1033547276
1589497415 1033547276
1589497417 1033547276
1589497418 1033547276
1589497419 1033547276
1589497420 1033547276
1589497421 1033547276
1589497422 1033547276
1589497423 1033547276
1589497424 1033547276
1589497425 1033547276
1589497426 1033547276
1589497427 1033547276
1589497428 1033547276
1589497429 1033547276
1589497430 1033547276
1589497431 1033547276
1589497432 1033547276
1589497433 1033547276
1589497434 1033547276
1589497435 1033547276
1589497436 1033547276
1589497437 1033547276
1589497438 1033547276
1589497439 1033547276
1589497440 1033547276
1589497441 1033547276
1589497442 1033547276
1589497443 1033547276
1589497444 1033547276
1589497445 1033547276
1589497446 1033547276
1589497447 1033547276
1589497448 1033547276
1589497449 1033547276
1589497450 1033547276
1589497451 1033547276
1589497452 1033547276
1589497453 1033547276
1589497454 1033547276
1589497455 1033547276
1589497456 1033547276
1589497457 1033547276
1589497458 1033547276
1589497459 1033547276
1589497460 1033547276
1589497461 1033547276
1589497462 1033547276
1589497463 1033547276
1589497464 1033547276
1589497465 1033547276
1589497466 1033547276
1589497467 1033547276
1589497469 1033547276
1589497470 1033547276
1589497471 1033547276
1589497472 1033547276
1589497473 1033547276
1589497474 1033547276
1589497475 1033547276
1589497476 1033547276
1589497477 1033547276
1589497478 1033547276
1589497479 1033547276
1589497480 1033547276
1589497481 1033547276
1589497482 1033530288
1589497483 1033547276
1589497484 1033547276
1589497485 1033547276
1589497486 1033547276
1589497487 1033547276
1589497488 1033547276
1589497489 1033547276
1589497490 1033547276
1589497491 1033547276
1589497492 1033547276
1589497493 1033547276
1589497494 1033547276
1589497495 780102820
1589497496 748547716
1589497497 584065396
1589497498 584065396
1589497499 584065396
1589497500 584065396
1589497501 584065396
1589497502 584065396
1589497503 584065396
1589497504 584065396
1589497505 584065396
1589497506 584065396
1589497507 584065396
1589497508 584249788
1589497509 584249788
1589497510 584249788
1589497511 584249788
1589497512 584249788
1589497513 584249788
1589497514 584249788
1589497515 584249788
1589497516 584249788
1589497517 584249788
1589497518 584249788
1589497519 584249788
1589497520 584249788
1589497521 584232800
1589497522 584249788
1589497524 314109924
1589497525 314109924
1589497526 314109924
1589497527 314109924
1589497528 314109924
1589497529 314109924
1589497530 314109924
1589497531 314109924
1589497532 314109924
1589497533 314109924
1589497534 314109924
1589497535 314092936
1589497536 314109924
1589497537 314109924
1589497538 314109924
1589497539 314109924
1589497540 314109924
1589497541 352818442
1589497542 582290816
1589497543 479600052
1589497544 332239100
1589497545 332239100
1589497546 332239100
1589497547 332239100
1589497548 332239100
1589497549 332239100
1589497550 332239100
1589497551 332239100
1589497552 332239100
1589497553 332239100
1589497554 331886748
1589497555 331886748
1589497556 331886748
1589497557 331886748
1589497558 331886748
1589497559 331886748
1589497560 331886748
1589497561 331886748
1589497562 331886748
1589497563 331886748
1589497564 331886748
1589497565 331886748
1589497566 331886748
1589497567 331886748
1589497568 331886748
1589497569 331886748
1589497570 331886748
1589497571 331886748
1589497572 331886748
1589497573 331886748
1589497574 331886748
1589497575 331886748
1589497577 331886748
1589497578 331886748
1589497579 331886748
1589497580 331886748
1589497581 331886748
1589497582 331886748
1589497583 331886748
1589497584 331886748
1589497585 331886748
1589497586 331869760
1589497587 331886748
1589497588 331886748
1589497589 331886748
1589497590 331886748
1589497591 331886748
1589497592 331886748
1589497593 331886748
1589497594 331886748
1589497595 331886748
1589497596 331886748
1589497597 331886748
1589497598 331886748
1589497599 331886748
1589497600 331886748
1589497601 331886748
1589497602 331886748
1589497603 331886748
1589497604 331886748
1589497605 331886748
1589497606 331886748
1589497607 331886748
1589497608 331886748
1589497609 331886748
1589497610 331886748
1589497611 331886748
1589497612 331886748
1589497613 331886748
1589497614 331886748
1589497615 331886748
1589497616 331886748
1589497617 331886748
1589497618 331886748
1589497619 331886748
1589497620 331886748
1589497621 331886748
1589497622 331886748
1589497623 331886748
1589497624 331886748
1589497625 331886748
1589497626 331886748
1589497627 331886748
1589497628 331886748
1589497630 331886748
1589497631 331886748
1589497632 331886748
1589497633 331886748
1589497634 331886748
1589497635 331886748
1589497636 331886748
1589497637 331886748
1589497638 331886748
1589497639 331886748
1589497640 331886748
1589497641 331886748
1589497642 331886748
1589497643 331886748
1589497644 331886748
1589497645 331886748
1589497646 331886748
1589497647 331886748
1589497648 331886748
1589497649 331886748
1589497650 331886748
1589497651 331886748
1589497652 333263372
1589497653 333263372
1589497654 333263372
1589497655 333263372
1589497656 333263372
1589497657 333263372
1589497658 333263372
1589497659 333263372
1589497660 333246384
1589497661 333263372
1589497662 333263372
1589497663 333263372
1589497664 333263372
1589497665 333263372
1589497666 333263372
1589497667 333263372
1589497668 333263372
1589497669 333263372
1589497670 333263372
1589497671 333263372
1589497672 333263372
1589497673 333263372
1589497674 333246384
1589497675 333263372
1589497676 333263372
1589497677 333263372
1589497678 333263372
1589497679 333263372
1589497680 333246384
1589497681 333263372
1589497683 333263372
1589497684 333263372
1589497685 333263372
1589497686 333263372
1589497687 333263372
1589497688 333263372
1589497689 333263372
1589497690 333263372
1589497691 333263372
1589497692 333263372
1589497693 333263372
1589497694 333263372
1589497695 333263372
1589497696 333263372
1589497697 333263372
1589497698 333263372
1589497699 331886748
1589497700 331886748
1589497701 331886748
1589497702 331886748
1589497703 371250754
1589497704 619858732
1589497705 619858732
1589497706 619858732
1589497707 619858732
1589497708 619858732
1589497709 619858732
1589497710 619858732
1589497711 619858732
1589497712 619858732
1589497713 619858732
1589497714 619858732
1589497715 619858732
1589497716 619858732
1589497717 619858732
1589497718 619858732
1589497719 619858732
1589497720 619858732
1589497721 619858732
1589497722 619858732
1589497723 619858732
1589497724 619858732
1589497725 619858732
1589497726 619858732
1589497727 619858732
1589497728 619858732
1589497729 619858732
1589497730 619858732
1589497731 619858732
1589497732 619858732
1589497733 619858732
1589497734 619858732
1589497736 619858732
1589497737 619858732
1589497738 619858732
1589497739 619858732
1589497740 619858732
1589497741 619858732
1589497742 619858732
1589497743 619858732
1589497744 619858732
1589497745 619858732
1589497746 619858732
1589497747 619858732
1589497748 619858732
1589497749 619858732
1589497750 619858732
1589497751 619858732
1589497752 619858732
1589497753 619858732
1589497754 619858732
1589497755 619858732
1589497756 619858732
1589497757 619858732
1589497758 619858732
1589497759 619858732
1589497760 619858732
1589497761 619858732
1589497762 526582268
1589497763 408392058
1589497764 550144140
1589497765 550144140
1589497766 550144140
1589497767 550144140
1589497768 550144140
1589497769 550144140
1589497770 550144140
1589497771 550144140
1589497772 550144140
1589497773 550144140
1589497774 550144140
1589497775 550144140
1589497776 550144140
1589497777 550144140
1589497778 550144140
1589497779 550144140
1589497780 550144140
1589497781 550144140
1589497782 550144140
1589497783 550144140
1589497784 550144140
1589497785 550144140
1589497786 550144140
1589497787 550144140
1589497789 550144140
1589497790 550144140
1589497791 550144140
1589497792 262174116
1589497793 263321228
1589497794 263321228
1589497795 263321228
1589497796 263321228
1589497797 263321228
1589497798 263321228
1589497799 263321228
1589497800 263321228
1589497801 263321228
1589497802 263321228
1589497803 263321228
1589497804 263321228
1589497805 263321228
1589497806 263321228
1589497807 263321228
1589497808 263321228
1589497809 263321228
1589497810 263321228
1589497811 263321228
1589497812 263321228
1589497813 263321228
1589497814 263321228
1589497815 263321228
1589497816 263321228
1589497817 263321228
1589497818 263321228
1589497819 263321228
1589497820 263321228
1589497821 263321228
1589497822 263321228
1589497823 263321228
1589497824 263321228
1589497825 263321228
1589497826 263321228
1589497827 263321228
1589497828 263321228
1589497829 262174124
1589497830 262174124
1589497831 262174124
1589497832 262174124
1589497833 265148588
1589497834 265148588
1589497835 265148588
1589497836 265148588
1589497837 265148588
1589497838 265148588
1589497839 265148588
1589497841 265148588
1589497842 265148588
1589497843 265148588
1589497844 265148588
1589497845 265148588
1589497846 265148588
1589497847 265148588
1589497848 265148588
1589497849 265148588
1589497850 265148588
1589497851 265148588
1589497852 265148588
1589497853 265148588
1589497854 265148588
1589497855 265148588
1589497856 265148588
1589497857 265148588
1589497858 265148588
1589497859 265148588
1589497860 265148588
1589497861 265148588
1589497862 265131600
1589497863 265148588
1589497864 265148588
1589497865 265148588
1589497866 265148588
1589497867 265148588
1589497868 265148588
1589497869 265148588
1589497870 265148588
1589497871 265148588
1589497872 265148588
1589497873 265148588
1589497874 265148588
1589497875 265148588
1589497876 265148588
1589497877 265131600
1589497878 265148588
1589497879 265148588
1589497880 265148588
1589497881 265148588
1589497882 265148588
1589497883 265148588
1589497884 265148588
1589497885 265148588
1589497886 265148588
1589497887 265148588
1589497888 265148588
1589497889 265148588
1589497890 265148588
1589497891 265148588
1589497892 265148588
1589497893 265148588
1589497895 265148588
1589497896 265148588
1589497897 265148588
1589497898 265148588
1589497899 265148588
1589497900 265148588
1589497901 265148588
1589497902 265148588
1589497903 265148588
1589497904 265148588
1589497905 265148588
1589497906 265148588
1589497907 265148588
1589497908 265148588
1589497909 265148588
1589497910 265148588
1589497911 265148588
1589497912 265148588
1589497913 265148588
1589497914 265148588
1589497915 265148588
1589497916 265148588
1589497917 265148588
1589497918 265148588
1589497919 265131600
1589497920 265148588
1589497921 265148588
1589497922 265148588
1589497923 265148588
1589497924 265148588
1589497925 265148588
1589497926 265148588
1589497927 265148588
1589497928 265148588
1589497929 265148588
1589497930 265148588
1589497931 265148588
1589497932 265148588
1589497933 265148588
1589497934 265148588
1589497935 265148588
1589497936 265148588
1589497937 265148588
1589497938 265148588
1589497939 265148588
1589497940 265148588
1589497941 265148588
1589497942 265148588
1589497943 265148588
1589497944 317934372
1589497945 317934372
1589497947 317934372
1589497948 317934372
1589497949 317934372
1589497950 314959908
1589497951 446835691
1589497952 446821940
1589497953 446821940
1589497954 446821940
1589497955 446821940
1589497956 446821940
1589497957 446821940
1589497958 446821940
1589497959 446821940
1589497960 446821940
1589497961 446821940
1589497962 446821940
1589497963 446821940
1589497964 446821940
1589497965 446821940
1589497966 446821940
1589497967 446821940
1589497968 446821940
1589497969 446821940
1589497970 446821940
1589497971 446996084
1589497972 446996084
1589497973 446996084
1589497974 446996084
1589497975 446996084
1589497976 446996084
1589497977 446996084
1589497978 446996084
1589497979 446996084
1589497980 446996084
1589497981 446996084
1589497982 446996084
1589497983 446996084
1589497984 446996084
1589497985 446996084
1589497986 446996084
1589497987 446996084
1589497988 446996084
1589497989 446996084
1589497990 446996084
1589497991 446996084
1589497992 446996084
1589497993 446996084
1589497994 446996084
1589497995 446996084
1589497996 446979096
1589497997 446996084
1589497998 446979096
1589498000 446996084
1589498001 446996084
1589498002 446996084
1589498003 446996084
1589498004 446996084
1589498005 446996084
1589498006 446996084
1589498007 446996084
1589498008 446996084
1589498009 446996084
1589498010 446996084
1589498011 446996084
1589498012 446996084
1589498013 446996084
1589498014 446996084
1589498015 446996084
1589498016 446996084
1589498017 446996084
1589498018 446996084
1589498019 446996084
1589498020 446996084
1589498021 446996084
1589498022 446996084
1589498023 446996084
1589498024 446996084
1589498025 446996084
1589498026 446996084
1589498027 446996084
1589498028 446996084
1589498029 446996084
1589498030 446996084
1589498031 446996084
1589498032 446996084
1589498033 446996084
1589498034 446996084
1589498035 446996084
1589498036 446996084
1589498037 446996084
1589498038 446996084
1589498039 446996084
1589498040 446996084
1589498041 446996084
1589498042 446996084
1589498043 446996084
1589498044 446979096
1589498045 446996084
1589498046 446996084
1589498047 446996084
1589498048 446996084
1589498049 446996084
1589498050 446996084
1589498051 446996084
1589498053 446996084
1589498054 446821932
1589498055 446821932
1589498056 446821932
1589498057 447837368
1589498058 447854356
1589498059 447854356
1589498060 447854356
1589498061 447854356
1589498062 447854356
1589498063 447854356
1589498064 447854356
1589498065 447854356
1589498066 447854356
1589498067 447854356
1589498068 447854356
1589498069 447854356
1589498070 447854356
1589498071 447854356
1589498072 447854356
1589498073 447854356
1589498074 447837368
1589498075 447854356
1589498076 447854356
1589498077 447854356
1589498078 447854356
1589498079 447854356
1589498080 447854356
1589498081 447854356
1589498082 447854356
1589498083 447854356
1589498084 447854356
1589498085 447854356
1589498086 447854356
1589498087 447854356
1589498088 447854356
1589498089 447854356
1589498090 447854356
1589498091 447854356
1589498092 447854356
1589498093 447854356
1589498094 447854356
1589498095 447854356
1589498096 447854356
1589498097 447854356
1589498098 447854356
1589498099 447837368
1589498100 447854356
1589498101 447854356
1589498102 447854356
1589498103 447854356
1589498104 447854356
1589498105 447854356
1589498107 447854356
1589498108 447854356
1589498109 447854356
1589498110 447854356
1589498111 447854356
1589498112 447854356
1589498113 447854356
1589498114 447854356
1589498115 447854356
1589498116 447854356
1589498117 447854356
1589498118 447854356
1589498119 447854356
1589498120 447854356
1589498121 394044324
1589498122 394044324
1589498123 394044324
1589498124 394044324
1589498125 395027564
1589498126 395027564
1589498127 395027564
1589498128 395027564
1589498129 395027564
1589498130 395027564
1589498131 395027564
1589498132 395027564
1589498133 394044324
1589498134 394044324
1589498135 394044324
1589498136 394044324
1589498137 394585132
1589498138 394585132
1589498139 394585132
1589498140 394585132
1589498141 394585132
1589498142 394585132
1589498143 394585132
1589498144 394585132
1589498145 394585132
1589498146 394585132
1589498147 394585132
1589498148 397604114
1589498149 397600548
1589498150 397600548
1589498151 397600548
1589498152 397600548
1589498153 397600548
1589498154 397600548
1589498155 397600548
1589498156 397600548
1589498157 397600548
1589498158 397600548
1589498160 397600548
1589498161 397600548
1589498162 397600548
1589498163 397600548
1589498164 397600548
1589498165 397600548
1589498166 397600548
1589498167 397600548
1589498168 397600548
1589498169 397600548
1589498170 397600548
1589498171 397600548
1589498172 397600548
1589498173 397600548
1589498174 397600548
1589498175 397600548
1589498176 397600548
1589498177 397600548
1589498178 397600548
1589498179 397600548
1589498180 397600548
1589498181 397600548
1589498182 487505132
1589498183 487505132
1589498184 487505132
1589498185 487505132
1589498186 487505132
1589498187 484489708
1589498188 483948908
1589498189 483948908
1589498190 483948908
1589498191 483948908
1589498192 484809268
1589498193 484809268
1589498194 484809268
1589498195 484809268
1589498196 484809268
1589498197 484809268
1589498198 484809268
1589498199 483948908
1589498200 483948908
1589498201 483948908
1589498202 483948908
1589498203 502336258
1589498204 752499076
1589498205 752499076
1589498206 752499076
1589498207 752499076
1589498208 752499076
1589498209 752499076
1589498210 752499076
1589498212 752499076
1589498213 752499076
1589498214 752499076
1589498215 752499076
1589498216 752499076
1589498217 752499076
1589498218 752499076
1589498219 752499076
1589498220 752499076
1589498221 752499076
1589498222 752499076
1589498223 752499076
1589498224 752499076
1589498225 752499076
1589498226 752499076
1589498227 752499076
1589498228 752499076
1589498229 752499076
1589498230 752499076
1589498231 752499076
1589498232 752499076
1589498233 752499076
1589498234 752499076
1589498235 752499076
1589498236 752499076
1589498237 752499076
1589498238 752499076
1589498239 752499076
1589498240 752499076
1589498241 752499076
1589498242 483924228
1589498243 483924228
1589498244 483924228
1589498245 483924228
1589498246 483924228
1589498247 483924228
1589498248 483924228
1589498249 483924228
1589498250 483924228
1589498251 483924228
1589498252 483924228
1589498253 483924228
1589498254 483924228
1589498255 483924228
1589498256 483924228
1589498257 483924228
1589498258 483924228
1589498259 483924228
1589498260 483924228
1589498261 483924228
1589498262 483924228
1589498263 483924228
1589498265 394060596
1589498266 394019644
1589498267 394019644
1589498268 394019644
1589498269 394019644
1589498270 394019644
1589498271 394019644
1589498272 394019644
1589498273 394019644
1589498274 394019644
1589498275 394019644
1589498276 394019644
1589498277 394019644
1589498278 394019644
1589498279 394019644
1589498280 394019644
1589498281 394019644
1589498282 394019644
1589498283 394019644
1589498284 394232708
1589498285 394232708
1589498286 394232708
1589498287 394232708
1589498288 394232708
1589498289 394232708
1589498290 394232708
1589498291 394232708
1589498292 394232708
1589498293 394232708
1589498294 394232708
1589498295 394232708
1589498296 394232708
1589498297 394215720
1589498298 394232708
1589498299 394232708
1589498300 394232708
1589498301 394232708
1589498302 394232708
1589498303 394232708
1589498304 394232708
1589498305 394232708
1589498306 394232708
1589498307 394232708
1589498308 394232708
1589498309 394232708
1589498310 394232708
1589498311 394232708
1589498312 394232708
1589498313 394232708
1589498314 394232708
1589498315 394232708
1589498317 394232708
1589498318 394232708
1589498319 394232708
1589498320 394232708
1589498321 394232708
1589498322 394232708
1589498323 394232708
1589498324 394232708
1589498325 394232708
1589498326 394232708
1589498327 394232708
1589498328 394232708
1589498329 394232708
1589498330 394232708
1589498331 394232708
1589498332 394232708
1589498333 394232708
1589498334 394232708
1589498335 394232708
1589498336 394215720
1589498337 394232708
1589498338 394232708
1589498339 394232708
1589498340 394232708
1589498341 394232708
1589498342 394232708
1589498343 394232708
1589498344 394232708
1589498345 394232708
1589498346 394232708
1589498347 394232708
1589498348 394232708
1589498349 394232708
1589498350 394232708
1589498351 394232708
1589498352 394232708
1589498353 394232708
1589498354 394232708
1589498355 394232708
1589498356 394232708
1589498357 394232708
1589498358 394232708
1589498359 394232708
1589498360 394232708
1589498361 394232708
1589498362 394232708
1589498363 394232708
1589498364 394232708
1589498365 394232708
1589498366 394232708
1589498367 394232708
1589498368 394232708
1589498369 394232708
1589498371 394232708
1589498372 394232708
1589498373 394232708
1589498374 394232708
1589498375 394232708
1589498376 394232708
1589498377 394232708
1589498378 394232708
1589498379 394232708
1589498380 445396026
1589498381 749065666
1589498382 1041837290
1589498383 1244253724
1589498384 1244253724
1589498385 1244040660
1589498386 1043408516
1589498387 394115964
1589498388 394075012
1589498389 394075012
1589498390 394075012
1589498391 394075012
1589498392 394075012
1589498393 394075012
1589498394 394075012
1589498395 394075012
1589498396 394095500
1589498397 394095500
1589498398 394095500
1589498399 394095500
1589498400 394095500
1589498401 394095500
1589498402 394095500
1589498403 394095500
1589498404 394095500
1589498405 394095500
1589498406 394095500
1589498407 394095500
1589498408 394095500
1589498409 394095500
1589498410 394095500
1589498411 394095500
1589498412 394095500
1589498413 394078512
1589498414 394324948
1589498415 394324948
1589498416 394324948
1589498417 643455378
1589498418 917954378
1589498419 1214212426
1589498420 1313437780
1589498421 1313437780
1589498422 1313421356
1589498423 1313306676
1589498425 1293190380
1589498426 611961636
1589498427 368935796
1589498428 368935796
1589498429 368935796
1589498430 368935796
1589498431 368935796
1589498432 410266354
1589498433 420742404
1589498434 421422508
1589498435 421422508
1589498436 421422508
1589498437 421422508
1589498438 421422508
1589498439 421422508
1589498440 421422508
1589498441 422270572
1589498442 421590468
1589498443 420742404
1589498444 368792444
1589498445 368792444
1589498446 368792444
1589498447 368792444
1589498448 368792444
1589498449 368792444
1589498450 368792444
1589498451 368775456
1589498452 368792444
1589498453 368792444
1589498454 368792444
1589498455 368792444
1589498456 368792444
1589498457 369833060
1589498458 369833060
1589498459 369833060
1589498460 369833060
1589498461 369833060
1589498462 369833060
1589498463 369833060
1589498464 368792444
1589498465 368792444
1589498466 368792444
1589498467 371840628
1589498468 371840628
1589498469 371840628
1589498470 371840628
1589498471 371840628
1589498472 371840628
1589498473 371840628
1589498474 371840628
1589498475 371840628
1589498476 371840628
1589498477 371840628
1589498479 371840628
1589498480 371840628
1589498481 371840628
1589498482 371840628
1589498483 371840628
1589498484 371840628
1589498485 371840628
1589498486 371840628
1589498487 371840628
1589498488 371840628
1589498489 371840628
1589498490 371840628
1589498491 371840628
1589498492 371840628
1589498493 371447316
1589498494 371447316
1589498495 371447316
1589498496 371447316
1589498497 371447316
1589498498 371447316
1589498499 371447316
1589498500 371447316
1589498501 371447316
1589498502 479477074
1589498503 662416284
1589498504 412376348
1589498505 371447316
1589498506 371447316
1589498507 371447316
1589498508 371447316
1589498509 371447316
1589498510 371447316
1589498511 371447316
1589498512 397561620
1589498513 397561620
1589498514 397561620
1589498515 399282388
1589498516 399282388
1589498517 399282388
1589498518 399282388
1589498519 399282388
1589498520 397561620
1589498521 397561620
1589498522 397561620
1589498523 377142156
1589498524 377142156
1589498525 377142156
1589498526 377142156
1589498527 377142156
1589498528 377142156
1589498529 377142156
1589498530 377142156
1589498532 377142156
1589498533 377142156
1589498534 377142156
1589498535 377142156
1589498536 377142156
1589498537 377142156
1589498538 377142156
1589498539 377142156
1589498540 377125168
1589498541 377142156
1589498542 377142156
1589498543 377142156
1589498544 377142156
1589498545 377142156
1589498546 377142156
1589498547 377142156
1589498548 377142156
1589498549 377142156
1589498550 377142156
1589498551 377142156
1589498552 377142156
1589498553 377142156
1589498554 377142156
1589498555 377142156
1589498556 377142156
1589498557 377142156
1589498558 377142156
1589498559 377142156
1589498560 377142156
1589498561 377142156
1589498562 377142156
1589498563 377142156
1589498564 377142156
1589498565 377142156
1589498566 377142156
1589498567 377125168
1589498568 377142156
1589498569 377142156
1589498570 377142156
1589498571 377142156
1589498572 377142156
1589498573 377142156
1589498574 377142156
1589498575 377142156
1589498576 377142156
1589498577 377142156
1589498578 377142156
1589498579 377142156
1589498580 377125168
1589498581 377142156
1589498582 377142156
1589498583 377142156
1589498584 377142156
1589498585 377142156
1589498587 377142156
1589498588 377142156
1589498589 377142156
1589498590 377142156
1589498591 377142156
1589498592 377142156
1589498593 377142156
1589498594 377142156
1589498595 377142156
1589498596 377142156
1589498597 377142156
1589498598 377142156
1589498599 377142156
1589498600 377142156
1589498601 377142156
1589498602 377142156
1589498603 377142156
1589498604 377142156
1589498605 377142156
1589498606 377142156
1589498607 377142156
1589498608 377142156
1589498609 377142156
1589498610 377142156
1589498611 377142156
1589498612 377142156
1589498613 377142156
1589498614 377142156
1589498615 377142156
1589498616 377142156
1589498617 377142156
1589498618 377142156
1589498619 377387988
1589498620 377387988
1589498621 377387988
1589498622 377387988
1589498623 377387988
1589498624 377142156
1589498625 377142156
1589498626 377387980
1589498627 377387980
1589498628 377387980
1589498629 377387980
1589498630 377387980
1589498631 377387980
1589498632 377387980
1589498633 377387980
1589498634 377387980
1589498635 377387980
1589498636 377387980
1589498637 377142156
1589498638 377142156
1589498640 377145772
1589498641 377145772
1589498642 377145772
1589498643 377145772
1589498644 377145772
1589498645 377145772
1589498646 377128784
1589498647 377145772
1589498648 377145772
1589498649 377145772
1589498650 377145772
1589498651 377485796
1589498652 377321964
1589498653 377321964
1589498654 377321964
1589498655 377321964
1589498656 377321964
1589498657 377321964
1589498658 377321964
1589498659 377321964
1589498660 377321964
1589498661 377145772
1589498662 377145772
1589498663 377145772
1589498664 377137720
1589498665 377137720
1589498666 377137720
1589498667 377137720
1589498668 377137720
1589498669 377137720
1589498670 377137720
1589498671 377137720
1589498672 377137720
1589498673 377137720
1589498674 377137720
1589498675 377137720
1589498676 377137720
1589498677 377137720
1589498678 377137720
1589498679 377137720
1589498680 377137720
1589498681 377137720
1589498682 377137720
1589498683 377137720
1589498684 377137720
1589498685 377137720
1589498686 377137720
1589498687 377137720
1589498688 377137720
1589498689 377120732
1589498690 377137720
1589498692 377137720
1589498693 377137720
1589498694 377137720
1589498695 377137720
1589498696 377137720
