1589495060 185952
1589495061 1049244
1589495062 1049244
1589495063 1049244
1589495064 1049244
1589495066 1049244
1589495067 1049244
1589495068 1049244
1589495069 1032256
1589495070 1049244
1589495071 1049244
1589495072 1049244
1589495073 1049244
1589495074 1049244
1589495075 1049244
1589495076 1049244
1589495077 1049244
1589495078 1049244
1589495079 1049244
1589495080 1049244
1589495081 1049244
1589495082 1049244
1589495083 1049244
1589495084 1049244
1589495085 1049244
1589495086 1049244
1589495087 1049244
1589495088 1049244
1589495089 1049244
1589495090 1049244
1589495091 1049244
1589495092 1049244
1589495093 1049244
1589495094 1049244
1589495095 1049244
1589495096 1049244
1589495097 1049244
1589495098 1049244
1589495099 1049244
1589495100 1049244
1589495101 1049244
1589495102 1049244
1589495103 1049244
1589495104 1049244
1589495105 1049244
1589495106 1049244
1589495107 1049244
1589495108 1049244
1589495109 1049244
1589495111 1049244
1589495112 1049244
1589495113 1049244
1589495114 1049244
1589495115 1049244
1589495116 1049244
1589495117 1049244
1589495118 1049244
1589495119 1049244
1589495120 1049244
1589495121 1049244
1589495122 1049244
1589495123 1049244
1589495124 1049244
1589495125 1049244
1589495126 1049244
1589495127 1049244
1589495128 1049244
1589495129 1049244
1589495130 1049244
1589495131 1049244
1589495132 1049244
1589495133 1049244
1589495134 1049244
1589495135 1049244
1589495136 1049244
1589495137 1049244
1589495138 1049244
1589495139 1049244
1589495140 1049244
1589495141 1049244
1589495142 1049244
1589495143 1049244
1589495144 1049244
1589495145 1049244
1589495146 1049244
1589495147 1049244
1589495148 1049244
1589495149 1049244
1589495150 1049244
1589495151 1049244
1589495152 1049244
1589495154 1049244
1589495155 1049244
1589495156 1049244
1589495157 1049244
1589495158 1049244
1589495159 279484
1589495160 197580
1589495161 197580
1589495162 197580
1589495163 197580
1589495164 197580
1589495165 197580
1589495166 197580
1589495167 197580
1589495168 1368788
1589495169 1368788
1589495170 1368788
1589495171 1368788
1589495172 1368788
1589495173 1368788
1589495174 1368788
1589495175 1368788
1589495176 1368788
1589495177 1368788
1589495178 1368788
1589495179 1368788
1589495180 1368788
1589495181 1368788
1589495182 1368788
1589495183 1368788
1589495184 1368788
1589495185 1368788
1589495186 1368788
1589495187 1368788
1589495188 1368788
1589495189 1368788
1589495190 1368788
1589495191 1368788
1589495192 1368788
1589495193 1368788
1589495194 1368788
1589495195 1368788
1589495197 1368788
1589495198 1368788
1589495199 1368788
1589495200 1334812
1589495201 1368788
1589495202 1368788
1589495203 1368788
1589495204 1368788
1589495205 1368788
1589495206 1368788
1589495207 1368788
1589495208 1368788
1589495209 1368788
1589495210 1351800
1589495211 1368788
1589495212 1368788
1589495213 1368788
1589495214 1368788
1589495215 1368788
1589495216 1368788
1589495217 1368788
1589495218 1368788
1589495219 1368788
1589495220 1368788
1589495221 1368788
1589495222 1368788
1589495223 1368788
1589495224 1351800
1589495225 1368788
1589495226 1368788
1589495227 1368788
1589495228 1368788
1589495229 1368788
1589495230 1368788
1589495231 1368788
1589495232 1368788
1589495233 1368788
1589495234 1368788
1589495235 1368788
1589495236 1368788
1589495237 1368788
1589495239 1368788
1589495240 1368788
1589495241 1368788
1589495242 1368788
1589495243 1368788
1589495244 1368788
1589495245 1368788
1589495246 1368788
1589495247 1368788
1589495248 1351800
1589495249 1368788
1589495250 1368788
1589495251 1368788
1589495252 1368788
1589495253 1368788
1589495254 1368788
1589495255 1368788
1589495256 1368788
1589495257 1351800
1589495258 1368788
1589495259 1368788
1589495260 1368788
1589495261 1368788
1589495262 1368788
1589495263 1368788
1589495264 1368788
1589495265 1368788
1589495266 1368788
1589495267 1368788
1589495268 1368788
1589495269 1368788
1589495270 1368788
1589495271 1368788
1589495272 1368788
1589495273 1368788
1589495274 1368788
1589495275 1368788
1589495276 1368788
1589495277 1368788
1589495278 1351800
1589495279 1368788
1589495280 1368788
1589495281 1368788
1589495283 1368788
1589495284 1368788
1589495285 1368788
1589495286 1368788
1589495287 1368788
1589495288 1368788
1589495289 1368788
1589495290 1368788
1589495291 1368788
1589495292 238532
1589495293 197580
1589495294 197580
1589495295 197580
1589495296 197580
1589495297 197580
1589495298 901980
1589495299 897684
1589495300 897684
1589495301 897684
1589495302 897684
1589495303 897684
1589495304 897684
1589495305 897684
1589495306 897684
1589495307 897684
1589495308 880696
1589495309 897684
1589495310 897684
1589495311 897684
1589495312 897684
1589495313 880696
1589495314 897684
1589495315 897684
1589495316 897748
1589495317 897748
1589495318 897748
1589495319 897748
1589495320 897748
1589495321 897748
1589495322 897748
1589495323 897748
1589495325 897748
1589495326 897748
1589495327 897748
1589495328 897748
1589495329 897748
1589495330 897748
1589495331 897748
1589495332 897748
1589495333 897748
1589495334 897748
1589495335 897748
1589495336 897748
1589495337 897748
1589495338 897748
1589495339 897748
1589495340 897748
1589495341 897748
1589495342 897748
1589495343 897748
1589495344 897748
1589495345 897748
1589495346 897748
1589495347 897748
1589495348 897748
1589495349 897748
1589495350 897748
1589495351 897748
1589495352 897748
1589495353 897748
1589495354 897748
1589495355 897748
1589495356 897748
1589495357 897748
1589495358 897748
1589495359 897748
1589495360 897748
1589495361 897748
1589495362 897748
1589495363 897748
1589495364 897748
1589495365 897748
1589495367 897748
1589495368 897748
1589495369 897748
1589495370 897748
1589495371 897748
1589495372 897748
1589495373 897748
1589495374 897748
1589495375 897748
1589495376 897748
1589495377 897748
1589495378 897748
1589495379 897748
1589495380 897748
1589495381 897748
1589495382 897748
1589495383 897748
1589495384 897748
1589495385 897748
1589495386 880760
1589495387 897748
1589495388 897748
1589495389 897748
1589495390 897748
1589495391 897748
1589495392 897748
1589495393 897748
1589495394 897748
1589495395 897748
1589495396 897748
1589495397 897748
1589495398 897748
1589495399 897748
1589495400 897748
1589495401 897748
1589495402 897748
1589495403 897748
1589495404 897748
1589495405 897748
1589495406 897748
1589495407 897748
1589495409 897748
1589495410 897748
1589495411 897748
1589495412 897748
1589495413 897748
1589495414 897748
1589495415 897748
1589495416 897748
1589495417 897748
1589495418 897748
1589495419 897748
1589495420 897748
1589495421 897748
1589495422 897748
1589495423 897748
1589495424 197644
1589495425 197644
1589495426 197644
1589495427 197644
1589495428 197644
1589495429 197644
1589495430 197644
1589495431 197644
1589495432 197644
1589495433 1053428
1589495434 1053428
1589495435 1053428
1589495436 1053428
1589495437 1053428
1589495438 1053428
1589495439 1053428
1589495440 1053428
1589495441 1053428
1589495442 1053428
1589495443 1053428
1589495444 1053428
1589495445 1053428
1589495446 1053428
1589495447 1053428
1589495448 1053428
1589495450 1053428
1589495451 1053428
1589495452 1053428
1589495453 1053428
1589495454 1053428
1589495455 1053428
1589495456 1053428
1589495457 1053428
1589495458 1036440
1589495459 1053428
1589495460 1053428
1589495461 1053428
1589495462 1053428
1589495463 1053428
1589495464 1053428
1589495465 1053428
1589495466 1053428
1589495467 1053428
1589495468 1053428
1589495469 1053428
1589495470 1053428
1589495471 1053428
1589495472 1053428
1589495473 1053428
1589495474 1053428
1589495475 1053428
1589495476 1053428
1589495477 1053428
1589495478 1053428
1589495479 1053428
1589495480 1053428
1589495481 1053428
1589495482 1053428
1589495483 1053428
1589495484 1053428
1589495485 1053428
1589495486 1053428
1589495487 1053428
1589495488 1053428
1589495489 1053428
1589495490 1053428
1589495492 1053428
1589495493 1053428
1589495494 1053428
1589495495 1053428
1589495496 1053428
1589495497 1053428
1589495498 1053428
1589495499 1053428
1589495500 1053428
1589495501 1053428
1589495502 1053428
1589495503 1053428
1589495504 1053428
1589495505 1053428
1589495506 1053428
1589495507 1053428
1589495508 1053428
1589495509 1053428
1589495510 1053428
1589495511 1053428
1589495512 1053428
1589495513 1053428
1589495514 1053428
1589495515 1053428
1589495516 1053428
1589495517 1053428
1589495518 1053428
1589495519 1053428
1589495520 1053428
1589495521 1053428
1589495522 1053428
1589495523 1053428
1589495524 1053428
1589495525 1053428
1589495526 1053428
1589495527 1053428
1589495528 1053428
1589495529 1053428
1589495530 1053428
1589495531 1053428
1589495533 1053428
1589495534 1053428
1589495535 1053428
1589495536 1053428
1589495537 1053428
1589495538 1053428
1589495539 1053428
1589495540 1053428
1589495541 1053428
1589495542 1053428
1589495543 1053428
1589495544 1053428
1589495545 1053428
1589495546 1053428
1589495547 1053428
1589495548 1053428
1589495549 1053428
1589495550 1053428
1589495551 1053428
1589495552 1053428
1589495553 1053428
1589495554 1053428
1589495555 1053428
1589495556 197644
1589495557 197644
1589495558 197644
1589495559 197644
1589495560 197644
1589495561 197644
1589495562 197644
1589495563 197644
1589495564 205258
1589495565 205258
1589495566 205258
1589495567 205258
1589495568 205258
1589495569 205258
1589495570 205258
1589495571 205258
1589495572 205258
1589495573 205258
1589495575 205258
1589495576 205258
1589495577 205258
1589495578 205258
1589495579 205290
1589495580 205290
1589495581 205290
1589495582 205290
1589495583 205290
1589495584 205290
1589495585 205290
1589495586 205290
1589495587 205290
1589495588 205290
1589495589 188302
1589495590 205290
1589495591 205290
1589495592 205290
1589495593 205290
1589495594 205290
1589495595 205290
1589495596 205290
1589495597 205290
1589495598 188302
1589495599 205290
1589495600 205290
1589495601 205290
1589495602 205290
1589495603 205290
1589495604 205290
1589495605 205290
1589495606 205290
1589495607 205290
1589495608 188302
1589495609 205290
1589495610 205290
1589495611 205290
1589495612 205290
1589495613 188302
1589495614 205290
1589495615 205290
1589495617 205290
1589495618 205290
1589495619 205290
1589495620 205290
1589495621 205290
1589495622 205290
1589495623 205290
1589495624 205290
1589495625 205290
1589495626 205290
1589495627 205290
1589495628 205290
1589495629 205290
1589495630 205290
1589495631 205290
1589495632 205290
1589495633 205290
1589495634 205290
1589495635 205290
1589495636 205290
1589495637 205290
1589495638 205290
1589495639 205290
1589495640 205290
1589495641 205290
1589495642 205290
1589495643 205290
1589495644 205290
1589495645 205290
1589495646 205290
1589495647 205290
1589495648 205290
1589495649 205290
1589495650 205290
1589495651 205290
1589495652 205290
1589495653 205290
1589495654 205290
1589495655 205290
1589495656 205290
1589495657 205290
1589495658 205290
1589495660 205290
1589495661 205290
1589495662 205290
1589495663 205290
1589495664 205290
1589495665 205290
1589495666 205290
1589495667 205290
1589495668 205290
1589495669 205290
1589495670 205290
1589495671 205290
1589495672 205290
1589495673 205290
1589495674 205290
1589495675 205290
1589495676 205290
1589495677 205290
1589495678 205290
1589495679 205290
1589495680 205290
1589495681 205290
1589495682 205290
1589495683 205290
1589495684 205290
1589495685 205290
1589495686 205290
1589495687 205290
1589495688 205290
1589495689 205290
1589495690 205290
1589495691 205290
1589495692 201706
1589495693 1270482
1589495694 1270482
1589495695 1270482
1589495696 1270482
1589495697 201698
1589495698 201698
1589495699 201698
1589495700 201698
1589495701 201698
1589495702 201698
1589495704 201698
1589495705 5451458
1589495706 5451458
1589495707 5451458
1589495708 5451458
1589495709 5451458
1589495710 5451458
1589495711 5451458
1589495712 5451458
1589495713 5451458
1589495714 5451458
1589495715 5451458
1589495716 5451458
1589495717 5451458
1589495718 5451458
1589495719 5451458
1589495720 5451458
1589495721 5451458
1589495722 5451458
1589495723 5451458
1589495724 5451458
1589495725 5451458
1589495726 5451458
1589495727 5451458
1589495728 5451458
1589495729 5451458
1589495730 5451458
1589495731 5451458
1589495732 5434470
1589495733 5451458
1589495734 5451458
1589495735 5451458
1589495736 5451458
1589495737 5451458
1589495738 5451458
1589495739 5451458
1589495740 5451458
1589495741 5451458
1589495742 5451458
1589495743 5451458
1589495744 5451458
1589495746 5451458
1589495747 5451458
1589495748 5451458
1589495749 5451458
1589495750 5451458
1589495751 5451458
1589495752 5451458
1589495753 5451458
1589495754 5451458
1589495755 5451458
1589495756 5451458
1589495757 5451458
1589495758 5451458
1589495759 5451458
1589495760 5451458
1589495761 5451458
1589495762 5451458
1589495763 5451458
1589495764 5451458
1589495765 5451458
1589495766 5451458
1589495767 5451458
1589495768 5451458
1589495769 5451458
1589495770 5451458
1589495771 5451458
1589495772 5451458
1589495773 5451458
1589495774 5451458
1589495775 5451458
1589495776 5451458
1589495777 5451458
1589495778 5451458
1589495779 5451458
1589495780 5451458
1589495781 5451458
1589495782 5451458
1589495783 5451458
1589495784 5451458
1589495786 5451458
1589495787 5451458
1589495788 5451458
1589495789 5451458
1589495790 5451458
1589495791 5451458
1589495792 5451458
1589495793 5451458
1589495794 5451458
1589495795 5451458
1589495796 5451458
1589495797 5451458
1589495798 5451458
1589495799 5451458
1589495800 5451458
1589495801 5451458
1589495802 5451458
1589495803 5451458
1589495804 5451458
1589495805 5451458
1589495806 5451458
1589495807 5451458
1589495808 5451458
1589495809 5451458
1589495810 5451458
1589495811 5451458
1589495812 5451458
1589495813 184710
1589495814 201698
1589495815 201698
1589495816 5797650
1589495817 5797650
1589495818 5797650
1589495819 5797650
1589495820 201698
1589495821 201698
1589495822 1188522
1589495823 1188522
1589495824 1188522
1589495825 1188522
1589495826 1188522
1589495828 1188522
1589495829 1188522
1589495830 1188522
1589495831 1188522
1589495832 1188522
1589495833 1188522
1589495834 1188522
1589495835 1188522
1589495836 1188522
1589495837 1188522
1589495838 1188522
1589495839 1188522
1589495840 1188522
1589495841 1188522
1589495842 1188522
1589495843 201698
1589495844 201698
1589495845 184710
1589495846 201698
1589495847 201698
1589495848 201698
1589495849 201698
1589495850 1221354
1589495851 1221354
1589495852 1221354
1589495853 1221354
1589495854 1221354
1589495855 1221354
1589495856 1221354
1589495857 1221354
1589495858 1221354
1589495859 1221354
1589495860 1221354
1589495861 1221354
1589495862 1221354
1589495863 1221354
1589495864 1221354
1589495865 1221354
1589495866 1221354
1589495867 1221354
1589495868 1221354
1589495870 1221354
1589495871 1221354
1589495872 1221354
1589495873 1221354
1589495874 1221354
1589495875 1221354
1589495876 1221354
1589495877 1221354
1589495878 1221354
1589495879 1221354
1589495880 1221354
1589495881 1221354
1589495882 1221354
1589495883 1221354
1589495884 1221354
1589495885 1221354
1589495886 1221354
1589495887 1221354
1589495888 1221354
1589495889 1221354
1589495890 1221354
1589495891 1221354
1589495892 1221354
1589495893 1221354
1589495894 1221354
1589495895 1221354
1589495896 1221354
1589495897 1221354
1589495898 1221354
1589495899 1221354
1589495900 1221354
1589495901 1221354
1589495902 1204366
1589495903 1221354
1589495904 1221354
1589495905 1221354
1589495906 1221354
1589495907 1221354
1589495908 1221354
1589495909 1221354
1589495911 1221354
1589495912 1221354
1589495913 1221354
1589495914 1221354
1589495915 1221354
1589495916 1221354
1589495917 1221354
1589495918 1221354
1589495919 1221354
1589495920 1221354
1589495921 1221354
1589495922 1221354
1589495923 1221354
1589495924 1221354
1589495925 1221354
1589495926 1221354
1589495927 1221354
1589495928 1221354
1589495929 1221354
1589495930 1221354
1589495931 1221354
1589495932 1221354
1589495933 1221354
1589495934 1221354
1589495935 1221354
1589495936 1221354
1589495937 1221354
1589495938 1221354
1589495939 1221354
1589495940 1221354
1589495941 1221354
1589495942 1221354
1589495943 1221354
1589495944 1221354
1589495945 1221354
1589495946 1221354
1589495947 1221354
1589495948 1221354
1589495949 1221354
1589495950 1221354
1589495951 1221354
1589495953 1221354
1589495954 1221354
1589495955 1221354
1589495956 1221354
1589495957 1221354
1589495958 1221354
1589495959 1221354
1589495960 1204366
1589495961 1221354
1589495962 1221354
1589495963 1221354
1589495964 1221354
1589495965 1221354
1589495966 1221354
1589495967 1221354
1589495968 1221354
1589495969 1221354
1589495970 1221354
1589495971 1221354
1589495972 1221354
1589495973 1221354
1589495974 1221354
1589495975 1221354
1589495976 1221354
1589495977 1221354
1589495978 1221354
1589495979 1221354
1589495980 1221354
1589495981 201698
1589495982 201698
1589495983 201698
1589495984 201698
1589495985 201698
1589495986 811626
1589495987 811626
1589495988 811626
1589495989 811626
1589495990 811626
1589495991 811626
1589495992 811626
1589495993 811626
1589495994 811626
1589495996 811626
1589495997 811626
1589495998 811626
1589495999 811626
1589496000 811626
1589496001 811626
1589496002 811626
1589496003 811626
1589496004 811626
1589496005 811626
1589496006 811626
1589496007 811626
1589496008 811626
1589496009 811626
1589496010 811626
1589496011 811626
1589496012 811626
1589496013 811626
1589496014 811626
1589496015 811626
1589496016 811626
1589496017 811626
1589496018 811626
1589496019 811626
1589496020 811626
1589496021 811626
1589496022 811626
1589496023 811626
1589496024 811626
1589496025 811626
1589496026 811626
1589496027 811626
1589496028 811626
1589496029 811626
1589496030 811626
1589496031 811626
1589496032 794638
1589496033 794638
1589496034 811626
1589496035 811626
1589496037 811626
1589496038 811626
1589496039 811626
1589496040 811626
1589496041 811626
1589496042 811626
1589496043 794638
1589496044 811626
1589496045 811626
1589496046 811626
1589496047 811626
1589496048 811626
1589496049 811626
1589496050 811626
1589496051 811626
1589496052 811626
1589496053 811626
1589496054 811626
1589496055 811626
1589496056 811626
1589496057 811626
1589496058 811626
1589496059 811626
1589496060 811626
1589496061 811626
1589496062 811626
1589496063 811626
1589496064 811626
1589496065 794638
1589496066 811626
1589496067 811626
1589496068 811626
1589496069 811626
1589496070 811626
1589496071 811626
1589496072 811626
1589496073 811626
1589496074 811626
1589496075 811626
1589496076 811626
1589496077 811626
1589496079 811626
1589496080 811626
1589496081 811626
1589496082 811626
1589496083 811626
1589496084 811626
1589496085 811626
1589496086 811626
1589496087 811626
1589496088 811626
1589496089 811626
1589496090 811626
1589496091 811626
1589496092 811626
1589496093 811626
1589496094 811626
1589496095 811626
1589496096 811626
1589496097 811626
1589496098 811626
1589496099 811626
1589496100 811626
1589496101 811626
1589496102 794638
1589496103 811626
1589496104 811626
1589496105 811626
1589496106 811626
1589496107 811626
1589496108 811626
1589496109 811626
1589496110 811626
1589496111 811626
1589496112 811626
1589496113 811626
1589496114 811626
1589496115 794638
1589496116 811626
1589496117 811626
1589496118 811626
1589496119 811626
1589496120 811626
1589496122 811626
1589496123 201698
1589496124 201698
1589496125 201698
1589496126 201698
1589496127 201698
1589496128 201698
1589496129 201698
1589496130 201698
1589496131 201698
1589496132 201698
1589496133 201698
1589496134 828010
1589496135 828010
1589496136 828010
1589496137 828010
1589496138 828010
1589496139 828010
1589496140 828010
1589496141 828010
1589496142 828010
1589496143 828010
1589496144 828010
1589496145 828010
1589496146 828010
1589496147 828010
1589496148 828010
1589496149 828010
1589496150 828010
1589496151 828010
1589496152 828010
1589496153 828010
1589496154 828010
1589496155 828010
1589496156 828010
1589496157 811022
1589496158 811022
1589496159 828010
1589496160 828010
1589496161 828010
1589496163 828010
1589496164 828010
1589496165 828010
1589496166 828010
1589496167 828010
1589496168 811022
1589496169 828010
1589496170 828010
1589496171 828010
1589496172 828010
1589496173 828010
1589496174 828010
1589496175 828010
1589496176 828010
1589496177 828010
1589496178 828010
1589496179 828010
1589496180 828010
1589496181 828010
1589496182 828010
1589496183 828010
1589496184 828010
1589496185 828010
1589496186 828010
1589496187 828010
1589496188 828010
1589496189 828010
1589496190 828010
1589496191 828010
1589496192 828010
1589496193 828010
1589496194 828010
1589496195 828010
1589496196 828010
1589496197 828010
1589496198 828010
1589496199 828010
1589496200 828010
1589496201 828010
1589496202 828010
1589496204 828010
1589496205 828010
1589496206 828010
1589496207 828010
1589496208 828010
1589496209 828010
1589496210 828010
1589496211 828010
1589496212 828010
1589496213 828010
1589496214 828010
1589496215 828010
1589496216 828010
1589496217 811022
1589496218 828010
1589496219 828010
1589496220 828010
1589496221 828010
1589496222 828010
1589496223 828010
1589496224 828010
1589496225 828010
1589496226 828010
1589496227 828010
1589496228 828010
1589496229 828010
1589496230 811022
1589496231 811022
1589496232 828010
1589496233 828010
1589496234 828010
1589496235 828010
1589496236 828010
1589496237 828010
1589496238 828010
1589496239 828010
1589496240 828010
1589496241 828010
1589496242 828010
1589496243 828010
1589496244 828010
1589496246 828010
1589496247 828010
1589496248 828010
1589496249 828010
1589496250 828010
1589496251 828010
1589496252 828010
1589496253 828010
1589496254 201698
1589496255 201698
1589496256 201698
1589496257 201698
1589496258 201698
1589496259 201698
1589496260 201698
1589496261 201698
1589496262 201698
1589496263 201698
1589496264 201698
1589496265 1204938
1589496266 1204938
1589496267 1204938
1589496268 1204938
1589496269 1187950
1589496270 1204938
1589496271 1204938
1589496272 1204938
1589496273 1204938
1589496274 1204938
1589496275 1204938
1589496276 1204938
1589496277 1204938
1589496278 1204938
1589496279 1187950
1589496280 1204938
1589496281 1204938
1589496282 1204938
1589496283 1204938
1589496284 1204938
1589496285 1204938
1589496286 1204938
1589496287 1204938
1589496288 1204938
1589496290 1187950
1589496291 1204938
1589496292 1204938
1589496293 1204938
1589496294 1204938
1589496295 1204938
1589496296 1204938
1589496297 1204938
1589496298 1204938
1589496299 1204938
1589496300 1204938
1589496301 1204938
1589496302 1204938
1589496303 1204938
1589496304 1204938
1589496305 1204938
1589496306 1204938
1589496307 1204938
1589496308 1204938
1589496309 1204938
1589496310 1204938
1589496311 1204938
1589496312 1204938
1589496313 1204938
1589496314 1204938
1589496315 1204938
1589496316 1204938
1589496317 1204938
1589496318 1204938
1589496319 1204938
1589496320 1204938
1589496321 1204938
1589496322 1204938
1589496323 1204938
1589496324 1204938
1589496325 1204938
1589496326 1204938
1589496327 1204938
1589496328 1204938
1589496329 1204938
1589496331 1204938
1589496332 1204938
1589496333 1204938
1589496334 1204938
1589496335 1204938
1589496336 1204938
1589496337 1204938
1589496338 1204938
1589496339 1204938
1589496340 1204938
1589496341 1204938
1589496342 1204938
1589496343 1204938
1589496344 1204938
1589496345 1204938
1589496346 1204938
1589496347 1204938
1589496348 1204938
1589496349 1187950
1589496350 1204938
1589496351 1204938
1589496352 1204938
1589496353 1204938
1589496354 1204938
1589496355 1204938
1589496356 1204938
1589496357 1204938
1589496358 1204938
1589496359 1204938
1589496360 1204938
1589496361 1204938
1589496362 1204938
1589496363 1204938
1589496364 1204938
1589496365 1204938
1589496366 1204938
1589496367 1204938
1589496368 1204938
1589496369 1204938
1589496371 1204938
1589496372 1204938
1589496373 1204938
1589496374 1204938
1589496375 1204938
1589496376 1204938
1589496377 1204938
1589496378 1204938
1589496379 1204938
1589496380 1204938
1589496381 1204938
1589496382 1204938
1589496383 1204938
1589496384 1204938
1589496385 1204938
1589496386 1204938
1589496387 1204938
1589496388 1204938
1589496389 1204938
1589496390 201698
1589496391 201698
1589496392 201698
1589496393 201698
1589496394 201698
1589496395 201698
1589496396 942762
1589496397 942762
1589496398 942762
1589496399 942762
1589496400 942762
1589496401 925774
1589496402 942762
1589496403 942762
1589496404 942762
1589496405 942762
1589496406 942762
1589496407 942762
1589496408 942762
1589496409 942762
1589496410 942762
1589496412 942762
1589496413 942762
1589496414 942762
1589496415 942762
1589496416 942762
1589496417 942762
1589496418 942762
1589496419 942762
1589496420 942762
1589496421 942762
1589496422 942762
1589496423 942762
1589496424 942762
1589496425 942762
1589496426 942762
1589496427 942762
1589496428 942762
1589496429 942762
1589496430 942762
1589496431 942762
1589496432 942762
1589496433 942762
1589496434 942762
1589496435 942762
1589496436 942762
1589496437 942762
1589496438 942762
1589496439 942762
1589496440 942762
1589496441 942762
1589496442 942762
1589496443 942762
1589496444 942762
1589496445 942762
1589496446 942762
1589496447 942762
1589496448 942762
1589496449 942762
1589496450 942762
1589496451 942762
1589496452 942762
1589496454 942762
1589496455 942762
1589496456 942762
1589496457 942762
1589496458 942762
1589496459 942762
1589496460 942762
1589496461 942762
1589496462 942762
1589496463 942762
1589496464 942762
1589496465 942762
1589496466 942762
1589496467 942762
1589496468 942762
1589496469 942762
1589496470 942762
1589496471 942762
1589496472 942762
1589496473 942762
1589496474 942762
1589496475 942762
1589496476 942762
1589496477 942762
1589496478 942762
1589496479 942762
1589496480 942762
1589496481 942762
1589496482 942762
1589496483 942762
1589496484 942762
1589496485 942762
1589496486 942762
1589496487 942762
1589496488 942762
1589496489 942762
1589496490 942762
1589496491 942762
1589496492 942762
1589496493 942762
1589496494 942762
1589496496 942762
1589496497 942762
1589496498 942762
1589496499 942762
1589496500 942762
1589496501 942762
1589496502 942762
1589496503 942762
1589496504 942762
1589496505 942762
1589496506 942762
1589496507 942762
1589496508 942762
1589496509 942762
1589496510 942762
1589496511 942762
1589496512 942762
1589496513 942762
1589496514 942762
1589496515 942762
1589496516 942762
1589496517 925774
1589496518 942762
1589496519 942762
1589496520 925774
1589496521 942762
1589496522 942762
1589496523 942762
1589496524 942762
1589496525 942762
1589496526 914562
1589496527 914562
1589496528 914562
1589496529 914562
1589496530 914562
1589496531 914562
1589496532 914562
1589496533 914562
1589496534 914562
1589496535 201698
1589496536 201698
1589496538 201698
1589496539 201698
1589496540 201698
1589496541 201698
1589496542 201698
1589496543 201698
1589496544 201698
1589496545 734808
1589496546 702058
1589496547 702058
1589496548 702058
1589496549 702058
1589496550 702058
1589496551 702058
1589496552 702058
1589496553 702058
1589496554 702058
1589496555 702058
1589496556 702058
1589496557 702058
1589496558 702058
1589496559 702058
1589496560 702058
1589496561 702058
1589496562 702058
1589496563 702058
1589496564 702058
1589496565 702058
1589496566 702058
1589496567 702058
1589496568 702058
1589496569 702058
1589496570 702058
1589496571 702058
1589496572 702058
1589496573 702058
1589496574 702058
1589496575 702058
1589496576 702058
1589496577 702058
1589496578 702058
1589496580 702058
1589496581 702058
1589496582 702058
1589496583 702058
1589496584 702058
1589496585 702058
1589496586 702058
1589496587 702058
1589496588 702058
1589496589 702058
1589496590 702058
1589496591 702058
1589496592 702058
1589496593 702058
1589496594 702058
1589496595 685070
1589496596 702058
1589496597 702058
1589496598 702058
1589496599 702058
1589496600 702058
1589496601 702058
1589496602 702058
1589496603 685070
1589496604 702058
1589496605 702058
1589496606 702058
1589496607 702058
1589496608 702058
1589496609 702058
1589496610 702058
1589496611 702058
1589496612 702058
1589496613 702058
1589496614 702058
1589496615 702058
1589496616 702058
1589496617 702058
1589496618 702058
1589496619 702058
1589496621 702058
1589496622 702058
1589496623 702058
1589496624 685070
1589496625 702058
1589496626 702058
1589496627 702058
1589496628 702058
1589496629 702058
1589496630 685070
1589496631 702058
1589496632 702058
1589496633 702058
1589496634 702058
1589496635 702058
1589496636 702058
1589496637 702058
1589496638 702058
1589496639 702058
1589496640 702058
1589496641 702058
1589496642 702058
1589496643 702058
1589496644 702058
1589496645 702058
1589496646 702058
1589496647 702058
1589496648 702058
1589496649 702058
1589496650 702058
1589496651 702058
1589496652 702058
1589496653 702058
1589496654 702058
1589496655 702058
1589496656 702058
1589496657 702058
1589496658 685070
1589496659 702058
1589496660 702058
1589496661 702058
1589496662 702058
1589496663 702058
1589496665 702058
1589496666 702058
1589496667 1967562
1589496668 1967562
1589496669 1967562
1589496670 1967562
1589496671 1967562
1589496672 1967562
1589496673 1967562
1589496674 1967562
1589496675 1467202
1589496676 201698
1589496677 201698
1589496678 201698
1589496679 201698
1589496680 422922
1589496681 422922
1589496682 422922
1589496683 422922
1589496684 422922
1589496685 5275410
1589496686 5275410
1589496687 5275410
1589496688 5275410
1589496689 5275410
1589496690 5275410
1589496691 5258422
1589496692 5275410
1589496693 5275410
1589496694 455746
1589496695 455746
1589496696 234498
1589496697 201698
1589496698 201698
1589496699 201698
1589496700 184710
1589496701 201698
1589496702 201698
1589496703 201698
1589496704 201698
1589496706 201698
1589496707 1106602
1589496708 1106602
1589496709 1106602
1589496710 1106602
1589496711 1106602
1589496712 1106602
1589496713 1106602
1589496714 1106602
1589496715 1106602
1589496716 1089614
1589496717 1106602
1589496718 1106602
1589496719 1106602
1589496720 1106602
1589496721 1106602
1589496722 1106602
1589496723 1106602
1589496724 1106602
1589496725 1106602
1589496726 1106602
1589496727 1106602
1589496728 1106602
1589496729 1106602
1589496730 1106602
1589496731 1106602
1589496732 1106602
1589496733 1106602
1589496734 1106602
1589496735 1106602
1589496736 1106602
1589496737 1106602
1589496738 1106602
1589496739 1106602
1589496740 1106602
1589496741 1106602
1589496742 1106602
1589496743 1106602
1589496744 1106602
1589496745 1106602
1589496746 1106602
1589496748 1106602
1589496749 1106602
1589496750 1106602
1589496751 1106602
1589496752 1106602
1589496753 1106602
1589496754 1106602
1589496755 1106602
1589496756 1106602
1589496757 1106602
1589496758 1106602
1589496759 1106602
1589496760 1089614
1589496761 1106602
1589496762 1106602
1589496763 1106602
1589496764 1106602
1589496765 1106602
1589496766 1106602
1589496767 1106602
1589496768 1106602
1589496769 1106602
1589496770 1106602
1589496771 1106602
1589496772 1106602
1589496773 1106602
1589496774 1106602
1589496775 1106602
1589496776 1106602
1589496777 1106602
1589496778 1089614
1589496779 1106602
1589496780 1106602
1589496781 1106602
1589496782 1106602
1589496783 1106602
1589496784 1106602
1589496785 1106602
1589496786 1106602
1589496787 1106602
1589496788 1106602
1589496790 1106602
1589496791 1106602
1589496792 1106602
1589496793 1106602
1589496794 1106602
1589496795 1106602
1589496796 1106602
1589496797 1106602
1589496798 1106602
1589496799 1106602
1589496800 1106602
1589496801 201698
1589496802 184710
1589496803 201698
1589496804 201698
1589496805 201698
1589496806 201698
1589496807 201698
1589496808 201698
1589496809 1212526
1589496810 1229514
1589496811 1229514
1589496812 1229514
1589496813 1229514
1589496814 1229514
1589496815 1229514
1589496816 1212526
1589496817 1229514
1589496818 1229514
1589496819 1229514
1589496820 1229514
1589496821 1229514
1589496822 1229514
1589496823 1229514
1589496824 1229514
1589496825 1229514
1589496826 1229514
1589496827 1229514
1589496828 1229514
1589496829 1229514
1589496830 1229514
1589496832 1229514
1589496833 1229514
1589496834 1229514
1589496835 1229514
1589496836 1229514
1589496837 1229514
1589496838 1229514
1589496839 1229514
1589496840 1229514
1589496841 1229514
1589496842 1229514
1589496843 1229514
1589496844 1229514
1589496845 1229514
1589496846 1229514
1589496847 1229514
1589496848 1229514
1589496849 1229514
1589496850 1229514
1589496851 1229514
1589496852 1229514
1589496853 1229514
1589496854 1212526
1589496855 1229514
1589496856 1229514
1589496857 1229514
1589496858 1229514
1589496859 1229514
1589496860 1229514
1589496861 1229514
1589496862 1229514
1589496863 1229514
1589496864 1229514
1589496865 1229514
1589496866 1229514
1589496867 1229514
1589496868 1229514
1589496869 1229514
1589496870 1229514
1589496872 1229514
1589496873 1229514
1589496874 1229514
1589496875 1229514
1589496876 1229514
1589496877 1229514
1589496878 1229514
1589496879 1229514
1589496880 1229514
1589496881 1229514
1589496882 1229514
1589496883 1229514
1589496884 1229514
1589496885 1229514
1589496886 1229514
1589496887 1229514
1589496888 1229514
1589496889 1229514
1589496890 1229514
1589496891 1229514
1589496892 1229514
1589496893 1229514
1589496894 1229514
1589496895 1229514
1589496896 1229514
1589496897 1229514
1589496898 1229514
1589496899 1229514
1589496900 1229514
1589496901 1229514
1589496902 1229514
1589496903 1229514
1589496904 1229514
1589496905 1229514
1589496906 1229514
1589496907 1229514
1589496908 1229514
1589496909 1229514
1589496910 1229514
1589496911 1229514
1589496912 1229514
1589496914 1229514
1589496915 1229514
1589496916 1229514
1589496917 1229514
1589496918 1229514
1589496919 1229514
1589496920 1229514
1589496921 1229514
1589496922 1229514
1589496923 1229514
1589496924 1229514
1589496925 1229514
1589496926 1229514
1589496927 1229514
1589496928 1229514
1589496929 1229514
1589496930 1229514
1589496931 1212526
1589496932 1229514
1589496933 1229514
1589496934 1229514
1589496935 1229514
1589496936 1229514
1589496937 1229514
1589496938 1229514
1589496939 1229514
1589496940 1229514
1589496941 1229514
1589496942 1229514
1589496943 201698
1589496944 201698
1589496945 201698
1589496946 201698
1589496947 201698
1589496948 201698
1589496949 201698
1589496950 201698
1589496951 113667634
1589496952 113667634
1589496953 113667634
1589496954 113667634
1589496956 113667634
1589496957 113667634
1589496958 113667634
1589496959 113667634
1589496960 113667634
1589496961 113667634
1589496962 113667634
1589496963 113667634
1589496964 113667634
1589496965 113667634
1589496966 113650646
1589496967 113667634
1589496968 108665698
1589496969 201698
1589496970 201698
1589496971 201698
1589496972 201698
1589496973 201698
1589496974 201698
1589496975 201698
1589496976 26291344
1589496977 112885578
1589496978 112885578
1589496979 112885578
1589496980 112885578
1589496981 112885578
1589496982 112885578
1589496983 112885578
1589496984 112885578
1589496985 112885578
1589496986 112885578
1589496987 112885578
1589496988 112885578
1589496989 112885578
1589496990 112885578
1589496991 112885578
1589496992 112885578
1589496993 112885578
1589496994 112885578
1589496995 112885578
1589496997 112885578
1589496998 112885578
1589496999 112885578
1589497000 112885578
1589497001 112885578
1589497002 112885578
1589497003 112885578
1589497004 112885578
1589497005 112885578
1589497006 112885578
1589497007 112885578
1589497008 112885578
1589497009 112885578
1589497010 112885578
1589497011 112885578
1589497012 112885578
1589497013 112885578
1589497014 112885578
1589497015 112885578
1589497016 112885578
1589497017 112885578
1589497018 112885578
1589497019 112885578
1589497020 112885578
1589497021 112885578
1589497022 112885578
1589497023 112885578
1589497024 112885578
1589497025 112885578
1589497026 112885578
1589497027 112885578
1589497028 112885578
1589497029 112885578
1589497030 116723930
1589497031 116723930
1589497032 26135650
1589497033 1283266
1589497034 1283266
1589497035 201698
1589497036 201698
1589497038 201698
1589497039 201698
1589497040 201698
1589497041 201698
1589497042 1139370
1589497043 1139370
1589497044 1139370
1589497045 1139370
1589497046 1139370
1589497047 1139370
1589497048 1139370
1589497049 1139370
1589497050 1139370
1589497051 1139370
1589497052 1139370
1589497053 1139370
1589497054 1139370
1589497055 1139370
1589497056 1139370
1589497057 1139370
1589497058 1139370
1589497059 1139370
1589497060 1139370
1589497061 1139370
1589497062 1139370
1589497063 1139370
1589497064 1139370
1589497065 1139370
1589497066 1139370
1589497067 1139370
1589497068 1139370
1589497069 1139370
1589497070 1139370
1589497071 1139370
1589497072 1139370
1589497073 1139370
1589497074 1139370
1589497075 201698
1589497076 201698
1589497077 201698
1589497078 201698
1589497080 201698
1589497081 201698
1589497082 201698
1589497083 201698
1589497084 4597314
1589497085 4597314
1589497086 4597314
1589497087 4597314
1589497088 4597314
1589497089 4580326
1589497090 4597314
1589497091 4597314
1589497092 4597314
1589497093 4597314
1589497094 4597314
1589497095 4597314
1589497096 4597314
1589497097 4597314
1589497098 4597314
1589497099 4597314
1589497100 4597314
1589497101 4597314
1589497102 4597314
1589497103 4597314
1589497104 4597314
1589497105 4597314
1589497106 4597314
1589497107 4597314
1589497108 4597314
1589497109 4597314
1589497110 4597314
1589497111 4597314
1589497112 4597314
1589497113 4597314
1589497114 4597314
1589497115 4597314
1589497116 4597314
1589497117 4597314
1589497118 4597314
1589497119 4597314
1589497120 7608130
1589497121 3212514
1589497123 7227594
1589497124 7227594
1589497125 4216778
1589497126 4482578
1589497127 201698
1589497128 201698
1589497129 5723986
1589497130 4888682
1589497131 4888682
1589497132 201698
1589497133 201698
1589497134 201698
1589497135 3045050
1589497136 4037026
1589497137 4037026
1589497138 4037026
1589497139 4037026
1589497140 7236338
1589497141 3482882
1589497142 3053226
1589497143 3012274
1589497144 3012274
1589497145 12490339
1589497146 12484554
1589497147 9673970
1589497148 3967322
1589497149 3967322
1589497150 3967322
1589497151 11560674
1589497152 2506298
1589497153 2506298
1589497154 201698
1589497155 795274
1589497156 795274
1589497157 795274
1589497158 795274
1589497159 795274
1589497160 795274
1589497161 795274
1589497162 795274
1589497163 795274
1589497164 795274
1589497165 795274
1589497167 795274
1589497168 778286
1589497169 795274
1589497170 795274
1589497171 795274
1589497172 795274
1589497173 795274
1589497174 795274
1589497175 795274
1589497176 795274
1589497177 795274
1589497178 795274
1589497179 795274
1589497180 795274
1589497181 795274
1589497182 795274
1589497183 795274
1589497184 795274
1589497185 795274
1589497186 795274
1589497187 795274
1589497188 795274
1589497189 795274
1589497190 795274
1589497191 795274
1589497192 795274
1589497193 795274
1589497194 795274
1589497195 795274
1589497196 795274
1589497197 795274
1589497198 795274
1589497199 795274
1589497200 795274
1589497201 795274
1589497202 795274
1589497203 795274
1589497204 795274
1589497205 795274
1589497207 795274
1589497208 795274
1589497209 795274
1589497210 795274
1589497211 795274
1589497212 795274
1589497213 795274
1589497214 795274
1589497215 795274
1589497216 201698
1589497217 201698
1589497218 201698
1589497219 201698
1589497220 201698
1589497221 201698
1589497222 201698
1589497223 201698
1589497224 201698
1589497225 959146
1589497226 959146
1589497227 959146
1589497228 959146
1589497229 959146
1589497230 959146
1589497231 959146
1589497232 959146
1589497233 959146
1589497234 959146
1589497235 959146
1589497236 959146
1589497237 959146
1589497238 959146
1589497239 959146
1589497240 959146
1589497241 959146
1589497242 959146
1589497243 959146
1589497244 959146
1589497245 959146
1589497246 959146
1589497248 959146
1589497249 959146
1589497250 959146
1589497251 959146
1589497252 959146
1589497253 959146
1589497254 959146
1589497255 959146
1589497256 959146
1589497257 959146
1589497258 959146
1589497259 959146
1589497260 959146
1589497261 959146
1589497262 959146
1589497263 959146
1589497264 959146
1589497265 959146
1589497266 959146
1589497267 959146
1589497268 959146
1589497269 959146
1589497270 959146
1589497271 959146
1589497272 959146
1589497273 959146
1589497274 959146
1589497275 959146
1589497276 959146
1589497277 959146
1589497278 959146
1589497279 959146
1589497280 959146
1589497281 959146
1589497282 959146
1589497283 959146
1589497284 959146
1589497285 959146
1589497286 959146
1589497287 959146
1589497288 959146
1589497290 959146
1589497291 959146
1589497292 959146
1589497293 959146
1589497294 959146
1589497295 959146
1589497296 959146
1589497297 959146
1589497298 959146
1589497299 959146
1589497300 959146
1589497301 959146
1589497302 959146
1589497303 959146
1589497304 959146
1589497305 959146
1589497306 959146
1589497307 959146
1589497308 959146
1589497309 959146
1589497310 959146
1589497311 959146
1589497312 959146
1589497313 959146
1589497314 959146
1589497315 959146
1589497316 959146
1589497317 959146
1589497318 959146
1589497319 959146
1589497320 959146
1589497321 959146
1589497322 959146
1589497323 959146
1589497324 959146
1589497325 959146
1589497326 959146
1589497327 959146
1589497328 959146
1589497329 959146
1589497331 959146
1589497332 959146
1589497333 959146
1589497334 959146
1589497335 959146
1589497336 959146
1589497337 959146
1589497338 959146
1589497339 959146
1589497340 959146
1589497341 959146
1589497342 959146
1589497343 959146
1589497344 959146
1589497345 959146
1589497346 959146
1589497347 959146
1589497348 184710
1589497349 201698
1589497350 201698
1589497351 201698
1589497352 201698
1589497353 201698
1589497354 201698
1589497355 201698
1589497356 1217218
1589497357 1053386
1589497358 1053386
1589497359 1053386
1589497360 1053386
1589497361 1053386
1589497362 1053386
1589497363 1053386
1589497364 1053386
1589497365 1053386
1589497366 1053386
1589497367 1053386
1589497368 1053386
1589497369 1053386
1589497370 1053386
1589497372 1053386
1589497373 1053386
1589497374 1053386
1589497375 1053386
1589497376 1053386
1589497377 1053386
1589497378 1053386
1589497379 1053386
1589497380 1053386
1589497381 1053386
1589497382 1053386
1589497383 1053386
1589497384 1053386
1589497385 1053386
1589497386 1053386
1589497387 1053386
1589497388 1053386
1589497389 1053386
1589497390 1053386
1589497391 1053386
1589497392 1053386
1589497393 1053386
1589497394 1053386
1589497395 1053386
1589497396 1053386
1589497397 1053386
1589497398 1053386
1589497399 1053386
1589497400 1053386
1589497401 1053386
1589497402 1053386
1589497403 1053386
1589497404 1053386
1589497405 1053386
1589497406 1053386
1589497407 1053386
1589497408 1053386
1589497409 1053386
1589497410 1053386
1589497411 1053386
1589497412 1053386
1589497414 1053386
1589497415 1053386
1589497416 1053386
1589497417 1053386
1589497418 1053386
1589497419 1053386
1589497420 1053386
1589497421 1053386
1589497422 1053386
1589497423 1053386
1589497424 1053386
1589497425 1053386
1589497426 1053386
1589497427 1053386
1589497428 1053386
1589497429 1053386
1589497430 1053386
1589497431 1053386
1589497432 1053386
1589497433 1053386
1589497434 1053386
1589497435 1053386
1589497436 1053386
1589497437 1053386
1589497438 1053386
1589497439 1036398
1589497440 1053386
1589497441 1053386
1589497442 1053386
1589497443 1053386
1589497444 1053386
1589497445 1053386
1589497446 1053386
1589497447 1053386
1589497448 1053386
1589497449 1053386
1589497450 1053386
1589497451 1053386
1589497452 1053386
1589497453 1053386
1589497454 1053386
1589497456 1053386
1589497457 1053386
1589497458 1053386
1589497459 1053386
1589497460 1053386
1589497461 1053386
1589497462 1053386
1589497463 1053386
1589497464 1053386
1589497465 1053386
1589497466 1053386
1589497467 1053386
1589497468 1053386
1589497469 1053386
1589497470 1053386
1589497471 1053386
1589497472 1053386
1589497473 1053386
1589497474 1053386
1589497475 1053386
1589497476 1053386
1589497477 1053386
1589497478 1053386
1589497479 1053386
1589497480 1053386
1589497481 1053386
1589497482 1053386
1589497483 1053386
1589497484 1053386
1589497485 1745226
1589497486 1646930
1589497487 1646930
1589497488 1646930
1589497489 1646930
1589497490 1629942
1589497491 1646930
1589497492 795242
1589497493 201698
1589497494 201698
1589497496 201698
1589497497 201698
1589497498 201698
1589497499 201698
1589497500 201698
1589497501 201698
1589497502 201698
1589497503 1516850
1589497504 1516850
1589497505 1516850
1589497506 1516850
1589497507 1499862
1589497508 1516850
1589497509 1516850
1589497510 1516850
1589497511 1516850
1589497512 1516850
1589497513 1516850
1589497514 1516850
1589497515 1516850
1589497516 1516850
1589497517 1516850
1589497518 1516850
1589497519 1516850
1589497520 1516850
1589497521 1516850
1589497522 1516850
1589497523 1516850
1589497524 1516850
1589497525 1516850
1589497526 1516850
1589497527 1516850
1589497528 1516850
1589497529 1516850
1589497530 1516850
1589497531 1516850
1589497532 1516850
1589497533 1516850
1589497534 1516850
1589497535 1516850
1589497536 1516850
1589497537 1516850
1589497538 1516850
1589497540 1516850
1589497541 1516850
1589497542 1516850
1589497543 1516850
1589497544 1516850
1589497545 1516850
1589497546 1516850
1589497547 1516850
1589497548 1516850
1589497549 1516850
1589497550 1516850
1589497551 1516850
1589497552 1499862
1589497553 1516850
1589497554 1516850
1589497555 1516850
1589497556 1516850
1589497557 1516850
1589497558 1516850
1589497559 1516850
1589497560 1516850
1589497561 1516850
1589497562 1516850
1589497563 1516850
1589497564 1516850
1589497565 1516850
1589497566 1516850
1589497567 1516850
1589497568 1516850
1589497569 1516850
1589497570 1516850
1589497571 1516850
1589497572 1516850
1589497573 1516850
1589497574 1516850
1589497575 1516850
1589497576 1516850
1589497577 1516850
1589497578 1516850
1589497579 1516850
1589497580 1516850
1589497582 1516850
1589497583 1516850
1589497584 1516850
1589497585 1516850
1589497586 1516850
1589497587 1516850
1589497588 1516850
1589497589 1516850
1589497590 1516850
1589497591 1516850
1589497592 1516850
1589497593 1516850
1589497594 1516850
1589497595 1516850
1589497596 1516850
1589497597 1516850
1589497598 1516850
1589497599 1516850
1589497600 1516850
1589497601 1516850
1589497602 1516850
1589497603 1516850
1589497604 1516850
1589497605 1516850
1589497606 1516850
1589497607 1516850
1589497608 1516850
1589497609 1516850
1589497610 1516850
1589497611 1516850
1589497612 1516850
1589497613 1516850
1589497614 1516850
1589497615 1516850
1589497616 1516850
1589497617 1561394
1589497618 1520442
1589497619 1516858
1589497620 242754
1589497621 201706
1589497622 201706
1589497623 1409778
1589497625 1409778
1589497626 1409778
1589497627 1409778
1589497628 1409778
1589497629 1409778
1589497630 1409778
1589497631 1409778
1589497632 1409778
1589497633 1409778
1589497634 1409778
1589497635 1409778
1589497636 1409778
1589497637 1409778
1589497638 1409778
1589497639 1409778
1589497640 1409778
1589497641 1409778
1589497642 1409778
1589497643 1409778
1589497644 1409778
1589497645 1409778
1589497646 1409778
1589497647 1409778
1589497648 1409778
1589497649 1409778
1589497650 1409778
1589497651 1409778
1589497652 1409778
1589497653 1409778
1589497654 1409778
1589497655 1409778
1589497656 1409778
1589497657 1409778
1589497658 1409778
1589497659 1409778
1589497660 1392790
1589497661 1409778
1589497662 1392790
1589497663 1409778
1589497664 1409778
1589497666 1409778
1589497667 1409778
1589497668 1409778
1589497669 1409778
1589497670 1409778
1589497671 1409778
1589497672 1409778
1589497673 1409778
1589497674 1409778
1589497675 1409778
1589497676 1409778
1589497677 1409778
1589497678 1409778
1589497679 1409778
1589497680 1409778
1589497681 1409778
1589497682 1409778
1589497683 1409778
1589497684 1409778
1589497685 1409778
1589497686 1409778
1589497687 1409778
1589497688 1409778
1589497689 1409778
1589497690 1409778
1589497691 1409778
1589497692 1409778
1589497693 1409778
1589497694 1409778
1589497695 1409778
1589497696 1409778
1589497697 1409778
1589497698 1409778
1589497699 1409778
1589497700 1409778
1589497701 1409778
1589497702 1409778
1589497703 1409778
1589497704 1409778
1589497705 1409778
1589497706 1409778
1589497708 1409778
1589497709 1409778
1589497710 1409778
1589497711 1409778
1589497712 1409778
1589497713 1409778
1589497714 1409778
1589497715 1409778
1589497716 1409778
1589497717 1409778
1589497718 1409778
1589497719 1409778
1589497720 1409778
1589497721 1409778
1589497722 1409778
1589497723 1409778
1589497724 1409778
1589497725 1409778
1589497726 1409778
1589497727 1409778
1589497728 1409778
1589497729 1409778
1589497730 1409778
1589497731 1409778
1589497732 1409778
1589497733 1409778
1589497734 1409778
1589497735 1409778
1589497736 1409778
1589497737 1409778
1589497738 1409778
1589497739 1409778
1589497740 1409778
1589497741 1409778
1589497742 1409778
1589497743 1409778
1589497744 1409778
1589497745 1409778
1589497746 1409778
1589497747 1409778
1589497749 1392790
1589497750 1409778
1589497751 1409778
1589497752 1409778
1589497753 1392790
1589497754 1409778
1589497755 1409778
1589497756 1409778
1589497757 1409778
1589497758 1409778
1589497759 1409778
1589497760 201698
1589497761 201698
1589497762 201698
1589497763 201698
1589497764 201698
1589497765 201698
1589497766 201698
1589497767 9284298
1589497768 9284298
1589497769 9284298
1589497770 9284298
1589497771 9284298
1589497772 9284298
1589497773 9284298
1589497774 9284298
1589497775 9284298
1589497776 9284298
1589497777 9284298
1589497778 9284298
1589497779 9284298
1589497780 9284298
1589497781 9284298
1589497782 9284298
1589497783 9284298
1589497784 9284298
1589497785 9284298
1589497786 9284298
1589497787 9284298
1589497788 9284298
1589497789 9284298
1589497790 9284298
1589497791 9284298
1589497793 9284298
1589497794 9284298
1589497795 9284298
1589497796 9284298
1589497797 9284298
1589497798 9284298
1589497799 9284298
1589497800 9284298
1589497801 9284298
1589497802 9284298
1589497803 9284298
1589497804 9284298
1589497805 9284298
1589497806 9284298
1589497807 9284298
1589497808 9284298
1589497809 9284298
1589497810 9284298
1589497811 9284298
1589497812 9284298
1589497813 9284298
1589497814 9284298
1589497815 9284298
1589497816 9284298
1589497817 9284298
1589497818 9284298
1589497819 9284298
1589497820 9284298
1589497821 9284298
1589497822 9284298
1589497823 9284298
1589497824 9284298
1589497825 9284298
1589497826 9284298
1589497827 9284298
1589497828 9284298
1589497829 9284298
1589497830 9284298
1589497831 9284298
1589497832 9284298
1589497834 9284298
1589497835 9284298
1589497836 9284298
1589497837 9284298
1589497838 9267310
1589497839 9284298
1589497840 9284298
1589497841 9284298
1589497842 9284298
1589497843 9284298
1589497844 9284298
1589497845 9284298
1589497846 9284298
1589497847 9284298
1589497848 9284298
1589497849 9284298
1589497850 9284298
1589497851 9284298
1589497852 9284298
1589497853 9284298
1589497854 9284298
1589497855 9284298
1589497856 9284298
1589497857 9284298
1589497858 9284298
1589497859 9284298
1589497860 9284298
1589497861 9284298
1589497862 9284298
1589497863 9284298
1589497864 9284298
1589497865 9284298
1589497866 9267310
1589497867 9284298
1589497868 9284298
1589497869 9284298
1589497870 9284298
1589497871 9284298
1589497872 9284298
1589497873 9284298
1589497874 9284298
1589497876 9284298
1589497877 9284298
1589497878 9284298
1589497879 9284298
1589497880 9284298
1589497881 9284298
1589497882 9284298
1589497883 9284298
1589497884 9284298
1589497885 9284298
1589497886 201698
1589497887 201698
1589497888 201698
1589497889 1354250
1589497890 1354250
1589497891 1354250
1589497892 201698
1589497893 201698
1589497894 201698
1589497895 201698
1589497896 201698
1589497897 201698
1589497898 201698
1589497899 201698
1589497900 1164010
1589497901 1164010
1589497902 1164010
1589497903 1164010
1589497904 1164010
1589497905 1164010
1589497906 1164010
1589497907 1164010
1589497908 1164010
1589497909 1164010
1589497910 1164010
1589497911 1164010
1589497912 1164010
1589497913 1164010
1589497914 1164010
1589497915 1164010
1589497916 1164010
1589497918 1164010
1589497919 1164010
1589497920 1164010
1589497921 1164010
1589497922 1164010
1589497923 1164010
1589497924 1164010
1589497925 1164010
1589497926 1164010
1589497927 1164010
1589497928 1164010
1589497929 1164010
1589497930 1164010
1589497931 1164010
1589497932 1164010
1589497933 1164010
1589497934 1164010
1589497935 1164010
1589497936 1164010
1589497937 1164010
1589497938 1164010
1589497939 1164010
1589497940 1164010
1589497941 1164010
1589497942 1164010
1589497943 1147022
1589497944 1164010
1589497945 1164010
1589497946 1164010
1589497947 1164010
1589497948 1164010
1589497949 1164010
1589497950 1164010
1589497951 1164010
1589497952 1164010
1589497953 1164010
1589497954 1164010
1589497955 1164010
1589497956 1164010
1589497957 1164010
1589497958 1164010
1589497960 1164010
1589497961 1164010
1589497962 1164010
1589497963 1164010
1589497964 1164010
1589497965 1164010
1589497966 1164010
1589497967 1164010
1589497968 1164010
1589497969 1164010
1589497970 1164010
1589497971 1164010
1589497972 1164010
1589497973 1164010
1589497974 1164010
1589497975 1164010
1589497976 1164010
1589497977 1164010
1589497978 1164010
1589497979 1164010
1589497980 1164010
1589497981 1164010
1589497982 1164010
1589497983 1164010
1589497984 1164010
1589497985 1164010
1589497986 1164010
1589497987 1164010
1589497988 1164010
1589497989 1164010
1589497990 1164010
1589497991 1164010
1589497992 1164010
1589497993 1164010
1589497994 1164010
1589497995 1164010
1589497996 1164010
1589497997 1164010
1589497998 1164010
1589498000 1164010
1589498001 1164010
1589498002 1164010
1589498003 1164010
1589498004 1164010
1589498005 1164010
1589498006 1164010
1589498007 1164010
1589498008 1164010
1589498009 1164010
1589498010 1164010
1589498011 1164010
1589498012 1164010
1589498013 1164010
1589498014 1164010
1589498015 1164010
1589498016 1164010
1589498017 1164010
1589498018 1164010
1589498019 1164010
1589498020 1164010
1589498021 1164010
1589498022 1164010
1589498023 1164010
1589498024 1164010
1589498025 1164010
1589498026 1164010
1589498027 1045666
1589498028 1045666
1589498029 1045666
1589498030 1045666
1589498031 1045666
1589498032 1045666
1589498033 1045666
1589498034 201698
1589498035 201698
1589498036 201698
1589498037 201698
1589498038 201698
1589498039 201698
1589498040 201698
1589498041 2192402
1589498043 2192402
1589498044 2192402
1589498045 2192402
1589498046 2192402
1589498047 2192402
1589498048 2192402
1589498049 2192402
1589498050 2175414
1589498051 2192402
1589498052 2192402
1589498053 2192402
1589498054 2192402
1589498055 2192402
1589498056 2192402
1589498057 2192402
1589498058 2192402
1589498059 2192402
1589498060 2192402
1589498061 2192402
1589498062 2192402
1589498063 2192402
1589498064 2192402
1589498065 2192402
1589498066 2192402
1589498067 2192402
1589498068 2192402
1589498069 2192402
1589498070 2192402
1589498071 2192402
1589498072 2192402
1589498073 2192402
1589498074 2192402
1589498075 2192402
1589498076 2192402
1589498077 2175414
1589498078 2192402
1589498079 2192402
1589498080 2192402
1589498081 2192402
1589498082 2192402
1589498084 2192402
1589498085 2192402
1589498086 2192402
1589498087 2192402
1589498088 2192402
1589498089 2192402
1589498090 2192402
1589498091 2192402
1589498092 2192402
1589498093 2192402
1589498094 2192402
1589498095 2192402
1589498096 2192402
1589498097 2192402
1589498098 2192402
1589498099 2192402
1589498100 2192402
1589498101 2192402
1589498102 2192402
1589498103 2192402
1589498104 2192402
1589498105 2192402
1589498106 2192402
1589498107 2192402
1589498108 2192402
1589498109 2192402
1589498110 2192402
1589498111 2192402
1589498112 2192402
1589498113 2192402
1589498114 2192402
1589498115 2192402
1589498116 2192402
1589498117 2192402
1589498118 2192402
1589498119 2192402
1589498120 2192402
1589498121 2192402
1589498122 2192402
1589498123 2192402
1589498124 2192402
1589498126 2192402
1589498127 2192402
1589498128 2192402
1589498129 2192402
1589498130 2192402
1589498131 2192402
1589498132 2192402
1589498133 2192402
1589498134 2192402
1589498135 2192402
1589498136 2192402
1589498137 2192402
1589498138 2192402
1589498139 2192402
1589498140 2192402
1589498141 201698
1589498142 201698
1589498143 201698
1589498144 201698
1589498145 811626
1589498146 811626
1589498147 811626
1589498148 811626
1589498149 811626
1589498150 811626
1589498151 811626
1589498152 811626
1589498153 811626
1589498154 811626
1589498155 811626
1589498156 811626
1589498157 811626
1589498158 811626
1589498159 811626
1589498160 811626
1589498161 811626
1589498162 811626
1589498163 201698
1589498165 201698
1589498166 201698
1589498167 201698
1589498168 201698
1589498169 201698
1589498170 201698
1589498171 184710
1589498172 201698
1589498173 201698
1589498174 1614674
1589498175 1614674
1589498176 1614674
1589498177 1614674
1589498178 1614674
1589498179 1614674
1589498180 1614674
1589498181 1614674
1589498182 1614674
1589498183 1614674
1589498184 1614674
1589498185 1614674
1589498186 1614674
1589498187 1614674
1589498188 1614674
1589498189 1614674
1589498190 1614674
1589498191 1614674
1589498192 1614674
1589498193 1614674
1589498194 1614674
1589498195 1614674
1589498196 1614674
1589498197 1614674
1589498198 1614674
1589498199 1614674
1589498200 1614674
1589498201 1614674
1589498202 1614674
1589498203 1614674
1589498204 1614674
1589498205 1614674
1589498206 1614674
1589498208 1614674
1589498209 1614674
1589498210 1614674
1589498211 1614674
1589498212 1614674
1589498213 1614674
1589498214 1614674
1589498215 1614674
1589498216 1614674
1589498217 1614674
1589498218 1614674
1589498219 1614674
1589498220 1614674
1589498221 1614674
1589498222 1614674
1589498223 1614674
1589498224 1614674
1589498225 1614674
1589498226 1614674
1589498227 1614674
1589498228 1614674
1589498229 1614674
1589498230 1614674
1589498231 1614674
1589498232 1614674
1589498233 1614674
1589498234 1614674
1589498235 1614674
1589498236 1614674
1589498237 1614674
1589498238 1614674
1589498239 1614674
1589498240 1614674
1589498241 1614674
1589498242 1614674
1589498243 1614674
1589498244 1614674
1589498245 1614674
1589498246 1614674
1589498247 1614674
1589498248 1614674
1589498250 1614674
1589498251 1614674
1589498252 1614674
1589498253 1614674
1589498254 1614674
1589498255 1614674
1589498256 1614674
1589498257 1614674
1589498258 1614674
1589498259 1614674
1589498260 1614674
1589498261 1614674
1589498262 1614674
1589498263 1614674
1589498264 1614674
1589498265 1614674
1589498266 1614674
1589498267 1614674
1589498268 1614674
1589498269 1614674
1589498270 1614674
1589498271 1614674
1589498272 1614674
1589498273 1614674
1589498274 1614674
1589498275 1614674
1589498276 1614674
1589498277 1614674
1589498278 1614674
1589498279 1614674
1589498280 1614674
1589498281 201698
1589498282 201698
1589498283 201698
1589498284 1024650
1589498285 1024650
1589498286 1024650
1589498287 1024650
1589498288 1024650
1589498289 1024650
1589498291 1024650
1589498292 1007662
1589498293 1024650
1589498294 1024650
1589498295 1024650
1589498296 1024650
1589498297 1024650
1589498298 1024650
1589498299 1007662
1589498300 1024650
1589498301 1024650
1589498302 1024650
1589498303 1024650
1589498304 775218
1589498305 201698
1589498306 201698
1589498307 201698
1589498308 201698
1589498309 201698
1589498310 201698
1589498311 201698
1589498312 201698
1589498313 1942466
1589498314 1942466
1589498315 1942466
1589498316 1942466
1589498317 1942466
1589498318 1942466
1589498319 1942466
1589498320 1942466
1589498321 1942466
1589498322 1942466
1589498323 1942466
1589498324 1942466
1589498325 1942466
1589498326 1942466
1589498327 1942466
1589498328 1925478
1589498329 1942466
1589498330 1942466
1589498331 1942466
1589498333 1942466
1589498334 1942466
1589498335 1942466
1589498336 1942466
1589498337 1942466
1589498338 1942466
1589498339 1942466
1589498340 1942466
1589498341 1942466
1589498342 1942466
1589498343 1942466
1589498344 184710
1589498345 201698
1589498346 664170
1589498347 664170
1589498348 664170
1589498349 201698
1589498350 201698
1589498351 201698
1589498352 201698
1589498353 201698
1589498354 1115134
1589498355 1106602
1589498356 1106602
1589498357 1106602
1589498358 1106602
1589498359 1106602
1589498360 1106602
1589498361 1106602
1589498362 1106602
1589498363 1106602
1589498364 1106602
1589498365 1106602
1589498366 1106602
1589498367 1106602
1589498368 1106602
1589498369 1106602
1589498370 1106602
1589498371 1106602
1589498373 1106602
1589498374 1106602
1589498375 1106602
1589498376 1106602
1589498377 1106602
1589498378 1106602
1589498379 1106602
1589498380 1106602
1589498381 1106602
1589498382 1106602
1589498383 1106602
1589498384 1106602
1589498385 1106602
1589498386 1106602
1589498387 1106602
1589498388 1106602
1589498389 1106602
1589498390 1106602
1589498391 1106602
1589498392 1106602
1589498393 1106602
1589498394 1106602
1589498395 1106602
1589498396 1106602
1589498397 1106602
1589498398 1106602
1589498399 1106602
1589498400 1106602
1589498401 1106602
1589498402 1106602
1589498403 1106602
1589498404 1106602
1589498405 1089614
1589498406 1106602
1589498407 1089614
1589498408 1106602
1589498409 1106602
1589498410 1106602
1589498411 1106602
1589498412 1106602
1589498413 1106602
1589498414 1106602
1589498415 1106602
1589498417 1106602
1589498418 1106602
1589498419 1106602
1589498420 1106602
1589498421 1106602
1589498422 1106602
1589498423 1106602
1589498424 1106602
1589498425 1106602
1589498426 1106602
1589498427 1106602
1589498428 1106602
1589498429 1106602
1589498430 1106602
1589498431 1106602
1589498432 1106602
1589498433 1106602
1589498434 1106602
1589498435 1089614
1589498436 1106602
1589498437 1106602
1589498438 1106602
1589498439 1106602
1589498440 1106602
1589498441 201698
1589498442 201698
1589498443 201698
1589498444 201698
1589498445 201698
1589498446 201698
1589498447 201698
1589498448 1319658
1589498449 1319658
1589498450 1319658
1589498451 1319658
1589498452 1319658
1589498453 1319658
1589498454 1319658
1589498455 1319658
1589498457 1319658
1589498458 1319658
1589498459 1319658
1589498460 1319658
1589498461 1319658
1589498462 1319658
1589498463 1319658
1589498464 1319658
1589498465 1319658
1589498466 1319658
1589498467 1319658
1589498468 1319658
1589498469 1319658
1589498470 1319658
1589498471 1319658
1589498472 1319658
1589498473 1319658
1589498474 1319658
1589498475 1319658
1589498476 1319658
1589498477 1319658
1589498478 1319658
1589498479 1319658
1589498480 1319658
1589498481 1319658
1589498482 1319658
1589498483 1319658
1589498484 1319658
1589498485 1319658
1589498486 1319658
1589498487 1319658
1589498488 1319658
1589498489 1319658
1589498490 1319658
1589498491 1319658
1589498492 1319658
1589498493 1319658
1589498494 1319658
1589498495 1319658
1589498496 1319658
1589498497 1319658
1589498499 1319658
1589498500 1319658
1589498501 1319658
1589498502 1319658
1589498503 1319658
1589498504 1319658
1589498505 1319658
1589498506 1302670
1589498507 1319658
1589498508 1319658
1589498509 1319658
1589498510 1319658
1589498511 1319658
1589498512 1319658
1589498513 1319658
1589498514 1319658
1589498515 1319658
1589498516 1319658
1589498517 1319658
1589498518 1319658
1589498519 1319658
1589498520 1319658
1589498521 1319658
1589498522 1319658
1589498523 1319658
1589498524 1319658
1589498525 1319658
1589498526 1319658
1589498527 1319658
1589498528 1319658
1589498529 1319658
1589498530 1319658
1589498531 1319658
1589498532 1319658
1589498533 1319658
1589498534 1319658
1589498535 1319658
1589498536 1319658
1589498537 1319658
1589498538 1319658
1589498540 1319658
1589498541 1319658
1589498542 1319658
1589498543 1319658
1589498544 1319658
1589498545 1319658
1589498546 1319658
1589498547 1319658
1589498548 1319658
1589498549 1319658
1589498550 1319658
1589498551 1319658
1589498552 1319658
1589498553 1319658
1589498554 1319658
1589498555 1319658
1589498556 1319658
1589498557 1319658
1589498558 1319658
1589498559 1319658
1589498560 1319658
1589498561 1319658
1589498562 1319658
1589498563 1319658
1589498564 1319658
1589498565 1319658
1589498566 1319658
1589498567 1319658
1589498568 1319658
1589498569 1319658
1589498570 1319658
1589498571 1319658
1589498572 1319658
1589498573 1319658
1589498574 1319658
1589498575 1319658
1589498576 1319658
1589498577 1319658
1589498578 1319658
1589498579 1319658
1589498580 1319658
1589498581 1319658
1589498583 201698
1589498584 201698
1589498585 201698
1589498586 201698
1589498587 201698
1589498588 201698
1589498589 1139370
1589498590 201698
1589498591 201698
1589498592 201698
1589498593 201698
1589498594 201698
1589498595 184710
1589498596 7924554
1589498597 7924554
1589498598 7924554
1589498599 7924554
1589498600 7924554
1589498601 7924554
1589498602 7924554
1589498603 7924554
1589498604 7924554
1589498605 7924554
1589498606 7924554
1589498607 7924554
1589498608 7924554
1589498609 7907566
1589498610 7924554
1589498611 7924554
1589498612 7924554
1589498613 7924554
1589498614 7924554
1589498615 7924554
1589498616 7924554
1589498617 7924554
1589498618 7924554
1589498619 7924554
1589498620 198114
1589498621 198114
1589498622 198114
1589498623 186048
1589498625 186048
1589498626 186048
1589498627 186048
1589498628 186048
1589498629 186048
1589498630 186048
1589498631 186048
1589498632 186048
1589498633 186048
1589498634 186048
1589498635 186048
1589498636 186048
1589498637 186048
1589498638 186048
1589498639 186048
1589498640 186048
1589498641 186048
1589498642 186048
1589498643 186048
1589498644 186048
1589498645 186048
1589498646 186048
1589498647 186048
1589498648 186048
1589498649 186048
1589498650 186048
1589498651 186048
1589498652 186048
1589498653 186048
1589498654 186048
1589498655 186048
1589498656 186048
1589498657 186048
1589498658 186048
1589498659 186048
1589498660 186048
1589498661 186048
1589498662 186048
1589498663 186048
1589498664 186048
1589498665 186048
1589498666 186048
1589498668 186048
1589498669 186048
1589498670 186048
1589498671 186048
1589498672 186048
1589498673 186048
1589498674 186048
1589498675 186048
1589498676 186048
1589498677 186048
1589498678 186048
1589498679 186048
1589498680 186048
1589498681 186048
1589498682 186048
1589498683 186048
1589498684 186048
1589498685 186048
1589498686 186048
1589498687 186048
1589498688 186048
1589498689 186048
1589498690 186048
1589498691 186048
1589498692 186048
1589498693 186048
1589498694 186048
1589498695 186048
