1589495060 123968
1589495061 227249196
1589495062 485851756
1589495063 749370796
1589495064 1033030668
1589495065 1297573828
1589495067 1520300900
1589495068 1519356612
1589495069 1549905100
1589495070 1549903076
1589495071 1612537986
1589495072 1871386386
1589495073 2127366946
1589495074 2178563084
1589495075 1548403460
1589495076 1548354316
1589495077 1548354316
1589495078 1548354316
1589495079 1547158028
1589495080 1547158028
1589495081 1547158028
1589495082 1548214239
1589495083 1582818258
1589495084 1828555826
1589495085 2078145066
1589495086 1583620772
1589495087 1583753964
1589495088 1583753964
1589495089 1583753964
1589495090 1583753964
1589495091 1599027642
1589495092 1862825250
1589495093 2105728178
1589495094 2105760964
1589495095 2105760964
1589495096 2105760964
1589495097 2105760964
1589495098 1998952252
1589495099 1578182476
1589495100 1578182476
1589495101 1642947874
1589495102 1912661594
1589495103 2177819434
1589495104 1930139412
1589495105 1503757052
1589495106 1609328530
1589495107 1852362570
1589495108 2025419908
1589495109 2025419908
1589495110 2025419908
1589495111 2025419908
1589495112 2025419908
1589495113 1725943484
1589495114 1641422442
1589495115 1892146042
1589495116 2004485780
1589495117 2004485780
1589495118 2004485780
1589495119 2004485780
1589495120 2004485780
1589495122 2004485780
1589495123 2004485780
1589495124 2004468792
1589495125 2004485780
1589495126 2004485780
1589495127 2004485780
1589495128 1534453900
1589495129 1484232836
1589495130 1482872676
1589495131 1482855688
1589495132 1702668594
1589495133 1967449522
1589495134 2226789562
1589495135 2484650706
1589495136 2355562380
1589495137 2004260994
1589495138 2259373042
1589495139 2259446788
1589495140 2259446788
1589495141 2259446788
1589495142 2051032380
1589495143 1765757900
1589495144 1769377460
1589495145 1767554348
1589495146 1767554348
1589495147 1761736876
1589495148 1758344716
1589495149 1511582388
1589495150 1184322252
1589495151 1184322252
1589495152 911748804
1589495153 911707852
1589495154 911707852
1589495155 911707852
1589495156 911707852
1589495157 911707852
1589495158 1074260490
1589495159 1326471810
1589495160 1417249020
1589495161 1417249020
1589495162 1417249020
1589495163 1083514968
1589495164 1267110386
1589495165 1514077546
1589495166 1753506146
1589495167 1789608956
1589495168 1789608956
1589495169 1789608956
1589495170 1789608956
1589495171 1789608956
1589495172 1789608956
1589495173 1789608956
1589495174 1789608956
1589495175 1717153556
1589495176 1211635420
1589495177 1478137026
1589495179 1570204836
1589495180 1570204836
1589495181 1570204836
1589495182 1570204836
1589495183 1570204836
1589495184 1570204836
1589495185 1570204836
1589495186 1570204836
1589495187 1570204836
1589495188 1570204836
1589495189 1570204836
1589495190 1445369228
1589495191 1065171708
1589495192 1065171708
1589495193 1065171708
1589495194 1065171708
1589495195 1065171708
1589495196 1065270084
1589495197 1065270084
1589495198 1065270084
1589495199 1065270084
1589495200 1065270084
1589495201 1065270084
1589495202 1065270084
1589495203 1065270084
1589495204 795892316
1589495205 359193116
1589495206 359193116
1589495207 485782370
1589495208 726522170
1589495209 727726636
1589495210 538142068
1589495211 537847052
1589495212 537847052
1589495213 537847052
1589495214 537847052
1589495215 537748700
1589495216 521032772
1589495217 521032772
1589495218 521032772
1589495219 521032772
1589495220 521032772
1589495221 521032772
1589495222 521729228
1589495223 521729228
1589495224 521729228
1589495225 521729228
1589495226 521729228
1589495227 521729228
1589495228 521032748
1589495229 521032748
1589495230 521032748
1589495231 521032748
1589495233 521032748
1589495234 521032748
1589495235 694729226
1589495236 942187946
1589495237 681504060
1589495238 518525420
1589495239 519549620
1589495240 519549620
1589495241 519549620
1589495242 519549620
1589495243 519549620
1589495244 519549620
1589495245 519549620
1589495246 519549620
1589495247 519549620
1589495248 726911114
1589495249 990430154
1589495250 624387764
1589495251 535605788
1589495252 673707452
1589495253 673690464
1589495254 673707452
1589495255 672703708
1589495256 893162274
1589495257 1152092594
1589495258 1212580756
1589495259 1212580756
1589495260 1212580756
1589495261 1212580756
1589495262 1212580756
1589495263 1203444420
1589495264 656355588
1589495265 531316252
1589495266 531316252
1589495267 531981275
1589495268 531971716
1589495269 531971716
1589495270 531971716
1589495271 531971716
1589495272 575989922
1589495273 856388602
1589495274 1019776940
1589495275 1019776940
1589495276 881011556
1589495277 487937204
1589495278 487937204
1589495279 488658236
1589495280 488658236
1589495281 487937180
1589495282 487937180
1589495283 489035132
1589495284 489035132
1589495286 489035132
1589495287 489035132
1589495288 490378916
1589495289 490378916
1589495290 490378916
1589495291 614087690
1589495292 886292450
1589495293 701820876
1589495294 527321444
1589495295 525453308
1589495296 525453308
1589495297 525453308
1589495298 527305092
1589495299 527305092
1589495300 527305092
1589495301 527276380
1589495302 525408204
1589495303 525408204
1589495304 521409588
1589495305 521409588
1589495306 707122418
1589495307 963758498
1589495308 475928780
1589495309 477567524
1589495310 477567524
1589495311 477567524
1589495312 477567524
1589495313 478935884
1589495314 477264356
1589495315 475896068
1589495316 477792900
1589495317 477034972
1589495318 476994020
1589495319 492611604
1589495320 753213682
1589495321 777230260
1589495322 369328954
1589495323 367321508
1589495324 367321508
1589495325 367321508
1589495326 367321508
1589495327 367321508
1589495328 367321508
1589495329 367321508
1589495330 355571380
1589495331 355904252
1589495332 358572388
1589495333 358572388
1589495334 358572388
1589495335 358572388
1589495336 355909388
1589495337 355909388
1589495338 355909388
1589495339 355909388
1589495341 473280306
1589495342 737618746
1589495343 578851756
1589495344 509987340
1589495345 509987340
1589495346 509987340
1589495347 509987340
1589495348 509987340
1589495349 509987340
1589495350 663219202
1589495351 906190130
1589495352 1019234580
1589495353 1019234580
1589495354 1019234580
1589495355 1019234580
1589495356 589582172
1589495357 510861292
1589495358 510861292
1589495359 510861292
1589495360 510861292
1589495361 510861292
1589495362 510861292
1589495363 513122772
1589495364 512627020
1589495365 510365548
1589495366 510365548
1589495367 510365548
1589495368 261431828
1589495369 261431828
1589495370 265012604
1589495371 261431828
1589495372 260486956
1589495373 260446004
1589495374 278759596
1589495375 526470946
1589495376 768787994
1589495377 1015431394
1589495378 1267052850
1589495379 1327069764
1589495380 1372333474
1589495381 1456862724
1589495382 1456862724
1589495383 1329405052
1589495384 1196810940
1589495385 1196810940
1589495386 1194295436
1589495387 1194295436
1589495388 1194295436
1589495389 1194298028
1589495390 1194298028
1589495391 1194298028
1589495392 1194298028
1589495393 1194298028
1589495395 1194232460
1589495396 1194232460
1589495397 1194232460
1589495398 1194232460
1589495399 1194347188
1589495400 1100165332
1589495401 1100165332
1589495402 1100165332
1589495403 1100165332
1589495404 1100165332
1589495405 1100165332
1589495406 1100165332
1589495407 1259279170
1589495408 1505008994
1589495409 1531147892
1589495410 1531147892
1589495411 1531147892
1589495412 1508180068
1589495413 1419000636
1589495414 1419000636
1589495415 1451334188
1589495416 1451334188
1589495417 1545819188
1589495418 1545816588
1589495419 1545816588
1589495420 1545767404
1589495421 1545767404
1589495422 1545750416
1589495423 1545767404
1589495424 1545767404
1589495425 1400704892
1589495426 1398781324
1589495427 1371986892
1589495428 1403206100
1589495429 1401411636
1589495430 1400756148
1589495431 1354705892
1589495432 1272036668
1589495433 1202756380
1589495434 1177281236
1589495435 1177281236
1589495436 1173647244
1589495437 1141313692
1589495438 1143140916
1589495439 1143140916
1589495440 1143140916
1589495441 1141313692
1589495442 1141313692
1589495443 1018706828
1589495444 1018665876
1589495445 1018665876
1589495446 1019350076
1589495447 1112335594
1589495449 1377739354
1589495450 1471917084
1589495451 1471917084
1589495452 1471917084
1589495453 1196803508
1589495454 1043750308
1589495455 1043750308
1589495456 1043750308
1589495457 1043750308
1589495458 1043750308
1589495459 1040784124
1589495460 1040784124
1589495461 1040099932
1589495462 1040099932
1589495463 1167057780
1589495464 1167057780
1589495465 1167057780
1589495466 1167057780
1589495467 1167057780
1589495468 1167057780
1589495469 1167057780
1589495470 1167057780
1589495471 1167057780
1589495472 1167057780
1589495473 1189296308
1589495474 1189296308
1589495475 1189325012
1589495476 1189325012
1589495477 1195617948
1589495478 1195617948
1589495479 1190963812
1589495480 1190963812
1589495481 1190963812
1589495482 1191355596
1589495483 1191291556
1589495484 1191291556
1589495485 1191744657
1589495486 1191750404
1589495487 1191750404
1589495488 1190980196
1589495489 1190980196
1589495490 1230180266
1589495491 1325476524
1589495492 1325459536
1589495493 1325476524
1589495494 1323809092
1589495495 1323809092
1589495496 1324497388
1589495497 1327676604
1589495498 1327676604
1589495499 1327676604
1589495500 1328414044
1589495502 1328414044
1589495503 1324546532
1589495504 1303721444
1589495505 1303721444
1589495506 1303721444
1589495507 1302984004
1589495508 1301574692
1589495509 1301574692
1589495510 1301574692
1589495511 1302017164
1589495512 1302017164
1589495513 1302017164
1589495514 1302017164
1589495515 1302017164
1589495516 1302017164
1589495517 1302017164
1589495518 1302058156
1589495519 1302058156
1589495520 1438266488
1589495521 1438283476
1589495522 1438283476
1589495523 1438283476
1589495524 1181073788
1589495525 1181032796
1589495526 1181032796
1589495527 1180647676
1589495528 1180647676
1589495529 1180647676
1589495530 1180647676
1589495531 1180647676
1589495532 1182491276
1589495533 1180647676
1589495534 1180647676
1589495535 1180205212
1589495536 1180229820
1589495537 1180188224
1589495538 1180205212
1589495539 1181721052
1589495540 1181721052
1589495541 1181721052
1589495542 1181721052
1589495543 1181721052
1589495544 1181721052
1589495545 1181721052
1589495546 1181704064
1589495547 1181721052
1589495548 1180205212
1589495549 1180205212
1589495550 1226337442
1589495551 1183499148
1589495552 1164169450
1589495553 1203222100
1589495554 1203222100
1589495556 1203222100
1589495557 1195478820
1589495558 1195478820
1589495559 1195478820
1589495560 1195478820
1589495561 1195478820
1589495562 1195478820
1589495563 1196429284
1589495564 1196429284
1589495565 1243309252
1589495566 1243309252
1589495567 1243309252
1589495568 1127161332
1589495569 1127161332
1589495570 1127161332
1589495571 1127161332
1589495572 1127161332
1589495573 1127161332
1589495574 1127161332
1589495575 1127161332
1589495576 1127161332
1589495577 1127161332
1589495578 1127161332
1589495579 1127161332
1589495580 1307560434
1589495581 1379716844
1589495582 1379716844
1589495583 1254266676
1589495584 1446153802
1589495585 1546759676
1589495586 1546759676
1589495587 1546759676
1589495588 1546759676
1589495589 1546759676
1589495590 1546759676
1589495591 1546759676
1589495592 1546759676
1589495593 1546759676
1589495594 1546759676
1589495595 1541720348
1589495596 1300779882
1589495597 1326828628
1589495598 1326828628
1589495599 1326828628
1589495600 1267413940
1589495601 905554650
1589495602 1147359650
1589495603 1268991396
1589495604 1268991396
1589495605 1314910626
1589495606 1465176276
1589495608 1465159288
1589495609 1465176276
1589495610 1465176276
1589495611 1465176276
1589495612 1465176276
1589495613 1465176276
1589495614 1476253904
1589495615 1476270892
1589495616 1476270892
1589495617 1443650652
1589495618 1555300066
1589495619 1737399436
1589495620 1737399436
1589495621 1737399436
1589495622 1737399436
1589495623 1737399436
1589495624 1737399436
1589495625 1432031516
1589495626 1150149692
1589495627 1150149692
1589495628 999380092
1589495629 999380092
1589495630 1151165810
1589495631 1209003140
1589495632 1197908524
1589495633 1356314858
1589495634 1608034618
1589495635 1575913980
1589495636 1575873028
1589495637 1575873028
1589495638 1575873028
1589495639 1575873028
1589495640 1575856040
1589495641 1575873028
1589495642 1575873028
1589495643 1575873028
1589495644 1575873028
1589495645 1575873028
1589495646 1575873028
1589495647 1575873028
1589495648 1575873028
1589495649 1290435020
1589495650 792127108
1589495651 792127108
1589495652 792127108
1589495653 792127108
1589495654 792127108
1589495655 792127108
1589495656 792127108
1589495657 792127108
1589495658 792127108
1589495659 792127108
1589495660 792127108
1589495662 792127108
1589495663 793683916
1589495664 960907114
1589495665 960956284
1589495666 673170740
1589495667 857494730
1589495668 885403540
1589495669 885403540
1589495670 885403540
1589495671 885403540
1589495672 885403540
1589495673 885403540
1589495674 887812484
1589495675 887812484
1589495676 887812484
1589495677 887812484
1589495678 887812484
1589495679 887812484
1589495680 885403508
1589495681 885403508
1589495682 886658900
1589495683 843589460
1589495684 477112828
1589495685 502874818
1589495686 764484682
1589495687 1020183562
1589495688 928418988
1589495689 855058076
1589495690 906057506
1589495691 1132670756
1589495692 1005622748
1589495693 916668724
1589495694 773347572
1589495695 692620276
1589495696 692620276
1589495697 692603288
1589495698 692620276
1589495699 692620276
1589495700 692620276
1589495701 692620276
1589495702 692620276
1589495703 692620276
1589495704 692620276
1589495705 692620276
1589495706 692620276
1589495707 692620276
1589495708 692620276
1589495709 692620276
1589495710 827690202
1589495711 1073674082
1589495712 1175627988
1589495713 1175627988
1589495714 1175627988
1589495716 1175627988
1589495717 1175627988
1589495718 1175627988
1589495719 1175627988
1589495720 1175627988
1589495721 1175627988
1589495722 856676508
1589495723 579075052
1589495724 579075052
1589495725 579075052
1589495726 580656460
1589495727 580656460
1589495728 580656460
1589495729 580656460
1589495730 580656460
1589495731 580656460
1589495732 580656460
1589495733 580656460
1589495734 580656460
1589495735 580639472
1589495736 580656460
1589495737 580656460
1589495738 580656460
1589495739 579017740
1589495740 579017740
1589495741 579140258
1589495742 579132460
1589495743 579132460
1589495744 579132460
1589495745 460999492
1589495746 96108412
1589495747 96108412
1589495748 96108412
1589495749 96108412
1589495750 96108412
1589495751 96108412
1589495752 96108412
1589495753 96108412
1589495754 95993692
1589495755 192723018
1589495756 366240124
1589495757 366240124
1589495758 366240124
1589495759 366240124
1589495760 366051644
1589495761 366789084
1589495762 366789084
1589495763 366789084
1589495764 366789084
1589495765 366789084
1589495766 366789084
1589495768 366789084
1589495769 366789084
1589495770 366789084
1589495771 366789084
1589495772 366789084
1589495773 366789084
1589495774 366789084
1589495775 366051644
1589495776 366051644
1589495777 366051644
1589495778 366051644
1589495779 369989852
1589495780 366810628
1589495781 366810628
1589495782 366073188
1589495783 366073188
1589495784 369121292
1589495785 366073188
1589495786 366073188
1589495787 366073188
1589495788 366073188
1589495789 373025716
1589495790 372984764
1589495791 366110028
1589495792 369107146
1589495793 366069076
1589495794 366069076
1589495795 368069378
1589495796 368036628
1589495797 368036628
1589495798 368036628
1589495799 368036628
1589495800 368036628
1589495801 368036628
1589495802 368036628
1589495803 368315220
1589495804 366347668
1589495805 366347668
1589495806 369231892
1589495807 369231892
1589495808 369231892
1589495809 369231892
1589495810 369231892
1589495811 369231892
1589495812 372591380
1589495813 372591380
1589495814 372591380
1589495815 384767612
1589495816 382112796
1589495817 382112796
1589495818 381834204
1589495819 372919188
1589495821 366036308
1589495822 374099156
1589495823 366036308
1589495824 366036308
1589495825 367429244
1589495826 366036308
1589495827 366036308
1589495828 366036308
1589495829 366036308
1589495830 368887764
1589495831 366036308
1589495832 366036308
1589495833 366036308
1589495834 513315284
1589495835 513315284
1589495836 513315284
1589495837 513315284
1589495838 515449780
1589495839 513315276
1589495840 513315276
1589495841 521386324
1589495842 521992660
1589495843 523729724
1589495844 523729724
1589495845 523729724
1589495846 523729724
1589495847 526613900
1589495848 527330860
1589495849 518932092
1589495850 517391684
1589495851 524973410
1589495852 514277964
1589495853 514277964
1589495854 513253740
1589495855 513253740
1589495856 513253740
1589495857 514249292
1589495858 514249292
1589495859 514249292
1589495860 513253740
1589495861 513253740
1589495862 513253740
1589495863 513253740
1589495864 513253740
1589495865 515062524
1589495866 521453772
1589495867 520769572
1589495868 520769572
1589495869 520769572
1589495870 520769572
1589495871 520769572
1589495873 514919124
1589495874 513280044
1589495875 514111128
1589495876 514128116
1589495877 514128116
1589495878 514128116
1589495879 514128116
1589495880 513280044
1589495881 513280044
1589495882 513280044
1589495883 513280044
1589495884 516262612
1589495885 516262612
1589495886 516262612
1589495887 513280044
1589495888 513280044
1589495889 513280044
1589495890 514926996
1589495891 514926996
1589495892 514926996
1589495893 513280044
1589495894 513280044
1589495895 515303908
1589495896 515303908
1589495897 515303908
1589495898 515303908
1589495899 513280044
1589495900 513280044
1589495901 514427148
1589495902 514345236
1589495903 514345236
1589495904 514345236
1589495905 514345236
1589495906 514345236
1589495907 513280044
1589495908 513280044
1589495909 514365676
1589495910 514361612
1589495911 514361612
1589495912 513296428
1589495913 513296428
1589495914 514009300
1589495915 513296428
1589495916 513296428
1589495917 513296428
1589495918 514445364
1589495919 513339140
1589495920 513339140
1589495921 515653908
1589495922 515653908
1589495923 515653908
1589495924 515653908
1589495926 515653908
1589495927 515653908
1589495928 513339148
1589495929 513339148
1589495930 523204620
1589495931 523204620
1589495932 522545516
1589495933 522545516
1589495934 522545516
1589495935 513319124
1589495936 516154196
1589495937 516154196
1589495938 514834996
1589495939 514834996
1589495940 514834996
1589495941 524368668
1589495942 522852828
1589495943 522852828
1589495944 520935500
1589495945 513347908
1589495946 709217338
1589495947 964787986
1589495948 1048628948
1589495949 1048628948
1589495950 1048628948
1589495951 1048628948
1589495952 1048628948
1589495953 1048628948
1589495954 1048628948
1589495955 1048628948
1589495956 1048628948
1589495957 1048628948
1589495958 1048628948
1589495959 1048628948
1589495960 1048628948
1589495961 1048628948
1589495962 1048628948
1589495963 993770100
1589495964 791806740
1589495965 791806740
1589495966 791806740
1589495967 791806740
1589495968 791806740
1589495969 791806740
1589495970 791806740
1589495971 791806740
1589495972 791806740
1589495973 791806740
1589495974 791806740
1589495975 791806740
1589495976 791806740
1589495977 791806740
1589495978 791806740
1589495980 791806740
1589495981 791806740
1589495982 791806740
1589495983 548887964
1589495984 548847012
1589495985 548847012
1589495986 270419076
1589495987 270378124
1589495988 270378124
1589495989 272205348
1589495990 272205348
1589495991 272205348
1589495992 272205348
1589495993 272205348
1589495994 272205348
1589495995 272205348
1589495996 272205348
1589495997 272205348
1589495998 272205348
1589495999 272205348
1589496000 272205348
1589496001 272205348
1589496002 272205348
1589496003 272205348
1589496004 272205348
1589496005 272205348
1589496006 272205348
1589496007 272205348
1589496008 272205348
1589496009 272205348
1589496010 272205348
1589496011 272205348
1589496012 272205348
1589496013 272205348
1589496014 272205348
1589496015 272205348
1589496016 272205348
1589496017 272205348
1589496018 272205348
1589496019 272205348
1589496020 272205348
1589496021 272205348
1589496022 272205348
1589496023 272205348
1589496024 272205348
1589496025 272205348
1589496026 272205348
1589496027 274511892
1589496028 270373964
1589496029 270373964
1589496030 273586036
1589496031 273586036
1589496033 273586036
1589496034 273586036
1589496035 273586036
1589496036 273586036
1589496037 273586036
1589496038 273586036
1589496039 273586036
1589496040 273586036
1589496041 273586036
1589496042 273586036
1589496043 273586036
1589496044 273586036
1589496045 273586036
1589496046 273586036
1589496047 273586036
1589496048 273586036
1589496049 273586036
1589496050 273586036
1589496051 273586036
1589496052 273586036
1589496053 273586036
1589496054 273586036
1589496055 273586036
1589496056 273586036
1589496057 273586036
1589496058 273586036
1589496059 273586036
1589496060 273586036
1589496061 273586036
1589496062 273586036
1589496063 273586036
1589496064 273586036
1589496065 273586036
1589496066 273586036
1589496067 273586036
1589496068 273586036
1589496069 273586036
1589496070 273586036
1589496071 273586036
1589496072 273569048
1589496073 273586036
1589496074 273586036
1589496075 273586036
1589496076 273586036
1589496077 273586036
1589496078 273586036
1589496079 273586036
1589496080 273586036
1589496081 273586036
1589496082 273586036
1589496083 273586036
1589496084 273586036
1589496085 273586036
1589496087 273586036
1589496088 273586036
1589496089 273586036
1589496090 273586036
1589496091 273586036
1589496092 273586036
1589496093 273586036
1589496094 273586036
1589496095 273586036
1589496096 273586036
1589496097 273586036
1589496098 273586036
1589496099 273586036
1589496100 273586036
1589496101 273586036
1589496102 273586036
1589496103 273586036
1589496104 272070188
1589496105 272070188
1589496106 270365892
1589496107 271881812
1589496108 271881812
1589496109 273061724
1589496110 271545876
1589496111 271545876
1589496112 271545876
1589496113 270464308
1589496114 270710140
1589496115 270710140
1589496116 270710140
1589496117 270710140
1589496118 270710140
1589496119 270710140
1589496120 270710140
1589496121 270710140
1589496122 270710140
1589496123 270710140
1589496124 271693372
1589496125 271693372
1589496126 272037484
1589496127 271996532
1589496128 271996532
1589496129 271996532
1589496130 291694882
1589496131 371783100
1589496132 308074732
1589496133 230380
1589496134 230380
1589496135 230380
1589496136 230380
1589496137 230380
1589496138 230380
1589496140 1455348
1589496141 1455348
1589496142 914572
1589496143 914572
1589496144 914572
1589496145 914572
1589496146 914572
1589496147 914572
1589496148 230380
1589496149 230380
1589496150 230380
1589496151 230380
1589496152 132076
1589496153 108410166
1589496154 192326428
1589496155 192326428
1589496156 192326428
1589496157 192326428
1589496158 192326428
1589496159 192326428
1589496160 192309440
1589496161 192326428
1589496162 192326428
1589496163 191613556
1589496164 191613556
1589496165 191613556
1589496166 191613556
1589496167 192293660
1589496168 192293660
1589496169 192293660
1589496170 192293660
1589496171 192293660
1589496172 192293660
1589496173 192293660
1589496174 192293660
1589496175 192293660
1589496176 192293660
1589496177 192293660
1589496178 192293660
1589496179 192293660
1589496180 191613556
1589496181 191613556
1589496182 191613556
1589496183 200299228
1589496184 307558676
1589496185 307558676
1589496186 307558676
1589496187 307558676
1589496188 307558676
1589496189 307558676
1589496191 308312500
1589496192 308312500
1589496193 308312500
1589496194 308312500
1589496195 368980850
1589496196 626474402
1589496197 814911892
1589496198 814158060
1589496199 813371468
1589496200 813371468
1589496201 814420276
1589496202 814420276
1589496203 814420276
1589496204 814420276
1589496205 814420276
1589496206 817976484
1589496207 816927676
1589496208 815108572
1589496209 815108572
1589496210 813551692
1589496211 818091180
1589496212 818091180
1589496213 946999194
1589496214 942078668
1589496215 1075079698
1589496216 1076333324
1589496217 1076340524
1589496218 1076340524
1589496219 1076340524
1589496220 1076340524
1589496221 1078749580
1589496222 962804452
1589496223 1141249330
1589496224 1208825284
1589496225 1208825284
1589496226 997362684
1589496227 997362684
1589496228 997362684
1589496229 994953636
1589496230 1001295796
1589496231 1001295796
1589496232 1001295796
1589496233 1001295796
1589496234 998157460
1589496235 992720708
1589496236 993425388
1589496237 993425388
1589496238 992761660
1589496239 992720708
1589496240 966376980
1589496241 863239084
1589496242 862362348
1589496243 886061226
1589496245 1060097668
1589496246 1058453708
1589496247 1058453708
1589496248 960330564
1589496249 812370880
1589496250 812387868
1589496251 812387868
1589496252 812387868
1589496253 812387868
1589496254 812387868
1589496255 812387868
1589496256 812387868
1589496257 812387868
1589496258 812387868
1589496259 812387868
1589496260 812387868
1589496261 814903452
1589496262 812183028
1589496263 812183028
1589496264 870206828
1589496265 870206828
1589496266 872501156
1589496267 872501156
1589496268 872501156
1589496269 872501156
1589496270 872501156
1589496271 872501156
1589496272 872501156
1589496273 872501156
1589496274 872501156
1589496275 872501156
1589496276 872501156
1589496277 872501156
1589496278 872501156
1589496279 872501156
1589496280 872501156
1589496281 872501156
1589496282 872501156
1589496283 872501156
1589496284 872501156
1589496285 872521668
1589496286 872521668
1589496287 872521668
1589496288 872521668
1589496289 674382516
1589496290 676939068
1589496291 674382524
1589496292 674382524
1589496293 674433756
1589496294 674392804
1589496295 674392804
1589496296 674392804
1589496298 674364092
1589496299 674364092
1589496300 674364092
1589496301 674364092
1589496302 674364092
1589496303 713400322
1589496304 814511540
1589496305 814511540
1589496306 814511540
1589496307 814494552
1589496308 814511540
1589496309 815019580
1589496310 874868530
1589496311 1099547018
1589496312 1099628956
1589496313 1099628956
1589496314 1099628956
1589496315 1099628956
1589496316 1099628956
1589496317 1099628956
1589496318 927555892
1589496319 927584604
1589496320 927584604
1589496321 927584604
1589496322 927584604
1589496323 927584604
1589496324 927584604
1589496325 927584604
1589496326 927584604
1589496327 927584604
1589496328 927584604
1589496329 927584604
1589496330 927567616
1589496331 927584604
1589496332 927584604
1589496333 927584604
1589496334 927584604
1589496335 927584604
1589496336 927584604
1589496337 927555900
1589496338 927555900
1589496339 927555900
1589496340 927916452
1589496341 927916452
1589496342 927916452
1589496343 927916452
1589496344 934799412
1589496345 934799412
1589496346 937503452
1589496347 931439884
1589496348 930620524
1589496350 927588748
1589496351 927588748
1589496352 927605164
1589496353 887003876
1589496354 765843276
1589496355 765843276
1589496356 777272077
1589496357 777265724
1589496358 777265724
1589496359 777265724
1589496360 777265724
1589496361 777265724
1589496362 777265724
1589496363 777265724
1589496364 777265724
1589496365 777265724
1589496366 777265724
1589496367 777265724
1589496368 777265724
1589496369 778576772
1589496370 777265724
1589496371 777265724
1589496372 777294428
1589496373 777294428
1589496374 777294428
1589496375 777294428
1589496376 777294428
1589496377 777265724
1589496378 777265724
1589496379 779002868
1589496380 779002868
1589496381 779002868
1589496382 779002868
1589496383 779002868
1589496384 779002868
1589496385 777265724
1589496386 777265724
1589496387 777265724
1589496388 778462020
1589496389 778462020
1589496390 778462020
1589496391 778462020
1589496392 778462020
1589496393 778462020
1589496394 778462020
1589496395 778462020
1589496396 715253484
1589496397 715253484
1589496398 715253484
1589496399 715253484
1589496400 715253484
1589496402 717793644
1589496403 717793644
1589496404 717793644
1589496405 717793644
1589496406 717793644
1589496407 715825316
1589496408 715825316
1589496409 715825316
1589496410 717758354
1589496411 717742732
1589496412 717742732
1589496413 717742732
1589496414 717742732
1589496415 717185540
1589496416 578420132
1589496417 634581898
1589496418 836590580
1589496419 836590580
1589496420 834583020
1589496421 834583020
1589496422 834583020
1589496423 835648204
1589496424 835648204
1589496425 835648204
1589496426 835648204
1589496427 835648204
1589496428 835648204
1589496429 835648204
1589496430 835648204
1589496431 835648204
1589496432 835648204
1589496433 835648204
1589496434 835648204
1589496435 835648204
1589496436 835648204
1589496437 835648204
1589496438 835648204
1589496439 835648204
1589496440 835648204
1589496441 835648204
1589496442 835648204
1589496443 835648204
1589496444 836254540
1589496445 836254540
1589496446 836254540
1589496447 836254540
1589496448 836254540
1589496449 836254540
1589496450 844809116
1589496451 847324700
1589496452 847750780
1589496453 656207668
1589496454 656010996
1589496456 776511996
1589496457 775691324
1589496458 772712772
1589496459 776072332
1589496460 776072332
1589496461 1013845850
1589496462 886715884
1589496463 891099692
1589496464 892222250
1589496465 890960436
1589496466 887839508
1589496467 886667796
1589496468 920296034
1589496469 1092894444
1589496470 1092894444
1589496471 1092894444
1589496472 1092894444
1589496473 1092894444
1589496474 962978548
1589496475 911741274
1589496476 1092563556
1589496477 1092563556
1589496478 1092563556
1589496479 1092563556
1589496480 1092563556
1589496481 1092563556
1589496482 1092563556
1589496483 1092563556
1589496484 1092563556
1589496485 1092563556
1589496486 1092563556
1589496487 1092563556
1589496488 1092563556
1589496489 886287788
1589496490 886953556
1589496491 886953556
1589496492 886287788
1589496493 886287788
1589496494 886287788
1589496495 893687012
1589496496 893687012
1589496497 893687012
1589496498 893687012
1589496499 893687012
1589496500 930641972
1589496501 930641972
1589496502 930641972
1589496503 930641972
1589496504 930641972
1589496505 680012004
1589496506 888065033
1589496508 888057668
1589496509 888057668
1589496510 888057668
1589496511 888057668
1589496512 851102700
1589496513 643114388
1589496514 643114388
1589496515 643114388
1589496516 643114388
1589496517 643114388
1589496518 643769876
1589496519 644279348
1589496520 646982594
1589496521 652559650
1589496522 654082074
1589496523 654049324
1589496524 695707634
1589496525 960890130
1589496526 996261516
1589496527 997343084
1589496528 993516460
1589496529 990124132
1589496530 988977028
1589496531 988960040
1589496532 725802084
1589496533 725802084
1589496534 725802084
1589496535 725802084
1589496536 725802084
1589496537 725802084
1589496538 725802084
1589496539 727160258
1589496540 727127508
1589496541 763541706
1589496542 1031739626
1589496543 1288547826
1589496544 1300691308
1589496545 1300691308
1589496546 1299365884
1589496547 1217254796
1589496548 1217254796
1589496549 1217254796
1589496550 1217254796
1589496551 1217254796
1589496552 1217254796
1589496553 1303226250
1589496554 1303242652
1589496555 1080101476
1589496556 796388300
1589496557 765210148
1589496558 765210148
1589496559 765210148
1589496560 765210148
1589496562 772431156
1589496563 772431156
1589496564 772431156
1589496565 772431156
1589496566 772431156
1589496567 772431156
1589496568 747169012
1589496569 455278188
1589496570 453541044
1589496571 449411236
1589496572 449411236
1589496573 621354114
1589496574 772599028
1589496575 772599028
1589496576 772599028
1589496577 772599028
1589496578 772599028
1589496579 772599028
1589496580 763831428
1589496581 764347660
1589496582 764347660
1589496583 764347660
1589496584 764347660
1589496585 764347660
1589496586 764347660
1589496587 764347660
1589496588 764347660
1589496589 763831428
1589496590 763831428
1589496591 763831428
1589496592 771832898
1589496593 771923028
1589496594 771923028
1589496595 771923028
1589496596 771923028
1589496597 771923028
1589496598 771923028
1589496599 771923028
1589496600 771923028
1589496601 771923028
1589496602 771923028
1589496603 771923028
1589496604 774553340
1589496605 766457636
1589496606 766457636
1589496607 764597572
1589496608 576012644
1589496609 567875996
1589496610 568424988
1589496611 569195196
1589496612 569195196
1589496613 570055556
1589496615 569285340
1589496616 648652452
1589496617 648652452
1589496618 651864516
1589496619 651864516
1589496620 651864516
1589496621 651864516
1589496622 651864516
1589496623 651864516
1589496624 651864516
1589496625 651864516
1589496626 651864516
1589496627 651864516
1589496628 651864516
1589496629 651864516
1589496630 648652452
1589496631 648652452
1589496632 807109953
1589496633 807108108
1589496634 807108108
1589496635 807108108
1589496636 807108108
1589496637 807108108
1589496638 807108108
1589496639 807108108
1589496640 806559116
1589496641 1042742946
1589496642 1126237836
1589496643 1126237836
1589496644 1126237836
1589496645 1126237836
1589496646 1126237836
1589496647 1126237836
1589496648 1126237836
1589496649 1102188428
1589496650 589327986
1589496651 728130228
1589496652 728130228
1589496653 728130228
1589496654 728130228
1589496655 728130228
1589496656 728130228
1589496657 728130228
1589496658 728130228
1589496659 733052486
1589496660 992333626
1589496661 1109966636
1589496662 1109966636
1589496663 1109966636
1589496664 1109966636
1589496665 1109966636
1589496666 951617492
1589496667 958738116
1589496668 958738116
1589496670 958738116
1589496671 958787308
1589496672 952068220
1589496673 952068220
1589496674 952068220
1589496675 952822052
1589496676 952822052
1589496677 952822052
1589496678 957746684
1589496679 959115108
1589496680 953649072
1589496681 951511004
1589496682 595030996
1589496683 569654180
1589496684 569654180
1589496685 569654180
1589496686 569654180
1589496687 569654180
1589496688 569654180
1589496689 569654180
1589496690 569654180
1589496691 571571596
1589496692 571571596
1589496693 571571596
1589496694 571571596
1589496695 571571596
1589496696 571571596
1589496697 571571596
1589496698 573398892
1589496699 569629644
1589496700 569629644
1589496701 569629644
1589496702 569629644
1589496703 572808948
1589496704 572808948
1589496705 585460538
1589496706 834230298
1589496707 1082785338
1589496708 774072164
1589496709 771761420
1589496710 770933828
1589496711 770892876
1589496712 770892876
1589496713 771773698
1589496714 771740948
1589496715 771740948
1589496716 771740948
1589496717 771740948
1589496718 771740948
1589496719 771740948
1589496720 771740948
1589496722 771740948
1589496723 771740948
1589496724 771740948
1589496725 770892884
1589496726 770892884
1589496727 770892884
1589496728 772752948
1589496729 772752948
1589496730 772752948
1589496731 772752948
1589496732 772752948
1589496733 770892884
1589496734 770892884
1589496735 770950260
1589496736 770950260
1589496737 770950260
1589496738 770950260
1589496739 770950260
1589496740 770950260
1589496741 875677622
1589496742 875669580
1589496743 875669580
1589496744 875669580
1589496745 878840684
1589496746 878840684
1589496747 878840684
1589496748 878840684
1589496749 878840684
1589496750 878840684
1589496751 878840684
1589496752 878840684
1589496753 878840684
1589496754 878840684
1589496755 878840684
1589496756 878840684
1589496757 878840684
1589496758 878840684
1589496759 878840684
1589496760 878840684
1589496761 878840684
1589496762 878840684
1589496763 878840684
1589496764 878840684
1589496765 878660404
1589496766 875612204
1589496767 881675716
1589496768 1141950034
1589496769 1411040914
1589496770 1593630980
1589496771 1593630980
1589496772 1593630980
1589496773 1593630980
1589496775 1510420892
1589496776 968065988
1589496777 968065988
1589496778 968065988
1589496779 968065988
1589496780 1002349746
1589496781 1056410559
1589496782 1056405500
1589496783 1056405500
1589496784 1056405500
1589496785 1056405500
1589496786 1059584796
1589496787 1059578612
1589496788 1055456996
1589496789 1055456996
1589496790 1055456996
1589496791 968067956
1589496792 968026964
1589496793 1064253442
1589496794 1329575082
1589496795 1442750644
1589496796 1442750644
1589496797 1442750644
1589496798 1442750644
1589496799 1442750644
1589496800 1442733656
1589496801 1442750644
1589496802 1442750644
1589496803 1144814660
1589496804 543021556
1589496805 475568596
1589496806 475568596
1589496807 475568596
1589496808 475568596
1589496809 475568596
1589496810 475568596
1589496811 475568596
1589496812 475568596
1589496813 475568596
1589496814 475568596
1589496815 474855724
1589496816 474855724
1589496817 474855724
1589496818 478653652
1589496819 478653652
1589496820 474855700
1589496821 474855700
1589496822 476687092
1589496823 476687092
1589496824 476687092
1589496825 476687092
1589496826 474855700
1589496827 474855700
1589496829 477354908
1589496830 477354908
1589496831 477354908
1589496832 483385700
1589496833 483361084
1589496834 483361084
1589496835 483361084
1589496836 483340572
1589496837 483553636
1589496838 480874164
1589496839 478514268
1589496840 474867908
1589496841 474867908
1589496842 474867908
1589496843 731578266
1589496844 993950066
1589496845 1052586356
1589496846 1052586356
1589496847 1008871340
1589496848 581213797
1589496849 581210052
1589496850 581210052
1589496851 581210052
1589496852 581210052
1589496853 581210052
1589496854 581210052
1589496855 581210052
1589496856 581210052
1589496857 581193064
1589496858 581210052
1589496859 581210052
1589496860 581210052
1589496861 581210052
1589496862 581210052
1589496863 584381132
1589496864 579579412
1589496865 579579412
1589496866 590674108
1589496867 587953676
1589496868 587953676
1589496869 581611508
1589496870 592312908
1589496871 595320132
1589496872 591550524
1589496873 580980244
1589496874 577841908
1589496875 577841908
1589496876 577841908
1589496877 664464916
1589496878 664464916
1589496879 664464916
1589496880 664464916
1589496882 664464916
1589496883 664464916
1589496884 664464916
1589496885 664464916
1589496886 664464916
1589496887 201217108
1589496888 90745532
1589496889 90745532
1589496890 86755028
1589496891 86755028
1589496892 93351228
1589496893 93351228
1589496894 99087036
1589496895 202351996
1589496896 202351996
1589496897 453235954
1589496898 712544370
1589496899 716059548
1589496900 711429900
1589496901 711237324
1589496902 709885332
1589496903 709295380
1589496904 707377972
1589496905 707377972
1589496906 706820788
1589496907 707115764
1589496908 707115764
1589496909 707115764
1589496910 707115764
1589496911 707115764
1589496912 707115764
1589496913 707115764
1589496914 707115764
1589496915 707115764
1589496916 707115764
1589496917 707115764
1589496918 707115764
1589496919 707115764
1589496920 709492052
1589496921 712306724
1589496922 712306724
1589496923 712306724
1589496924 712306724
1589496925 712306724
1589496926 712306724
1589496927 712306724
1589496928 712306724
1589496929 712306724
1589496930 712306724
1589496931 709492044
1589496932 709475056
1589496934 534734396
1589496935 534734396
1589496936 534734396
1589496937 534504956
1589496938 539880236
1589496939 545566892
1589496940 539974444
1589496941 535467724
1589496942 531174052
1589496943 534238628
1589496944 534238628
1589496945 534238628
1589496946 534221640
1589496947 534238628
1589496948 534238628
1589496949 534238628
1589496950 534238628
1589496951 534238628
1589496952 534238628
1589496953 534238628
1589496954 534238628
1589496955 534238628
1589496956 534238628
1589496957 534238628
1589496958 534238628
1589496959 534238628
1589496960 494456732
1589496961 192875644
1589496962 189811076
1589496963 201516317
1589496964 201512132
1589496965 199348884
1589496966 199348884
1589496967 199348884
1589496968 198431188
1589496969 193285332
1589496970 192438712
1589496971 198567476
1589496972 195945388
1589496973 189832636
1589496974 194216452
1589496975 194216452
1589496976 194216452
1589496977 194216452
1589496978 194216452
1589496979 194216452
1589496980 194216452
1589496981 194216452
1589496982 194216452
1589496983 202181052
1589496984 204016444
1589496985 201771268
1589496986 195265220
1589496988 193448164
1589496989 192710724
1589496990 189810036
1589496991 191309564
1589496992 191309564
1589496993 191309564
1589496994 189793644
1589496995 189793644
1589496996 193071244
1589496997 193071244
1589496998 193071244
1589496999 193054256
1589497000 193071244
1589497001 193071244
1589497002 193071244
1589497003 193071244
1589497004 193071244
1589497005 193071244
1589497006 193071244
1589497007 193071244
1589497008 193317068
1589497009 193317068
1589497010 190449148
1589497011 190776892
1589497012 190563836
1589497013 190957156
1589497014 190957156
1589497015 190957156
1589497016 190670356
1589497017 204886916
1589497018 354694140
1589497019 375703610
1589497020 447171652
1589497021 447040548
1589497022 446794724
1589497023 446794724
1589497024 446794724
1589497025 450154292
1589497026 450154292
1589497027 450154292
1589497028 300920916
1589497029 286138964
1589497030 286138964
1589497031 286138964
1589497032 286138964
1589497033 286138964
1589497034 286138964
1589497035 286138964
1589497036 286138964
1589497037 286138964
1589497038 286138964
1589497039 286138964
1589497040 286138964
1589497042 286138964
1589497043 291006220
1589497044 296791220
1589497045 293440828
1589497046 290122252
1589497047 294071804
1589497048 291548020
1589497049 291548020
1589497050 284492948
1589497051 282788572
1589497052 284439708
1589497053 284439708
1589497054 285300068
1589497055 283677684
1589497056 282833716
1589497057 285619684
1589497058 285619684
1589497059 290486940
1589497060 197613020
1589497061 189959812
1589497062 189959812
1589497063 408936330
1589497064 655710922
1589497065 699599340
1589497066 699599340
1589497067 699599340
1589497068 699599340
1589497069 699599340
1589497070 699599340
1589497071 699599340
1589497072 696484292
1589497073 696812004
1589497074 700384644
1589497075 700384644
1589497076 700384644
1589497077 700384644
1589497078 700384644
1589497079 702732242
1589497080 635156300
1589497081 199485244
1589497082 194212372
1589497083 194212372
1589497084 193171764
1589497085 198202900
1589497086 195039980
1589497087 257674938
1589497088 501200658
1589497089 736839682
1589497090 751810076
1589497091 984228890
1589497093 1044340020
1589497094 1044340020
1589497095 1044340020
1589497096 1044340020
1589497097 1044340020
1589497098 1044340020
1589497099 1044340020
1589497100 1044340020
1589497101 1044340020
1589497102 1044340020
1589497103 1044340020
1589497104 1044340020
1589497105 1044340020
1589497106 1044340020
1589497107 1044340020
1589497108 1044340020
1589497109 1044340020
1589497110 1044340020
1589497111 1044340020
1589497112 1044340020
1589497113 1044340020
1589497114 1044340020
1589497115 1044340020
1589497116 1044340020
1589497117 1044340020
1589497118 804848516
1589497119 398081956
1589497120 398081956
1589497121 398081956
1589497122 398081956
1589497123 398081956
1589497124 398081956
1589497125 398081956
1589497126 398081956
1589497127 398081956
1589497128 398081956
1589497129 401802052
1589497130 405464796
1589497131 404563476
1589497132 552572706
1589497133 814100770
1589497134 966509108
1589497135 1076734834
1589497136 1183316244
1589497137 1183316244
1589497138 1183316244
1589497139 1183316244
1589497140 1183250676
1589497141 1183250676
1589497142 1183250676
1589497143 1183250676
1589497144 1183250676
1589497146 1183250676
1589497147 1183250676
1589497148 1183250676
1589497149 1183250676
1589497150 1183250676
1589497151 1183250676
1589497152 1365231306
1589497153 1442223652
1589497154 1442223652
1589497155 1446648420
1589497156 1442223652
1589497157 1442223652
1589497158 1442223652
1589497159 1442223652
1589497160 1442248260
1589497161 1205724284
1589497162 1205724284
1589497163 1419432058
1589497164 1220358740
1589497165 1221768132
1589497166 1225209620
1589497167 1224529516
1589497168 1222382652
1589497169 1222382652
1589497170 1221435220
1589497171 1220767412
1589497172 1219726804
1589497173 1222496380
1589497174 1222332548
1589497175 1222332548
1589497176 1222332548
1589497177 1222332548
1589497178 1222332548
1589497179 1222332548
1589497180 1222332548
1589497181 1222332548
1589497182 1222332548
1589497183 1285131346
1589497184 1281003644
1589497185 1160265060
1589497186 1153119868
1589497187 1153119868
1589497188 1153972028
1589497189 1240962648
1589497190 1263610876
1589497191 1268879652
1589497192 1268879652
1589497193 1263593888
1589497194 1263610876
1589497195 1263610876
1589497196 1389503554
1589497197 1504748076
1589497198 1626707626
1589497199 1862809554
1589497201 1885777308
1589497202 1885777308
1589497203 1885777308
1589497204 1885777308
1589497205 1885777308
1589497206 1885777308
1589497207 1885777308
1589497208 1885777308
1589497209 1885777308
1589497210 1885777308
1589497211 1885777308
1589497212 1885777308
1589497213 1885777308
1589497214 1590612996
1589497215 1590641708
1589497216 1590641708
1589497217 1590641708
1589497218 1590641708
1589497219 1593673508
1589497220 1593673508
1589497221 1590625316
1589497222 1590625316
1589497223 1590625316
1589497224 1399977500
1589497225 1399977500
1589497226 1399977500
1589497227 1399977500
1589497228 1399977500
1589497229 1399977500
1589497230 1399977500
1589497231 1333810932
1589497232 1158826444
1589497233 1158826444
1589497234 1158859252
1589497235 1158859252
1589497236 1158859252
1589497237 1159629460
1589497238 1159629460
1589497239 1159596652
1589497240 1112300868
1589497241 1112300868
1589497242 1112300868
1589497243 1111530660
1589497244 1111530660
1589497245 1111530660
1589497246 894758292
1589497247 890087700
1589497248 997461858
1589497249 1090889900
1589497250 1202688898
1589497251 1278630844
1589497252 1278630844
1589497254 1278630844
1589497255 1278630844
1589497256 1278630844
1589497257 1278630844
1589497258 1277696756
1589497259 1277696756
1589497260 1277696756
1589497261 1254077516
1589497262 1254077516
1589497263 1254077516
1589497264 1254077516
1589497265 1254077516
1589497266 1254077516
1589497267 1254077516
1589497268 1254077516
1589497269 1254077516
1589497270 1254077516
1589497271 1254077516
1589497272 1254831348
1589497273 1254831348
1589497274 1254831348
1589497275 1254831348
1589497276 1254831348
1589497277 1254831348
1589497278 1254831348
1589497279 1254831348
1589497280 1254831348
1589497281 1254831348
1589497282 1254831348
1589497283 1254831348
1589497284 1254831348
1589497285 1254831348
1589497286 1254831348
1589497287 1254831348
1589497288 1254831348
1589497289 1254831348
1589497290 1254831348
1589497291 1254831348
1589497292 1254831348
1589497293 1254831348
1589497294 1254831348
1589497295 1254831348
1589497296 1254831348
1589497297 1254831348
1589497298 1254831348
1589497299 1254831348
1589497300 1254077516
1589497301 1254077516
1589497302 1254077516
1589497303 1254077516
1589497304 1254102124
1589497305 1352626794
1589497306 1543055372
1589497307 1543432300
1589497309 1543432300
1589497310 1543432300
1589497311 1543432300
1589497312 1543678132
1589497313 1544104212
1589497314 1544104212
1589497315 1544104212
1589497316 1544087224
1589497317 1544104212
1589497318 1544104212
1589497319 1544104212
1589497320 1544104212
1589497321 1544104212
1589497322 1544104212
1589497323 1544104212
1589497324 1544104212
1589497325 1544104212
1589497326 1543274572
1589497327 1543274572
1589497328 1543274572
1589497329 1543274572
1589497330 1543831764
1589497331 1543831764
1589497332 1543831764
1589497333 1543274572
1589497334 1543274572
1589497335 1543028748
1589497336 1543028748
1589497337 1543028748
1589497338 1543028748
1589497339 1536022860
1589497340 1343561044
1589497341 1343397212
1589497342 1343397212
1589497343 1342246996
1589497344 1342246996
1589497345 1342246996
1589497346 1344926450
1589497347 1342246996
1589497348 1342246996
1589497349 1387838474
1589497350 1649064730
1589497351 1774940972
1589497352 1774940972
1589497353 1774940972
1589497354 1774940972
1589497355 1774940972
1589497356 1774940972
1589497357 1774940972
1589497358 1774940972
1589497359 1774940972
1589497360 1774940972
1589497362 1774940972
1589497363 1774940972
1589497364 1774940972
1589497365 1774940972
1589497366 1774940972
1589497367 1774940972
1589497368 1774940972
1589497369 1774940972
1589497370 1774940972
1589497371 1572569564
1589497372 1250373244
1589497373 1174505004
1589497374 1174505004
1589497375 1174505004
1589497376 1174505004
1589497377 1174505004
1589497378 1174505004
1589497379 1174505004
1589497380 1174505004
1589497381 1174505004
1589497382 1174505004
1589497383 1174505004
1589497384 1174505004
1589497385 1174505004
1589497386 1174505004
1589497387 1174505004
1589497388 1347311916
1589497389 1347311916
1589497390 1347311916
1589497391 1347311916
1589497392 1347311916
1589497393 966319476
1589497394 977463324
1589497395 977463324
1589497396 797015044
1589497397 733101820
1589497398 560564308
1589497399 560564308
1589497400 560564308
1589497401 584687450
1589497402 764971868
1589497403 764971868
1589497404 764971868
1589497405 764971868
1589497406 764971868
1589497407 816954586
1589497408 990110228
1589497409 990110228
1589497410 978966380
1589497411 1054547858
1589497412 1337699810
1589497413 1518291520
1589497414 1103046198
1589497415 1103044620
1589497417 1103044620
1589497418 1103044620
1589497419 1103044620
1589497420 1103044620
1589497421 1103044620
1589497422 1103044620
1589497423 1103044620
1589497424 1103044620
1589497425 1103044620
1589497426 1102192452
1589497427 1102192452
1589497428 1105732284
1589497429 1105732284
1589497430 1104978452
1589497431 1104978452
1589497432 1100979756
1589497433 1100979756
1589497434 875833164
1589497435 875833164
1589497436 875833164
1589497437 875833164
1589497438 875833164
1589497439 877848924
1589497440 1024718154
1589497441 1291842634
1589497442 1548807672
1589497443 1548806428
1589497444 1548789440
1589497445 1548806428
1589497446 1162991924
1589497447 1116208418
1589497448 1140626468
1589497449 936202532
1589497450 936202532
1589497451 896846716
1589497452 896846716
1589497453 896846716
1589497454 896846716
1589497455 896846716
1589497456 896846716
1589497457 896846716
1589497458 896846716
1589497459 896846716
1589497460 896846716
1589497461 896846716
1589497462 896846716
1589497463 896846716
1589497464 896846716
1589497465 896846716
1589497466 896846716
1589497467 896846716
1589497469 896846716
1589497470 908646084
1589497471 1157943474
1589497472 1372626252
1589497473 1372626252
1589497474 1372626252
1589497475 1295643548
1589497476 702258596
1589497477 702143916
1589497478 702143916
1589497479 702143916
1589497480 702143916
1589497481 702143916
1589497482 702143916
1589497483 702143916
1589497484 702143916
1589497485 753987450
1589497486 1020718474
1589497487 1214211716
1589497488 1214211716
1589497489 1214211716
1589497490 1214732036
1589497491 1214732036
1589497492 1214732036
1589497493 1214732036
1589497494 1216796948
1589497495 1224212548
1589497496 1136995572
1589497497 1129579972
1589497498 1134025260
1589497499 1129579972
1589497500 1129579972
1589497501 1129579972
1589497502 973317252
1589497503 973317252
1589497504 973317252
1589497505 973317252
1589497506 973317252
1589497507 973350060
1589497508 973350060
1589497509 973350060
1589497510 1137754498
1589497511 1400945818
1589497512 1541046812
1589497513 1541046812
1589497514 1541046812
1589497515 1541046812
1589497516 1541046812
1589497517 1065335860
1589497518 874604124
1589497519 874604124
1589497520 874604124
1589497521 874604124
1589497523 874604124
1589497524 719491684
1589497525 719491684
1589497526 719491684
1589497527 719491684
1589497528 719491684
1589497529 719491684
1589497530 719491684
1589497531 751563020
1589497532 751563020
1589497533 751563020
1589497534 751563020
1589497535 751563020
1589497536 751563020
1589497537 751563020
1589497538 751563020
1589497539 751563020
1589497540 751563020
1589497541 751563020
1589497542 751563020
1589497543 751563020
1589497544 751563020
1589497545 751563020
1589497546 751563020
1589497547 751563020
1589497548 751563020
1589497549 751563020
1589497550 751563020
1589497551 753103516
1589497552 753103516
1589497553 753103516
1589497554 753103516
1589497555 753103516
1589497556 753103516
1589497557 753103516
1589497558 753103516
1589497559 753103516
1589497560 753103516
1589497561 753103516
1589497562 753103516
1589497563 753103516
1589497564 753103516
1589497565 753103516
1589497566 753103516
1589497567 753103516
1589497568 753103516
1589497569 755315924
1589497570 753775420
1589497571 751563020
1589497572 943827098
1589497573 1207656830
1589497574 1447880978
1589497575 1447930148
1589497577 1447930148
1589497578 1447930148
1589497579 1447930148
1589497580 1447930148
1589497581 1447930148
1589497582 1447930148
1589497583 1447930148
1589497584 856929532
1589497585 1098906522
1589497586 1359639602
1589497587 1416030764
1589497588 1416030764
1589497589 1416030764
1589497590 1416030764
1589497591 1416030764
1589497592 1416030764
1589497593 1416030764
1589497594 1416030764
1589497595 1416030764
1589497596 1416030764
1589497597 1416030764
1589497598 1416030764
1589497599 1416030764
1589497600 1416030764
1589497601 1416030764
1589497602 1416030764
1589497603 1416030764
1589497604 1416030764
1589497605 1416030764
1589497606 1416030764
1589497607 1508491874
1589497608 1768831658
1589497609 1795429388
1589497610 1795429388
1589497611 1535999092
1589497612 1100512604
1589497613 1101495812
1589497614 1100086420
1589497615 1100086420
1589497616 1100086420
1589497617 1099103188
1589497618 1099660380
1589497619 1099660380
1589497620 1099660380
1589497621 1099660380
1589497622 1099660380
1589497623 1099660380
1589497624 1099660380
1589497625 1099660380
1589497626 1099660380
1589497627 1099103188
1589497628 1099103188
1589497630 1099103188
1589497631 1018138236
1589497632 1018138236
1589497633 1186311946
1589497634 1437539986
1589497635 1649036639
1589497636 1649035316
1589497637 1649035316
1589497638 1649035316
1589497639 1649018328
1589497640 1649035316
1589497641 1649035316
1589497642 1649035316
1589497643 1649035316
1589497644 1649035316
1589497645 1649035316
1589497646 1649035316
1589497647 1649035316
1589497648 1649035316
1589497649 1649035316
1589497650 1649035316
1589497651 1649035316
1589497652 1649035316
1589497653 1649035316
1589497654 1649035316
1589497655 1649035316
1589497656 1649035316
1589497657 1649035316
1589497658 1649035316
1589497659 1649035316
1589497660 1649035316
1589497661 1649035316
1589497662 1649035316
1589497663 1649035316
1589497664 1497511248
1589497665 862157236
1589497666 888763170
1589497667 1143764594
1589497668 1388519394
1589497669 1394388924
1589497670 1394388924
1589497671 1394388924
1589497672 1394388924
1589497673 1394388924
1589497674 1394388924
1589497675 1394388924
1589497676 1394388924
1589497677 1394388924
1589497678 1394388924
1589497679 1394388924
1589497680 1394388924
1589497681 1394388924
1589497683 1394388924
1589497684 1394388924
1589497685 1394388924
1589497686 1394388924
1589497687 1394388924
1589497688 1394388924
1589497689 1394388924
1589497690 1394388924
1589497691 1394388924
1589497692 1394388924
1589497693 1394388924
1589497694 1394388924
1589497695 1394388924
1589497696 1394388924
1589497697 1231451260
1589497698 692818580
1589497699 692777628
1589497700 692777628
1589497701 692760640
1589497702 692777628
1589497703 692777628
1589497704 692777628
1589497705 692777628
1589497706 692777628
1589497707 692777628
1589497708 692777628
1589497709 692777628
1589497710 692777628
1589497711 692777628
1589497712 692777628
1589497713 692777628
1589497714 692777628
1589497715 692777628
1589497716 692777628
1589497717 835336882
1589497718 940957500
1589497719 940957500
1589497720 1096469522
1589497721 1188209492
1589497722 1325802214
1589497723 970863644
1589497724 910322260
1589497725 910322260
1589497726 912145468
1589497727 912145468
1589497728 912145468
1589497729 912145468
1589497730 912145468
1589497731 912145468
1589497732 912145468
1589497733 912145468
1589497734 912145468
1589497736 912751804
1589497737 912751804
1589497738 912178228
1589497739 912178228
1589497740 912178228
1589497741 910318164
1589497742 910318164
1589497743 772740884
1589497744 772740884
1589497745 772740884
1589497746 772740884
1589497747 772740884
1589497748 720831876
1589497749 551909946
1589497750 798549426
1589497751 1038985946
1589497752 1156373156
1589497753 1156373156
1589497754 1156373156
1589497755 1156373156
1589497756 1156373156
1589497757 1156373156
1589497758 1156373156
1589497759 1156373156
1589497760 1156373156
1589497761 1156373156
1589497762 1156373156
1589497763 1156373156
1589497764 1156373156
1589497765 1156373156
1589497766 1156373156
1589497767 1156373156
1589497768 1156373156
1589497769 1156373156
1589497770 1156373156
1589497771 1156373156
1589497772 1156373156
1589497773 1156373156
1589497774 1156373156
1589497775 1156373156
1589497776 1156373156
1589497777 1156373156
1589497778 1156373156
1589497779 1156373156
1589497780 1156373156
1589497781 1156373156
1589497782 1156373156
1589497783 1156373156
1589497784 1156373156
1589497785 1156373156
1589497786 1156373156
1589497788 1156373156
1589497789 1156373156
1589497790 1156373156
1589497791 1156373156
1589497792 1156373156
1589497793 1156373156
1589497794 1156373156
1589497795 1156373156
1589497796 1156373156
1589497797 1156373156
1589497798 1156373156
1589497799 1149367292
1589497800 881509492
1589497801 881345660
1589497802 881345660
1589497803 881345660
1589497804 881345660
1589497805 881345660
1589497806 881345660
1589497807 881345660
1589497808 881345660
1589497809 881345660
1589497810 881345660
1589497811 881345660
1589497812 879202884
1589497813 879202884
1589497814 880688084
1589497815 879202884
1589497816 879202884
1589497817 879202884
1589497818 964617194
1589497819 1213387034
1589497820 1457742394
1589497821 1577604188
1589497822 1577604188
1589497823 1577604188
1589497824 1577604188
1589497825 1577604188
1589497826 1577604188
1589497827 1577604188
1589497828 1577604188
1589497829 1577604188
1589497830 1577604188
1589497831 1228855196
1589497832 947571548
1589497833 947571548
1589497834 947571548
1589497835 947571548
1589497836 948721764
1589497837 951409420
1589497838 948566068
1589497839 948566068
1589497841 947484500
1589497842 946714292
1589497843 1127998450
1589497844 1379554250
1589497845 1635207050
1589497846 1664066292
1589497847 1664066292
1589497848 1664066292
1589497849 1664066292
1589497850 1664066292
1589497851 1664066292
1589497852 1664066292
1589497853 1664066292
1589497854 1664066292
1589497855 1664066292
1589497856 1664066292
1589497857 1664066292
1589497858 1664066292
1589497859 1664066292
1589497860 1664066292
1589497861 1616254300
1589497862 1027328860
1589497863 717483996
1589497864 717483996
1589497865 717483996
1589497866 717483996
1589497867 956255162
1589497868 1219938002
1589497869 1300063092
1589497870 1300063092
1589497871 1300063092
1589497872 1300063092
1589497873 1300063092
1589497874 1300063092
1589497875 1300063092
1589497876 1300063092
1589497877 1300063092
1589497878 1300063092
1589497879 1300063092
1589497880 1300063092
1589497881 1300063092
1589497882 1300063092
1589497883 1300063092
1589497884 1300063092
1589497885 1300063092
1589497886 1300063092
1589497887 1300063092
1589497888 1300063092
1589497889 1300063092
1589497890 1075260684
1589497891 584542540
1589497892 584542540
1589497893 584542540
1589497895 584542540
1589497896 584542540
1589497897 584542540
1589497898 584542540
1589497899 584542540
1589497900 584542540
1589497901 584542540
1589497902 584542540
1589497903 584542540
1589497904 584542540
1589497905 584542540
1589497906 584542540
1589497907 584542540
1589497908 584542540
1589497909 584542540
1589497910 584542540
1589497911 584542540
1589497912 584542540
1589497913 584542540
1589497914 584542540
1589497915 584542540
1589497916 584542540
1589497917 584542540
1589497918 585062860
1589497919 585233932
1589497920 583584844
1589497921 583584844
1589497922 583584844
1589497923 583064524
1589497924 583064524
1589497925 583064524
1589497926 583064524
1589497927 582712172
1589497928 798902650
1589497929 882874756
1589497930 882874756
1589497931 882874756
1589497932 881891516
1589497933 881891516
1589497934 885758504
1589497935 885775492
1589497936 885775492
1589497937 885775492
1589497938 885775492
1589497939 885775492
1589497940 885775492
1589497941 881891516
1589497942 881891516
1589497943 681023788
1589497944 681023788
1589497945 681023788
1589497947 681023788
1589497948 685448500
1589497949 931039074
1589497950 1180300634
1589497951 1409968460
1589497952 1409962068
1589497953 1409962068
1589497954 1409962068
1589497955 1409962068
1589497956 1409962068
1589497957 1409962068
1589497958 1409962068
1589497959 1409962068
1589497960 1409962068
1589497961 1227440700
1589497962 692623388
1589497963 692623388
1589497964 693409988
1589497965 693409988
1589497966 693409988
1589497967 693409988
1589497968 693409988
1589497969 693409988
1589497970 693409988
1589497971 693409988
1589497972 693409988
1589497973 693409988
1589497974 693409988
1589497975 693409988
1589497976 693409988
1589497977 693409988
1589497978 693409988
1589497979 693409988
1589497980 693409988
1589497981 693409988
1589497982 693409988
1589497983 692590620
1589497984 692590620
1589497985 875923178
1589497986 1123054218
1589497987 1346612915
1589497988 1346611172
1589497989 1346611172
1589497990 1346611172
1589497991 841573980
1589497992 489698988
1589497993 489698988
1589497994 489698988
1589497995 489698988
1589497996 489698988
1589497997 489698988
1589497998 489698988
1589498000 489698988
1589498001 489698988
1589498002 489698988
1589498003 489698988
1589498004 489698988
1589498005 489698988
1589498006 489698988
1589498007 489698988
1589498008 489698988
1589498009 489698988
1589498010 489698988
1589498011 489698988
1589498012 489698988
1589498013 504972594
1589498014 773358922
1589498015 1027815370
1589498016 966638948
1589498017 489698988
1589498018 489698988
1589498019 489698988
1589498020 489698988
1589498021 489698988
1589498022 489698988
1589498023 489698988
1589498024 489698988
1589498025 489698988
1589498026 489698988
1589498027 489698988
1589498028 489698988
1589498029 489698988
1589498030 489698988
1589498031 489698988
1589498032 586502986
1589498033 851333066
1589498034 1111082866
1589498035 1166031796
1589498036 915664100
1589498037 677185264
1589498038 677202252
1589498039 677202252
1589498040 676464804
1589498041 676464804
1589498042 806704402
1589498043 939414412
1589498044 939414412
1589498045 939414412
1589498046 939414412
1589498047 939414412
1589498048 939414412
1589498049 939414412
1589498050 939414412
1589498051 939414412
1589498052 939414412
1589498054 939414412
1589498055 939414412
1589498056 939414412
1589498057 939414412
1589498058 939414412
1589498059 939414412
1589498060 939414412
1589498061 939414412
1589498062 939414412
1589498063 939414412
1589498064 939414412
1589498065 939414412
1589498066 939414412
1589498067 939414412
1589498068 939414412
1589498069 908973684
1589498070 318022404
1589498071 509444730
1589498072 703354844
1589498073 931770778
1589498074 994626980
1589498075 994626980
1589498076 992545692
1589498077 992545692
1589498078 992545692
1589498079 992545692
1589498080 992545692
1589498081 992545692
1589498082 992545692
1589498083 992545692
1589498084 992545692
1589498085 992547268
1589498086 992489884
1589498087 992489884
1589498088 992489884
1589498089 992489884
1589498090 992489884
1589498091 1007402996
1589498092 1115735388
1589498093 1115727692
1589498094 1115727692
1589498095 1116499586
1589498096 1115158140
1589498097 1113715988
1589498098 1113715988
1589498099 1112617432
1589498100 1112634420
1589498101 1112634420
1589498102 1113339100
1589498103 1113339100
1589498104 1113339100
1589498105 1113339100
1589498107 1113339100
1589498108 1112634420
1589498109 1112634420
1589498110 1112634420
1589498111 1113167028
1589498112 1113167028
1589498113 1113167028
1589498114 1113167028
1589498115 1115084444
1589498116 1115084444
1589498117 1115084444
1589498118 1115084444
1589498119 1115084444
1589498120 1258020634
1589498121 1105997308
1589498122 969731020
1589498123 941486276
1589498124 942846516
1589498125 942846516
1589498126 941486284
1589498127 941486284
1589498128 941076588
1589498129 941076588
1589498130 941076588
1589498131 941076588
1589498132 941076588
1589498133 941076588
1589498134 941076588
1589498135 941076588
1589498136 941076588
1589498137 941076588
1589498138 941076588
1589498139 941076588
1589498140 941076588
1589498141 941076588
1589498142 941076588
1589498143 941076588
1589498144 941076588
1589498145 941076588
1589498146 941076588
1589498147 941076588
1589498148 941076588
1589498149 941076588
1589498150 952826801
1589498151 967633370
1589498152 958751092
1589498153 951200284
1589498154 940449740
1589498155 948354922
1589498156 951370356
1589498157 1011182434
1589498158 1004031116
1589498160 1000982932
1589498161 1000982932
1589498162 1000982932
1589498163 1000982932
1589498164 1001023932
1589498165 1001023932
1589498166 1001023932
1589498167 1000982932
1589498168 1000982932
1589498169 1000982932
1589498170 1001011644
1589498171 1001011644
1589498172 1001011644
1589498173 1001011644
1589498174 1001011644
1589498175 1001011644
1589498176 1001011644
1589498177 1001011644
1589498178 1001011644
1589498179 1003476028
1589498180 1003476028
1589498181 1000985012
1589498182 1000985012
1589498183 1000985012
1589498184 1001722460
1589498185 1104843980
1589498186 1104843980
1589498187 1298320770
1589498188 1459381415
1589498189 1355433986
1589498190 1355401236
1589498191 1355401236
1589498192 1355401236
1589498193 1355401236
1589498194 1355401236
1589498195 1355401236
1589498196 1355401236
1589498197 1355401236
1589498198 1355384248
1589498199 1355401236
1589498200 1355401236
1589498201 1355401236
1589498202 1350641508
1589498203 1350641508
1589498204 1350641508
1589498205 1453427018
1589498206 1699650770
1589498207 1595873740
1589498208 1801530994
1589498209 1813963324
1589498210 1814258308
1589498212 1814258308
1589498213 1814258308
1589498214 1814258308
1589498215 1814258308
1589498216 1814258308
1589498217 1814258308
1589498218 1814258308
1589498219 1814913756
1589498220 1821661524
1589498221 2072238306
1589498222 2093788484
1589498223 2055153748
1589498224 1540847532
1589498225 1455947308
1589498226 1670534474
1589498227 1799589972
1589498228 1799589972
1589498229 1799589972
1589498230 1475400364
1589498231 1475072620
1589498232 1475072620
1589498233 1475072620
1589498234 1475072620
1589498235 1478809052
1589498236 1478677988
1589498237 1478677988
1589498238 1478677988
1589498239 1478677988
1589498240 1478677988
1589498241 1478677988
1589498242 1478677988
1589498243 1481939228
1589498244 1478333860
1589498245 1478333860
1589498246 1475045980
1589498247 1480019772
1589498248 1480019772
1589498249 1475045980
1589498250 1475045980
1589498251 1374128668
1589498252 1374128668
1589498253 1468638458
1589498254 1269623516
1589498255 1219504884
1589498256 1218931316
1589498257 1218931316
1589498258 1218931316
1589498259 1218931316
1589498260 1218931316
1589498261 1218914900
1589498262 1218914900
1589498263 1218914900
1589498265 1218914900
1589498266 1153014620
1589498267 1153014620
1589498268 1307864906
1589498269 1315649164
1589498270 1215075988
1589498271 1215993692
1589498272 1211226788
1589498273 1215516388
1589498274 1212484580
1589498275 1212484580
1589498276 1212058500
1589498277 1215037060
1589498278 1213316292
1589498279 1210337740
1589498280 1372464252
1589498281 1209829708
1589498282 1220924404
1589498283 1225365596
1589498284 1223890668
1589498285 1219842820
1589498286 1216540604
1589498287 1216569308
1589498288 1209862476
1589498289 1214877328
1589498290 1347171412
1589498291 1215315610
1589498292 1215282860
1589498293 1216145250
1589498294 1216989218
1589498295 1216126828
1589498296 1217812762
1589498297 1215100540
1589498298 1213447364
1589498299 1213447364
1589498300 1278376602
1589498301 1210800700
1589498302 1196924156
1589498303 1196924156
1589498304 1195285356
1589498305 1195285356
1589498306 1195342732
1589498307 1195342732
1589498308 1194277548
1589498309 1194277548
1589498310 1196407996
1589498311 1217249468
1589498312 1217249468
1589498313 1073821652
1589498314 1076001292
1589498315 1099649204
1589498317 1099649204
1589498318 1074509980
1589498319 1001580780
1589498320 1001580780
1589498321 977932868
1589498322 976457948
1589498323 996058020
1589498324 997573940
1589498325 864355852
1589498326 1042428026
1589498327 1219835380
1589498328 1202373892
1589498329 1225866124
1589498330 1225866124
1589498331 1225866124
1589498332 1207306684
1589498333 1238633956
1589498334 1238633956
1589498335 1238633956
1589498336 1215141732
1589498337 1238183276
1589498338 1206857580
1589498339 1207595020
1589498340 1202145980
1589498341 1202145980
1589498342 1225203916
1589498343 1225203916
1589498344 1225203916
1589498345 1225203916
1589498346 1225203916
1589498347 1206882116
1589498348 1429463954
1589498349 1522900148
1589498350 1522900148
1589498351 1499858580
1589498352 1732273218
1589498353 1846874508
1589498354 1846874508
1589498355 1846874508
1589498356 1843473980
1589498357 1503314976
1589498358 1504090612
1589498359 1503156532
1589498360 1504029154
1589498361 1500128820
1589498362 1499295092
1589498363 1498541268
1589498364 1498541268
1589498365 1533177314
1589498366 1533144564
1589498367 1533144564
1589498368 1533144564
1589498370 1533144564
1589498371 1533144564
1589498372 1533144564
1589498373 1533144564
1589498374 1533144564
1589498375 1533144564
1589498376 1325938684
1589498377 1132687124
1589498378 1132687124
1589498379 1132687124
1589498380 1132687124
1589498381 1132687124
1589498382 1132687124
1589498383 1132687124
1589498384 1132687124
1589498385 1132687124
1589498386 1132687124
1589498387 1132687124
1589498388 1131277740
1589498389 1131277740
1589498390 1109481700
1589498391 1111128740
1589498392 1111128740
1589498393 1111128740
1589498394 1111128740
1589498395 1111128740
1589498396 1111128740
1589498397 1111128740
1589498398 1111128740
1589498399 1114766304
1589498400 1113136252
1589498401 1111145076
1589498402 1324377642
1589498403 1341873684
1589498404 1340214364
1589498405 1563480466
1589498406 1815560634
1589498407 1815593420
1589498408 1815593420
1589498409 1815593420
1589498410 1815593420
1589498411 1815593420
1589498412 1499592716
1589498413 1153509348
1589498414 1153509348
1589498415 1153509348
1589498416 1153509348
1589498417 1153509348
1589498418 1154853156
1589498419 1180680738
1589498420 1434336218
1589498421 1434336236
1589498422 1470258786
1589498423 1711875210
1589498425 1951504110
1589498426 1951488348
1589498427 1951488348
1589498428 1951488348
1589498429 1951488348
1589498430 1952635452
1589498431 2082272910
1589498432 2082264532
1589498433 2082264532
1589498434 2082264532
1589498435 2082264532
1589498436 2082264532
1589498437 2082264532
1589498438 2082264532
1589498439 2082264532
1589498440 2082264532
1589498441 2082264532
1589498442 2082264532
1589498443 2082264532
1589498444 2082264532
1589498445 2306616314
1589498446 2166498836
1589498447 1990184332
1589498448 1982457348
1589498449 1982457348
1589498450 1976037316
1589498451 1974377996
1589498452 1783619844
1589498453 1783619844
1589498454 1783619844
1589498455 1783619844
1589498456 1783619844
1589498457 1783619844
1589498458 1783619844
1589498459 1783619844
1589498460 1783619844
1589498461 1593142052
1589498462 1593142052
1589498463 1593142052
1589498464 1593142052
1589498465 1593142052
1589498466 1593142052
1589498467 1593142052
1589498468 1593142052
1589498469 1593142052
1589498470 1593142052
1589498471 1593142052
1589498472 1776552492
1589498473 1776552492
1589498474 1776552492
1589498475 1776552492
1589498476 1776552492
1589498478 1762008148
1589498479 1624348924
1589498480 1294546508
1589498481 1312901108
1589498482 1552329778
1589498483 1792115010
1589498484 1816746140
1589498485 1816746140
1589498486 1816746140
1589498487 1816746140
1589498488 1816746140
1589498489 1700309356
1589498490 1322139860
1589498491 1075602884
1589498492 1075602884
1589498493 1075602884
1589498494 1075602884
1589498495 1075602884
1589498496 1075602884
1589498497 1075602884
1589498498 1167080682
1589498499 1410934122
1589498500 1596151348
1589498501 1596151348
1589498502 1596151348
1589498503 1596151348
1589498504 1596151348
1589498505 1315326564
1589498506 1451871362
1589498507 1640419476
1589498508 1640419476
1589498509 1640419476
1589498510 1640419476
1589498511 1640419476
1589498512 1640419476
1589498513 1640419476
1589498514 1640419476
1589498515 1640419476
1589498516 1640419476
1589498517 1640419476
1589498518 1640419476
1589498519 1640402488
1589498520 1180535228
1589498521 1118252604
1589498522 1118252604
1589498523 1118252604
1589498524 934842172
1589498525 934842172
1589498526 934842172
1589498527 934842172
1589498528 935268260
1589498529 935268260
1589498530 935251272
1589498532 935268260
1589498533 935268260
1589498534 938054172
1589498535 1193084330
1589498536 1292340316
1589498537 1292340316
1589498538 1292340316
1589498539 1292340316
1589498540 1292340316
1589498541 1292340316
1589498542 1328918314
1589498543 1578507634
1589498544 1834766802
1589498545 1909965172
1589498546 1909965172
1589498547 1909965172
1589498548 1909965172
1589498549 1753090996
1589498550 1220579292
1589498551 1113045298
1589498552 1374270018
1589498553 1630602986
1589498554 1647662868
1589498555 1647662868
1589498556 1416600228
1589498557 1322819908
1589498558 1322819908
1589498559 1322819908
1589498560 1322819908
1589498561 1436257618
1589498562 1441821404
1589498563 1441821404
1589498564 1441821404
1589498565 1441804416
1589498566 1441821404
1589498567 1441591964
1589498568 1441591964
1589498569 1441591964
1589498570 1441591964
1589498571 1441591964
1589498572 1441591964
1589498573 1441591964
1589498574 1441591964
1589498575 1441591964
1589498576 1623367714
1589498577 1864877602
1589498578 1919416892
1589498579 1919416892
1589498580 1919416892
1589498581 1919416892
1589498582 1919416892
1589498583 1382740556
1589498584 1549119794
1589498585 1672265324
1589498587 1167998388
1589498588 1167998388
1589498589 1165917092
1589498590 1165917092
1589498591 1165917092
1589498592 1165917092
1589498593 1165917092
1589498594 1167269140
1589498595 1167269140
1589498596 1167269140
1589498597 1167269140
1589498598 1167269140
1589498599 1167269140
1589498600 1167269140
1589498601 1167269140
1589498602 1167269140
1589498603 1167269140
1589498604 1167269140
1589498605 1167269140
1589498606 1167269140
1589498607 1167269140
1589498608 1167269140
1589498609 1166433356
1589498610 1166433356
1589498611 1167351060
1589498612 1167351060
1589498613 1167351060
1589498614 1167351060
1589498615 1167351060
1589498616 1167187188
1589498617 1167187188
1589498618 1166416980
1589498619 1166416980
1589498620 1165900756
1589498621 1358015242
1589498622 1146657148
1589498623 1139979002
1589498624 1392026442
1589498625 1639427986
1589498626 1727480676
1589498627 1727480676
1589498628 1727480676
1589498629 1727480676
1589498630 1727480676
1589498631 1727480676
1589498632 1314544020
1589498633 1253818324
1589498634 1253818324
1589498635 1253818324
1589498636 1253818324
1589498637 1253818324
1589498638 1252113940
1589498640 1252113940
1589498641 1250262068
1589498642 1251941876
1589498643 1250262068
1589498644 1250262068
1589498645 1249639348
1589498646 1251181255
1589498647 1500941186
1589498648 1582405988
1589498649 1582405988
1589498650 1582405988
1589498651 1582405988
1589498652 1582405988
1589498653 1582405988
1589498654 1582405988
1589498655 1582405988
1589498656 1582405988
1589498657 1582405988
1589498658 1637174706
1589498659 1712735164
1589498660 1600086034
1589498661 1855902794
1589498662 2114013794
1589498663 1989850068
1589498664 1414141636
1589498665 1414141636
1589498666 1414141636
1589498667 1414141636
1589498668 1414141636
1589498669 1414141636
1589498670 1414141636
1589498671 1414141636
1589498672 1414141636
1589498673 1282750852
1589498674 1081653612
1589498675 1081653612
1589498676 1081653612
1589498677 1081653612
1589498678 1083013844
1589498679 1083071228
1589498680 1082358356
1589498681 1080842436
1589498682 1082849996
1589498683 1080842436
1589498684 1080842436
1589498685 1081341252
1589498686 1081341252
1589498687 1085929892
1589498688 1085929892
1589498689 1081341252
1589498690 1081341252
1589498692 881850100
1589498693 881850100
1589498694 881850100
1589498695 881850100
1589498696 881850100
