1588702013 125480
1588702015 125480
1588702016 125480
1588702017 125480
1588702018 125480
1588702019 125480
1588702020 125480
1588702021 108492
1588702022 600194444
1588702023 511911380
1588702024 511911380
1588702025 511911380
1588702026 511911380
1588702027 511911380
1588702028 511993316
1588702029 542946958
1588702030 542926692
1588702031 542926692
1588702032 587493292
1588702033 616303332
1588702034 616303332
1588702035 616303332
1588702036 616303332
1588702037 616303332
1588702038 616303332
1588702039 616303332
1588702040 616303332
1588702041 616303332
1588702042 616303332
1588702043 616303332
1588702044 616303332
1588702045 616303332
1588702046 616303332
1588702047 616303332
1588702048 616303332
1588702049 616303332
1588702050 616303332
1588702051 616303332
1588702052 616303332
1588702053 616303332
1588702054 616303332
1588702055 616303332
1588702056 616286344
1588702057 616303332
1588702058 616303332
1588702059 616303332
1588702060 616303332
1588702061 616303332
1588702062 616303332
1588702063 616303332
1588702065 616303332
1588702066 616303332
1588702067 616303332
1588702068 616303332
1588702069 616303332
1588702070 616303332
1588702071 616303332
1588702072 616303332
1588702073 616303332
1588702074 616303332
1588702075 616303332
1588702076 616303332
1588702077 616303332
1588702078 616303332
1588702079 616303332
1588702080 616303332
1588702081 616303332
1588702082 616303332
1588702083 616303332
1588702084 616303332
1588702085 616303332
1588702086 616303332
1588702087 616303332
1588702088 616303332
1588702089 616303332
1588702090 616303332
1588702091 616303332
1588702092 616303332
1588702093 616303332
1588702094 616537863
1588702095 616532724
1588702096 616532724
1588702097 616532724
1588702098 616467188
1588702099 616467188
1588702100 616467188
1588702101 616467188
1588702102 616467188
1588702103 616467188
1588702104 616467188
1588702105 616467188
1588702106 616467188
1588702107 616631028
1588702108 616631028
1588702109 616631028
1588702110 616631028
1588702111 616631028
1588702113 616303332
1588702114 616303332
1588702115 616303332
1588702116 616303332
1588702117 616303332
1588702118 616303332
1588702119 616303332
1588702120 616303332
1588702121 542844756
1588702122 542844756
1588702123 542844756
1588702124 542844756
1588702125 542844756
1588702126 543008612
1588702127 542844756
1588702128 542926692
1588702129 542926692
1588702130 542926692
1588702131 542926692
1588702132 542926692
1588702133 671755652
1588702134 671755652
1588702135 671755652
1588702136 671738664
1588702137 671755652
1588702138 671755652
1588702139 671755652
1588702140 671755652
1588702141 671755652
1588702142 671755652
1588702143 671755652
1588702144 671755652
1588702145 671755652
1588702146 671755652
1588702147 671755652
1588702148 671755652
1588702149 671755652
1588702150 671755652
1588702151 671755652
1588702152 671755652
1588702153 671755652
1588702154 671755652
1588702155 671755652
1588702156 671755652
1588702157 671755652
1588702158 671755652
1588702159 671755652
1588702160 671755652
1588702162 671755652
1588702163 671755652
1588702164 671755652
1588702165 671755652
1588702166 671755652
1588702167 671755652
1588702168 671755652
1588702169 671755652
1588702170 671755652
1588702171 671755652
1588702172 671755652
1588702173 671755652
1588702174 671755652
1588702175 671755652
1588702176 671755652
1588702177 671755652
1588702178 671755652
1588702179 671755652
1588702180 671755652
1588702181 671755652
1588702182 671755652
1588702183 671755652
1588702184 542844756
1588702185 542859108
1588702186 542859108
1588702187 542844756
1588702188 542844756
1588702189 542844756
1588702190 542893924
1588702191 542893924
1588702192 617294564
1588702193 617294564
1588702194 617294564
1588702195 617294564
1588702196 617294564
1588702197 617294564
1588702198 617294564
1588702199 617277576
1588702200 617294564
1588702201 617294564
1588702202 617294564
1588702203 617294564
1588702204 617351924
1588702205 617351924
1588702206 617294564
1588702207 617294564
1588702209 617294564
1588702210 617294564
1588702211 617294564
1588702212 617769878
1588702213 617753332
1588702214 617753332
1588702215 617753332
1588702216 617753332
1588702217 617753332
1588702218 617753332
1588702219 617753332
1588702220 617753332
1588702221 617753332
1588702222 617753332
1588702223 617753332
1588702224 617753332
1588702225 617753332
1588702226 617753332
1588702227 617753332
1588702228 617753332
1588702229 617753332
1588702230 617753332
1588702231 617753332
1588702232 617736344
1588702233 617753332
1588702234 617753332
1588702235 617753332
1588702236 617753332
1588702237 617753332
1588702238 617753332
1588702239 617753332
1588702240 617753332
1588702241 617753364
1588702242 617753364
1588702243 617753364
1588702244 617753364
1588702245 617753364
1588702246 617753364
1588702247 617753364
1588702248 617753364
1588702249 617753364
1588702250 617753364
1588702251 617753364
1588702252 617753364
1588702253 617753364
1588702254 617753396
1588702256 617753396
1588702257 617753396
1588702258 617753396
1588702259 617753396
1588702260 617753396
1588702261 617778322
1588702262 617778322
1588702263 617778322
1588702264 543830930
1588702265 543830930
1588702266 543851698
1588702267 543851706
1588702268 543851706
1588702269 543851770
1588702270 543830938
1588702271 543830938
1588702272 543826836
1588702273 543826836
1588702274 543826836
1588702275 543826836
1588702276 543826836
1588702277 543826836
1588702278 543826836
1588702279 543826836
1588702280 543826836
1588702281 543826836
1588702282 543826836
1588702283 543826836
1588702284 543826836
1588702285 543826836
1588702286 543826836
1588702287 543826836
1588702288 543957924
1588702289 543957924
1588702290 543957924
1588702291 543957924
1588702292 543957924
1588702293 543957924
1588702294 543957924
1588702295 590358004
1588702296 590358004
1588702297 590358004
1588702298 590358004
1588702299 543826868
1588702300 543826868
1588702301 543826868
1588702302 543826868
1588702304 543826868
1588702305 544154532
1588702306 543826868
1588702307 543826868
1588702308 543826868
1588702309 543826868
1588702310 543826868
1588702311 543826868
1588702312 543826868
1588702313 543826868
1588702314 543826868
1588702315 543826868
1588702316 543826868
1588702317 543826868
1588702318 543826868
1588702319 543826868
1588702320 543826868
1588702321 543826868
1588702322 543826868
1588702323 543826868
1588702324 543826868
1588702325 544056228
1588702326 544056228
1588702327 544056228
1588702328 544056228
1588702329 602154628
1588702330 602154628
1588702331 602154628
1588702332 543826868
1588702333 543826868
1588702334 543826868
1588702335 544154532
1588702336 543826868
1588702337 543826868
1588702338 543826868
1588702339 543826868
1588702340 543826868
1588702341 543826868
1588702342 543826868
1588702343 543826868
1588702344 543826868
1588702345 543826868
1588702346 543826868
1588702347 543826868
1588702348 544482244
1588702349 543826868
1588702350 547414980
1588702352 544908228
1588702353 544908228
1588702354 544908228
1588702355 544908228
1588702356 544908228
1588702357 544908228
1588702358 544908228
1588702359 544908228
1588702360 544908228
1588702361 544908228
1588702362 544908228
1588702363 544908228
1588702364 544908228
1588702365 544908228
1588702366 544908228
1588702367 544908228
1588702368 544908228
1588702369 544908228
1588702370 544908228
1588702371 544908228
1588702372 544908228
1588702373 544908228
1588702374 544908228
1588702375 544908228
1588702376 544908228
1588702377 544908228
1588702378 544891240
1588702379 543368100
1588702380 543368100
1588702381 543368100
1588702382 543368100
1588702383 543368100
1588702384 543368100
1588702385 543368100
1588702386 543368100
1588702387 543368100
1588702388 543368100
1588702389 543368100
1588702390 543368100
1588702391 543368100
1588702392 543368100
1588702393 543368100
1588702394 543368100
1588702395 543368100
1588702396 543368100
1588702398 543368100
1588702399 543368100
1588702400 543368100
1588702401 543368100
1588702402 543368100
1588702403 543368100
1588702404 543368100
1588702405 543368100
1588702406 543368100
1588702407 543368100
1588702408 543368100
1588702409 543368100
1588702410 543368100
1588702411 543368100
1588702412 543368100
1588702413 543368100
1588702414 543368100
1588702415 543368100
1588702416 543368100
1588702417 543368100
1588702418 543368100
1588702419 543368100
1588702420 543368100
1588702421 543368100
1588702422 543368100
1588702423 543368100
1588702424 543368100
1588702425 543368100
1588702426 543368100
1588702427 543368100
1588702428 543368100
1588702429 543368100
1588702430 543368100
1588702431 543368100
1588702432 543368100
1588702433 543368100
1588702434 543368100
1588702435 543368100
1588702436 543368100
1588702437 543368100
1588702438 543368100
1588702439 543368100
1588702440 543368100
1588702441 543368100
1588702442 543368100
1588702443 543368100
1588702444 543368100
1588702445 543368100
1588702447 543368100
1588702448 543368100
1588702449 543368100
1588702450 543368100
1588702451 543368100
1588702452 543368100
1588702453 543368100
1588702454 543368100
1588702455 543368100
1588702456 543368100
1588702457 543368100
1588702458 543368100
1588702459 543368100
1588702460 543368100
1588702461 543368100
1588702462 543368100
1588702463 543368100
1588702464 543368100
1588702465 543368100
1588702466 543368100
1588702467 543368100
1588702468 543368100
1588702469 543368100
1588702470 543368100
1588702471 543368100
1588702472 543368100
1588702473 543368100
1588702474 543368100
1588702475 543368100
1588702476 543368100
1588702477 543368100
1588702478 543368100
1588702479 543368100
1588702480 543368100
1588702481 543368100
1588702482 543368100
1588702483 543368100
1588702484 543368100
1588702485 543368100
1588702486 543368100
1588702487 543368100
1588702488 543368100
1588702489 543368100
1588702490 543368100
1588702492 543368100
1588702493 543368100
1588702494 543368100
1588702495 543368100
1588702496 543368100
1588702497 543368100
1588702498 543368100
1588702499 543368100
1588702500 543368100
1588702501 543368100
1588702502 543368100
1588702503 543368100
1588702504 543368100
1588702505 543368100
1588702506 543368100
1588702507 543368100
1588702508 543368100
1588702509 543368100
1588702510 543368100
1588702511 543368100
1588702512 543368100
1588702513 543368100
1588702514 543368100
1588702515 543368100
1588702516 543368100
1588702517 543368100
1588702518 543368100
1588702519 543368100
1588702520 543368100
1588702521 543368100
1588702522 543368100
1588702523 543368100
1588702524 543368100
1588702525 543368100
1588702526 543368100
1588702527 543351112
1588702528 543368100
1588702529 543368100
1588702530 543368100
1588702531 543368100
1588702532 543368100
1588702533 543368100
1588702534 543368100
1588702536 543368100
1588702537 543368100
1588702538 543368100
1588702539 543368100
1588702540 543368100
1588702541 543368100
1588702542 543368100
1588702543 543368100
1588702544 543368100
1588702545 543368100
1588702546 543368100
1588702547 543368100
1588702548 543368100
1588702549 543368100
1588702550 543368100
1588702551 543368100
1588702552 543368100
1588702553 543368100
1588702554 543564692
1588702555 543368100
1588702556 543368100
1588702557 543368100
1588702558 543368100
1588702559 543368100
1588702560 543756434
1588702561 543700900
1588702562 543700900
1588702563 543700900
1588702564 543700900
1588702565 543700900
1588702566 543700900
1588702567 543700900
1588702568 543700900
1588702569 543700900
1588702570 543695796
1588702571 543695796
1588702572 543695796
1588702573 543695796
1588702574 543678808
1588702575 543695796
1588702576 543695796
1588702577 543695796
1588702578 543695796
1588702579 543695796
1588702580 543695796
1588702581 543695796
1588702583 543695796
1588702584 543695796
1588702585 543695796
1588702586 543695796
1588702587 543695796
1588702588 543695796
1588702589 543695796
1588702590 543695796
1588702591 543695796
1588702592 543695796
1588702593 543695796
1588702594 543695796
1588702595 543695796
1588702596 543695796
1588702597 543695796
1588702598 469245988
1588702599 469245988
1588702600 469245988
1588702601 469245988
1588702602 469245988
1588702603 469245988
1588702604 469245988
1588702605 469245988
1588702606 469245988
1588702607 469245988
1588702608 469245988
1588702609 469245988
1588702610 469245988
1588702611 469245988
1588702612 469245988
1588702613 469245988
1588702614 469245988
1588702615 469245988
1588702616 469245988
1588702617 469245988
1588702618 469245988
1588702619 469245988
1588702620 469245988
1588702621 469245988
1588702622 469245988
1588702623 469245988
1588702624 469245988
1588702625 469245988
1588702626 469245988
1588702627 469245988
1588702628 469245988
1588702630 469245988
1588702631 469245988
1588702632 469245988
1588702633 469245988
1588702634 469245988
1588702635 469245988
1588702636 469245988
1588702637 469245988
1588702638 469245988
1588702639 469245988
1588702640 469245988
1588702641 469245988
1588702642 469245988
1588702643 469245988
1588702644 469245988
1588702645 469245988
1588702646 469229000
1588702647 469245988
1588702648 469245988
1588702649 469245988
1588702650 469245988
1588702651 469245988
1588702652 469245988
1588702653 469245988
1588702654 469245988
1588702655 469245988
1588702656 469245988
1588702657 469245988
1588702658 469245988
1588702659 469245988
1588702660 469245988
1588702661 469245988
1588702662 469245988
1588702663 469245988
1588702664 469245988
1588702665 469245988
1588702666 469245988
1588702667 469245988
1588702668 469245988
1588702669 469245988
1588702670 469245988
1588702671 469245988
1588702672 469245988
1588702673 469245988
1588702674 469245988
1588702676 469245988
1588702677 469245988
1588702678 469245988
1588702679 469245988
1588702680 469245988
1588702681 469245988
1588702682 469245988
1588702683 469245988
1588702684 469245988
1588702685 469245988
1588702686 469245988
1588702687 469245988
1588702688 469245988
1588702689 469245988
1588702690 469245988
1588702691 469245988
1588702692 469245988
1588702693 469245988
1588702694 469245988
1588702695 469245988
1588702696 469245988
1588702697 469245988
1588702698 469245988
1588702699 469245988
1588702700 469245988
1588702701 469245988
1588702702 469245988
1588702703 469245988
1588702704 469245988
1588702705 469245988
1588702706 469245988
1588702707 469245988
1588702708 469245988
1588702709 469245988
1588702710 469245988
1588702711 469245988
1588702712 469245988
1588702713 469245988
1588702714 469245988
1588702715 469245988
1588702716 469245988
1588702717 469245988
1588702718 469245988
1588702719 469245988
1588702720 469245988
1588702721 469245988
1588702722 469245988
1588702724 469245988
1588702725 469245988
1588702726 469245988
1588702727 469245988
1588702728 469245988
1588702729 469245988
1588702730 469245988
1588702731 469245988
1588702732 469245988
1588702733 469245988
1588702734 469245988
1588702735 469245988
1588702736 469245988
1588702737 469245988
1588702738 469245988
1588702739 469245988
1588702740 469245988
1588702741 469245988
1588702742 469245988
1588702743 469245988
1588702744 469245988
1588702745 469245988
1588702746 469245988
1588702747 469245988
1588702748 469245988
1588702749 469245988
1588702750 469245988
1588702751 469245988
1588702752 469245988
1588702753 469245988
1588702754 469245988
1588702755 469245988
1588702756 469245988
1588702757 469245988
1588702758 469245988
1588702759 469245988
1588702760 469245988
1588702761 469245988
1588702762 469245988
1588702763 469245988
1588702764 469245988
1588702765 469245988
1588702766 469245988
1588702767 469245988
1588702768 469245988
1588702769 469245988
1588702771 469245988
1588702772 469245988
1588702773 556213332
1588702774 556213332
1588702775 556213332
1588702776 556213332
1588702777 556213332
1588702778 556213332
1588702779 556213332
1588702780 556540996
1588702781 556213332
1588702782 556213332
1588702783 556213332
1588702784 556213332
1588702785 556213332
1588702786 556213332
1588702787 556213332
1588702788 556213332
1588702789 556213332
1588702790 556213332
1588702791 556213332
1588702792 556213332
1588702793 556213332
1588702794 556213332
1588702795 556213332
1588702796 556213332
1588702797 556213332
1588702798 556213332
1588702799 556213332
1588702800 556213332
1588702801 885732372
1588702802 885732372
1588702803 885732372
1588702804 885732372
1588702805 885732372
1588702806 885404676
1588702807 885404676
1588702808 885404676
1588702809 885404676
1588702810 885601268
1588702811 885404676
1588702812 885404676
1588702813 885404676
1588702814 885404676
1588702816 885404676
1588702817 885404676
1588702818 885404676
1588702819 555885636
1588702820 555885636
1588702821 555885636
1588702822 555885636
1588702823 555885636
1588702824 555885636
1588702825 555885636
1588702826 555885636
1588702827 555885636
1588702828 555885636
1588702829 555885636
1588702830 555885636
1588702831 555885636
1588702832 555885636
1588702833 555885636
1588702834 555868648
1588702835 555885636
1588702836 555885636
1588702837 555885636
1588702838 555885636
1588702839 555885636
1588702840 555885636
1588702841 555885636
1588702842 555885636
1588702843 555885636
1588702844 555885636
1588702845 555885636
1588702846 555885636
1588702847 555885636
1588702848 555885636
1588702849 555885636
1588702850 555885636
1588702851 555885636
1588702852 555885636
1588702853 555885636
1588702854 555885636
1588702855 555885636
1588702856 555885636
1588702857 555885636
1588702858 555885636
1588702859 555885636
1588702860 555885636
1588702861 555885636
1588702863 555885636
1588702864 556115028
1588702865 555885636
1588702866 555885636
1588702867 555885636
1588702868 555885636
1588702869 555885636
1588702870 555885636
1588702871 555885636
1588702872 555885636
1588702873 555885636
1588702874 555885636
1588702875 555885636
1588702876 555885636
1588702877 555885636
1588702878 556000308
1588702879 556000308
1588702880 556000308
1588702881 556000308
1588702882 556000308
1588702883 351525492
1588702884 470884388
1588702885 470884388
1588702886 470884388
1588702887 470884388
1588702888 470884388
1588702889 470884388
1588702890 470884388
1588702891 470884388
1588702892 470884388
1588702893 470884388
1588702894 470884388
1588702895 470884388
1588702896 470884388
1588702897 470884388
1588702898 470884388
1588702899 470884388
1588702900 470884388
1588702901 470884388
1588702902 470884388
1588702903 470884388
1588702904 470884388
1588702905 470884388
1588702906 470884388
1588702907 470884388
1588702908 470884388
1588702910 470884388
1588702911 470884388
1588702912 470867400
1588702913 470884388
1588702914 470884388
1588702915 470884388
1588702916 470884388
1588702917 470884388
1588702918 470884388
1588702919 470884388
1588702920 470884388
1588702921 470884388
1588702922 470884388
1588702923 470884388
1588702924 470884388
1588702925 470884388
1588702926 470884388
1588702927 470884388
1588702928 470884388
1588702929 470884388
1588702930 470884388
1588702931 470884388
1588702932 470884388
1588702933 470884388
1588702934 470884388
1588702935 470884388
1588702936 470884388
1588702937 470884388
1588702938 470884388
1588702939 470884388
1588702940 470884388
1588702941 470884388
1588702942 470884388
1588702943 470884388
1588702944 470884388
1588702945 470884388
1588702946 470884388
1588702947 470884388
1588702948 470884388
1588702949 470884388
1588702950 470884388
1588702951 470884388
1588702952 470884388
1588702953 470884388
1588702954 470884388
1588702956 470884388
1588702957 470884388
1588702958 470884388
1588702959 470884388
1588702960 351410820
1588702961 351410820
1588702962 351410820
1588702963 351410820
1588702964 351410820
1588702965 351410820
1588702966 351410820
1588702967 351410820
1588702968 351410820
1588702969 351410820
1588702970 351410820
1588702971 351410820
1588702972 351410820
1588702973 351410820
1588702974 351410820
1588702975 351410820
1588702976 351393832
1588702977 351410820
1588702978 351410820
1588702979 351410820
1588702980 351410820
1588702981 351410820
1588702982 351574644
1588702983 351574644
1588702984 351574644
1588702985 351574644
1588702986 351410820
1588702987 480375360
1588702988 519578260
1588702989 432610916
1588702990 432610916
1588702991 432610916
1588702992 623060836
1588702993 623060836
1588702994 623060836
1588702995 623060836
1588702996 623060836
1588702997 623060836
1588702998 623060836
1588702999 623060836
1588703000 623060836
1588703001 623060836
1588703003 623060836
1588703004 623060836
1588703005 623060836
1588703006 623060836
1588703007 623060836
1588703008 623060836
1588703009 623060836
1588703010 623060836
1588703011 623060836
1588703012 623060836
1588703013 623060836
1588703014 623060836
1588703015 623043848
1588703016 623060836
1588703017 623060836
1588703018 623060836
1588703019 623060836
1588703020 623060836
1588703021 623060836
1588703022 623060836
1588703023 623060836
1588703024 623060836
1588703025 623060836
1588703026 623060836
1588703027 623060836
1588703028 623060836
1588703029 623060836
1588703030 623060836
1588703031 623060836
1588703032 623060836
1588703033 623060836
1588703034 623060836
1588703035 623060836
1588703036 623060836
1588703037 623060836
1588703038 623060836
1588703039 623060836
1588703040 623060836
1588703041 454893396
1588703042 454893396
1588703043 454893396
1588703044 454893396
1588703045 454893396
1588703046 454893396
1588703048 454893396
1588703049 454893396
1588703050 454893396
1588703051 454893396
1588703052 454893396
1588703053 454893396
1588703054 454893396
1588703055 454893396
1588703056 454893396
1588703057 454893396
1588703058 454893396
1588703059 454893396
1588703060 454893396
1588703061 454893396
1588703062 454893396
1588703063 454893396
1588703064 454893396
1588703065 454893396
1588703066 454893396
1588703067 454893396
1588703068 454893396
1588703069 454893396
1588703070 454893396
1588703071 454893396
1588703072 454893396
1588703073 454893396
1588703074 454893396
1588703075 454893396
1588703076 454893396
1588703077 454893396
1588703078 454893396
1588703079 454893396
1588703080 454893396
1588703081 454893396
1588703082 454893396
1588703083 454893396
1588703084 454893396
1588703085 454893396
1588703086 454893396
1588703087 454893396
1588703088 454893396
1588703089 454893396
1588703090 454893396
1588703091 454893396
1588703092 454893396
1588703094 454893396
1588703095 454893396
1588703096 454893396
1588703097 454893396
1588703098 454893396
1588703099 454893396
1588703100 454893396
1588703101 454893396
1588703102 454893396
1588703103 454893396
1588703104 454893396
1588703105 454893396
1588703106 454893396
1588703107 454893396
1588703108 454893396
1588703109 454893396
1588703110 454893396
1588703111 454893396
1588703112 454893396
1588703113 454893396
1588703114 454893396
1588703115 454893396
1588703116 454893396
1588703117 454893396
1588703118 454893396
1588703119 454893396
1588703120 454893396
1588703121 454893396
1588703122 454893396
1588703123 454876408
1588703124 454893396
1588703125 454893396
1588703126 454893396
1588703127 454893396
1588703128 454893396
1588703129 454893396
1588703130 454893396
1588703131 454893396
1588703132 454893396
1588703133 454893396
1588703134 454893396
1588703135 454893396
1588703136 454893396
1588703137 454893396
1588703138 454893396
1588703140 454893396
1588703141 454893396
1588703142 454893396
1588703143 454893396
1588703144 454893396
1588703145 454893396
1588703146 454893396
1588703147 454893396
1588703148 454893396
1588703149 454893396
1588703150 454893396
1588703151 454893396
1588703152 454893396
1588703153 454893396
1588703154 454893396
1588703155 454893396
1588703156 454893396
1588703157 454893396
1588703158 454893396
1588703159 454893396
1588703160 454893396
1588703161 454893396
1588703162 454893396
1588703163 454893396
1588703164 454893396
1588703165 454893396
1588703166 454893396
1588703167 454893396
1588703168 454893396
1588703169 454893396
1588703170 454893396
1588703171 454893396
1588703172 454893396
1588703173 454893396
1588703174 454893396
1588703175 454893396
1588703176 454893396
1588703177 454893396
1588703178 454893396
1588703179 454893396
1588703180 454893396
1588703181 454893396
1588703182 454893396
1588703183 454893396
1588703185 454893396
1588703186 454893396
1588703187 454893396
1588703188 454893396
1588703189 454893396
1588703190 454893396
1588703191 454893396
1588703192 454893396
1588703193 454893396
1588703194 454893396
1588703195 454893396
1588703196 454893396
1588703197 454893396
1588703198 454893396
1588703199 454893396
1588703200 454893396
1588703201 454893396
1588703202 454893396
1588703203 454893396
1588703204 454893396
1588703205 454893396
1588703206 454893396
1588703207 454893396
1588703208 454893396
1588703209 454893396
1588703210 454893396
1588703211 454893396
1588703212 454893396
1588703213 454893396
1588703214 454893396
1588703215 454893396
1588703216 454893396
1588703217 454893396
1588703218 454893396
1588703219 454893396
1588703220 454893396
1588703221 454893396
1588703222 454893396
1588703223 454893396
1588703224 454893396
1588703225 454893396
1588703226 454893396
1588703227 454893396
1588703228 454893396
1588703230 454893396
1588703231 454893396
1588703232 454893396
1588703233 454893396
1588703234 454893396
1588703235 454893396
1588703236 454893396
1588703237 454893396
1588703238 454893396
1588703239 454893396
1588703240 454893396
1588703241 454893396
1588703242 454893396
1588703243 454893396
1588703244 454893396
1588703245 454893396
1588703246 454893396
1588703247 454893396
1588703248 454893396
1588703249 454893396
1588703250 454893396
1588703251 454893396
1588703252 454893396
1588703253 454893396
1588703254 454893396
1588703255 454893396
1588703256 454893396
1588703257 454893396
1588703258 454893396
1588703259 454893396
1588703260 454893396
1588703261 454893396
1588703262 454893396
1588703263 454893396
1588703264 454893396
1588703265 454893396
1588703266 454893396
1588703267 454893396
1588703268 454893396
1588703269 454893396
1588703270 454893396
1588703271 454893396
1588703272 454893396
1588703273 454893396
1588703274 454893396
1588703275 454893396
1588703277 454893396
1588703278 454893396
1588703279 454893396
1588703280 454893396
1588703281 454893396
1588703282 454893396
1588703283 454893396
1588703284 454893396
1588703285 454893396
1588703286 454893396
1588703287 454893396
1588703288 454893396
1588703289 454893396
1588703290 454893396
1588703291 454893396
1588703292 454893396
1588703293 454893396
1588703294 454893396
1588703295 454893396
1588703296 454893396
1588703297 454893396
1588703298 454893396
1588703299 454893396
1588703300 454893396
1588703301 454893396
1588703302 454893396
1588703303 454893396
1588703304 454893396
1588703305 454893396
1588703306 454893396
1588703307 454893396
1588703308 454893396
1588703309 454893396
1588703310 454893396
1588703311 454893396
1588703312 454893396
1588703313 454893396
1588703314 454893396
1588703315 454893396
1588703316 454893396
1588703317 454893396
1588703318 454893396
1588703319 454893396
1588703320 454893396
1588703322 264455780
1588703323 264455780
1588703324 264455780
1588703325 264438792
1588703326 264455780
1588703327 264455780
1588703328 264455780
1588703329 264455780
1588703330 264455780
1588703331 264455780
1588703332 264455780
1588703333 264455780
1588703334 264455780
1588703335 264455780
1588703336 264455780
1588703337 264455780
1588703338 264455780
1588703339 264455780
1588703340 264455780
1588703341 264455780
1588703342 264455780
1588703343 264455780
1588703344 264455780
1588703345 264455780
1588703346 264455780
1588703347 264455780
1588703348 264455780
1588703349 264455780
1588703350 264455780
1588703351 264455780
1588703352 264438792
1588703353 264455780
1588703354 264455780
1588703355 264455780
1588703356 264455780
1588703357 264455780
1588703358 264455780
1588703359 264455780
1588703360 264455780
1588703361 264455780
1588703362 264455780
1588703363 264455780
1588703364 264455780
1588703365 264455780
1588703367 264455780
1588703368 264455780
1588703369 264455780
1588703370 264455780
1588703371 264455780
1588703372 264455780
1588703373 264455780
1588703374 264455780
1588703375 264455780
1588703376 264455780
1588703377 264455780
1588703378 264455780
1588703379 264455780
1588703380 264455780
1588703381 264455780
1588703382 264455780
1588703383 264455780
1588703384 264455780
1588703385 264455780
1588703386 264455780
1588703387 264455780
1588703388 264455780
1588703389 264455780
1588703390 264455780
1588703391 264455780
1588703392 264455780
1588703393 264455780
1588703394 264455780
1588703395 264455780
1588703396 264455780
1588703397 264455780
1588703398 264455780
1588703399 264455780
1588703400 264455780
1588703401 264455780
1588703402 264455780
1588703403 264455780
1588703404 264455780
1588703405 264455780
1588703406 264455780
1588703407 264455780
1588703408 264455780
1588703409 264455780
1588703410 264455780
1588703411 264455780
1588703412 264455780
1588703414 264455780
1588703415 264455780
1588703416 264455780
1588703417 264455780
1588703418 264455780
1588703419 264455780
1588703420 264455780
1588703421 264455780
1588703422 264455780
1588703423 264455780
1588703424 264455780
1588703425 264455780
1588703426 264455780
1588703427 264455780
1588703428 264455780
1588703429 264455780
1588703430 264455780
1588703431 264455780
1588703432 264455780
1588703433 264455780
1588703434 264455780
1588703435 264455780
1588703436 264455780
1588703437 264455780
1588703438 264455780
1588703439 264455780
1588703440 264455780
1588703441 264455780
1588703442 264455780
1588703443 264455780
1588703444 264455780
1588703445 264455780
1588703446 264455780
1588703447 264455780
1588703448 264455780
1588703449 264455780
1588703450 264455780
1588703451 264455780
1588703452 264455780
1588703453 264455780
1588703454 264455780
1588703455 264455780
1588703456 264455780
1588703457 264455780
1588703458 264455780
1588703460 264455780
1588703461 264455780
1588703462 264455780
1588703463 264783444
1588703464 264783444
1588703465 264783444
1588703466 264783444
1588703467 264455780
1588703468 264455780
1588703469 264455780
1588703470 264455780
1588703471 264455780
1588703472 264455780
1588703473 264455780
1588703474 264455780
1588703475 264455780
1588703476 264455780
1588703477 264455780
1588703478 264455780
1588703479 264455780
1588703480 264455780
1588703481 264455780
1588703482 264455780
1588703483 264455780
1588703484 264455780
1588703485 264455780
1588703486 264455780
1588703487 264455780
1588703488 264455780
1588703489 264455780
1588703490 264455780
1588703491 264455780
1588703492 264455780
1588703493 264455780
1588703494 264455780
1588703495 264455780
1588703496 264455780
1588703497 264455780
1588703498 264455780
1588703499 264455780
1588703500 264455780
1588703501 264455780
1588703502 264455780
1588703503 264455780
1588703505 264455780
1588703506 264455780
1588703507 264455780
1588703508 264455780
1588703509 264455780
1588703510 264455780
1588703511 264455780
1588703512 264455780
1588703513 264455780
1588703514 264455780
1588703515 264455780
1588703516 264455780
1588703517 264455780
1588703518 264455780
1588703519 264455780
1588703520 264455780
1588703521 264455780
1588703522 264455780
1588703523 264652404
1588703524 264652404
1588703525 264652404
1588703526 264652404
1588703527 264652404
1588703528 264652404
1588703529 264652404
1588703530 264652404
1588703531 264652404
1588703532 264652404
1588703533 264652404
1588703534 264652404
1588703535 264652404
1588703536 264652404
1588703537 264652404
1588703538 264652404
1588703539 264652404
1588703540 264652404
1588703541 264652404
1588703542 264652404
1588703543 264652404
1588703544 264652404
1588703545 264652404
1588703546 264455780
1588703547 264455780
1588703548 264455780
1588703549 264455780
1588703551 264443476
1588703552 264443476
1588703553 264443476
1588703554 264443476
1588703555 264443476
1588703556 264443476
1588703557 264443476
1588703558 582160400
1588703559 565257396
1588703560 565257396
1588703561 565257396
1588703562 565257396
1588703563 565257396
1588703564 565257396
1588703565 565257396
1588703566 565257396
1588703567 565257396
1588703568 565257396
1588703569 565257396
1588703570 565257396
1588703571 565257396
1588703572 565257396
1588703573 565257396
1588703574 565257396
1588703575 565257396
1588703576 565257396
1588703577 565257396
1588703578 565257396
1588703579 565257396
1588703580 565257396
1588703581 565257396
1588703582 565257396
1588703583 575218964
1588703584 575218964
1588703585 575218964
1588703586 575218964
1588703587 575218964
1588703588 575218964
1588703589 575218964
1588703590 575218964
1588703591 575218964
1588703592 576005412
1588703593 576005412
1588703595 575218964
1588703596 575218964
1588703597 575218964
1588703598 565257396
1588703599 565257396
1588703600 565257396
1588703601 565257396
1588703602 565257396
1588703603 565257396
1588703604 565257396
1588703605 565257396
1588703606 565257396
1588703607 565257396
1588703608 565257396
1588703609 565257396
1588703610 565257396
1588703611 565257396
1588703612 565257396
1588703613 565257396
1588703614 565257396
1588703615 565240408
1588703616 565257396
1588703617 565257396
1588703618 565257396
1588703619 565257396
1588703620 565257396
1588703621 565257396
1588703622 565257396
1588703623 565257396
1588703624 565257396
1588703625 565257396
1588703626 565257396
1588703627 565257396
1588703628 565257396
1588703629 565257396
1588703630 565257396
1588703631 565257396
1588703632 565257396
1588703633 565257396
1588703634 565257396
1588703635 565257396
1588703636 565257396
1588703637 565257396
1588703638 565257396
1588703639 565257396
1588703641 565257396
1588703642 565257396
1588703643 565257396
1588703644 565363892
1588703645 565346904
1588703646 565314724
1588703647 565314724
1588703648 565314724
1588703649 565314724
1588703650 565413044
1588703651 565413044
1588703652 565314724
1588703653 565314724
1588703654 565314724
1588703655 565314724
1588703656 565314724
1588703657 565314724
1588703658 565314724
1588703659 565314724
1588703660 565314724
1588703661 565314724
1588703662 565314724
1588703663 565314724
1588703664 565314724
1588703665 565314724
1588703666 565314724
1588703667 565314724
1588703668 565314724
1588703669 565314724
1588703670 565314724
1588703671 565314724
1588703672 565314724
1588703673 565314724
1588703674 565314724
1588703675 565314724
1588703676 565314724
1588703677 565314724
1588703678 565314724
1588703679 565314724
1588703680 565314724
1588703681 565314724
1588703682 565314724
1588703683 565314724
1588703685 565314724
1588703686 565314724
1588703687 565314724
1588703688 565314724
1588703689 565314724
1588703690 952262946
1588703691 772345476
1588703692 772345476
1588703693 772345476
1588703694 772345476
1588703695 772345476
1588703696 772345476
1588703697 772345476
1588703698 772345476
1588703699 772345476
1588703700 772345476
1588703701 772345476
1588703702 772345476
1588703703 772509332
1588703704 772509332
1588703705 772509332
1588703706 772837028
1588703707 772509332
1588703708 772443796
1588703709 772443796
1588703710 772345476
1588703711 772345476
1588703712 772345476
1588703713 772345476
1588703714 772345476
1588703715 772345476
1588703716 772345476
1588703717 772345476
1588703718 772345476
1588703719 772345476
1588703720 772345476
1588703721 772345476
1588703722 772345476
1588703723 772345476
1588703724 772345476
1588703725 772288148
1588703726 772288148
1588703727 772288148
1588703728 772288148
1588703729 772288148
1588703731 772288148
1588703732 772288148
1588703733 772288148
1588703734 772288148
1588703735 786706244
1588703736 786706244
1588703737 786706244
1588703738 786706244
1588703739 786706244
1588703740 786706244
1588703741 786706244
1588703742 786706244
1588703743 786706244
1588703744 786706244
1588703745 786706244
1588703746 786706244
1588703747 786706244
1588703748 786706244
1588703749 786706244
1588703750 786706244
1588703751 786706244
1588703752 786706244
1588703753 786706244
1588703754 786706244
1588703755 786706244
1588703756 786706244
1588703757 786706244
1588703758 786706244
1588703759 786706244
1588703760 786706244
1588703761 786706244
1588703762 786706244
1588703763 786706244
1588703764 786706244
1588703765 786706244
1588703766 786706244
1588703767 786706244
1588703768 786706244
1588703769 786706244
1588703770 786706244
1588703771 786706244
1588703772 786706244
1588703773 786706244
1588703774 786706244
1588703776 786706244
1588703777 786706244
1588703778 786706244
1588703779 786706244
1588703780 786706244
1588703781 786706244
1588703782 786706244
1588703783 786706244
1588703784 786706244
1588703785 786706244
1588703786 786706244
1588703787 786706244
1588703788 786706244
1588703789 786706244
1588703790 786706244
1588703791 786706244
1588703792 786706244
1588703793 786706244
1588703794 786706244
1588703795 786706244
1588703796 786706244
1588703797 786706244
1588703798 786706244
1588703799 786706244
1588703800 786706244
1588703801 786706244
1588703802 786706244
1588703803 786804532
1588703804 786804532
1588703805 786804532
1588703806 786804532
1588703807 786804532
1588703808 786804532
1588703809 786804532
1588703810 838218180
1588703811 838218180
1588703812 838218180
1588703813 838218180
1588703814 838218180
1588703815 838218180
1588703816 838218180
1588703817 838218180
1588703818 786706244
1588703819 786706244
1588703820 786706244
1588703822 786706244
1588703823 786706244
1588703824 786706244
1588703825 787552903
1588703826 787492660
1588703827 787492660
1588703828 787492660
1588703829 787492660
1588703830 787492660
1588703831 786706244
1588703832 786706244
1588703833 786706244
1588703834 786706244
1588703835 786706244
1588703836 786706244
1588703837 786706244
1588703838 786706244
1588703839 786706244
1588703840 786706244
1588703841 786706244
1588703842 786706244
1588703843 786706244
1588703844 786706244
1588703845 786706244
1588703846 786706244
1588703847 786706244
1588703848 786820916
1588703849 786820916
1588703850 786820916
1588703851 786820916
1588703852 786820916
1588703853 786820916
1588703854 786706244
1588703855 1172583618
1588703856 1258767828
1588703857 1258767828
1588703858 1258767828
1588703859 1258767828
1588703860 1258767828
1588703861 1258767828
1588703862 1258767828
1588703863 1258767828
1588703864 1258767828
1588703865 1258767828
1588703866 1258767828
1588703867 1258767828
1588703868 1258767828
1588703870 1258767828
1588703871 1258767828
1588703872 1258767828
1588703873 1258767828
1588703874 786706244
1588703875 786706244
1588703876 786706244
1588703877 786706244
1588703878 787073794
1588703879 787033940
1588703880 787033940
1588703881 792277004
1588703882 878457732
1588703883 878457732
1588703884 878457732
1588703885 878457732
1588703886 878457732
1588703887 878457732
1588703888 878457732
1588703889 878457732
1588703890 878457732
1588703891 881603492
1588703892 881603492
1588703893 881603492
1588703894 881603492
1588703895 881603492
1588703896 881603492
1588703897 881603492
1588703898 881603492
1588703899 881603492
1588703900 881603492
1588703901 881603492
1588703902 1184556257
1588703903 1184547364
1588703904 1184547364
1588703905 1184547364
1588703906 1184547364
1588703907 1184547364
1588703908 1184547364
1588703909 1184547364
1588703910 1184547364
1588703911 1184547364
1588703912 1184547364
1588703913 1184547364
1588703914 1184547364
1588703915 1184547364
1588703916 1184547364
1588703918 1184547364
1588703919 1184547364
1588703920 1184547364
1588703921 789852004
1588703922 789852004
1588703923 789852004
1588703924 789852004
1588703925 789852004
1588703926 789852004
1588703927 789852004
1588703928 1251777138
1588703929 742927652
1588703930 742927652
1588703931 742927652
1588703932 742927652
1588703933 742927652
1588703934 742927652
1588703935 742927652
1588703936 742927652
1588703937 742927652
1588703938 742927652
1588703939 742927652
1588703940 742927652
1588703941 743157012
1588703942 743157012
1588703943 743157012
1588703944 743157012
1588703945 742927652
1588703946 742927652
1588703947 742927652
1588703948 742927652
1588703949 742927652
1588703950 763244068
1588703951 763244068
1588703952 763244068
1588703953 763244068
1588703954 763244068
1588703955 763244068
1588703956 763244068
1588703957 742927652
1588703958 742927652
1588703959 742927652
1588703960 742927652
1588703961 743058708
1588703963 746974564
1588703964 746974564
1588703965 746974564
1588703966 746974564
1588703967 746974564
1588703968 746974564
1588703969 746974564
1588703970 746974564
1588703971 746974564
1588703972 746974564
1588703973 746974564
1588703974 746974564
1588703975 746974564
1588703976 746974564
1588703977 746974564
1588703978 746974564
1588703979 746974564
1588703980 746974564
1588703981 746974564
1588703982 746974564
1588703983 746974564
1588703984 746974564
1588703985 746974564
1588703986 746974564
1588703987 746974564
1588703988 746974564
1588703989 746974564
1588703990 746974564
1588703991 746974564
1588703992 746974564
1588703993 746974564
1588703994 746974564
1588703995 746974564
1588703996 746974564
1588703997 746974564
1588703998 746974564
1588703999 746974564
1588704000 746974564
1588704001 746974564
1588704002 747072852
1588704003 747072852
1588704004 746974564
1588704005 746974564
1588704006 746974564
1588704008 746974564
1588704009 746974564
1588704010 746974564
1588704011 747072884
1588704012 747072884
1588704013 746974564
1588704014 746974564
1588704015 746974564
1588704016 746974564
1588704017 746974564
1588704018 746974564
1588704019 746974564
1588704020 746974564
1588704021 746988884
1588704022 746988884
1588704023 746974564
1588704024 747056500
1588704025 748531060
1588704026 748531060
1588704027 908817684
1588704028 908817684
1588704029 907343124
1588704030 907343124
1588704031 907343124
1588704032 907343124
1588704033 907343124
1588704034 907343124
1588704035 907343124
1588704036 907343124
1588704037 907343124
1588704038 907343124
1588704039 907343124
1588704040 907343124
1588704041 907343124
1588704042 907343124
1588704043 907343124
1588704044 907343124
1588704045 907343124
1588704046 907343124
1588704047 907343124
1588704048 907343124
1588704049 907343124
1588704050 907343124
1588704051 907343124
1588704052 907343124
1588704053 907343124
1588704055 907343124
1588704056 907343124
1588704057 907343124
1588704058 907343124
1588704059 907343124
1588704060 907343124
1588704061 907343124
1588704062 907343124
1588704063 746974564
1588704064 746974564
1588704065 746974564
1588704066 746974564
1588704067 746974564
1588704068 746974564
1588704069 747302260
1588704070 747302260
1588704071 747302260
1588704072 747302260
1588704073 747302260
1588704074 746974564
1588704075 746974564
1588704076 746974564
1588704077 746974564
1588704078 746974564
1588704079 747072884
1588704080 747072884
1588704081 746974564
1588704082 746974564
1588704083 746974564
1588704084 746974564
1588704085 746974564
1588704086 746974564
1588704087 746974564
1588704088 746974564
1588704089 746974564
1588704090 746974564
1588704091 746974564
1588704092 746974564
1588704093 746974564
1588704094 746974564
1588704095 746974564
1588704096 746974564
1588704097 746974564
1588704098 746974564
1588704100 746974564
1588704101 746974564
1588704102 746974564
1588704103 746974564
1588704104 746974564
1588704105 746974564
1588704106 746974564
1588704107 746974564
1588704108 746974564
1588704109 746974564
1588704110 746974564
1588704111 746974564
1588704112 746974564
1588704113 747105620
1588704114 747105620
1588704115 747105620
1588704116 747105620
1588704117 747105620
1588704118 747105620
1588704119 747105620
1588704120 747105620
1588704121 774500020
1588704122 787590360
1588704123 787607348
1588704124 787607348
1588704125 787607348
1588704126 787607348
1588704127 787590360
1588704128 787607348
1588704129 787607348
1588704130 787607348
1588704131 774500020
1588704132 774483032
1588704133 774500020
1588704134 774500020
1588704135 774500020
1588704136 774581956
1588704137 774500020
1588704138 774500020
1588704139 774500020
1588704140 774893220
1588704141 774893220
1588704142 774893220
1588704143 774893220
1588704145 774893220
1588704146 774893220
1588704147 774893220
1588704148 774893220
1588704149 774893220
1588704150 774893220
1588704151 774893220
1588704152 774893220
1588704153 774893220
1588704154 774893220
1588704155 774893220
1588704156 774500020
1588704157 774540972
1588704158 774500020
1588704159 774500020
1588704160 774500020
1588704161 774500020
1588704162 774500020
1588704163 774500020
1588704164 774500020
1588704165 774500020
1588704166 774500020
1588704167 774500020
1588704168 774500020
1588704169 774500020
1588704170 774729380
1588704171 774729380
1588704172 774729380
1588704173 774729380
1588704174 774500020
1588704175 821162228
1588704176 821162228
1588704177 821162228
1588704178 821162228
1588704179 774500020
1588704180 774500020
1588704181 774500020
1588704182 774500020
1588704183 774663844
1588704184 774500020
1588704185 774500020
1588704186 774500020
1588704187 774500020
1588704188 774500020
1588704189 774500020
1588704190 774500020
1588704192 774500020
1588704193 774500020
1588704194 774500020
1588704195 774500020
1588704196 774500020
1588704197 774500020
1588704198 774500020
1588704199 774500020
1588704200 774500020
1588704201 774500020
1588704202 774500020
1588704203 774500020
1588704204 774500020
1588704205 774500020
1588704206 774500020
1588704207 774500020
1588704208 774500020
1588704209 774500020
1588704210 774500020
1588704211 774500020
1588704212 774500020
1588704213 774500020
1588704214 774500020
1588704215 774500020
1588704216 774500020
1588704217 774500020
1588704218 774500020
1588704219 774500020
1588704220 774500020
1588704221 774500020
1588704222 774500020
1588704223 774500020
1588704224 774500020
1588704225 774500020
1588704226 774500020
1588704227 774500020
1588704228 774500020
1588704229 774500020
1588704230 774500020
1588704231 774500020
1588704232 774500020
1588704233 774500020
1588704234 774500020
1588704236 774500020
1588704237 774500020
1588704238 774500020
1588704239 774500020
1588704240 774500020
1588704241 774500020
1588704242 774500020
1588704243 770453108
1588704244 770453108
1588704245 770453108
1588704246 770453108
1588704247 770616932
1588704248 770453108
1588704249 770780804
1588704250 770780804
1588704251 770780804
1588704252 770453108
1588704253 772288116
1588704254 772288116
1588704255 770494060
1588704256 770465380
1588704257 770465380
1588704258 770465380
1588704259 770465380
1588704260 770465380
1588704261 770465380
1588704262 770465380
1588704263 770465380
1588704264 770465380
1588704265 770464808
1588704266 770481796
1588704267 770481796
1588704268 770481796
1588704269 770481796
1588704270 770481796
1588704271 770481796
1588704272 770481796
1588704273 770481796
1588704274 770481796
1588704275 770453108
1588704276 770453108
1588704277 770453108
1588704278 770453108
1588704279 770453108
1588704280 770453108
1588704281 770453108
1588704283 770453108
1588704284 770453108
1588704285 770453108
1588704286 770453108
1588704287 770453108
1588704288 770453108
1588704289 770453108
1588704290 770453108
1588704291 770453108
1588704292 770453108
1588704293 770453108
1588704294 770453108
1588704295 770453108
1588704296 770453108
1588704297 770453108
1588704298 770453108
1588704299 770453108
1588704300 770453108
1588704301 770453108
1588704302 770453108
1588704303 770453108
1588704304 770453108
1588704305 770453108
1588704306 770453108
1588704307 770453108
1588704308 770453108
1588704309 770453108
1588704310 770453108
1588704311 896796114
1588704312 862859972
1588704313 862859972
1588704314 862859972
1588704315 862859972
1588704316 862859972
1588704317 862859972
1588704318 899578444
1588704319 895497300
1588704320 895497300
1588704321 895497300
1588704322 895497300
1588704323 895497300
1588704324 895497300
1588704325 895480312
1588704326 895497300
1588704328 895497300
1588704329 895497300
1588704330 895497300
1588704331 895497300
1588704332 895497300
1588704333 803090436
1588704334 929838580
1588704335 929838580
1588704336 929838580
1588704337 929838580
1588704338 929838580
1588704339 929838580
1588704340 929838580
1588704341 929838580
1588704342 929838580
1588704343 929838580
1588704344 929838580
1588704345 929838580
1588704346 929838580
1588704347 929838580
1588704348 929838580
1588704349 929838580
1588704350 803319828
1588704351 803319828
1588704352 803319828
1588704353 803450884
1588704354 803090436
1588704355 803090436
1588704356 803090436
1588704357 805449732
1588704358 805449732
1588704359 803090436
1588704360 803090436
1588704361 803090436
1588704362 803090436
1588704363 849130020
1588704364 849130020
1588704365 849130020
1588704366 803090436
1588704367 803090436
1588704368 803090436
1588704369 803221524
1588704371 803254260
1588704372 803418132
1588704373 803418132
1588704374 803418132
1588704375 803418132
1588704376 803418132
1588704377 803418132
1588704378 803418132
1588704379 803418132
1588704380 803418132
1588704381 803418132
1588704382 803418132
1588704383 803418132
1588704384 803418132
1588704385 803418132
1588704386 803418132
1588704387 803418132
1588704388 803418132
1588704389 803418132
1588704390 803418132
1588704391 803418132
1588704392 803418132
1588704393 803418132
1588704394 803418132
1588704395 803418132
1588704396 803418132
1588704397 803418132
1588704398 803418132
1588704399 803418132
1588704400 803418132
1588704401 803418132
1588704402 803418132
1588704403 803418132
1588704404 803418132
1588704405 803418132
1588704406 803418132
1588704407 803418132
1588704408 803418132
1588704409 803418132
1588704410 803418132
1588704411 803418132
1588704412 803418132
1588704414 803418132
1588704415 803418132
1588704416 803418132
1588704417 803418132
1588704418 803418132
1588704419 803418132
1588704420 803418132
1588704421 803418132
1588704422 803418132
1588704423 803418132
1588704424 803418132
1588704425 803418132
1588704426 803418132
1588704427 803418132
1588704428 803418132
1588704429 803418132
1588704430 803418132
1588704431 803418132
1588704432 803418132
1588704433 803418132
1588704434 803418132
1588704435 803418132
1588704436 803418132
1588704437 803401144
1588704438 803418132
1588704439 803418132
1588704440 803418132
1588704441 803418132
1588704442 803418132
1588704443 803418132
1588704444 803418132
1588704445 803418132
1588704446 803418132
1588704447 803418132
1588704448 803418132
1588704449 803418132
1588704450 803418132
1588704451 803418132
1588704452 803418132
1588704453 803418132
1588704454 803418132
1588704455 803418132
1588704456 803418132
1588704457 803418132
1588704458 803418132
1588704460 803418132
1588704461 803418132
1588704462 803418132
1588704463 803418132
1588704464 803418132
1588704465 803418132
1588704466 714288052
1588704467 413474132
1588704468 760028466
1588704469 683543108
1588704470 683543108
1588704471 683543108
1588704472 683543108
1588704473 683543108
1588704474 683543108
1588704475 683543108
1588704476 683543108
1588704477 683543108
1588704478 519045764
1588704479 519045764
1588704480 519045764
1588704481 519045764
1588704482 519045764
1588704483 519045764
1588704484 519045764
1588704485 519045764
1588704486 519045764
1588704487 519045764
1588704488 519045764
1588704489 519045764
1588704490 519045764
1588704491 519045764
1588704492 519045764
1588704493 519045764
1588704494 519209588
1588704495 519209588
1588704496 519209588
1588704497 519192600
1588704498 519209588
1588704499 519209588
1588704500 519209588
1588704501 519209588
1588704502 519209588
1588704503 519209588
1588704504 519209588
1588704506 519209588
1588704507 519192600
1588704508 519209588
1588704509 519209588
1588704510 519209588
1588704511 519209588
1588704512 249140612
1588704513 249140612
1588704514 249140612
1588704515 267490916
1588704516 267490916
1588704517 267490916
1588704518 267490916
1588704519 267490916
1588704520 267490916
1588704521 267490916
1588704522 267490916
1588704523 267490916
1588704524 267490916
1588704525 267327092
1588704526 267327092
1588704527 267327092
1588704528 267327092
1588704529 267327092
1588704530 267327092
1588704531 267327092
1588704532 267327092
1588704533 267327092
1588704534 267327092
1588704535 267327092
1588704536 267327092
1588704537 267327092
1588704538 267327092
1588704539 267327092
1588704540 267327092
1588704541 267327092
1588704542 267327092
1588704543 267327092
1588704544 267327092
1588704545 267327092
1588704546 267327092
1588704547 267327092
1588704548 267327092
1588704550 267327092
1588704551 267327092
1588704552 267327092
1588704553 267310104
1588704554 267310104
1588704555 267327092
1588704556 267327092
1588704557 267327092
1588704558 267327092
1588704559 267327092
1588704560 267327092
1588704561 267327092
1588704562 267327092
1588704563 267327092
1588704564 267327092
1588704565 267327092
1588704566 267327092
1588704567 267327092
1588704568 267327092
1588704569 267310104
1588704570 267327092
1588704571 267327092
1588704572 267327092
1588704573 267327092
1588704574 267327092
1588704575 267327092
1588704576 267327092
1588704577 267327092
1588704578 267327092
1588704579 267327092
1588704580 267327092
1588704581 267327092
1588704582 267327092
1588704583 267327092
1588704584 267327092
1588704585 267327092
1588704586 267327092
1588704587 267327092
1588704588 267327092
1588704589 267327092
1588704590 267327092
1588704591 267327092
1588704592 267327092
1588704594 267327092
1588704595 267327092
1588704596 267327092
1588704597 267327092
1588704598 267327092
1588704599 267327092
1588704600 267327092
1588704601 267327092
1588704602 267327092
1588704603 267327092
1588704604 267327092
1588704605 267310104
1588704606 267327092
1588704607 267327092
1588704608 267327092
1588704609 267327092
1588704610 267327092
1588704611 267327092
1588704612 267327092
1588704613 267327092
1588704614 267327092
1588704615 267327092
1588704616 267327092
1588704617 267327092
1588704618 267327092
1588704619 267327092
1588704620 267327092
1588704621 267327092
1588704622 267327092
1588704623 266999396
1588704624 266999396
1588704625 266999396
1588704626 266999396
1588704627 266999396
1588704628 266999396
1588704629 266999396
1588704630 266999396
1588704631 266999396
1588704632 266999396
1588704633 266999396
1588704634 266999396
1588704635 266999396
1588704636 266999396
1588704637 266982408
1588704639 266999396
1588704640 266999396
1588704641 266999396
1588704642 266999396
1588704643 266999396
1588704644 266999396
1588704645 266999396
1588704646 266999396
1588704647 266999396
1588704648 266999396
1588704649 266999396
1588704650 266999396
1588704651 266999396
1588704652 266999396
1588704653 266999396
1588704654 266999396
1588704655 266999396
1588704656 266999396
1588704657 266999396
1588704658 266999396
1588704659 266999396
1588704660 266999396
1588704661 266999396
1588704662 266999396
1588704663 266999396
1588704664 266999396
1588704665 266999396
1588704666 266999396
1588704667 266999396
1588704668 266999396
1588704669 266999396
1588704670 266999396
1588704671 267916916
1588704672 267916916
1588704673 267916916
1588704674 266999396
1588704675 266999396
1588704676 266999396
1588704677 266982408
1588704678 266999396
1588704679 266999396
1588704680 266999396
1588704681 266999396
1588704683 266999396
1588704684 266999396
1588704685 266999396
1588704686 266999396
1588704687 266999396
1588704688 266999396
1588704689 266999396
1588704690 266999396
1588704691 266999396
1588704692 266999396
1588704693 266999396
1588704694 266999396
1588704695 266999396
1588704696 266999396
1588704697 266999396
1588704698 266999396
1588704699 266999396
1588704700 266999396
1588704701 266999396
1588704702 266999396
1588704703 266999396
1588704704 266999396
1588704705 266999396
1588704706 266999396
1588704707 266999396
1588704708 266999396
1588704709 266999396
1588704710 266999396
1588704711 266999396
1588704712 266999396
1588704713 266999396
1588704714 266999396
1588704715 266999396
1588704716 266999396
1588704717 266999396
1588704718 266999396
1588704719 266999396
1588704720 266999396
1588704721 266999396
1588704722 266999396
1588704723 266999396
1588704724 266999396
1588704725 266999396
1588704726 266999396
1588704727 266999396
1588704729 266999396
1588704730 266999396
1588704731 266999396
1588704732 266999396
1588704733 266999396
1588704734 301587680
1588704735 278402804
1588704736 278402804
1588704737 278402804
1588704738 278402804
1588704739 278402804
1588704740 278402804
1588704741 278402804
1588704742 278402804
1588704743 278402804
1588704744 278402804
1588704745 278402804
1588704746 278402804
1588704747 278402804
1588704748 278402804
1588704749 278402804
1588704750 278402804
1588704751 278402804
1588704752 278402804
1588704753 278402804
1588704754 278402804
1588704755 278402804
1588704756 278402804
1588704757 278402804
1588704758 278402804
1588704759 278402804
1588704760 278402804
1588704761 278402804
1588704762 278402804
1588704763 320472035
1588704764 198513444
1588704765 198513444
1588704766 198513444
1588704767 198513444
1588704768 198513444
1588704769 198513444
1588704770 198513444
1588704771 198513444
1588704772 198496456
1588704774 198513444
1588704775 198513444
1588704776 198513444
1588704777 198513444
1588704778 198513444
1588704779 198513444
1588704780 198513444
1588704781 198513444
1588704782 198513444
1588704783 198513444
1588704784 198513444
1588704785 198513444
1588704786 198513444
1588704787 198513444
1588704788 198513444
1588704789 198496456
1588704790 198513444
1588704791 198513444
1588704792 198513444
1588704793 198513444
1588704794 198513444
1588704795 198513444
1588704796 198513444
1588704797 198513444
1588704798 198513444
1588704799 198513444
1588704800 198513444
1588704801 198513444
1588704802 199299860
1588704803 199299860
1588704804 199299860
1588704805 198513444
1588704806 198513444
1588704807 198513444
1588704808 198513444
1588704809 198513444
1588704810 198513444
1588704811 198496456
1588704812 198513444
1588704813 198513444
1588704814 198513444
1588704815 198513444
1588704816 198513444
1588704818 198513444
1588704819 198513444
1588704820 198513444
1588704821 198513444
1588704822 198513444
1588704823 198513444
1588704824 198513444
1588704825 198513444
1588704826 198513444
1588704827 198513444
1588704828 198513444
1588704829 198513444
1588704830 198513444
1588704831 198513444
1588704832 198513444
1588704833 198513444
1588704834 198513444
1588704835 198513444
1588704836 198513444
1588704837 198513444
1588704838 198513444
1588704839 198513444
1588704840 198513444
1588704841 198513444
1588704842 198513444
1588704843 198513444
1588704844 198513444
1588704845 198513444
1588704846 198513444
1588704847 198496456
1588704848 198513444
1588704849 198496456
1588704850 198513444
1588704851 198513444
1588704852 198513444
1588704853 198513444
1588704854 198513444
1588704855 198513444
1588704856 198513444
1588704857 198513444
1588704858 198513444
1588704859 198513444
1588704860 198513444
1588704862 198513444
1588704863 198513444
1588704864 198513444
1588704865 198513444
1588704866 198513444
1588704867 198513444
1588704868 198513444
1588704869 198513444
1588704870 198513444
1588704871 198513444
1588704872 198513444
1588704873 198513444
1588704874 198513444
1588704875 198513444
1588704876 198513444
1588704877 198513444
1588704878 198513444
1588704879 198513444
1588704880 198513444
1588704881 198513444
1588704882 198513444
1588704883 198513444
1588704884 198513444
1588704885 198513444
1588704886 198513444
1588704887 198513444
1588704888 198513444
1588704889 198513444
1588704890 198513444
1588704891 198513444
1588704892 198513444
1588704893 198513444
1588704894 198513444
1588704895 198513444
1588704896 198513444
1588704897 198513444
1588704898 198513444
1588704899 198513444
1588704900 198513444
1588704901 198513444
1588704902 198513444
1588704903 198513444
1588704904 198513444
1588704906 198496456
1588704907 198513444
1588704908 198513444
1588704909 198513444
1588704910 198513444
1588704911 198513444
1588704912 198513444
1588704913 198513444
1588704914 198513444
1588704915 198513444
1588704916 198513444
1588704917 201462612
1588704918 201462612
1588704919 201462612
1588704920 201462612
1588704921 201462612
1588704922 251270548
1588704923 251270548
1588704924 251270548
1588704925 251270548
1588704926 251270548
1588704927 251270548
1588704928 251270548
1588704929 251270548
1588704930 251270548
1588704931 251270548
1588704932 251270548
1588704933 251270548
1588704934 251270548
1588704935 251270548
1588704936 251270548
1588704937 251270548
1588704938 251270548
1588704939 251270548
1588704940 251270548
1588704941 251270548
1588704942 251270548
1588704943 446684916
1588704944 446684916
1588704945 446684916
1588704946 446684916
1588704947 446684916
1588704948 446684916
1588704950 446684916
1588704951 446684916
1588704952 446684916
1588704953 446684916
1588704954 446684916
1588704955 446667928
1588704956 446684916
1588704957 446684916
1588704958 446684916
1588704959 446684916
1588704960 446684916
1588704961 446684916
1588704962 446684916
1588704963 446684916
1588704964 446684916
1588704965 446684916
1588704966 446684916
1588704967 446684916
1588704968 446684916
1588704969 446684916
1588704970 446684916
1588704971 446684916
1588704972 446684916
1588704973 446684916
1588704974 446684916
1588704975 446684916
1588704976 446684916
1588704977 446684916
1588704978 446684916
1588704979 446684916
1588704980 446684916
1588704981 446684916
1588704982 446684916
1588704983 446684916
1588704984 446684916
1588704985 446684916
1588704986 446684916
1588704987 446684916
1588704988 446684916
1588704989 446684916
1588704990 446684916
1588704991 446684916
1588704993 446684916
1588704994 446684916
1588704995 446684916
1588704996 446684916
1588704997 446684916
1588704998 446684916
1588704999 446684916
1588705000 446684916
1588705001 446684916
1588705002 446684916
1588705003 446684916
1588705004 446684916
1588705005 446684916
1588705006 446684916
1588705007 446684916
1588705008 446684916
1588705009 446684916
1588705010 446684916
1588705011 446684916
1588705012 446684916
1588705013 446684916
1588705014 446684916
1588705015 446684916
1588705016 446684916
1588705017 446684916
1588705018 446684916
1588705019 446684916
1588705020 446684916
1588705021 446684916
1588705022 446684916
1588705023 446684916
1588705024 446684916
1588705025 446684916
1588705026 446783236
1588705027 446783236
1588705028 446684916
1588705029 446684916
1588705030 446684916
1588705031 446684916
1588705032 446684916
1588705033 446684916
1588705034 446684916
1588705035 446684916
1588705036 446684916
1588705037 446684916
1588705038 446684916
1588705040 446684916
1588705041 446848772
1588705042 446684916
1588705043 446684916
1588705044 446684916
1588705045 446684916
1588705046 446684916
1588705047 446684916
1588705048 446684916
1588705049 446684916
1588705050 446684916
1588705051 446684916
1588705052 446684916
1588705053 446684916
1588705054 446684916
1588705055 446684916
1588705056 446684916
1588705057 446684916
1588705058 446684916
1588705059 446684916
1588705060 446684916
1588705061 446684916
1588705062 446684916
1588705063 446684916
1588705064 446684916
1588705065 446684916
1588705066 446684916
1588705067 446684916
1588705068 446684916
1588705069 446684916
1588705070 446684916
1588705071 446684916
1588705072 446684916
1588705073 446684916
1588705074 446684916
1588705075 446684916
1588705076 446684916
1588705077 446684916
1588705078 446684916
1588705079 446684916
1588705080 446684916
1588705081 446684916
1588705082 446684916
1588705083 446684916
1588705085 446684916
1588705086 446684916
1588705087 446684916
1588705088 446684916
1588705089 446684916
1588705090 446684916
1588705091 446684916
1588705092 446684916
1588705093 446684916
1588705094 447340292
1588705095 447340292
1588705096 447340292
1588705097 393927812
1588705098 393927812
1588705099 393927812
1588705100 393927812
1588705101 394058868
1588705102 393927812
1588705103 393927812
1588705104 393927812
1588705105 393927812
1588705106 394714260
1588705107 394714260
1588705108 394714260
1588705109 393927812
1588705110 393927812
1588705111 393927812
1588705112 393927812
1588705113 393927812
1588705114 393927812
1588705115 393927812
1588705116 393927812
1588705117 393927812
1588705118 393927812
1588705119 393910824
1588705120 393927812
1588705121 394386580
1588705122 394386580
1588705123 394386580
1588705124 394386580
1588705125 394386580
1588705126 394386580
1588705127 394386580
1588705128 394386580
1588705130 394386580
1588705131 394386580
1588705132 394386580
1588705133 394386580
1588705134 394386580
1588705135 394386580
1588705136 394369592
1588705137 394386580
1588705138 394386580
1588705139 394386580
1588705140 394386580
1588705141 394386580
1588705142 394386580
1588705143 394386580
1588705144 394386580
1588705145 394386580
1588705146 394386580
1588705147 394386580
1588705148 394386580
1588705149 394386580
1588705150 394386580
1588705151 394386580
1588705152 394386580
1588705153 394386580
1588705154 394386580
1588705155 397335716
1588705156 397335716
1588705157 397335716
1588705158 397335716
1588705159 397335716
1588705160 484172004
1588705161 484172004
1588705162 484172004
1588705163 484172004
1588705164 483713236
1588705165 483713236
1588705166 483713236
1588705167 484106428
1588705168 483754188
1588705169 483713236
1588705170 483713236
1588705171 484575666
1588705172 484499684
1588705174 484499684
1588705175 484499684
1588705176 483713236
1588705177 483913766
1588705178 483713236
1588705179 483713236
1588705180 483713236
1588705181 483713236
1588705182 483713236
1588705183 483713236
1588705184 483713236
1588705185 483713236
1588705186 483713236
1588705187 483713236
1588705188 483713236
1588705189 483713236
1588705190 483713236
1588705191 483713236
1588705192 483713236
1588705193 483713236
1588705194 483713236
1588705195 483713236
1588705196 483713236
1588705197 483713236
1588705198 483713236
1588705199 483713236
1588705200 483713236
1588705201 483713236
1588705202 483713236
1588705203 483713236
1588705204 483713236
1588705205 483713236
1588705206 483713236
1588705207 483713236
1588705208 483713236
1588705209 483713236
1588705210 483713236
1588705211 483713236
1588705212 483713236
1588705213 483713236
1588705214 483713236
1588705215 740617492
1588705216 740617492
1588705218 740617492
1588705219 740617492
1588705220 740617492
1588705221 740617492
1588705222 740617492
1588705223 740617492
1588705224 740617492
1588705225 740617492
1588705226 740617492
1588705227 740617492
1588705228 740617492
1588705229 740617492
1588705230 740617492
1588705231 740617492
1588705232 740617492
1588705233 740617492
1588705234 740617492
1588705235 740617492
1588705236 740617492
1588705237 483713236
1588705238 483713236
1588705239 483713236
1588705240 483713236
1588705241 483713236
1588705242 483713236
1588705243 483713236
1588705244 483713236
1588705245 483713236
1588705246 483713236
1588705247 483713236
1588705248 483713236
1588705249 483713236
1588705250 483713236
1588705251 483713236
1588705252 483713236
1588705253 483713236
1588705254 483713236
1588705255 483713236
1588705256 393927812
1588705257 393927812
1588705258 393927812
1588705259 393927812
1588705261 393927812
1588705262 393927812
1588705263 393927812
1588705264 393927812
1588705265 393927812
1588705266 393927812
1588705267 393927812
1588705268 393927812
1588705269 393927812
1588705270 393927812
1588705271 393927812
1588705272 393927812
1588705273 393927812
1588705274 393927812
1588705275 393927812
1588705276 393927812
1588705277 393927812
1588705278 393927812
1588705279 393927812
1588705280 393927812
1588705281 393927812
1588705282 393927812
1588705283 393927812
1588705284 393927812
1588705285 393927812
1588705286 393927812
1588705287 393927812
1588705288 393927812
1588705289 393927812
1588705290 393927812
1588705291 393927812
1588705292 393927812
1588705293 393927812
1588705294 393927812
1588705295 393927812
1588705296 393927812
1588705297 393927812
1588705298 393927812
1588705299 393927812
1588705300 393927812
1588705301 393927812
1588705302 393927812
1588705303 393927812
1588705304 393927812
1588705305 393927812
1588705307 393927812
1588705308 393927812
1588705309 393927812
1588705310 393927812
1588705311 393927812
1588705312 393927812
1588705313 393927812
1588705314 393927812
1588705315 393927812
1588705316 393927812
1588705317 393927812
1588705318 393927812
1588705319 393927812
1588705320 393927812
1588705321 393927812
1588705322 393927812
1588705323 393927812
1588705324 393927812
1588705325 393927812
1588705326 393927812
1588705327 393927812
1588705328 393927812
1588705329 393927812
1588705330 393927812
1588705331 393927812
1588705332 393927812
1588705333 393927812
1588705334 393927812
1588705335 393927812
1588705336 393927812
1588705337 393927812
1588705338 393927812
1588705339 393927812
1588705340 393927812
1588705341 393927812
1588705342 393927812
1588705343 393927812
1588705344 393927812
1588705345 393927812
1588705346 393927812
1588705347 393927812
1588705348 393927812
1588705349 393927812
1588705350 393927812
1588705351 393927812
1588705353 393927812
1588705354 394124436
1588705355 394124436
1588705356 394124436
1588705357 394124436
1588705358 394124436
1588705359 491630160
1588705360 1166410052
1588705361 1166410052
1588705362 1166410052
1588705363 1166410052
1588705364 1166410052
1588705365 1166410052
1588705366 1166410052
1588705367 1166410052
1588705368 1166410052
1588705369 1166410052
1588705370 393910824
1588705371 393927812
1588705372 393927812
1588705373 393927812
1588705374 393927812
1588705375 393927812
1588705376 393927812
1588705377 393927812
1588705378 393927812
1588705379 393927812
1588705380 393927812
1588705381 393927812
1588705382 393927812
1588705383 393927812
1588705384 393927812
1588705385 393927812
1588705386 393927812
1588705387 393927812
1588705388 393927812
1588705389 393944212
1588705390 393944212
1588705391 393944212
1588705392 394140804
1588705393 394140804
1588705394 394140804
1588705395 394140804
1588705397 394140804
1588705398 1170434107
1588705399 1243677972
1588705400 1243677972
1588705401 1243677972
1588705402 1243776260
1588705403 1243776260
1588705404 1243776260
1588705405 1243776260
1588705406 1243776260
1588705407 1243776260
1588705408 394026100
1588705409 394026100
1588705410 393927812
1588705411 445701892
1588705412 445701892
1588705413 445701892
1588705414 445701892
1588705415 445701892
1588705416 445701892
1588705417 445701892
1588705418 446357268
1588705419 446488308
1588705420 445701892
1588705421 445701892
1588705422 445701892
1588705423 445701892
1588705424 445701892
1588705425 445701892
1588705426 445701892
1588705427 445701892
1588705428 445701892
1588705429 445701892
1588705430 445701892
1588705431 445701892
1588705432 393927812
1588705433 393927812
1588705434 393927812
1588705435 393927812
1588705436 393927812
1588705437 393927812
1588705438 393927812
1588705439 393927812
1588705441 394845332
1588705442 394845332
1588705443 393927812
1588705444 393927812
1588705445 393927812
1588705446 393927812
1588705447 393927812
1588705448 393927812
1588705449 393927812
1588705450 393927812
1588705451 393927812
1588705452 393927812
1588705453 393927812
1588705454 393927812
1588705455 393927812
1588705456 393927812
1588705457 393927812
1588705458 393927812
1588705459 393927812
1588705460 393927812
1588705461 393927812
1588705462 393927812
1588705463 393927812
1588705464 393927812
1588705465 393927812
1588705466 393927812
1588705467 393927812
1588705468 393927812
1588705469 393927812
1588705470 396876948
1588705471 396876948
1588705472 396876948
1588705473 396876948
1588705474 396876948
1588705475 396876948
1588705476 396876948
1588705477 396590236
1588705478 396549284
1588705479 396549284
1588705480 396549284
1588705481 651061460
1588705482 651061460
1588705483 651061460
1588705484 651061460
1588705486 651061460
1588705487 651061460
1588705488 651061460
1588705489 396549284
1588705490 396549284
1588705491 396549284
1588705492 393927812
1588705493 422763972
1588705494 422927828
1588705495 422763972
1588705496 422763972
1588705497 422763972
1588705498 424467940
1588705499 424467940
1588705500 422763972
1588705501 422804924
1588705502 422763972
1588705503 422763972
1588705504 422763972
1588705505 422763972
1588705506 422763972
1588705507 422763972
1588705508 422763972
1588705509 422763972
1588705510 422763972
1588705511 422763972
1588705512 422763972
1588705513 422763972
1588705514 422746984
1588705515 422763972
1588705516 422763972
1588705517 422763972
1588705518 422763972
1588705519 422763972
1588705520 422763972
1588705521 422763972
1588705522 422763972
1588705523 422763972
1588705524 422763972
1588705525 422763972
1588705526 422763972
1588705527 422763972
1588705528 422763972
1588705530 422763972
1588705531 422763972
1588705532 422763972
1588705533 422763972
1588705534 422763972
1588705535 422746984
1588705536 422763972
1588705537 422763972
1588705538 422763972
1588705539 422763972
1588705540 422763972
1588705541 422763972
1588705542 422763972
1588705543 422763972
1588705544 422763972
1588705545 422746984
1588705546 422763972
1588705547 422763972
1588705548 422763972
1588705549 422763972
1588705550 422763972
1588705551 422763972
1588705552 422763972
1588705553 422763972
1588705554 422763972
1588705555 422763972
1588705556 422763972
1588705557 422763972
1588705558 422763972
1588705559 422763972
1588705560 422763972
1588705561 422746984
1588705562 422763972
1588705563 422763972
1588705564 422763972
1588705565 422763972
1588705566 422763972
1588705567 422763972
1588705568 422763972
1588705569 422763972
1588705570 422763972
1588705571 422763972
1588705572 422763972
1588705573 422993364
1588705575 422763972
1588705576 422960596
1588705577 422763972
1588705578 422763972
1588705579 422763972
1588705580 422993364
1588705581 422763972
1588705582 422763972
1588705583 422763972
1588705584 422763972
1588705585 422960596
1588705586 422960596
1588705587 422993364
1588705588 422763972
1588705589 422763972
1588705590 422993364
1588705591 422763972
1588705592 422960596
1588705593 422763972
1588705594 422763972
1588705595 224425020
1588705596 224384068
1588705597 402480340
1588705598 402250948
1588705599 402447572
1588705600 402250948
1588705601 402250948
1588705602 402480340
1588705603 402250948
1588705604 402480340
1588705605 402250948
1588705606 402480340
1588705607 402250948
1588705608 402480340
1588705609 402250948
1588705610 402480340
1588705611 402644172
1588705612 402291900
1588705613 402250948
1588705614 402510910
1588705615 402250948
1588705616 402511939
1588705617 402449343
1588705619 402250948
1588705620 402250948
1588705621 402250948
1588705622 402250948
1588705623 402250948
1588705624 402250948
1588705625 402250948
1588705626 402250948
1588705627 402250948
1588705628 402250948
1588705629 402254548
1588705630 402254548
1588705631 402254548
1588705632 402254548
1588705633 402254548
1588705634 402254548
1588705635 402254548
1588705636 402254548
1588705637 402254548
1588705638 402254548
1588705639 402352868
1588705640 402352868
1588705641 402254548
1588705642 402254548
1588705643 402254548
1588705644 125544
1588705645 125544
1588705646 125544
1588705647 125544
1588705648 125544
1588705649 125544
1588705650 125544
1588705651 108556
1588705652 125544
1588705653 125544
1588705654 125544
1588705655 125544
1588705656 125544
1588705657 125544
1588705658 125544
1588705659 125544
1588705660 125544
1588705661 125544
1588705662 125544
1588705663 125544
1588705665 125544
1588705666 125544
1588705667 125544
1588705668 125544
1588705669 125544
1588705670 125544
1588705671 125544
1588705672 125544
1588705673 125544
1588705674 125544
1588705675 125544
1588705676 125544
1588705677 125544
1588705678 125544
1588705679 125544
1588705680 125544
1588705681 125544
1588705682 125544
1588705683 125544
1588705684 125544
1588705685 125544
1588705686 125544
1588705687 125544
1588705688 125544
1588705689 125544
1588705690 125544
1588705691 125544
1588705692 125544
1588705693 125544
1588705694 125544
1588705695 125544
1588705696 125544
1588705697 125544
1588705698 125544
1588705699 125544
1588705700 125544
1588705701 125544
1588705702 125544
1588705703 125544
1588705704 125544
1588705705 125544
1588705706 125544
1588705707 125544
1588705708 125544
1588705710 125544
1588705711 125544
1588705712 125544
1588705713 125544
1588705714 125544
1588705715 125544
1588705716 125544
1588705717 125544
1588705718 125544
1588705719 125544
1588705720 125544
1588705721 125544
1588705722 125544
1588705723 125544
1588705724 125544
1588705725 125544
1588705726 125544
1588705727 125544
1588705728 125544
1588705729 125544
1588705730 108556
1588705731 125544
1588705732 125544
1588705733 125544
1588705734 125544
1588705735 125544
1588705736 125544
1588705737 125544
1588705738 125544
1588705739 125544
1588705740 125544
1588705741 125544
1588705742 125544
1588705743 125544
1588705744 125544
1588705745 125544
1588705746 125544
1588705747 125544
1588705748 125544
1588705749 125544
1588705750 125544
1588705751 125544
1588705752 125544
1588705753 125544
1588705754 125544
1588705756 125544
1588705757 125544
1588705758 125544
1588705759 125544
1588705760 125544
1588705761 125544
1588705762 125544
1588705763 125544
1588705764 125544
1588705765 125544
1588705766 125544
1588705767 125544
1588705768 125544
1588705769 125544
1588705770 125544
1588705771 125544
1588705772 125544
1588705773 125544
1588705774 125544
1588705775 125544
1588705776 125544
1588705777 125544
1588705778 125544
1588705779 125544
1588705780 125544
1588705781 125544
1588705782 125544
1588705783 125544
1588705784 125544
1588705785 125544
1588705786 125544
1588705787 125544
1588705788 125544
1588705789 125544
1588705790 125544
1588705791 125544
1588705792 125544
