1588702007 186840
1588702008 186840
1588702009 186840
1588702010 186840
1588702011 186840
1588702012 186840
1588702013 186840
1588702014 186840
1588702015 186840
1588702016 186840
1588702017 186840
1588702018 186840
1588702019 186840
1588702020 186840
1588702021 194422
1588702022 194422
1588702024 194422
1588702025 194422
1588702026 194422
1588702027 194422
1588702028 194422
1588702029 194422
1588702030 194422
1588702031 194422
1588702032 194422
1588702033 194454
1588702034 194454
1588702035 194454
1588702036 194454
1588702037 194454
1588702038 194454
1588702039 194454
1588702040 194454
1588702041 194454
1588702042 194454
1588702043 194454
1588702044 194454
1588702045 194454
1588702046 194454
1588702047 194454
1588702048 194454
1588702049 194454
1588702050 194454
1588702051 194454
1588702052 194454
1588702053 194454
1588702054 194454
1588702055 194454
1588702056 194454
1588702057 194454
1588702058 194454
1588702059 194454
1588702060 194454
1588702061 194454
1588702063 194454
1588702064 194454
1588702065 194454
1588702066 194454
1588702067 194454
1588702068 194454
1588702069 194454
1588702070 194454
1588702071 194454
1588702072 194454
1588702073 194454
1588702074 194454
1588702075 194454
1588702076 194454
1588702077 194454
1588702078 194454
1588702079 194454
1588702080 194454
1588702081 194454
1588702082 194454
1588702083 194454
1588702084 194454
1588702085 194454
1588702086 194454
1588702087 177466
1588702088 194454
1588702089 194454
1588702090 194454
1588702091 194454
1588702092 194454
1588702093 194454
1588702094 194454
1588702095 194454
1588702096 194454
1588702097 194454
1588702098 194454
1588702099 177466
1588702100 194454
1588702101 194454
1588702102 194454
1588702103 194454
1588702105 194454
1588702106 194454
1588702107 194454
1588702108 194454
1588702109 194454
1588702110 194454
1588702111 194454
1588702112 194454
1588702113 194454
1588702114 194454
1588702115 194454
1588702116 194454
1588702117 194454
1588702118 194454
1588702119 1084127
1588702120 984884
1588702121 984884
1588702122 984884
1588702123 984884
1588702124 984884
1588702125 984884
1588702126 984884
1588702127 198468
1588702128 198468
1588702129 198468
1588702130 198468
1588702131 198468
1588702132 198468
1588702133 198468
1588702134 198468
1588702135 198468
1588702136 198468
1588702137 198468
1588702138 198468
1588702139 198468
1588702140 198468
1588702141 198468
1588702142 198468
1588702143 198468
1588702144 198468
1588702146 198468
1588702147 198468
1588702148 198468
1588702149 198468
1588702150 198468
1588702151 198468
1588702152 198468
1588702153 198468
1588702154 198468
1588702155 198468
1588702156 198468
1588702157 198468
1588702158 198468
1588702159 198468
1588702160 198468
1588702161 198468
1588702162 198468
1588702163 198468
1588702164 198468
1588702165 198468
1588702166 198468
1588702167 198468
1588702168 198468
1588702169 198468
1588702170 198468
1588702171 198468
1588702172 198468
1588702173 198468
1588702174 198468
1588702175 198468
1588702176 198468
1588702177 198468
1588702178 198468
1588702179 198468
1588702180 198468
1588702181 198468
1588702182 198468
1588702183 198468
1588702184 198468
1588702185 198468
1588702187 198468
1588702188 198468
1588702189 198468
1588702190 198468
1588702191 198468
1588702192 198468
1588702193 198468
1588702194 198468
1588702195 198468
1588702196 198468
1588702197 198468
1588702198 198468
1588702199 198468
1588702200 198468
1588702201 198468
1588702202 198468
1588702203 198468
1588702204 198468
1588702205 198468
1588702206 198468
1588702207 198468
1588702208 198468
1588702209 198468
1588702210 198468
1588702211 198468
1588702212 198468
1588702213 198468
1588702214 198468
1588702215 198468
1588702216 198468
1588702217 198468
1588702218 198468
1588702219 198468
1588702220 198468
1588702221 198468
1588702222 198468
1588702223 198468
1588702224 198468
1588702225 198468
1588702227 198468
1588702228 198468
1588702229 198468
1588702230 198468
1588702231 198468
1588702232 198468
1588702233 198468
1588702234 198468
1588702235 198468
1588702236 198468
1588702237 198468
1588702238 198468
1588702239 198468
1588702240 198468
1588702241 198468
1588702242 198468
1588702243 198468
1588702244 198468
1588702245 198468
1588702246 198468
1588702247 198468
1588702248 198468
1588702249 198468
1588702250 198468
1588702251 198468
1588702252 1251042
1588702253 1251042
1588702254 1251042
1588702255 1251042
1588702256 1251042
1588702257 202482
1588702258 202482
1588702259 202482
1588702260 202482
1588702261 202482
1588702262 202482
1588702263 202482
1588702264 202482
1588702265 202482
1588702267 202482
1588702268 185494
1588702269 185494
1588702270 202482
1588702271 202482
1588702272 202482
1588702273 202514
1588702274 202514
1588702275 202514
1588702276 202514
1588702277 202514
1588702278 202514
1588702279 202514
1588702280 202514
1588702281 202514
1588702282 202514
1588702283 202514
1588702284 202514
1588702285 202514
1588702286 202514
1588702287 202514
1588702288 202514
1588702289 202514
1588702290 202514
1588702291 202514
1588702292 202514
1588702293 202514
1588702294 202514
1588702295 202514
1588702296 202514
1588702297 202514
1588702298 202514
1588702299 202514
1588702300 202514
1588702301 202514
1588702302 202514
1588702303 202514
1588702304 202514
1588702305 202514
1588702307 202514
1588702308 202514
1588702309 202514
1588702310 202514
1588702311 202514
1588702312 202514
1588702313 202514
1588702314 202514
1588702315 202514
1588702316 202514
1588702317 202514
1588702318 202514
1588702319 202514
1588702320 202514
1588702321 202514
1588702322 202514
1588702323 202514
1588702324 202514
1588702325 202514
1588702326 202514
1588702327 202514
1588702328 202514
1588702329 202514
1588702330 202514
1588702331 202514
1588702332 202514
1588702333 202514
1588702334 202514
1588702335 202514
1588702336 202514
1588702337 202514
1588702338 202514
1588702339 202514
1588702340 202514
1588702341 202514
1588702342 202514
1588702343 202514
1588702344 202514
1588702345 202546
1588702346 202546
1588702348 202546
1588702349 202546
1588702350 202546
1588702351 202546
1588702352 202546
1588702353 202546
1588702354 202546
1588702355 202546
1588702356 202546
1588702357 202546
1588702358 202546
1588702359 202546
1588702360 202546
1588702361 202546
1588702362 202546
1588702363 202546
1588702364 202546
1588702365 185558
1588702366 202546
1588702367 202546
1588702368 202546
1588702369 202546
1588702370 202546
1588702371 202546
1588702372 202546
1588702373 202546
1588702374 202546
1588702375 202546
1588702376 202546
1588702377 202546
1588702378 202546
1588702379 202546
1588702380 202546
1588702381 202546
1588702382 202546
1588702383 202546
1588702384 857922
1588702385 840934
1588702386 857922
1588702387 857922
1588702389 857922
1588702390 857922
1588702391 857922
1588702392 857922
1588702393 202546
1588702394 202546
1588702395 202546
1588702396 202546
1588702397 202546
1588702398 202546
1588702399 202546
1588702400 202546
1588702401 202546
1588702402 202546
1588702403 202546
1588702404 202546
1588702405 202546
1588702406 202546
1588702407 202546
1588702408 185558
1588702409 202546
1588702410 202546
1588702411 202546
1588702412 202546
1588702413 202546
1588702414 202546
1588702415 202546
1588702416 202546
1588702417 202546
1588702418 202546
1588702419 202546
1588702420 202546
1588702421 202546
1588702422 202546
1588702423 202546
1588702424 202546
1588702425 202546
1588702426 202546
1588702427 202546
1588702429 202546
1588702430 202546
1588702431 202546
1588702432 185558
1588702433 202546
1588702434 202546
1588702435 202546
1588702436 202546
1588702437 202546
1588702438 202546
1588702439 202546
1588702440 185558
1588702441 202546
1588702442 202546
1588702443 202546
1588702444 202546
1588702445 202546
1588702446 202546
1588702447 202546
1588702448 202546
1588702449 202546
1588702450 202546
1588702451 202546
1588702452 202546
1588702453 202546
1588702454 202546
1588702455 202546
1588702456 202546
1588702457 202546
1588702458 202546
1588702459 185558
1588702460 202546
1588702461 202546
1588702462 202546
1588702463 202546
1588702464 202546
1588702465 202546
1588702466 202546
1588702467 202546
1588702469 202546
1588702470 202546
1588702471 202546
1588702472 202546
1588702473 202546
1588702474 202546
1588702475 202546
1588702476 202546
1588702477 202546
1588702478 202546
1588702479 202546
1588702480 202546
1588702481 202546
1588702482 202546
1588702483 202546
1588702484 202546
1588702485 202546
1588702486 202546
1588702487 202546
1588702488 202546
1588702489 202546
1588702490 202546
1588702491 202546
1588702492 202546
1588702493 202546
1588702494 202546
1588702495 202546
1588702496 202546
1588702497 202546
1588702498 202546
1588702499 202546
1588702500 202546
1588702501 202546
1588702502 202546
1588702503 202546
1588702504 202546
1588702505 202546
1588702506 202546
1588702507 202546
1588702509 202546
1588702510 202546
1588702511 202546
1588702512 202546
1588702513 202546
1588702514 202546
1588702515 202546
1588702516 202546
1588702517 988962
1588702518 988962
1588702519 971974
1588702520 988962
1588702521 988962
1588702522 988962
1588702523 988962
1588702524 202546
1588702525 202546
1588702526 202546
1588702527 202546
1588702528 202546
1588702529 202546
1588702530 202546
1588702531 202546
1588702532 202546
1588702533 202546
1588702534 202546
1588702535 202546
1588702536 202546
1588702537 202546
1588702538 202546
1588702539 202546
1588702540 202546
1588702541 202546
1588702542 202546
1588702543 202546
1588702544 202546
1588702545 202546
1588702546 202546
1588702548 202546
1588702549 202546
1588702550 202546
1588702551 202546
1588702552 202546
1588702553 202546
1588702554 202546
1588702555 202546
1588702556 202546
1588702557 202546
1588702558 202546
1588702559 202546
1588702560 202546
1588702561 202546
1588702562 202546
1588702563 202546
1588702564 202546
1588702565 202546
1588702566 202546
1588702567 202546
1588702568 202546
1588702569 202546
1588702570 202546
1588702571 202546
1588702572 202546
1588702573 202546
1588702574 202546
1588702575 202546
1588702576 202546
1588702577 202546
1588702578 202546
1588702579 202546
1588702580 202546
1588702581 202546
1588702582 202546
1588702583 202546
1588702584 202546
1588702585 202546
1588702587 202546
1588702588 202546
1588702589 202546
1588702590 202546
1588702591 202546
1588702592 202546
1588702593 202546
1588702594 202546
1588702595 202546
1588702596 202546
1588702597 202546
1588702598 202546
1588702599 202546
1588702600 202546
1588702601 202546
1588702602 202546
1588702603 202546
1588702604 202546
1588702605 202546
1588702606 202546
1588702607 202546
1588702608 202546
1588702609 202546
1588702610 202546
1588702611 202546
1588702612 202546
1588702613 202546
1588702614 202546
1588702615 202546
1588702616 202546
1588702617 202546
1588702618 202546
1588702619 202546
1588702620 202546
1588702621 202546
1588702622 202546
1588702623 202546
1588702624 202546
1588702625 202546
1588702627 202546
1588702628 202546
1588702629 202546
1588702630 202546
1588702631 202546
1588702632 202546
1588702633 202546
1588702634 202546
1588702635 202546
1588702636 202546
1588702637 202546
1588702638 202546
1588702639 202546
1588702640 202546
1588702641 202546
1588702642 202546
1588702643 202546
1588702644 202546
1588702645 202546
1588702646 202546
1588702647 202546
1588702648 202546
1588702649 202546
1588702650 202546
1588702651 202546
1588702652 247066
1588702653 202546
1588702654 202546
1588702655 202546
1588702656 202546
1588702657 1038021
1588702658 988962
1588702659 988962
1588702660 988962
1588702661 988962
1588702662 971974
1588702663 202546
1588702664 202546
1588702665 202546
1588702666 202546
1588702668 202546
1588702669 202546
1588702670 202546
1588702671 202546
1588702672 185558
1588702673 202546
1588702674 202546
1588702675 202546
1588702676 202546
1588702677 202546
1588702678 202546
1588702679 202546
1588702680 202546
1588702681 202546
1588702682 202546
1588702683 202546
1588702684 202546
1588702685 202546
1588702686 202546
1588702687 202546
1588702688 202546
1588702689 202546
1588702690 202546
1588702691 202546
1588702692 202546
1588702693 202546
1588702694 202546
1588702695 202546
1588702696 202546
1588702697 202546
1588702698 202546
1588702699 202546
1588702700 202546
1588702701 202546
1588702702 202546
1588702703 202546
1588702704 202546
1588702705 202546
1588702706 202546
1588702707 202546
1588702709 202546
1588702710 202546
1588702711 202546
1588702712 202546
1588702713 202546
1588702714 202546
1588702715 202546
1588702716 202546
1588702717 202546
1588702718 202546
1588702719 202546
1588702720 202546
1588702721 202546
1588702722 202546
1588702723 202546
1588702724 202546
1588702725 202546
1588702726 202546
1588702727 202546
1588702728 202546
1588702729 202546
1588702730 202546
1588702731 202546
1588702732 202546
1588702733 202546
1588702734 202546
1588702735 202546
1588702736 202546
1588702737 202546
1588702738 202546
1588702739 202546
1588702740 202546
1588702741 202546
1588702742 202546
1588702743 202546
1588702744 202546
1588702745 202546
1588702746 202546
1588702747 202546
1588702748 202546
1588702750 185558
1588702751 202546
1588702752 202546
1588702753 202546
1588702754 202546
1588702755 202546
1588702756 202546
1588702757 202546
1588702758 202546
1588702759 202546
1588702760 202546
1588702761 202546
1588702762 202546
1588702763 202546
1588702764 202546
1588702765 202546
1588702766 202546
1588702767 202546
1588702768 202546
1588702769 202546
1588702770 202546
1588702771 202546
1588702772 202546
1588702773 3053378
1588702774 3610466
1588702775 3610466
1588702776 202546
1588702777 202546
1588702778 202546
1588702779 202546
1588702780 202546
1588702781 5773154
1588702782 202546
1588702783 202546
1588702784 202546
1588702785 185558
1588702786 202546
1588702787 202546
1588702788 202546
1588702790 202546
1588702791 202546
1588702792 202546
1588702793 202546
1588702794 202546
1588702795 202546
1588702796 202546
1588702797 202546
1588702798 202546
1588702799 202546
1588702800 202546
1588702801 202546
1588702802 202546
1588702803 988962
1588702804 988962
1588702805 988962
1588702806 988962
1588702807 988962
1588702808 988962
1588702809 202546
1588702810 202546
1588702811 202546
1588702812 202546
1588702813 202546
1588702814 202546
1588702815 202546
1588702816 202546
1588702817 202546
1588702818 202546
1588702819 202546
1588702820 202546
1588702821 202546
1588702822 202546
1588702823 202546
1588702824 202546
1588702825 202546
1588702826 202546
1588702827 202546
1588702829 202546
1588702830 202546
1588702831 202546
1588702832 202546
1588702833 202546
1588702834 202546
1588702835 202546
1588702836 202546
1588702837 202546
1588702838 202546
1588702839 202546
1588702840 202546
1588702841 202546
1588702842 202546
1588702843 202546
1588702844 202546
1588702845 202546
1588702846 202546
1588702847 202546
1588702848 202546
1588702849 202546
1588702850 202546
1588702851 202546
1588702852 202546
1588702853 202546
1588702854 202546
1588702855 202546
1588702856 202546
1588702857 202546
1588702858 202546
1588702859 202546
1588702860 202546
1588702861 202546
1588702862 202546
1588702863 202546
1588702864 202546
1588702865 202546
1588702866 202546
1588702867 202546
1588702869 202546
1588702870 202546
1588702871 202546
1588702872 202546
1588702873 202546
1588702874 202546
1588702875 202546
1588702876 202546
1588702877 202546
1588702878 202546
1588702879 202546
1588702880 185558
1588702881 202546
1588702882 202546
1588702883 202546
1588702884 202546
1588702885 202546
1588702886 202546
1588702887 202546
1588702888 202546
1588702889 202546
1588702890 202546
1588702891 202546
1588702892 202546
1588702893 202546
1588702894 202546
1588702895 202546
1588702896 202546
1588702897 202546
1588702898 202546
1588702899 202546
1588702900 202546
1588702901 202546
1588702902 202546
1588702903 202546
1588702904 202546
1588702905 202546
1588702906 202546
1588702907 202546
1588702909 202546
1588702910 202546
1588702911 202546
1588702912 202546
1588702913 202546
1588702914 202546
1588702915 202546
1588702916 202546
1588702917 202546
1588702918 202546
1588702919 202546
1588702920 202546
1588702921 202546
1588702922 202546
1588702923 202546
1588702924 202546
1588702925 202546
1588702926 202546
1588702927 202546
1588702928 202546
1588702929 202546
1588702930 202546
1588702931 202546
1588702932 202546
1588702933 202546
1588702934 202546
1588702935 202546
1588702936 202546
1588702937 202546
1588702938 202546
1588702939 202546
1588702940 202546
1588702941 1120066
1588702942 1120066
1588702943 1120066
1588702944 1120066
1588702945 1120066
1588702946 185558
1588702947 202546
1588702948 202546
1588702949 202546
1588702951 202546
1588702952 202546
1588702953 202546
1588702954 202546
1588702955 202546
1588702956 202546
1588702957 202546
1588702958 202546
1588702959 202546
1588702960 202546
1588702961 202546
1588702962 202546
1588702963 202546
1588702964 202546
1588702965 202546
1588702966 202546
1588702967 202546
1588702968 202546
1588702969 202546
1588702970 202546
1588702971 202546
1588702972 202546
1588702973 202546
1588702974 185558
1588702975 202546
1588702976 202546
1588702977 202546
1588702978 202546
1588702979 202546
1588702980 202546
1588702981 202546
1588702982 202546
1588702983 202546
1588702984 202546
1588702985 202546
1588702986 202546
1588702987 202546
1588702988 202546
1588702990 202546
1588702991 202546
1588702992 185558
1588702993 202546
1588702994 202546
1588702995 202546
1588702996 202546
1588702997 202546
1588702998 202546
1588702999 202546
1588703000 202546
1588703001 202546
1588703002 202546
1588703003 202546
1588703004 202546
1588703005 202546
1588703006 202546
1588703007 202546
1588703008 202546
1588703009 202546
1588703010 202546
1588703011 202546
1588703012 202546
1588703013 202546
1588703014 202546
1588703015 185558
1588703016 202546
1588703017 202546
1588703018 202546
1588703019 202546
1588703020 202546
1588703021 202546
1588703022 202546
1588703023 202546
1588703024 202546
1588703025 202546
1588703026 202546
1588703027 202546
1588703028 185558
1588703030 202546
1588703031 202546
1588703032 202546
1588703033 202546
1588703034 168570
1588703035 202546
1588703036 202546
1588703037 202546
1588703038 202546
1588703039 202546
1588703040 202546
1588703041 202546
1588703042 202546
1588703043 202546
1588703044 185558
1588703045 202546
1588703046 202546
1588703047 202546
1588703048 202546
1588703049 202546
1588703050 202546
1588703051 202546
1588703052 202546
1588703053 202546
1588703054 202546
1588703055 202546
1588703056 202546
1588703057 202546
1588703058 202546
1588703059 202546
1588703060 202546
1588703061 185558
1588703062 202546
1588703063 202546
1588703064 202546
1588703065 202546
1588703066 202546
1588703067 202546
1588703068 202546
1588703069 202546
1588703071 185558
1588703072 202546
1588703073 202546
1588703074 202546
1588703075 202546
1588703076 202546
1588703077 202546
1588703078 202546
1588703079 185558
1588703080 202546
1588703081 202546
1588703082 202546
1588703083 726818
1588703084 726818
1588703085 726818
1588703086 726818
1588703087 726818
1588703088 726818
1588703089 726818
1588703090 726818
1588703091 726818
1588703092 726818
1588703093 202546
1588703094 227416
1588703095 227416
1588703096 227480
1588703097 203048
1588703098 203048
1588703099 264776
1588703100 223824
1588703101 223824
1588703102 223888
1588703103 203056
1588703104 244000
1588703105 198954
1588703106 198954
1588703107 198954
1588703108 198954
1588703110 198954
1588703111 198954
1588703112 198954
1588703113 198954
1588703114 198954
1588703115 198954
1588703116 198954
1588703117 198954
1588703118 198954
1588703119 198954
1588703120 198954
1588703121 198954
1588703122 198954
1588703123 198954
1588703124 198954
1588703125 198954
1588703126 198954
1588703127 198954
1588703128 198954
1588703129 198954
1588703130 198954
1588703131 198954
1588703132 198954
1588703133 198954
1588703134 198954
1588703135 198954
1588703136 198954
1588703137 198954
1588703138 198954
1588703139 198954
1588703140 198954
1588703141 198954
1588703142 198954
1588703143 198954
1588703144 198954
1588703145 198954
1588703146 198954
1588703147 198954
1588703149 198954
1588703150 198954
1588703151 198954
1588703152 198954
1588703153 198954
1588703154 198954
1588703155 198954
1588703156 198954
1588703157 198954
1588703158 198954
1588703159 198954
1588703160 198954
1588703161 198954
1588703162 198954
1588703163 198954
1588703164 198954
1588703165 198954
1588703166 198954
1588703167 198954
1588703168 198954
1588703169 198954
1588703170 198954
1588703171 198954
1588703172 198954
1588703173 198954
1588703174 198954
1588703175 198954
1588703176 198954
1588703177 198954
1588703178 198954
1588703179 198954
1588703180 198954
1588703181 198954
1588703182 198954
1588703183 198954
1588703184 198954
1588703185 198954
1588703187 198954
1588703188 198954
1588703189 198954
1588703190 181966
1588703191 198954
1588703192 198954
1588703193 198954
1588703194 198954
1588703195 198954
1588703196 198954
1588703197 198954
1588703198 198954
1588703199 198954
1588703200 198954
1588703201 198954
1588703202 198954
1588703203 198954
1588703204 198954
1588703205 198954
1588703206 198954
1588703207 198954
1588703208 198954
1588703209 198954
1588703210 198954
1588703211 198954
1588703212 181966
1588703213 198954
1588703214 723226
1588703215 723226
1588703216 723226
1588703217 723226
1588703218 723226
1588703219 723226
1588703220 723226
1588703221 706238
1588703222 723226
1588703223 723226
1588703224 198954
1588703225 198954
1588703227 198954
1588703228 198954
1588703229 198954
1588703230 198954
1588703231 198954
1588703232 198954
1588703233 198954
1588703234 198954
1588703235 198954
1588703236 198954
1588703237 198954
1588703238 198954
1588703239 198954
1588703240 198954
1588703241 198954
1588703242 198954
1588703243 198954
1588703244 181966
1588703245 198954
1588703246 198954
1588703247 198954
1588703248 198954
1588703249 198954
1588703250 181966
1588703251 198954
1588703252 198954
1588703253 198954
1588703254 198954
1588703255 198954
1588703256 198954
1588703257 198954
1588703258 198954
1588703259 198954
1588703260 198954
1588703261 198954
1588703262 198954
1588703263 181966
1588703264 198954
1588703265 198954
1588703267 198954
1588703268 198954
1588703269 198954
1588703270 198954
1588703271 198954
1588703272 198954
1588703273 198954
1588703274 198954
1588703275 198954
1588703276 198954
1588703277 198954
1588703278 198954
1588703279 198954
1588703280 198954
1588703281 198954
1588703282 181966
1588703283 198954
1588703284 198954
1588703285 198954
1588703286 198954
1588703287 198954
1588703288 198954
1588703289 198954
1588703290 198954
1588703291 198954
1588703292 198954
1588703293 198954
1588703294 198954
1588703295 198954
1588703296 198954
1588703297 198954
1588703298 198954
1588703299 198954
1588703300 198954
1588703301 198954
1588703302 198954
1588703303 198954
1588703304 198954
1588703305 198954
1588703307 198954
1588703308 198954
1588703309 198954
1588703310 198954
1588703311 198954
1588703312 198954
1588703313 198954
1588703314 198954
1588703315 198954
1588703316 198954
1588703317 198954
1588703318 198954
1588703319 198954
1588703320 198954
1588703321 198954
1588703322 198954
1588703323 198954
1588703324 198954
1588703325 198954
1588703326 198954
1588703327 181966
1588703328 198954
1588703329 198954
1588703330 198954
1588703331 198954
1588703332 198954
1588703333 198954
1588703334 198954
1588703335 198954
1588703336 198954
1588703337 198954
1588703338 198954
1588703339 198954
1588703340 198954
1588703341 198954
1588703342 198954
1588703343 198954
1588703344 198954
1588703345 198954
1588703347 198954
1588703348 198954
1588703349 198954
1588703350 198954
1588703351 1116474
1588703352 1116474
1588703353 1116474
1588703354 1116474
1588703355 198986
1588703356 198986
1588703357 198986
1588703358 198986
1588703359 198986
1588703360 198986
1588703361 198986
1588703362 198986
1588703363 198986
1588703364 198986
1588703365 198986
1588703366 198986
1588703367 198986
1588703368 198986
1588703369 198986
1588703370 198986
1588703371 198986
1588703372 181998
1588703373 198986
1588703374 198986
1588703375 198986
1588703376 198986
1588703377 198986
1588703378 198986
1588703379 198986
1588703380 198986
1588703381 165010
1588703382 198986
1588703383 198986
1588703384 198986
1588703386 198986
1588703387 198986
1588703388 198986
1588703389 198986
1588703390 198986
1588703391 198986
1588703392 198986
1588703393 198986
1588703394 198986
1588703395 198986
1588703396 198986
1588703397 198986
1588703398 198986
1588703399 198986
1588703400 198986
1588703401 198986
1588703402 198986
1588703403 198986
1588703404 198986
1588703405 198986
1588703406 198986
1588703407 198986
1588703408 198986
1588703409 181998
1588703410 198986
1588703411 198986
1588703412 198986
1588703413 181998
1588703414 198986
1588703415 198986
1588703416 198986
1588703417 198986
1588703418 198986
1588703419 198986
1588703420 198986
1588703421 198986
1588703422 198986
1588703423 198986
1588703425 198986
1588703426 198986
1588703427 198986
1588703428 198986
1588703429 198986
1588703430 198986
1588703431 198986
1588703432 198986
1588703433 198986
1588703434 198986
1588703435 198986
1588703436 198986
1588703437 198986
1588703438 198986
1588703439 198986
1588703440 198986
1588703441 198986
1588703442 198986
1588703443 198986
1588703444 198986
1588703445 198986
1588703446 198986
1588703447 198986
1588703448 198986
1588703449 198986
1588703450 198986
1588703451 198986
1588703452 198986
1588703453 198986
1588703454 198986
1588703455 198986
1588703456 198986
1588703457 198986
1588703458 198986
1588703459 198986
1588703460 198986
1588703461 198986
1588703462 198986
1588703463 198986
1588703465 198986
1588703466 198986
1588703467 198986
1588703468 198986
1588703469 198986
1588703470 198986
1588703471 198986
1588703472 181998
1588703473 198986
1588703474 198986
1588703475 198986
1588703476 198986
1588703477 198986
1588703478 198986
1588703479 198986
1588703480 198986
1588703481 198986
1588703482 198986
1588703483 198986
1588703484 198986
1588703485 198986
1588703486 854330
1588703487 854330
1588703488 854330
1588703489 854330
1588703490 854330
1588703491 854330
1588703492 854330
1588703493 854330
1588703494 198986
1588703495 723258
1588703496 723258
1588703497 723258
1588703498 723258
1588703499 723258
1588703500 723258
1588703501 723258
1588703503 723258
1588703504 723258
1588703505 198986
1588703506 198986
1588703507 198986
1588703508 198986
1588703509 198986
1588703510 198986
1588703511 198986
1588703512 198986
1588703513 198986
1588703514 198986
1588703515 198986
1588703516 198986
1588703517 198986
1588703518 198986
1588703519 198986
1588703520 198986
1588703521 198986
1588703522 198986
1588703523 198986
1588703524 198986
1588703525 198986
1588703526 198986
1588703527 198986
1588703528 198986
1588703529 198986
1588703530 198986
1588703531 198986
1588703532 198986
1588703533 198986
1588703534 198986
1588703535 198986
1588703536 198986
1588703537 198986
1588703538 198986
1588703539 198986
1588703540 198986
1588703541 198986
1588703542 198986
1588703544 198986
1588703545 198986
1588703546 198986
1588703547 198986
1588703548 198986
1588703549 198986
1588703550 198986
1588703551 198986
1588703552 198986
1588703553 198986
1588703554 198986
1588703555 198986
1588703556 198986
1588703557 198986
1588703558 198986
1588703559 198986
1588703560 198986
1588703561 198986
1588703562 198986
1588703563 198986
1588703564 198986
1588703565 198986
1588703566 198986
1588703567 198986
1588703568 198986
1588703569 198986
1588703570 198986
1588703571 198986
1588703572 198986
1588703573 198986
1588703574 198986
1588703575 198986
1588703576 198986
1588703577 198986
1588703578 198986
1588703579 198986
1588703580 198986
1588703581 198986
1588703583 198986
1588703584 198986
1588703585 198986
1588703586 198986
1588703587 198986
1588703588 198986
1588703589 198986
1588703590 198986
1588703591 198986
1588703592 198986
1588703593 181998
1588703594 198986
1588703595 198986
1588703596 198986
1588703597 198986
1588703598 198986
1588703599 198986
1588703600 198986
1588703601 198986
1588703602 198986
1588703603 198986
1588703604 198986
1588703605 198986
1588703606 198986
1588703607 198986
1588703608 198986
1588703609 198986
1588703610 198986
1588703611 198986
1588703612 198986
1588703613 198986
1588703614 198986
1588703615 198986
1588703616 198986
1588703617 198986
1588703618 198986
1588703619 198986
1588703620 198986
1588703622 198986
1588703623 198986
1588703624 198986
1588703625 198986
1588703626 198986
1588703627 657722
1588703628 657722
1588703629 640734
1588703630 657722
1588703631 657722
1588703632 657722
1588703633 657722
1588703634 657722
1588703635 657722
1588703636 1247546
1588703637 1247546
1588703638 1247546
1588703639 198986
1588703640 198986
1588703641 198986
1588703642 198986
1588703643 198986
1588703644 198986
1588703645 395578
1588703646 395578
1588703647 395578
1588703648 395578
1588703649 395578
1588703650 395578
1588703651 395578
1588703652 395578
1588703653 395578
1588703654 5114202
1588703655 395578
1588703656 231738
1588703657 231738
1588703658 231738
1588703659 231738
1588703660 231738
1588703662 231738
1588703663 231738
1588703664 231738
1588703665 231738
1588703666 198986
1588703667 198986
1588703668 198986
1588703669 198986
1588703670 198986
1588703671 198986
1588703672 198986
1588703673 198986
1588703674 198986
1588703675 198986
1588703676 198986
1588703677 198986
1588703678 198986
1588703679 198986
1588703680 198986
1588703681 198986
1588703682 198986
1588703683 198986
1588703684 198986
1588703685 198986
1588703686 198986
1588703687 198986
1588703688 198986
1588703689 198986
1588703690 198986
1588703691 198986
1588703692 198986
1588703693 198986
1588703694 198986
1588703695 198986
1588703696 198986
1588703697 198986
1588703698 198986
1588703699 198986
1588703701 198986
1588703702 198986
1588703703 198986
1588703704 198986
1588703705 198986
1588703706 181998
1588703707 198986
1588703708 198986
1588703709 198986
1588703710 198986
1588703711 198986
1588703712 198986
1588703713 198986
1588703714 198986
1588703715 198986
1588703716 198986
1588703717 198986
1588703718 198986
1588703719 198986
1588703720 198986
1588703721 198986
1588703722 198986
1588703723 198986
1588703724 198986
1588703725 198986
1588703726 198986
1588703727 198986
1588703728 198986
1588703729 198986
1588703730 198986
1588703731 198986
1588703732 198986
1588703733 198986
1588703734 198986
1588703735 198986
1588703736 198986
1588703737 198986
1588703738 198986
1588703739 198986
1588703741 198986
1588703742 198986
1588703743 198986
1588703744 198986
1588703745 198986
1588703746 198986
1588703747 198986
1588703748 198986
1588703749 198986
1588703750 198986
1588703751 198986
1588703752 198986
1588703753 198986
1588703754 198986
1588703755 198986
1588703756 198986
1588703757 198986
1588703758 198986
1588703759 198986
1588703760 198986
1588703761 1771826
1588703762 985402
1588703763 985402
1588703764 985402
1588703765 985402
1588703766 985402
1588703767 985402
1588703768 198986
1588703769 198986
1588703770 198986
1588703771 198986
1588703772 181998
1588703773 198986
1588703774 198986
1588703775 198986
1588703776 198986
1588703777 198986
1588703779 198986
1588703780 198986
1588703781 198986
1588703782 198986
1588703783 198986
1588703784 198986
1588703785 198986
1588703786 198986
1588703787 198986
1588703788 198986
1588703789 198986
1588703790 198986
1588703791 198986
1588703792 198986
1588703793 198986
1588703794 198986
1588703795 181998
1588703796 198986
1588703797 198986
1588703798 198986
1588703799 198986
1588703800 198986
1588703801 198986
1588703802 198986
1588703803 198986
1588703804 198986
1588703805 198986
1588703806 198986
1588703807 198986
1588703808 198986
1588703809 198986
1588703810 198986
1588703811 198986
1588703812 198986
1588703813 198986
1588703814 198986
1588703815 198986
1588703816 198986
1588703817 198986
1588703818 198986
1588703820 198986
1588703821 198986
1588703822 198986
1588703823 198986
1588703824 198986
1588703825 198986
1588703826 198986
1588703827 198986
1588703828 198986
1588703829 198986
1588703830 198986
1588703831 198986
1588703832 198986
1588703833 198986
1588703834 198986
1588703835 198986
1588703836 181998
1588703837 198986
1588703838 198986
1588703839 198986
1588703840 198986
1588703841 198986
1588703842 198986
1588703843 198986
1588703844 198986
1588703845 198986
1588703846 198986
1588703847 198986
1588703848 198986
1588703849 198986
1588703850 198986
1588703851 198986
1588703852 198986
1588703853 181998
1588703854 198986
1588703855 198986
1588703856 198986
1588703857 198986
1588703859 198986
1588703860 198986
1588703861 198986
1588703862 198986
1588703863 198986
1588703864 198986
1588703865 198986
1588703866 198986
1588703867 198986
1588703868 198986
1588703869 198986
1588703870 198986
1588703871 198986
1588703872 198986
1588703873 198986
1588703874 198986
1588703875 198986
1588703876 198986
1588703877 198986
1588703878 198986
1588703879 198986
1588703880 198986
1588703881 181998
1588703882 198986
1588703883 198986
1588703884 198986
1588703885 198986
1588703886 198986
1588703887 198986
1588703888 198986
1588703889 198986
1588703890 198986
1588703891 181998
1588703892 198986
1588703893 198986
1588703894 198986
1588703895 198986
1588703896 198986
1588703897 198986
1588703899 198986
1588703900 198986
1588703901 198986
1588703902 198986
1588703903 198986
1588703904 985402
1588703905 985402
1588703906 985402
1588703907 985402
1588703908 985402
1588703909 985402
1588703910 985402
1588703911 198986
1588703912 198986
1588703913 198986
1588703914 198986
1588703915 198986
1588703916 198986
1588703917 198986
1588703918 198986
1588703919 198986
1588703920 198986
1588703921 198986
1588703922 198986
1588703923 198986
1588703924 198986
1588703925 198986
1588703926 198986
1588703927 198986
1588703928 198986
1588703929 113577626
1588703930 113577626
1588703931 113577626
1588703932 113577626
1588703933 113577626
1588703934 113577626
1588703935 113577626
1588703936 198986
1588703937 198986
1588703939 198986
1588703940 198986
1588703941 198986
1588703942 198986
1588703943 198986
1588703944 198986
1588703945 198986
1588703946 198986
1588703947 198986
1588703948 198986
1588703949 198986
1588703950 198986
1588703951 198986
1588703952 198986
1588703953 198986
1588703954 198986
1588703955 198986
1588703956 198986
1588703957 198986
1588703958 198986
1588703959 198986
1588703960 198986
1588703961 198986
1588703962 198986
1588703963 198986
1588703964 198986
1588703965 198986
1588703966 198986
1588703967 198986
1588703968 198986
1588703969 198986
1588703970 198986
1588703971 198986
1588703972 198986
1588703973 198986
1588703974 198986
1588703975 198986
1588703977 198986
1588703978 198986
1588703979 198986
1588703980 198986
1588703981 198986
1588703982 198986
1588703983 198986
1588703984 198986
1588703985 198986
1588703986 198986
1588703987 198986
1588703988 198986
1588703989 198986
1588703990 198986
1588703991 112971178
1588703992 112922250
1588703993 115584766
1588703994 115543690
1588703995 198986
1588703996 1116474
1588703997 1116474
1588703998 1116474
1588703999 1116474
1588704000 1116474
1588704001 198986
1588704002 198986
1588704003 198986
1588704004 198986
1588704005 198986
1588704006 198986
1588704007 198986
1588704008 198986
1588704009 198986
1588704010 198986
1588704011 198986
1588704012 198986
1588704013 198986
1588704014 198986
1588704015 198986
1588704017 198986
1588704018 198986
1588704019 198986
1588704020 198986
1588704021 198986
1588704022 198986
1588704023 198986
1588704024 198986
1588704025 198986
1588704026 198986
1588704027 198986
1588704028 198986
1588704029 198986
1588704030 198986
1588704031 198986
1588704032 198986
1588704033 198986
1588704034 198986
1588704035 198986
1588704036 1103982
1588704037 985402
1588704038 985402
1588704039 985402
1588704040 985402
1588704041 985402
1588704042 985402
1588704043 198986
1588704044 198986
1588704045 198986
1588704046 198986
1588704047 198986
1588704048 198986
1588704049 198986
1588704050 198986
1588704051 198986
1588704052 198986
1588704053 198986
1588704054 198986
1588704056 198986
1588704057 198986
1588704058 198986
1588704059 198986
1588704060 198986
1588704061 198986
1588704062 198986
1588704063 198986
1588704064 198986
1588704065 198986
1588704066 198986
1588704067 198986
1588704068 198986
1588704069 198986
1588704070 198986
1588704071 198986
1588704072 198986
1588704073 198986
1588704074 198986
1588704075 198986
1588704076 198986
1588704077 198986
1588704078 198986
1588704079 198986
1588704080 198986
1588704081 4524394
1588704082 2296138
1588704083 2296138
1588704084 2296138
1588704085 4213098
1588704086 198986
1588704087 4458858
1588704088 3475802
1588704089 198986
1588704090 5671290
1588704091 198986
1588704092 4786538
1588704093 4786538
1588704094 198986
1588704095 198986
1588704097 3017050
1588704098 3017050
1588704099 3017050
1588704100 198986
1588704101 2820426
1588704102 2820426
1588704103 2427210
1588704104 2427210
1588704105 2427210
1588704106 198986
1588704107 2984282
1588704108 2984282
1588704109 9406842
1588704110 9406842
1588704111 9406842
1588704112 3737946
1588704113 198986
1588704114 11274634
1588704115 2427210
1588704116 198986
1588704117 198986
1588704118 198986
1588704119 198986
1588704120 198986
1588704121 198986
1588704122 198986
1588704123 198986
1588704124 198986
1588704125 198986
1588704126 198986
1588704127 198986
1588704128 198986
1588704129 198986
1588704130 198986
1588704131 198986
1588704132 198986
1588704133 198986
1588704134 198986
1588704136 198986
1588704137 198986
1588704138 198986
1588704139 198986
1588704140 198986
1588704141 198986
1588704142 198986
1588704143 198986
1588704144 198986
1588704145 198986
1588704146 198986
1588704147 198986
1588704148 198986
1588704149 198986
1588704150 198986
1588704151 198986
1588704152 198986
1588704153 198986
1588704154 198986
1588704155 198986
1588704156 198986
1588704157 198986
1588704158 198986
1588704159 198986
1588704160 198986
1588704161 198986
1588704162 198986
1588704163 198986
1588704164 198986
1588704165 198986
1588704166 198986
1588704167 198986
1588704168 198986
1588704169 198986
1588704170 198986
1588704171 198986
1588704172 198986
1588704173 198986
1588704174 198986
1588704176 198986
1588704177 723258
1588704178 723258
1588704179 723258
1588704180 723258
1588704181 723258
1588704182 723258
1588704183 723258
1588704184 723258
1588704185 198986
1588704186 198986
1588704187 198986
1588704188 198986
1588704189 198986
1588704190 198986
1588704191 198986
1588704192 198986
1588704193 198986
1588704194 198986
1588704195 198986
1588704196 198986
1588704197 198986
1588704198 198986
1588704199 198986
1588704200 198986
1588704201 198986
1588704202 198986
1588704203 198986
1588704204 198986
1588704205 198986
1588704206 198986
1588704207 198986
1588704208 198986
1588704209 198986
1588704210 198986
1588704211 198986
1588704212 198986
1588704213 198986
1588704215 198986
1588704216 198986
1588704217 198986
1588704218 198986
1588704219 198986
1588704220 198986
1588704221 198986
1588704222 198986
1588704223 198986
1588704224 198986
1588704225 198986
1588704226 198986
1588704227 198986
1588704228 198986
1588704229 198986
1588704230 198986
1588704231 198986
1588704232 198986
1588704233 198986
1588704234 198986
1588704235 198986
1588704236 198986
1588704237 198986
1588704238 198986
1588704239 198986
1588704240 198986
1588704241 198986
1588704242 198986
1588704243 198986
1588704244 198986
1588704245 198986
1588704246 198986
1588704247 198986
1588704248 198986
1588704249 198986
1588704250 198986
1588704251 198986
1588704253 198986
1588704254 198986
1588704255 198986
1588704256 198986
1588704257 198986
1588704258 198986
1588704259 198986
1588704260 198986
1588704261 198986
1588704262 198986
1588704263 198986
1588704264 198986
1588704265 198986
1588704266 198986
1588704267 198986
1588704268 198986
1588704269 198986
1588704270 198986
1588704271 198986
1588704272 198986
1588704273 198986
1588704274 198986
1588704275 198986
1588704276 198986
1588704277 198986
1588704278 198986
1588704279 198986
1588704280 198986
1588704281 198986
1588704282 198986
1588704283 198986
1588704284 198986
1588704285 198986
1588704286 198986
1588704287 198986
1588704288 198986
1588704289 198986
1588704290 198986
1588704291 198986
1588704292 198986
1588704294 198986
1588704295 198986
1588704296 198986
1588704297 198986
1588704298 198986
1588704299 198986
1588704300 198986
1588704301 198986
1588704302 198986
1588704303 181998
1588704304 198986
1588704305 198986
1588704306 198986
1588704307 198986
1588704308 198986
1588704309 854330
1588704310 854330
1588704311 854330
1588704312 854330
1588704313 854330
1588704314 854330
1588704315 854330
1588704316 854330
1588704317 198986
1588704318 198986
1588704319 198986
1588704320 198986
1588704321 198986
1588704322 198986
1588704323 198986
1588704324 198986
1588704325 198986
1588704326 198986
1588704327 198986
1588704328 198986
1588704329 181998
1588704330 198986
1588704331 198986
1588704333 198986
1588704334 198986
1588704335 198986
1588704336 198986
1588704337 198986
1588704338 198986
1588704339 198986
1588704340 198986
1588704341 198986
1588704342 198986
1588704343 198986
1588704344 198986
1588704345 198986
1588704346 198986
1588704347 198986
1588704348 198986
1588704349 198986
1588704350 198986
1588704351 198986
1588704352 198986
1588704353 198986
1588704354 198986
1588704355 198986
1588704356 198986
1588704357 198986
1588704358 198986
1588704359 198986
1588704360 198986
1588704361 198986
1588704362 198986
1588704363 198986
1588704364 198986
1588704365 198986
1588704366 198986
1588704367 198986
1588704368 198986
1588704370 198986
1588704371 198986
1588704372 198986
1588704373 198986
1588704374 198986
1588704375 198986
1588704376 198986
1588704377 198986
1588704378 198986
1588704379 198986
1588704380 198986
1588704381 198986
1588704382 198986
1588704383 198986
1588704384 198986
1588704385 198986
1588704386 198986
1588704387 198986
1588704388 198986
1588704389 198986
1588704390 198986
1588704391 198986
1588704392 198986
1588704393 198986
1588704394 198986
1588704395 198986
1588704396 181998
1588704397 198986
1588704398 198986
1588704399 198986
1588704400 198986
1588704401 198986
1588704402 198986
1588704403 198986
1588704404 198986
1588704405 198986
1588704406 198986
1588704407 198986
1588704408 198986
1588704409 198986
1588704411 198986
1588704412 198986
1588704413 198986
1588704414 198986
1588704415 198986
1588704416 198986
1588704417 198986
1588704418 198986
1588704419 181998
1588704420 198986
1588704421 198986
1588704422 198986
1588704423 198986
1588704424 198986
1588704425 198986
1588704426 198986
1588704427 198986
1588704428 198986
1588704429 198986
1588704430 198986
1588704431 198986
1588704432 198986
1588704433 198986
1588704434 198986
1588704435 198986
1588704436 198986
1588704437 198986
1588704438 198986
1588704439 198986
1588704440 198986
1588704441 198986
1588704442 198986
1588704443 198986
1588704444 198986
1588704445 198986
1588704446 198986
1588704447 854330
1588704448 854330
1588704449 854330
1588704451 854330
1588704452 854330
1588704453 854330
1588704454 672544
1588704455 657722
1588704456 657722
1588704457 657722
1588704458 657722
1588704459 657722
1588704460 657722
1588704461 657722
1588704462 657722
1588704463 198986
1588704464 198986
1588704465 198986
1588704466 198986
1588704467 181998
1588704468 198986
1588704469 198986
1588704470 198986
1588704471 198986
1588704472 198986
1588704473 198986
1588704474 198986
1588704475 198986
1588704476 198986
1588704477 198986
1588704478 198986
1588704479 198986
1588704480 198986
1588704481 198986
1588704482 198986
1588704483 198986
1588704484 198986
1588704485 198986
1588704486 198986
1588704487 198986
1588704488 198986
1588704489 198986
1588704491 198986
1588704492 198986
1588704493 198986
1588704494 198986
1588704495 198986
1588704496 198986
1588704497 181998
1588704498 198986
1588704499 198986
1588704500 198986
1588704501 198986
1588704502 198986
1588704503 198986
1588704504 198986
1588704505 198986
1588704506 198986
1588704507 198986
1588704508 198986
1588704509 198986
1588704510 198986
1588704511 198986
1588704512 198986
1588704513 198986
1588704514 198986
1588704515 198986
1588704516 198986
1588704517 181998
1588704518 198986
1588704519 198986
1588704520 198986
1588704521 198986
1588704522 198986
1588704523 198986
1588704524 198986
1588704525 198986
1588704526 198986
1588704527 198986
1588704529 198986
1588704530 198986
1588704531 198986
1588704532 198986
1588704533 198986
1588704534 198986
1588704535 198986
1588704536 198986
1588704537 198986
1588704538 198986
1588704539 198986
1588704540 198986
1588704541 198986
1588704542 198986
1588704543 198986
1588704544 198986
1588704545 198986
1588704546 198986
1588704547 198986
1588704548 198986
1588704549 198986
1588704550 198986
1588704551 198986
1588704552 198986
1588704553 198986
1588704554 198986
1588704555 198986
1588704556 198986
1588704557 198986
1588704558 198986
1588704559 181998
1588704560 198986
1588704561 198986
1588704562 198986
1588704563 198986
1588704564 198986
1588704565 198986
1588704566 198986
1588704567 198986
1588704569 198986
1588704570 198986
1588704571 198986
1588704572 198986
1588704573 198986
1588704574 198986
1588704575 198986
1588704576 198986
1588704577 181998
1588704578 198986
1588704579 1116474
1588704580 1116474
1588704581 1120042
1588704582 1120042
1588704583 1120042
1588704584 202554
1588704585 202554
1588704586 202554
1588704587 202554
1588704588 202554
1588704589 202554
1588704590 202554
1588704591 202554
1588704592 202554
1588704593 202554
1588704594 202554
1588704595 202554
1588704596 202554
1588704597 202554
1588704598 202554
1588704599 202554
1588704600 202554
1588704601 202554
1588704602 202554
1588704603 202554
1588704604 202554
1588704605 202554
1588704606 202554
1588704607 202554
1588704609 202554
1588704610 202554
1588704611 202554
1588704612 202554
1588704613 202554
1588704614 185566
1588704615 202554
1588704616 202554
1588704617 202554
1588704618 202554
1588704619 202554
1588704620 202554
1588704621 202554
1588704622 202554
1588704623 202554
1588704624 202554
1588704625 202554
1588704626 202554
1588704627 202554
1588704628 202554
1588704629 202554
1588704630 202554
1588704631 202554
1588704632 202554
1588704633 202554
1588704634 202554
1588704635 202554
1588704636 202554
1588704637 202554
1588704638 202554
1588704639 202554
1588704640 202554
1588704641 202554
1588704642 202554
1588704643 202554
1588704644 202554
1588704645 202554
1588704646 202554
1588704648 202554
1588704649 202554
1588704650 202554
1588704651 202554
1588704652 202554
1588704653 202554
1588704654 202554
1588704655 202554
1588704656 202554
1588704657 202554
1588704658 202554
1588704659 202554
1588704660 202554
1588704661 202554
1588704662 202554
1588704663 202554
1588704664 202554
1588704665 202554
1588704666 202554
1588704667 202554
1588704668 202554
1588704669 202554
1588704670 202554
1588704671 202554
1588704672 202554
1588704673 202554
1588704674 202554
1588704675 202554
1588704676 202554
1588704677 202554
1588704678 202554
1588704679 202554
1588704680 202554
1588704681 202554
1588704682 202554
1588704683 202554
1588704684 202554
1588704685 202554
1588704687 202554
1588704688 202554
1588704689 202554
1588704690 202554
1588704691 202554
1588704692 202554
1588704693 202554
1588704694 202554
1588704695 202554
1588704696 202554
1588704697 202554
1588704698 202554
1588704699 202554
1588704700 202554
1588704701 202554
1588704702 202554
1588704703 202554
1588704704 202554
1588704705 202554
1588704706 202554
1588704707 202554
1588704708 202554
1588704709 202554
1588704710 202554
1588704711 202554
1588704712 202554
1588704713 202554
1588704714 202554
1588704715 202554
1588704716 202554
1588704717 202554
1588704718 202554
1588704719 202554
1588704720 202554
1588704721 1120042
1588704722 1120042
1588704723 1120042
1588704724 1120042
1588704726 1103054
1588704727 1120042
1588704728 202554
1588704729 202554
1588704730 202554
1588704731 202554
1588704732 202554
1588704733 202554
1588704734 202554
1588704735 202554
1588704736 202554
1588704737 202554
1588704738 202554
1588704739 202554
1588704740 202554
1588704741 202554
1588704742 202554
1588704743 202554
1588704744 202554
1588704745 202554
1588704746 202554
1588704747 202554
1588704748 202554
1588704749 202554
1588704750 202554
1588704751 202554
1588704752 202554
1588704753 202554
1588704754 202554
1588704755 202554
1588704756 202554
1588704757 202554
1588704758 202554
1588704759 202554
1588704760 202554
1588704761 202554
1588704762 202554
1588704763 202554
1588704764 202554
1588704766 202554
1588704767 202554
1588704768 202554
1588704769 202554
1588704770 202554
1588704771 202554
1588704772 202554
1588704773 202554
1588704774 202554
1588704775 202554
1588704776 202554
1588704777 202554
1588704778 202554
1588704779 202554
1588704780 202554
1588704781 202554
1588704782 202554
1588704783 202554
1588704784 202554
1588704785 202554
1588704786 202554
1588704787 202554
1588704788 202554
1588704789 202554
1588704790 202554
1588704791 202554
1588704792 202554
1588704793 202554
1588704794 202554
1588704795 202554
1588704796 202554
1588704797 202554
1588704798 202554
1588704799 202554
1588704800 202554
1588704801 202554
1588704802 202554
1588704803 202554
1588704804 202554
1588704805 202554
1588704807 202554
1588704808 202554
1588704809 185566
1588704810 202554
1588704811 202554
1588704812 202554
1588704813 202554
1588704814 202554
1588704815 202554
1588704816 202554
1588704817 202554
1588704818 202554
1588704819 202554
1588704820 202554
1588704821 202554
1588704822 202554
1588704823 202554
1588704824 202554
1588704825 202554
1588704826 202554
1588704827 202554
1588704828 202554
1588704829 202554
1588704830 202554
1588704831 202554
1588704832 202554
1588704833 202554
1588704834 202554
1588704835 202554
1588704836 202554
1588704837 202554
1588704838 202554
1588704839 202554
1588704840 202554
1588704841 202554
1588704842 202554
1588704843 185566
1588704844 202554
1588704846 202554
1588704847 202554
1588704848 9377674
1588704849 9377674
1588704850 202554
1588704851 202554
1588704852 202554
1588704853 202554
1588704854 1120074
1588704855 1120074
1588704856 1120074
1588704857 1103086
1588704858 1120074
1588704859 1120074
1588704860 202554
1588704861 202554
1588704862 202554
1588704863 202554
1588704864 202554
1588704865 202554
1588704866 202554
1588704867 202554
1588704868 202554
1588704869 202554
1588704870 202554
1588704871 202554
1588704872 202554
1588704873 202554
1588704874 202554
1588704875 202554
1588704876 202554
1588704877 202554
1588704878 202554
1588704879 202554
1588704880 202554
1588704881 202554
1588704882 202554
1588704884 202554
1588704885 202554
1588704886 202554
1588704887 202554
1588704888 202554
1588704889 202554
1588704890 202554
1588704891 202554
1588704892 202554
1588704893 202554
1588704894 202554
1588704895 202554
1588704896 202554
1588704897 202554
1588704898 202554
1588704899 202554
1588704900 202554
1588704901 202554
1588704902 202554
1588704903 202554
1588704904 202554
1588704905 202554
1588704906 202554
1588704907 202554
1588704908 202554
1588704909 202554
1588704910 202554
1588704911 202554
1588704912 202554
1588704913 202554
1588704914 202554
1588704915 202554
1588704916 202554
1588704917 202554
1588704918 202554
1588704919 202554
1588704920 202554
1588704921 202554
1588704923 202554
1588704924 202554
1588704925 202554
1588704926 202554
1588704927 202554
1588704928 202554
1588704929 202554
1588704930 202554
1588704931 202554
1588704932 202554
1588704933 202554
1588704934 202554
1588704935 202554
1588704936 202554
1588704937 202554
1588704938 202554
1588704939 202554
1588704940 202554
1588704941 202554
1588704942 202554
1588704943 202554
1588704944 202554
1588704945 185566
1588704946 202554
1588704947 202554
1588704948 202554
1588704949 202554
1588704950 202554
1588704951 202554
1588704952 202554
1588704953 202554
1588704954 202554
1588704955 202554
1588704956 202554
1588704957 202554
1588704958 202554
1588704959 202554
1588704961 202554
1588704962 202554
1588704963 202554
1588704964 202554
1588704965 202554
1588704966 202554
1588704967 202554
1588704968 202554
1588704969 202554
1588704970 202554
1588704971 202554
1588704972 202554
1588704973 202554
1588704974 202554
1588704975 202554
1588704976 185566
1588704977 202554
1588704978 202554
1588704979 202554
1588704980 202554
1588704981 202554
1588704982 202554
1588704983 202554
1588704984 202554
1588704985 202554
1588704986 202554
1588704987 202554
1588704988 988970
1588704989 988970
1588704990 988970
1588704991 988970
1588704992 988970
1588704993 988970
1588704994 202554
1588704995 989002
1588704996 989002
1588704997 989002
1588704998 989002
1588705000 989002
1588705001 989002
1588705002 202554
1588705003 202554
1588705004 202554
1588705005 202554
1588705006 202554
1588705007 202554
1588705008 202554
1588705009 202554
1588705010 202554
1588705011 202554
1588705012 202554
1588705013 202554
1588705014 185566
1588705015 202554
1588705016 202554
1588705017 202554
1588705018 202554
1588705019 202554
1588705020 202554
1588705021 202554
1588705022 202554
1588705023 202554
1588705024 202554
1588705025 202554
1588705026 202554
1588705027 202554
1588705028 202554
1588705029 202554
1588705030 202554
1588705031 202554
1588705032 202554
1588705033 202554
1588705034 202554
1588705035 202554
1588705036 202554
1588705037 202554
1588705039 202554
1588705040 202554
1588705041 202554
1588705042 202554
1588705043 202554
1588705044 202554
1588705045 202554
1588705046 202554
1588705047 202554
1588705048 202554
1588705049 202554
1588705050 202554
1588705051 202554
1588705052 202554
1588705053 202554
1588705054 202554
1588705055 202554
1588705056 202554
1588705057 202554
1588705058 202554
1588705059 202554
1588705060 202554
1588705061 202554
1588705062 202554
1588705063 202554
1588705064 202554
1588705065 202554
1588705066 202554
1588705067 202554
1588705068 202554
1588705069 202554
1588705070 202554
1588705071 202554
1588705072 202554
1588705073 202554
1588705074 202554
1588705075 202554
1588705076 202554
1588705077 202554
1588705078 202554
1588705080 202554
1588705081 202554
1588705082 202554
1588705083 202554
1588705084 202554
1588705085 202554
1588705086 202554
1588705087 202554
1588705088 202554
1588705089 202554
1588705090 202554
1588705091 202554
1588705092 202554
1588705093 202554
1588705094 202554
1588705095 202554
1588705096 202554
1588705097 202554
1588705098 202554
1588705099 202554
1588705100 202554
1588705101 202554
1588705102 2823986
1588705103 2168634
1588705104 2168634
1588705105 202554
1588705106 202554
1588705107 185566
1588705108 202554
1588705109 202554
1588705110 202554
1588705111 202554
1588705112 202554
1588705113 202554
1588705114 202554
1588705115 202554
1588705116 202554
1588705117 202554
1588705118 202554
1588705119 202554
1588705121 202554
1588705122 202554
1588705123 202554
1588705124 202554
1588705125 726826
1588705126 726826
1588705127 726826
1588705128 726826
1588705129 726826
1588705130 726826
1588705131 726826
1588705132 709838
1588705133 726826
1588705134 202554
1588705135 202554
1588705136 202554
1588705137 202554
1588705138 202554
1588705139 202554
1588705140 202554
1588705141 202554
1588705142 202554
1588705143 202554
1588705144 202554
1588705145 202554
1588705146 202554
1588705147 202554
1588705148 202554
1588705149 202554
1588705150 202554
1588705151 202554
1588705152 202554
1588705153 202554
1588705154 202554
1588705155 202554
1588705156 202554
1588705157 202554
1588705158 202554
1588705160 202554
1588705161 202554
1588705162 202554
1588705163 202554
1588705164 202554
1588705165 202554
1588705166 202554
1588705167 202554
1588705168 202554
1588705169 202554
1588705170 202554
1588705171 202554
1588705172 202554
1588705173 202554
1588705174 202554
1588705175 202554
1588705176 202554
1588705177 202554
1588705178 202554
1588705179 185566
1588705180 202554
1588705181 202554
1588705182 3282762
1588705183 202554
1588705184 202554
1588705185 202554
1588705186 202554
1588705187 202554
1588705188 202554
1588705189 202554
1588705190 202554
1588705191 202554
1588705192 202554
1588705193 202554
1588705194 202554
1588705195 202554
1588705196 202554
1588705197 185566
1588705199 202554
1588705200 202554
1588705201 202554
1588705202 202554
1588705203 202554
1588705204 202554
1588705205 202554
1588705206 279184
1588705207 324150
1588705208 320768
1588705209 316386
1588705210 218922
1588705211 214964
1588705212 214972
1588705213 214948
1588705214 210982
1588705215 194034
1588705216 210630
1588705217 210886
1588705218 207000
1588705219 203034
1588705220 203034
1588705221 203034
1588705222 203034
1588705223 203034
1588705224 203034
1588705225 203034
1588705226 203034
1588705227 186046
1588705228 203034
1588705229 203034
1588705230 203034
1588705231 203034
1588705232 203034
1588705233 203034
1588705234 203034
1588705235 203034
1588705236 203034
1588705238 203034
1588705239 203034
1588705240 203034
1588705241 203034
1588705242 203034
1588705243 1612058
1588705244 1612058
1588705245 203034
1588705246 203034
1588705247 203034
1588705248 203034
1588705249 203034
1588705250 203034
1588705251 186046
1588705252 203034
1588705253 203034
1588705254 203034
1588705255 203034
1588705256 203034
1588705257 203034
1588705258 203034
1588705259 203034
1588705260 203034
1588705261 203034
1588705262 203034
1588705263 203034
1588705264 203034
1588705265 1775906
1588705266 989482
1588705267 989482
1588705268 989482
1588705269 989482
1588705270 989482
1588705271 989482
1588705272 989482
1588705273 203034
1588705274 203034
1588705275 203034
1588705277 203034
1588705278 186046
1588705279 203034
1588705280 203034
1588705281 203034
1588705282 203034
1588705283 203034
1588705284 203034
1588705285 203034
1588705286 203034
1588705287 203034
1588705288 203034
1588705289 203034
1588705290 203034
1588705291 203034
1588705292 203034
1588705293 203034
1588705294 203034
1588705295 203034
1588705296 203034
1588705297 203034
1588705298 203034
1588705299 203034
1588705300 203034
1588705301 203034
1588705302 203034
1588705303 203034
1588705304 203034
1588705305 1907002
1588705306 203034
1588705307 203034
1588705308 203034
1588705309 203034
1588705310 858370
1588705311 530698
1588705312 530698
1588705313 530698
1588705314 203034
1588705315 203034
1588705316 203034
1588705318 203034
1588705319 203034
1588705320 203034
1588705321 203034
1588705322 203034
1588705323 203034
1588705324 203034
1588705325 203034
1588705326 203034
1588705327 203034
1588705328 203034
1588705329 203034
1588705330 203034
1588705331 203034
1588705332 203034
1588705333 203034
1588705334 203034
1588705335 203034
1588705336 203034
1588705337 203034
1588705338 203034
1588705339 203034
1588705340 203034
1588705341 203034
1588705342 203034
1588705343 203034
1588705344 203034
1588705345 203034
1588705346 203034
1588705347 203034
1588705348 203034
1588705349 203034
1588705350 203034
1588705351 203034
1588705352 203034
1588705353 203034
1588705355 203034
1588705356 203034
1588705357 186046
1588705358 203034
1588705359 203034
1588705360 203034
1588705361 203034
1588705362 203034
1588705363 203034
1588705364 203034
1588705365 203034
1588705366 203034
1588705367 203034
1588705368 203034
1588705369 203034
1588705370 203034
1588705371 203034
1588705372 203034
1588705373 203034
1588705374 203034
1588705375 203034
1588705376 203034
1588705377 203034
1588705378 203034
1588705379 203034
1588705380 203034
1588705381 203034
1588705382 203034
1588705383 203034
1588705384 203034
1588705385 203034
1588705386 203034
1588705387 203034
1588705388 203034
1588705389 203034
1588705391 203034
1588705392 203034
1588705393 203034
1588705394 203034
1588705395 203034
1588705396 203034
1588705397 203034
1588705398 203034
1588705399 203034
1588705400 211350
1588705401 211342
1588705402 252302
1588705403 993800
1588705404 989834
1588705405 989834
1588705406 989834
1588705407 989834
1588705408 989834
1588705409 203386
1588705410 203386
1588705411 203386
1588705412 203386
1588705413 203386
1588705414 203386
1588705415 203386
1588705416 203386
1588705417 203386
1588705418 203386
1588705419 203386
1588705420 203386
1588705421 203386
1588705422 203386
1588705423 186398
1588705424 203386
1588705425 203386
1588705427 203386
1588705428 203386
1588705429 203386
1588705430 203386
1588705431 203386
1588705432 203386
1588705433 203386
1588705434 203386
1588705435 203386
1588705436 203386
1588705437 203386
1588705438 186398
1588705439 203386
1588705440 203386
1588705441 203386
1588705442 203386
1588705443 203386
1588705444 203386
1588705445 203386
1588705446 203386
1588705447 203386
1588705448 203386
1588705449 203386
1588705450 203386
1588705451 203386
1588705452 203386
1588705453 203386
1588705454 203386
1588705455 203386
1588705456 203386
1588705457 203386
1588705458 203386
1588705459 203386
1588705460 203386
1588705461 203386
1588705463 203386
1588705464 203386
1588705465 203386
1588705466 203386
1588705467 203386
1588705468 203386
1588705469 203386
1588705470 203386
1588705471 203386
1588705472 203386
1588705473 203386
1588705474 203386
1588705475 203386
1588705476 203386
1588705477 203386
1588705478 203386
1588705479 203386
1588705480 203386
1588705481 203386
1588705482 203386
1588705483 203386
1588705484 203386
1588705485 203386
1588705486 169410
1588705487 203386
1588705488 203386
1588705489 203386
1588705490 203386
1588705491 203386
1588705492 203386
1588705493 203386
1588705494 203386
1588705495 203386
1588705496 203386
1588705497 203386
1588705498 203386
1588705499 203386
1588705500 203386
1588705502 203386
1588705503 203386
1588705504 203386
1588705505 203386
1588705506 203386
1588705507 203386
1588705508 203386
1588705509 203386
1588705510 203386
1588705511 203386
1588705512 203386
1588705513 203386
1588705514 203386
1588705515 203386
1588705516 203386
1588705517 203386
1588705518 203386
1588705519 203386
1588705520 203386
1588705521 203386
1588705522 203386
1588705523 203386
1588705524 203386
1588705525 203386
1588705526 203386
1588705527 203386
1588705528 203386
1588705529 203386
1588705530 203386
1588705531 203386
1588705532 186398
1588705533 203386
1588705534 203386
1588705535 203386
1588705536 203386
1588705538 203386
1588705539 203386
1588705540 203386
1588705541 203386
1588705542 203386
1588705543 203386
1588705544 1120906
1588705545 1120906
1588705546 1120906
1588705547 1120906
1588705548 1120906
1588705549 1133750
1588705550 1133750
1588705551 1113014
1588705552 194598
1588705553 194598
1588705554 215374
1588705555 215374
1588705556 215374
1588705557 194542
1588705558 194606
1588705559 235454
1588705560 190488
1588705561 190488
1588705562 190488
1588705563 190488
1588705564 190488
1588705565 190488
1588705566 190488
1588705567 190488
1588705568 190488
1588705569 190488
1588705570 190488
1588705571 190488
1588705573 190488
1588705574 190488
1588705575 190488
1588705576 190488
1588705577 190488
1588705578 190488
1588705579 190488
1588705580 190488
1588705581 173500
1588705582 190488
1588705583 190488
1588705584 190488
1588705585 190488
1588705586 190488
1588705587 190488
1588705588 190488
1588705589 190488
1588705590 190488
1588705591 190488
1588705592 190488
1588705593 190488
1588705594 190488
1588705595 190488
1588705596 190488
1588705597 190488
1588705598 190488
1588705599 190488
1588705600 190488
1588705601 190488
1588705602 190488
1588705603 190488
1588705604 190488
1588705605 190488
1588705606 190488
1588705607 190488
1588705608 190488
1588705610 190488
1588705611 190488
1588705612 190488
1588705613 190488
1588705614 190488
1588705615 190488
1588705616 190488
1588705617 190488
1588705618 190488
1588705619 190488
1588705620 190488
1588705621 190488
1588705622 190488
1588705623 190488
1588705624 190488
1588705625 190488
1588705626 190488
1588705627 190488
1588705628 190488
1588705629 190488
1588705630 190488
1588705631 190488
1588705632 190488
1588705633 190488
1588705634 190488
1588705635 190488
1588705636 190488
1588705637 190488
1588705638 190488
1588705639 190488
1588705640 190488
1588705641 190488
1588705642 190488
1588705643 190488
1588705644 190488
1588705646 190488
1588705647 190488
1588705648 190488
1588705649 190488
1588705650 190488
1588705651 190488
1588705652 190488
1588705653 190488
1588705654 190488
1588705655 190488
1588705656 190488
1588705657 190488
1588705658 190488
1588705659 190488
1588705660 190488
1588705661 190488
1588705662 190488
1588705663 190488
1588705664 190488
1588705665 190488
1588705666 190488
1588705667 190488
1588705668 190488
1588705669 190488
1588705670 190488
1588705671 190488
1588705672 190488
1588705673 190488
1588705674 190488
1588705675 190488
1588705676 190488
1588705677 190488
1588705678 190488
1588705679 190488
1588705680 190488
1588705681 190488
1588705683 190488
1588705684 190488
1588705685 190488
1588705686 190488
1588705687 190488
1588705688 190488
1588705689 190488
1588705690 190488
1588705691 190488
1588705692 190488
1588705693 190488
1588705694 190488
1588705695 190488
1588705696 190488
1588705697 190488
1588705698 190488
1588705699 190488
1588705700 190488
1588705701 190488
1588705702 190488
1588705703 190488
1588705704 190488
1588705705 190488
1588705706 190488
1588705707 190488
1588705708 190488
1588705709 190488
1588705710 190488
1588705711 190488
1588705712 190488
1588705713 190488
1588705714 190488
1588705715 190488
1588705716 190488
1588705718 173500
1588705719 173500
1588705720 190488
1588705721 190488
1588705722 190488
1588705723 190488
1588705724 190488
1588705725 190488
1588705726 190488
1588705727 190488
1588705728 190488
1588705729 190488
1588705730 190488
1588705731 190488
1588705732 190488
1588705733 190488
1588705734 190488
1588705735 190488
1588705736 190488
1588705737 190488
1588705738 190488
1588705739 190488
1588705740 190488
1588705741 190488
1588705742 190488
1588705743 190488
1588705744 190488
1588705745 190488
1588705746 190488
1588705747 190488
1588705748 190488
1588705749 190488
1588705750 190488
1588705751 190488
1588705752 190488
1588705753 190488
1588705755 190488
1588705756 190488
1588705757 190488
1588705758 190488
1588705759 190488
1588705760 190488
1588705761 190488
1588705762 190488
1588705763 190488
1588705764 190488
1588705765 190488
1588705766 190488
1588705767 190488
1588705768 190488
1588705769 190488
1588705770 190488
1588705771 190488
1588705772 190488
1588705773 190488
1588705774 190488
1588705775 190488
1588705776 190488
1588705777 190488
1588705778 190488
1588705779 190488
1588705780 190488
1588705781 190488
1588705782 190488
1588705783 190488
1588705784 190488
1588705785 190488
1588705786 190488
1588705787 190488
1588705788 190488
